**********************
PowerShell transcript start
Start time: 20241018124926
Username: AzureAD\DavidSegura
RunAs User: AzureAD\DavidSegura
Configuration Name: 
Machine: HPFIREFLY16P (Microsoft Windows NT 10.0.26100.0)
Host Application: C:\Program Files\PowerShell\7\pwsh.dll
Process ID: 28232
PSVersion: 7.4.5
PSEdition: Core
GitCommitId: 7.4.5
OS: Microsoft Windows 10.0.26100
Platform: Win32NT
PSCompatibleVersions: 1.0, 2.0, 3.0, 4.0, 5.0, 5.1, 6.0, 7.0
PSRemotingProtocolVersion: 2.3
SerializationVersion: 1.1.0.1
WSManStackVersion: 3.0
**********************
Transcript started, output file is C:\Temp\SurfaceGo2\Build.log
DriverPack: C:\DATA\Surface\SurfaceGo2_Win10_19044_24.074.36780_0.msi
Removed Content:
SurfaceGo2\SurfaceUpdate\Drivers".
SurfaceGo2\SurfaceUpdate\Drivers\Audio".
SurfaceGo2\SurfaceUpdate\Drivers\Audio\DolbyAudioPremium".
SurfaceGo2\SurfaceUpdate\Drivers\Audio\DolbyAudioPremium\dax3_ext_dolbyaudiopremium.cat".
SurfaceGo2\SurfaceUpdate\Drivers\Audio\DolbyAudioPremium\dax3_ext_dolbyaudiopremium.inf".
SurfaceGo2\SurfaceUpdate\Drivers\Audio\DolbyAudioPremium\DEV_0298_SUBSYS_10EC11EA_PCI_SUBSYS_1237152D.xml".
SurfaceGo2\SurfaceUpdate\Drivers\Audio\DolbyAudioPremium\DEV_0298_SUBSYS_10EC11EA_PCI_SUBSYS_1237152D_settings.xml".
SurfaceGo2\SurfaceUpdate\Drivers\Audio\DolbyAudioPremium\Headphone_Default_Generic_Default_DolbyAudioPremium.xml".
SurfaceGo2\SurfaceUpdate\Drivers\Audio\DolbyAudioPremium\Headphone_Default_Generic_Large_DolbyAudioPremium.xml".
SurfaceGo2\SurfaceUpdate\Drivers\Audio\DolbyAudioPremium\Headphone_Default_Generic_Medium_DolbyAudioPremium.xml".
SurfaceGo2\SurfaceUpdate\Drivers\Audio\DolbyAudioPremium\Headphone_Default_Generic_Small_DolbyAudioPremium.xml".
SurfaceGo2\SurfaceUpdate\Drivers\Audio\DolbyAudioPremium\operator_settings.xml".
SurfaceGo2\SurfaceUpdate\Drivers\Audio\DolbySWC".
SurfaceGo2\SurfaceUpdate\Drivers\Audio\DolbySWC\CaptureStreamMonitor.dll".
SurfaceGo2\SurfaceUpdate\Drivers\Audio\DolbySWC\DAX3API.exe".
SurfaceGo2\SurfaceUpdate\Drivers\Audio\DolbySWC\dax3_swc_aposvc.cat".
SurfaceGo2\SurfaceUpdate\Drivers\Audio\DolbySWC\dax3_swc_aposvc.inf".
SurfaceGo2\SurfaceUpdate\Drivers\Audio\DolbySWC\Default_settings.xml".
SurfaceGo2\SurfaceUpdate\Drivers\Audio\DolbySWC\DolbyAPOv2100.dll".
SurfaceGo2\SurfaceUpdate\Drivers\Audio\DolbySWC\DolbyAPOv2100lite.dll".
SurfaceGo2\SurfaceUpdate\Drivers\Audio\DolbySWC\DolbyAPOv251.dll".
SurfaceGo2\SurfaceUpdate\Drivers\Audio\DolbySWC\DolbyAPOv251gm.dll".
SurfaceGo2\SurfaceUpdate\Drivers\Audio\DolbySWC\DolbyAPOvlldp.dll".
SurfaceGo2\SurfaceUpdate\Drivers\Audio\DolbySWC\DolbyAPOvlldp120.dll".
SurfaceGo2\SurfaceUpdate\Drivers\Audio\DolbySWC\DolbyAPOvlldp130.dll".
SurfaceGo2\SurfaceUpdate\Drivers\Audio\DolbySWC\DolbyAPOvlldpgm.dll".
SurfaceGo2\SurfaceUpdate\Drivers\Audio\DolbySWC\DolbyDax3Apo.dll".
SurfaceGo2\SurfaceUpdate\Drivers\Audio\DolbySWC\DolbyDspVlldp.dll".
SurfaceGo2\SurfaceUpdate\Drivers\Audio\HDAudio".
SurfaceGo2\SurfaceUpdate\Drivers\Audio\HDAudio\kdFiles".
SurfaceGo2\SurfaceUpdate\Drivers\Audio\HDAudio\kdFiles\td1_de-de.dat".
SurfaceGo2\SurfaceUpdate\Drivers\Audio\HDAudio\kdFiles\td1_en-au.dat".
SurfaceGo2\SurfaceUpdate\Drivers\Audio\HDAudio\kdFiles\td1_en-ca.dat".
SurfaceGo2\SurfaceUpdate\Drivers\Audio\HDAudio\kdFiles\td1_en-gb.dat".
SurfaceGo2\SurfaceUpdate\Drivers\Audio\HDAudio\kdFiles\td1_en-in.dat".
SurfaceGo2\SurfaceUpdate\Drivers\Audio\HDAudio\kdFiles\td1_en-us.dat".
SurfaceGo2\SurfaceUpdate\Drivers\Audio\HDAudio\kdFiles\td1_es-es.dat".
SurfaceGo2\SurfaceUpdate\Drivers\Audio\HDAudio\kdFiles\td1_es-mx.dat".
SurfaceGo2\SurfaceUpdate\Drivers\Audio\HDAudio\kdFiles\td1_fr-ca.dat".
SurfaceGo2\SurfaceUpdate\Drivers\Audio\HDAudio\kdFiles\td1_fr-fr.dat".
SurfaceGo2\SurfaceUpdate\Drivers\Audio\HDAudio\kdFiles\td1_it-it.dat".
SurfaceGo2\SurfaceUpdate\Drivers\Audio\HDAudio\kdFiles\td1_ja-jp.dat".
SurfaceGo2\SurfaceUpdate\Drivers\Audio\HDAudio\kdFiles\td1_pt-br.dat".
SurfaceGo2\SurfaceUpdate\Drivers\Audio\HDAudio\kdFiles\td1_zh-cn.dat".
SurfaceGo2\SurfaceUpdate\Drivers\Audio\HDAudio\amdacpksl.sys".
SurfaceGo2\SurfaceUpdate\Drivers\Audio\HDAudio\DolbyAPOv251.dll".
SurfaceGo2\SurfaceUpdate\Drivers\Audio\HDAudio\DolbyAPOvlldp.dll".
SurfaceGo2\SurfaceUpdate\Drivers\Audio\HDAudio\DolbyDAX2APOv201.dll".
SurfaceGo2\SurfaceUpdate\Drivers\Audio\HDAudio\en_Rtk552xfw.dat".
SurfaceGo2\SurfaceUpdate\Drivers\Audio\HDAudio\en_Rtk552xFwBoot.dat".
SurfaceGo2\SurfaceUpdate\Drivers\Audio\HDAudio\HDXHAPM.inf".
SurfaceGo2\SurfaceUpdate\Drivers\Audio\HDAudio\HDXHAPMRTKWOV.inf".
SurfaceGo2\SurfaceUpdate\Drivers\Audio\HDAudio\hdxrt.cat".
SurfaceGo2\SurfaceUpdate\Drivers\Audio\HDAudio\HDXSSTM.inf".
SurfaceGo2\SurfaceUpdate\Drivers\Audio\HDAudio\HDXSSTM2.inf".
SurfaceGo2\SurfaceUpdate\Drivers\Audio\HDAudio\HDXSSTMCO.inf".
SurfaceGo2\SurfaceUpdate\Drivers\Audio\HDAudio\HDXSSTMD3A.inf".
SurfaceGo2\SurfaceUpdate\Drivers\Audio\HDAudio\HDXSSTMND.inf".
SurfaceGo2\SurfaceUpdate\Drivers\Audio\HDAudio\RealtekKeywordDetectorAdapter.dll".
SurfaceGo2\SurfaceUpdate\Drivers\Audio\HDAudio\RltkAPOU64.dll".
SurfaceGo2\SurfaceUpdate\Drivers\Audio\HDAudio\RltkAPOU642.dll".
SurfaceGo2\SurfaceUpdate\Drivers\Audio\HDAudio\RTAIODAT.DAT".
SurfaceGo2\SurfaceUpdate\Drivers\Audio\HDAudio\RtCOM64.dll".
SurfaceGo2\SurfaceUpdate\Drivers\Audio\HDAudio\RtkApi64U.dll".
SurfaceGo2\SurfaceUpdate\Drivers\Audio\HDAudio\RtkAudUService64.exe".
SurfaceGo2\SurfaceUpdate\Drivers\Audio\HDAudio\RtkCfg64.dll".
SurfaceGo2\SurfaceUpdate\Drivers\Audio\HDAudio\RTKVHD64.sys".
SurfaceGo2\SurfaceUpdate\Drivers\Audio\HDAudioExtension".
SurfaceGo2\SurfaceUpdate\Drivers\Audio\HDAudioExtension\hdxrtext.cat".
SurfaceGo2\SurfaceUpdate\Drivers\Audio\HDAudioExtension\RealtekExt.inf".
SurfaceGo2\SurfaceUpdate\Drivers\Audio\SmartSoundBus".
SurfaceGo2\SurfaceUpdate\Drivers\Audio\SmartSoundBus\AS".
SurfaceGo2\SurfaceUpdate\Drivers\Audio\SmartSoundBus\AS\Communication DLLs".
SurfaceGo2\SurfaceUpdate\Drivers\Audio\SmartSoundBus\AS\Communication DLLs\IntelAudioDll_x64.dll".
SurfaceGo2\SurfaceUpdate\Drivers\Audio\SmartSoundBus\AS\Communication DLLs\IntelMultiPaSetupDll.dll".
SurfaceGo2\SurfaceUpdate\Drivers\Audio\SmartSoundBus\AS\IAS".
SurfaceGo2\SurfaceUpdate\Drivers\Audio\SmartSoundBus\AS\IAS\Cfg".
SurfaceGo2\SurfaceUpdate\Drivers\Audio\SmartSoundBus\AS\IAS\Cfg\aecs_asr_str_def_1ch_in.tf".
SurfaceGo2\SurfaceUpdate\Drivers\Audio\SmartSoundBus\AS\IAS\Cfg\aecs_asr_str_def_2ch_in.tf".
SurfaceGo2\SurfaceUpdate\Drivers\Audio\SmartSoundBus\AS\IAS\Cfg\aecs_asr_str_def_4ch_in.tf".
SurfaceGo2\SurfaceUpdate\Drivers\Audio\SmartSoundBus\AS\IAS\Cfg\aecs_wov_str_def_1ch_in.tf".
SurfaceGo2\SurfaceUpdate\Drivers\Audio\SmartSoundBus\AS\IAS\Cfg\aecs_wov_str_def_2ch_in.tf".
SurfaceGo2\SurfaceUpdate\Drivers\Audio\SmartSoundBus\AS\IAS\Cfg\aecs_wov_str_def_4ch_in.tf".
SurfaceGo2\SurfaceUpdate\Drivers\Audio\SmartSoundBus\AS\IAS\Cfg\DefaultConfigs.xml".
SurfaceGo2\SurfaceUpdate\Drivers\Audio\SmartSoundBus\AS\IAS\ControlModule.dll".
SurfaceGo2\SurfaceUpdate\Drivers\Audio\SmartSoundBus\AS\IAS\DetectionVerificationDrv.dll".
SurfaceGo2\SurfaceUpdate\Drivers\Audio\SmartSoundBus\AS\IAS\IntelAudioService.exe".
SurfaceGo2\SurfaceUpdate\Drivers\Audio\SmartSoundBus\AS\IAS\IntelAudioService.exe.config".
SurfaceGo2\SurfaceUpdate\Drivers\Audio\SmartSoundBus\AS\IAS\IntelAudioService.tlb".
SurfaceGo2\SurfaceUpdate\Drivers\Audio\SmartSoundBus\AS\IAS\IntelSSTPreprocStreamer.dll".
SurfaceGo2\SurfaceUpdate\Drivers\Audio\SmartSoundBus\AS\IAS\ModelsControllerLib.dll".
SurfaceGo2\SurfaceUpdate\Drivers\Audio\SmartSoundBus\AS\IAS\RpcServer.dll".
SurfaceGo2\SurfaceUpdate\Drivers\Audio\SmartSoundBus\AS\IAS\WppLoggerDll.dll".
SurfaceGo2\SurfaceUpdate\Drivers\Audio\SmartSoundBus\FW".
SurfaceGo2\SurfaceUpdate\Drivers\Audio\SmartSoundBus\FW\fw.bin".
SurfaceGo2\SurfaceUpdate\Drivers\Audio\SmartSoundBus\FW\fw_7CAD0808-AB10-CD23-EF45-12AB34CD56EF.bin".
SurfaceGo2\SurfaceUpdate\Drivers\Audio\SmartSoundBus\FW\lib_cpath.bin".
SurfaceGo2\SurfaceUpdate\Drivers\Audio\SmartSoundBus\FW\lib_cpath_46CB87FB-D2C9-4970-96D2-6D7E614BB605.bin".
SurfaceGo2\SurfaceUpdate\Drivers\Audio\SmartSoundBus\FW\lib_dolby.bin".
SurfaceGo2\SurfaceUpdate\Drivers\Audio\SmartSoundBus\FW\lib_dolby_E0E018A8-3550-4B54-A8D0-A8E05D0FCBA2.bin".
SurfaceGo2\SurfaceUpdate\Drivers\Audio\SmartSoundBus\FW\lib_dolby_ll.bin".
SurfaceGo2\SurfaceUpdate\Drivers\Audio\SmartSoundBus\FW\lib_dolby_ll_849F0D73-1678-4D57-8C78-61C548253993.bin".
SurfaceGo2\SurfaceUpdate\Drivers\Audio\SmartSoundBus\FW\lib_dsm_core.bin".
SurfaceGo2\SurfaceUpdate\Drivers\Audio\SmartSoundBus\FW\lib_dsm_core_C75061F3-F2B2-4DCC-8F9F-82ABB4131E66.bin".
SurfaceGo2\SurfaceUpdate\Drivers\Audio\SmartSoundBus\FW\lib_dts.bin".
SurfaceGo2\SurfaceUpdate\Drivers\Audio\SmartSoundBus\FW\lib_dts_E1284052-8664-4FE4-A353-3878F72704C3.bin".
SurfaceGo2\SurfaceUpdate\Drivers\Audio\SmartSoundBus\FW\lib_fm.bin".
SurfaceGo2\SurfaceUpdate\Drivers\Audio\SmartSoundBus\FW\lib_fm_B3573EFF-6441-4A75-91F7-4281EEC4597D.bin".
SurfaceGo2\SurfaceUpdate\Drivers\Audio\SmartSoundBus\FW\lib_int_sst.bin".
SurfaceGo2\SurfaceUpdate\Drivers\Audio\SmartSoundBus\FW\lib_int_sst_7C708106-3AFF-40FE-88BE-8C999B3F7445.bin".
SurfaceGo2\SurfaceUpdate\Drivers\Audio\SmartSoundBus\FW\lib_int_wov.bin".
SurfaceGo2\SurfaceUpdate\Drivers\Audio\SmartSoundBus\FW\lib_int_wov_EC774FA9-28D3-424A-90E4-69F984F1EEB7.bin".
SurfaceGo2\SurfaceUpdate\Drivers\Audio\SmartSoundBus\FW\lib_smartamp.bin".
SurfaceGo2\SurfaceUpdate\Drivers\Audio\SmartSoundBus\FW\lib_smartamp_2C093145-5895-4699-9DDB-6FEFDC77E85D.bin".
SurfaceGo2\SurfaceUpdate\Drivers\Audio\SmartSoundBus\FW\lib_waves.bin".
SurfaceGo2\SurfaceUpdate\Drivers\Audio\SmartSoundBus\FW\lib_waves_B489C2DE-0F96-42E1-8A2D-C25B5091EE49.bin".
SurfaceGo2\SurfaceUpdate\Drivers\Audio\SmartSoundBus\WoVartifacts".
SurfaceGo2\SurfaceUpdate\Drivers\Audio\SmartSoundBus\WoVartifacts\Echo".
SurfaceGo2\SurfaceUpdate\Drivers\Audio\SmartSoundBus\WoVartifacts\Echo\m".
SurfaceGo2\SurfaceUpdate\Drivers\Audio\SmartSoundBus\WoVartifacts\Echo\m\de-AT".
SurfaceGo2\SurfaceUpdate\Drivers\Audio\SmartSoundBus\WoVartifacts\Echo\m\de-AT\echo_de-AT_ex.amp".
SurfaceGo2\SurfaceUpdate\Drivers\Audio\SmartSoundBus\WoVartifacts\Echo\m\de-AT\echo_de-AT_ex.eth".
SurfaceGo2\SurfaceUpdate\Drivers\Audio\SmartSoundBus\WoVartifacts\Echo\m\de-AT\echo_de-AT_ex.nrm".
SurfaceGo2\SurfaceUpdate\Drivers\Audio\SmartSoundBus\WoVartifacts\Echo\m\de-AT\echo_de-AT_ex.phm".
SurfaceGo2\SurfaceUpdate\Drivers\Audio\SmartSoundBus\WoVartifacts\Echo\m\de-AT\echo_de-AT_ex.th".
SurfaceGo2\SurfaceUpdate\Drivers\Audio\SmartSoundBus\WoVartifacts\Echo\m\de-AT\echo_de-AT_hq.amp".
SurfaceGo2\SurfaceUpdate\Drivers\Audio\SmartSoundBus\WoVartifacts\Echo\m\de-AT\echo_de-AT_hq.dsp".
SurfaceGo2\SurfaceUpdate\Drivers\Audio\SmartSoundBus\WoVartifacts\Echo\m\de-AT\echo_de-AT_hq.nrm".
SurfaceGo2\SurfaceUpdate\Drivers\Audio\SmartSoundBus\WoVartifacts\Echo\m\de-AT\echo_de-AT_hq.phm".
SurfaceGo2\SurfaceUpdate\Drivers\Audio\SmartSoundBus\WoVartifacts\Echo\m\de-AT\echo_de-AT_hq.th".
SurfaceGo2\SurfaceUpdate\Drivers\Audio\SmartSoundBus\WoVartifacts\Echo\m\de-DE".
SurfaceGo2\SurfaceUpdate\Drivers\Audio\SmartSoundBus\WoVartifacts\Echo\m\de-DE\echo_de-DE_ex.amp".
SurfaceGo2\SurfaceUpdate\Drivers\Audio\SmartSoundBus\WoVartifacts\Echo\m\de-DE\echo_de-DE_ex.eth".
SurfaceGo2\SurfaceUpdate\Drivers\Audio\SmartSoundBus\WoVartifacts\Echo\m\de-DE\echo_de-DE_ex.nrm".
SurfaceGo2\SurfaceUpdate\Drivers\Audio\SmartSoundBus\WoVartifacts\Echo\m\de-DE\echo_de-DE_ex.phm".
SurfaceGo2\SurfaceUpdate\Drivers\Audio\SmartSoundBus\WoVartifacts\Echo\m\de-DE\echo_de-DE_ex.th".
SurfaceGo2\SurfaceUpdate\Drivers\Audio\SmartSoundBus\WoVartifacts\Echo\m\de-DE\echo_de-DE_hq.amp".
SurfaceGo2\SurfaceUpdate\Drivers\Audio\SmartSoundBus\WoVartifacts\Echo\m\de-DE\echo_de-DE_hq.dsp".
SurfaceGo2\SurfaceUpdate\Drivers\Audio\SmartSoundBus\WoVartifacts\Echo\m\de-DE\echo_de-DE_hq.nrm".
SurfaceGo2\SurfaceUpdate\Drivers\Audio\SmartSoundBus\WoVartifacts\Echo\m\de-DE\echo_de-DE_hq.phm".
SurfaceGo2\SurfaceUpdate\Drivers\Audio\SmartSoundBus\WoVartifacts\Echo\m\de-DE\echo_de-DE_hq.th".
SurfaceGo2\SurfaceUpdate\Drivers\Audio\SmartSoundBus\WoVartifacts\Echo\m\en-CA".
SurfaceGo2\SurfaceUpdate\Drivers\Audio\SmartSoundBus\WoVartifacts\Echo\m\en-CA\echo_en-CA_ex.amp".
SurfaceGo2\SurfaceUpdate\Drivers\Audio\SmartSoundBus\WoVartifacts\Echo\m\en-CA\echo_en-CA_ex.dsp".
SurfaceGo2\SurfaceUpdate\Drivers\Audio\SmartSoundBus\WoVartifacts\Echo\m\en-CA\echo_en-CA_ex.eth".
SurfaceGo2\SurfaceUpdate\Drivers\Audio\SmartSoundBus\WoVartifacts\Echo\m\en-CA\echo_en-CA_ex.nrm".
SurfaceGo2\SurfaceUpdate\Drivers\Audio\SmartSoundBus\WoVartifacts\Echo\m\en-CA\echo_en-CA_ex.phm".
SurfaceGo2\SurfaceUpdate\Drivers\Audio\SmartSoundBus\WoVartifacts\Echo\m\en-CA\echo_en-CA_ex.th".
SurfaceGo2\SurfaceUpdate\Drivers\Audio\SmartSoundBus\WoVartifacts\Echo\m\en-CA\echo_en-CA_hq.amp".
SurfaceGo2\SurfaceUpdate\Drivers\Audio\SmartSoundBus\WoVartifacts\Echo\m\en-CA\echo_en-CA_hq.dsp".
SurfaceGo2\SurfaceUpdate\Drivers\Audio\SmartSoundBus\WoVartifacts\Echo\m\en-CA\echo_en-CA_hq.nrm".
SurfaceGo2\SurfaceUpdate\Drivers\Audio\SmartSoundBus\WoVartifacts\Echo\m\en-CA\echo_en-CA_hq.phm".
SurfaceGo2\SurfaceUpdate\Drivers\Audio\SmartSoundBus\WoVartifacts\Echo\m\en-CA\echo_en-CA_hq.th".
SurfaceGo2\SurfaceUpdate\Drivers\Audio\SmartSoundBus\WoVartifacts\Echo\m\en-GB".
SurfaceGo2\SurfaceUpdate\Drivers\Audio\SmartSoundBus\WoVartifacts\Echo\m\en-GB\echo_en-GB_ex.amp".
SurfaceGo2\SurfaceUpdate\Drivers\Audio\SmartSoundBus\WoVartifacts\Echo\m\en-GB\echo_en-GB_ex.eth".
SurfaceGo2\SurfaceUpdate\Drivers\Audio\SmartSoundBus\WoVartifacts\Echo\m\en-GB\echo_en-GB_ex.nrm".
SurfaceGo2\SurfaceUpdate\Drivers\Audio\SmartSoundBus\WoVartifacts\Echo\m\en-GB\echo_en-GB_ex.phm".
SurfaceGo2\SurfaceUpdate\Drivers\Audio\SmartSoundBus\WoVartifacts\Echo\m\en-GB\echo_en-GB_ex.th".
SurfaceGo2\SurfaceUpdate\Drivers\Audio\SmartSoundBus\WoVartifacts\Echo\m\en-GB\echo_en-GB_hq.amp".
SurfaceGo2\SurfaceUpdate\Drivers\Audio\SmartSoundBus\WoVartifacts\Echo\m\en-GB\echo_en-GB_hq.dsp".
SurfaceGo2\SurfaceUpdate\Drivers\Audio\SmartSoundBus\WoVartifacts\Echo\m\en-GB\echo_en-GB_hq.nrm".
SurfaceGo2\SurfaceUpdate\Drivers\Audio\SmartSoundBus\WoVartifacts\Echo\m\en-GB\echo_en-GB_hq.phm".
SurfaceGo2\SurfaceUpdate\Drivers\Audio\SmartSoundBus\WoVartifacts\Echo\m\en-GB\echo_en-GB_hq.th".
SurfaceGo2\SurfaceUpdate\Drivers\Audio\SmartSoundBus\WoVartifacts\Echo\m\en-IN".
SurfaceGo2\SurfaceUpdate\Drivers\Audio\SmartSoundBus\WoVartifacts\Echo\m\en-IN\echo_en-IN_ex.amp".
SurfaceGo2\SurfaceUpdate\Drivers\Audio\SmartSoundBus\WoVartifacts\Echo\m\en-IN\echo_en-IN_ex.eth".
SurfaceGo2\SurfaceUpdate\Drivers\Audio\SmartSoundBus\WoVartifacts\Echo\m\en-IN\echo_en-IN_ex.nrm".
SurfaceGo2\SurfaceUpdate\Drivers\Audio\SmartSoundBus\WoVartifacts\Echo\m\en-IN\echo_en-IN_ex.phm".
SurfaceGo2\SurfaceUpdate\Drivers\Audio\SmartSoundBus\WoVartifacts\Echo\m\en-IN\echo_en-IN_ex.th".
SurfaceGo2\SurfaceUpdate\Drivers\Audio\SmartSoundBus\WoVartifacts\Echo\m\en-IN\echo_en-IN_hq.amp".
SurfaceGo2\SurfaceUpdate\Drivers\Audio\SmartSoundBus\WoVartifacts\Echo\m\en-IN\echo_en-IN_hq.dsp".
SurfaceGo2\SurfaceUpdate\Drivers\Audio\SmartSoundBus\WoVartifacts\Echo\m\en-IN\echo_en-IN_hq.nrm".
SurfaceGo2\SurfaceUpdate\Drivers\Audio\SmartSoundBus\WoVartifacts\Echo\m\en-IN\echo_en-IN_hq.phm".
SurfaceGo2\SurfaceUpdate\Drivers\Audio\SmartSoundBus\WoVartifacts\Echo\m\en-IN\echo_en-IN_hq.th".
SurfaceGo2\SurfaceUpdate\Drivers\Audio\SmartSoundBus\WoVartifacts\Echo\m\en-US".
SurfaceGo2\SurfaceUpdate\Drivers\Audio\SmartSoundBus\WoVartifacts\Echo\m\en-US\echo_en-US_ex.amp".
SurfaceGo2\SurfaceUpdate\Drivers\Audio\SmartSoundBus\WoVartifacts\Echo\m\en-US\echo_en-US_ex.dsp".
SurfaceGo2\SurfaceUpdate\Drivers\Audio\SmartSoundBus\WoVartifacts\Echo\m\en-US\echo_en-US_ex.eth".
SurfaceGo2\SurfaceUpdate\Drivers\Audio\SmartSoundBus\WoVartifacts\Echo\m\en-US\echo_en-US_ex.nrm".
SurfaceGo2\SurfaceUpdate\Drivers\Audio\SmartSoundBus\WoVartifacts\Echo\m\en-US\echo_en-US_ex.phm".
SurfaceGo2\SurfaceUpdate\Drivers\Audio\SmartSoundBus\WoVartifacts\Echo\m\en-US\echo_en-US_ex.th".
SurfaceGo2\SurfaceUpdate\Drivers\Audio\SmartSoundBus\WoVartifacts\Echo\m\en-US\echo_en-US_hq.amp".
SurfaceGo2\SurfaceUpdate\Drivers\Audio\SmartSoundBus\WoVartifacts\Echo\m\en-US\echo_en-US_hq.dsp".
SurfaceGo2\SurfaceUpdate\Drivers\Audio\SmartSoundBus\WoVartifacts\Echo\m\en-US\echo_en-US_hq.nrm".
SurfaceGo2\SurfaceUpdate\Drivers\Audio\SmartSoundBus\WoVartifacts\Echo\m\en-US\echo_en-US_hq.phm".
SurfaceGo2\SurfaceUpdate\Drivers\Audio\SmartSoundBus\WoVartifacts\Echo\m\en-US\echo_en-US_hq.th".
SurfaceGo2\SurfaceUpdate\Drivers\Audio\SmartSoundBus\WoVartifacts\Echo\m\ja-JP".
SurfaceGo2\SurfaceUpdate\Drivers\Audio\SmartSoundBus\WoVartifacts\Echo\m\ja-JP\echo_ja-JP_ex.amp".
SurfaceGo2\SurfaceUpdate\Drivers\Audio\SmartSoundBus\WoVartifacts\Echo\m\ja-JP\echo_ja-JP_ex.eth".
SurfaceGo2\SurfaceUpdate\Drivers\Audio\SmartSoundBus\WoVartifacts\Echo\m\ja-JP\echo_ja-JP_ex.nrm".
SurfaceGo2\SurfaceUpdate\Drivers\Audio\SmartSoundBus\WoVartifacts\Echo\m\ja-JP\echo_ja-JP_ex.phm".
SurfaceGo2\SurfaceUpdate\Drivers\Audio\SmartSoundBus\WoVartifacts\Echo\m\ja-JP\echo_ja-JP_ex.th".
SurfaceGo2\SurfaceUpdate\Drivers\Audio\SmartSoundBus\WoVartifacts\Echo\m\ja-JP\echo_ja-JP_hq.amp".
SurfaceGo2\SurfaceUpdate\Drivers\Audio\SmartSoundBus\WoVartifacts\Echo\m\ja-JP\echo_ja-JP_hq.dsp".
SurfaceGo2\SurfaceUpdate\Drivers\Audio\SmartSoundBus\WoVartifacts\Echo\m\ja-JP\echo_ja-JP_hq.nrm".
SurfaceGo2\SurfaceUpdate\Drivers\Audio\SmartSoundBus\WoVartifacts\Echo\m\ja-JP\echo_ja-JP_hq.phm".
SurfaceGo2\SurfaceUpdate\Drivers\Audio\SmartSoundBus\WoVartifacts\Echo\m\ja-JP\echo_ja-JP_hq.th".
SurfaceGo2\SurfaceUpdate\Drivers\Audio\SmartSoundBus\WoVartifacts\Echo\m\cohort_echo.bin".
SurfaceGo2\SurfaceUpdate\Drivers\Audio\SmartSoundBus\WoVartifacts\Echo\m\cohort_echo.th".
SurfaceGo2\SurfaceUpdate\Drivers\Audio\SmartSoundBus\WoVartifacts\Echo\echo_constraints.conf".
SurfaceGo2\SurfaceUpdate\Drivers\Audio\SmartSoundBus\WoVartifacts\HeyClova".
SurfaceGo2\SurfaceUpdate\Drivers\Audio\SmartSoundBus\WoVartifacts\HeyClova\m".
SurfaceGo2\SurfaceUpdate\Drivers\Audio\SmartSoundBus\WoVartifacts\HeyClova\m\ko-KR".
SurfaceGo2\SurfaceUpdate\Drivers\Audio\SmartSoundBus\WoVartifacts\HeyClova\m\ko-KR\heyclova_ko-KR_ex.amp".
SurfaceGo2\SurfaceUpdate\Drivers\Audio\SmartSoundBus\WoVartifacts\HeyClova\m\ko-KR\heyclova_ko-KR_ex.eth".
SurfaceGo2\SurfaceUpdate\Drivers\Audio\SmartSoundBus\WoVartifacts\HeyClova\m\ko-KR\heyclova_ko-KR_ex.nrm".
SurfaceGo2\SurfaceUpdate\Drivers\Audio\SmartSoundBus\WoVartifacts\HeyClova\m\ko-KR\heyclova_ko-KR_ex.phm".
SurfaceGo2\SurfaceUpdate\Drivers\Audio\SmartSoundBus\WoVartifacts\HeyClova\m\ko-KR\heyclova_ko-KR_ex.th".
SurfaceGo2\SurfaceUpdate\Drivers\Audio\SmartSoundBus\WoVartifacts\HeyClova\m\ko-KR\heyclova_ko-KR_hq.amp".
SurfaceGo2\SurfaceUpdate\Drivers\Audio\SmartSoundBus\WoVartifacts\HeyClova\m\ko-KR\heyclova_ko-KR_hq.dsp".
SurfaceGo2\SurfaceUpdate\Drivers\Audio\SmartSoundBus\WoVartifacts\HeyClova\m\ko-KR\heyclova_ko-KR_hq.nrm".
SurfaceGo2\SurfaceUpdate\Drivers\Audio\SmartSoundBus\WoVartifacts\HeyClova\m\ko-KR\heyclova_ko-KR_hq.phm".
SurfaceGo2\SurfaceUpdate\Drivers\Audio\SmartSoundBus\WoVartifacts\HeyClova\m\ko-KR\heyclova_ko-KR_hq.th".
SurfaceGo2\SurfaceUpdate\Drivers\Audio\SmartSoundBus\WoVartifacts\HeyClova\heyclova_constraints.conf".
SurfaceGo2\SurfaceUpdate\Drivers\Audio\SmartSoundBus\WoVartifacts\HiLG".
SurfaceGo2\SurfaceUpdate\Drivers\Audio\SmartSoundBus\WoVartifacts\HiLG\m".
SurfaceGo2\SurfaceUpdate\Drivers\Audio\SmartSoundBus\WoVartifacts\HiLG\m\ko-KR".
SurfaceGo2\SurfaceUpdate\Drivers\Audio\SmartSoundBus\WoVartifacts\HiLG\m\ko-KR\hilg_ko-KR_ex.amp".
SurfaceGo2\SurfaceUpdate\Drivers\Audio\SmartSoundBus\WoVartifacts\HiLG\m\ko-KR\hilg_ko-KR_ex.eth".
SurfaceGo2\SurfaceUpdate\Drivers\Audio\SmartSoundBus\WoVartifacts\HiLG\m\ko-KR\hilg_ko-KR_ex.nrm".
SurfaceGo2\SurfaceUpdate\Drivers\Audio\SmartSoundBus\WoVartifacts\HiLG\m\ko-KR\hilg_ko-KR_ex.phm".
SurfaceGo2\SurfaceUpdate\Drivers\Audio\SmartSoundBus\WoVartifacts\HiLG\m\ko-KR\hilg_ko-KR_ex.th".
SurfaceGo2\SurfaceUpdate\Drivers\Audio\SmartSoundBus\WoVartifacts\HiLG\m\ko-KR\hilg_ko-KR_hq.amp".
SurfaceGo2\SurfaceUpdate\Drivers\Audio\SmartSoundBus\WoVartifacts\HiLG\m\ko-KR\hilg_ko-KR_hq.dsp".
SurfaceGo2\SurfaceUpdate\Drivers\Audio\SmartSoundBus\WoVartifacts\HiLG\m\ko-KR\hilg_ko-KR_hq.nrm".
SurfaceGo2\SurfaceUpdate\Drivers\Audio\SmartSoundBus\WoVartifacts\HiLG\m\ko-KR\hilg_ko-KR_hq.phm".
SurfaceGo2\SurfaceUpdate\Drivers\Audio\SmartSoundBus\WoVartifacts\HiLG\m\ko-KR\hilg_ko-KR_hq.th".
SurfaceGo2\SurfaceUpdate\Drivers\Audio\SmartSoundBus\WoVartifacts\HiLG\hilg_constraints.conf".
SurfaceGo2\SurfaceUpdate\Drivers\Audio\SmartSoundBus\WoVartifacts\HiXiaoWei".
SurfaceGo2\SurfaceUpdate\Drivers\Audio\SmartSoundBus\WoVartifacts\HiXiaoWei\m".
SurfaceGo2\SurfaceUpdate\Drivers\Audio\SmartSoundBus\WoVartifacts\HiXiaoWei\m\zh-CN".
SurfaceGo2\SurfaceUpdate\Drivers\Audio\SmartSoundBus\WoVartifacts\HiXiaoWei\m\zh-CN\hixiaowei_zh-CN_ex.amp".
SurfaceGo2\SurfaceUpdate\Drivers\Audio\SmartSoundBus\WoVartifacts\HiXiaoWei\m\zh-CN\hixiaowei_zh-CN_ex.eth".
SurfaceGo2\SurfaceUpdate\Drivers\Audio\SmartSoundBus\WoVartifacts\HiXiaoWei\m\zh-CN\hixiaowei_zh-CN_ex.nrm".
SurfaceGo2\SurfaceUpdate\Drivers\Audio\SmartSoundBus\WoVartifacts\HiXiaoWei\m\zh-CN\hixiaowei_zh-CN_ex.phm".
SurfaceGo2\SurfaceUpdate\Drivers\Audio\SmartSoundBus\WoVartifacts\HiXiaoWei\m\zh-CN\hixiaowei_zh-CN_ex.th".
SurfaceGo2\SurfaceUpdate\Drivers\Audio\SmartSoundBus\WoVartifacts\HiXiaoWei\m\zh-CN\hixiaowei_zh-CN_hq.amp".
SurfaceGo2\SurfaceUpdate\Drivers\Audio\SmartSoundBus\WoVartifacts\HiXiaoWei\m\zh-CN\hixiaowei_zh-CN_hq.dsp".
SurfaceGo2\SurfaceUpdate\Drivers\Audio\SmartSoundBus\WoVartifacts\HiXiaoWei\m\zh-CN\hixiaowei_zh-CN_hq.nrm".
SurfaceGo2\SurfaceUpdate\Drivers\Audio\SmartSoundBus\WoVartifacts\HiXiaoWei\m\zh-CN\hixiaowei_zh-CN_hq.phm".
SurfaceGo2\SurfaceUpdate\Drivers\Audio\SmartSoundBus\WoVartifacts\HiXiaoWei\m\zh-CN\hixiaowei_zh-CN_hq.th".
SurfaceGo2\SurfaceUpdate\Drivers\Audio\SmartSoundBus\WoVartifacts\HiXiaoWei\hixiaowei_constraints.conf".
SurfaceGo2\SurfaceUpdate\Drivers\Audio\SmartSoundBus\WoVartifacts\HwKws".
SurfaceGo2\SurfaceUpdate\Drivers\Audio\SmartSoundBus\WoVartifacts\HwKws\m".
SurfaceGo2\SurfaceUpdate\Drivers\Audio\SmartSoundBus\WoVartifacts\HwKws\m\de-DE".
SurfaceGo2\SurfaceUpdate\Drivers\Audio\SmartSoundBus\WoVartifacts\HwKws\m\de-DE\cortana_de-DE_hq.amp".
SurfaceGo2\SurfaceUpdate\Drivers\Audio\SmartSoundBus\WoVartifacts\HwKws\m\de-DE\cortana_de-DE_hq.dsp".
SurfaceGo2\SurfaceUpdate\Drivers\Audio\SmartSoundBus\WoVartifacts\HwKws\m\de-DE\cortana_de-DE_hq.nrm".
SurfaceGo2\SurfaceUpdate\Drivers\Audio\SmartSoundBus\WoVartifacts\HwKws\m\de-DE\cortana_de-DE_hq.phm".
SurfaceGo2\SurfaceUpdate\Drivers\Audio\SmartSoundBus\WoVartifacts\HwKws\m\de-DE\cortana_de-DE_hq.th".
SurfaceGo2\SurfaceUpdate\Drivers\Audio\SmartSoundBus\WoVartifacts\HwKws\m\de-DE\cortana_de-DE_hq.uth".
SurfaceGo2\SurfaceUpdate\Drivers\Audio\SmartSoundBus\WoVartifacts\HwKws\m\en-AU".
SurfaceGo2\SurfaceUpdate\Drivers\Audio\SmartSoundBus\WoVartifacts\HwKws\m\en-AU\cortana_en-AU_hq.amp".
SurfaceGo2\SurfaceUpdate\Drivers\Audio\SmartSoundBus\WoVartifacts\HwKws\m\en-AU\cortana_en-AU_hq.dsp".
SurfaceGo2\SurfaceUpdate\Drivers\Audio\SmartSoundBus\WoVartifacts\HwKws\m\en-AU\cortana_en-AU_hq.nrm".
SurfaceGo2\SurfaceUpdate\Drivers\Audio\SmartSoundBus\WoVartifacts\HwKws\m\en-AU\cortana_en-AU_hq.phm".
SurfaceGo2\SurfaceUpdate\Drivers\Audio\SmartSoundBus\WoVartifacts\HwKws\m\en-AU\cortana_en-AU_hq.th".
SurfaceGo2\SurfaceUpdate\Drivers\Audio\SmartSoundBus\WoVartifacts\HwKws\m\en-AU\cortana_en-AU_hq.uth".
SurfaceGo2\SurfaceUpdate\Drivers\Audio\SmartSoundBus\WoVartifacts\HwKws\m\en-CA".
SurfaceGo2\SurfaceUpdate\Drivers\Audio\SmartSoundBus\WoVartifacts\HwKws\m\en-CA\cortana_en-CA_hq.amp".
SurfaceGo2\SurfaceUpdate\Drivers\Audio\SmartSoundBus\WoVartifacts\HwKws\m\en-CA\cortana_en-CA_hq.dsp".
SurfaceGo2\SurfaceUpdate\Drivers\Audio\SmartSoundBus\WoVartifacts\HwKws\m\en-CA\cortana_en-CA_hq.nrm".
SurfaceGo2\SurfaceUpdate\Drivers\Audio\SmartSoundBus\WoVartifacts\HwKws\m\en-CA\cortana_en-CA_hq.phm".
SurfaceGo2\SurfaceUpdate\Drivers\Audio\SmartSoundBus\WoVartifacts\HwKws\m\en-CA\cortana_en-CA_hq.th".
SurfaceGo2\SurfaceUpdate\Drivers\Audio\SmartSoundBus\WoVartifacts\HwKws\m\en-CA\cortana_en-CA_hq.uth".
SurfaceGo2\SurfaceUpdate\Drivers\Audio\SmartSoundBus\WoVartifacts\HwKws\m\en-GB".
SurfaceGo2\SurfaceUpdate\Drivers\Audio\SmartSoundBus\WoVartifacts\HwKws\m\en-GB\cortana_en-GB_hq.amp".
SurfaceGo2\SurfaceUpdate\Drivers\Audio\SmartSoundBus\WoVartifacts\HwKws\m\en-GB\cortana_en-GB_hq.dsp".
SurfaceGo2\SurfaceUpdate\Drivers\Audio\SmartSoundBus\WoVartifacts\HwKws\m\en-GB\cortana_en-GB_hq.nrm".
SurfaceGo2\SurfaceUpdate\Drivers\Audio\SmartSoundBus\WoVartifacts\HwKws\m\en-GB\cortana_en-GB_hq.phm".
SurfaceGo2\SurfaceUpdate\Drivers\Audio\SmartSoundBus\WoVartifacts\HwKws\m\en-GB\cortana_en-GB_hq.th".
SurfaceGo2\SurfaceUpdate\Drivers\Audio\SmartSoundBus\WoVartifacts\HwKws\m\en-GB\cortana_en-GB_hq.uth".
SurfaceGo2\SurfaceUpdate\Drivers\Audio\SmartSoundBus\WoVartifacts\HwKws\m\en-IN".
SurfaceGo2\SurfaceUpdate\Drivers\Audio\SmartSoundBus\WoVartifacts\HwKws\m\en-IN\cortana_en-IN_hq.amp".
SurfaceGo2\SurfaceUpdate\Drivers\Audio\SmartSoundBus\WoVartifacts\HwKws\m\en-IN\cortana_en-IN_hq.dsp".
SurfaceGo2\SurfaceUpdate\Drivers\Audio\SmartSoundBus\WoVartifacts\HwKws\m\en-IN\cortana_en-IN_hq.nrm".
SurfaceGo2\SurfaceUpdate\Drivers\Audio\SmartSoundBus\WoVartifacts\HwKws\m\en-IN\cortana_en-IN_hq.phm".
SurfaceGo2\SurfaceUpdate\Drivers\Audio\SmartSoundBus\WoVartifacts\HwKws\m\en-IN\cortana_en-IN_hq.th".
SurfaceGo2\SurfaceUpdate\Drivers\Audio\SmartSoundBus\WoVartifacts\HwKws\m\en-IN\cortana_en-IN_hq.uth".
SurfaceGo2\SurfaceUpdate\Drivers\Audio\SmartSoundBus\WoVartifacts\HwKws\m\en-US".
SurfaceGo2\SurfaceUpdate\Drivers\Audio\SmartSoundBus\WoVartifacts\HwKws\m\en-US\cortana_en-US_hq.amp".
SurfaceGo2\SurfaceUpdate\Drivers\Audio\SmartSoundBus\WoVartifacts\HwKws\m\en-US\cortana_en-US_hq.dsp".
SurfaceGo2\SurfaceUpdate\Drivers\Audio\SmartSoundBus\WoVartifacts\HwKws\m\en-US\cortana_en-US_hq.nrm".
SurfaceGo2\SurfaceUpdate\Drivers\Audio\SmartSoundBus\WoVartifacts\HwKws\m\en-US\cortana_en-US_hq.phm".
SurfaceGo2\SurfaceUpdate\Drivers\Audio\SmartSoundBus\WoVartifacts\HwKws\m\en-US\cortana_en-US_hq.th".
SurfaceGo2\SurfaceUpdate\Drivers\Audio\SmartSoundBus\WoVartifacts\HwKws\m\en-US\cortana_en-US_hq.uth".
SurfaceGo2\SurfaceUpdate\Drivers\Audio\SmartSoundBus\WoVartifacts\HwKws\m\es-ES".
SurfaceGo2\SurfaceUpdate\Drivers\Audio\SmartSoundBus\WoVartifacts\HwKws\m\es-ES\cortana_es-ES_hq.amp".
SurfaceGo2\SurfaceUpdate\Drivers\Audio\SmartSoundBus\WoVartifacts\HwKws\m\es-ES\cortana_es-ES_hq.dsp".
SurfaceGo2\SurfaceUpdate\Drivers\Audio\SmartSoundBus\WoVartifacts\HwKws\m\es-ES\cortana_es-ES_hq.nrm".
SurfaceGo2\SurfaceUpdate\Drivers\Audio\SmartSoundBus\WoVartifacts\HwKws\m\es-ES\cortana_es-ES_hq.phm".
SurfaceGo2\SurfaceUpdate\Drivers\Audio\SmartSoundBus\WoVartifacts\HwKws\m\es-ES\cortana_es-ES_hq.th".
SurfaceGo2\SurfaceUpdate\Drivers\Audio\SmartSoundBus\WoVartifacts\HwKws\m\es-ES\cortana_es-ES_hq.uth".
SurfaceGo2\SurfaceUpdate\Drivers\Audio\SmartSoundBus\WoVartifacts\HwKws\m\es-MX".
SurfaceGo2\SurfaceUpdate\Drivers\Audio\SmartSoundBus\WoVartifacts\HwKws\m\es-MX\cortana_es-MX_hq.amp".
SurfaceGo2\SurfaceUpdate\Drivers\Audio\SmartSoundBus\WoVartifacts\HwKws\m\es-MX\cortana_es-MX_hq.dsp".
SurfaceGo2\SurfaceUpdate\Drivers\Audio\SmartSoundBus\WoVartifacts\HwKws\m\es-MX\cortana_es-MX_hq.nrm".
SurfaceGo2\SurfaceUpdate\Drivers\Audio\SmartSoundBus\WoVartifacts\HwKws\m\es-MX\cortana_es-MX_hq.phm".
SurfaceGo2\SurfaceUpdate\Drivers\Audio\SmartSoundBus\WoVartifacts\HwKws\m\es-MX\cortana_es-MX_hq.th".
SurfaceGo2\SurfaceUpdate\Drivers\Audio\SmartSoundBus\WoVartifacts\HwKws\m\es-MX\cortana_es-MX_hq.uth".
SurfaceGo2\SurfaceUpdate\Drivers\Audio\SmartSoundBus\WoVartifacts\HwKws\m\fr-CA".
SurfaceGo2\SurfaceUpdate\Drivers\Audio\SmartSoundBus\WoVartifacts\HwKws\m\fr-CA\cortana_fr-CA_hq.amp".
SurfaceGo2\SurfaceUpdate\Drivers\Audio\SmartSoundBus\WoVartifacts\HwKws\m\fr-CA\cortana_fr-CA_hq.dsp".
SurfaceGo2\SurfaceUpdate\Drivers\Audio\SmartSoundBus\WoVartifacts\HwKws\m\fr-CA\cortana_fr-CA_hq.nrm".
SurfaceGo2\SurfaceUpdate\Drivers\Audio\SmartSoundBus\WoVartifacts\HwKws\m\fr-CA\cortana_fr-CA_hq.phm".
SurfaceGo2\SurfaceUpdate\Drivers\Audio\SmartSoundBus\WoVartifacts\HwKws\m\fr-CA\cortana_fr-CA_hq.th".
SurfaceGo2\SurfaceUpdate\Drivers\Audio\SmartSoundBus\WoVartifacts\HwKws\m\fr-CA\cortana_fr-CA_hq.uth".
SurfaceGo2\SurfaceUpdate\Drivers\Audio\SmartSoundBus\WoVartifacts\HwKws\m\fr-FR".
SurfaceGo2\SurfaceUpdate\Drivers\Audio\SmartSoundBus\WoVartifacts\HwKws\m\fr-FR\cortana_fr-FR_hq.amp".
SurfaceGo2\SurfaceUpdate\Drivers\Audio\SmartSoundBus\WoVartifacts\HwKws\m\fr-FR\cortana_fr-FR_hq.dsp".
SurfaceGo2\SurfaceUpdate\Drivers\Audio\SmartSoundBus\WoVartifacts\HwKws\m\fr-FR\cortana_fr-FR_hq.nrm".
SurfaceGo2\SurfaceUpdate\Drivers\Audio\SmartSoundBus\WoVartifacts\HwKws\m\fr-FR\cortana_fr-FR_hq.phm".
SurfaceGo2\SurfaceUpdate\Drivers\Audio\SmartSoundBus\WoVartifacts\HwKws\m\fr-FR\cortana_fr-FR_hq.th".
SurfaceGo2\SurfaceUpdate\Drivers\Audio\SmartSoundBus\WoVartifacts\HwKws\m\fr-FR\cortana_fr-FR_hq.uth".
SurfaceGo2\SurfaceUpdate\Drivers\Audio\SmartSoundBus\WoVartifacts\HwKws\m\it-IT".
SurfaceGo2\SurfaceUpdate\Drivers\Audio\SmartSoundBus\WoVartifacts\HwKws\m\it-IT\cortana_it-IT_hq.amp".
SurfaceGo2\SurfaceUpdate\Drivers\Audio\SmartSoundBus\WoVartifacts\HwKws\m\it-IT\cortana_it-IT_hq.dsp".
SurfaceGo2\SurfaceUpdate\Drivers\Audio\SmartSoundBus\WoVartifacts\HwKws\m\it-IT\cortana_it-IT_hq.nrm".
SurfaceGo2\SurfaceUpdate\Drivers\Audio\SmartSoundBus\WoVartifacts\HwKws\m\it-IT\cortana_it-IT_hq.phm".
SurfaceGo2\SurfaceUpdate\Drivers\Audio\SmartSoundBus\WoVartifacts\HwKws\m\it-IT\cortana_it-IT_hq.th".
SurfaceGo2\SurfaceUpdate\Drivers\Audio\SmartSoundBus\WoVartifacts\HwKws\m\it-IT\cortana_it-IT_hq.uth".
SurfaceGo2\SurfaceUpdate\Drivers\Audio\SmartSoundBus\WoVartifacts\HwKws\m\ja-JP".
SurfaceGo2\SurfaceUpdate\Drivers\Audio\SmartSoundBus\WoVartifacts\HwKws\m\ja-JP\cortana_ja-JP_hq.amp".
SurfaceGo2\SurfaceUpdate\Drivers\Audio\SmartSoundBus\WoVartifacts\HwKws\m\ja-JP\cortana_ja-JP_hq.dsp".
SurfaceGo2\SurfaceUpdate\Drivers\Audio\SmartSoundBus\WoVartifacts\HwKws\m\ja-JP\cortana_ja-JP_hq.nrm".
SurfaceGo2\SurfaceUpdate\Drivers\Audio\SmartSoundBus\WoVartifacts\HwKws\m\ja-JP\cortana_ja-JP_hq.phm".
SurfaceGo2\SurfaceUpdate\Drivers\Audio\SmartSoundBus\WoVartifacts\HwKws\m\ja-JP\cortana_ja-JP_hq.th".
SurfaceGo2\SurfaceUpdate\Drivers\Audio\SmartSoundBus\WoVartifacts\HwKws\m\ja-JP\cortana_ja-JP_hq.uth".
SurfaceGo2\SurfaceUpdate\Drivers\Audio\SmartSoundBus\WoVartifacts\HwKws\m\pt-BR".
SurfaceGo2\SurfaceUpdate\Drivers\Audio\SmartSoundBus\WoVartifacts\HwKws\m\pt-BR\cortana_pt-BR_hq.amp".
SurfaceGo2\SurfaceUpdate\Drivers\Audio\SmartSoundBus\WoVartifacts\HwKws\m\pt-BR\cortana_pt-BR_hq.dsp".
SurfaceGo2\SurfaceUpdate\Drivers\Audio\SmartSoundBus\WoVartifacts\HwKws\m\pt-BR\cortana_pt-BR_hq.nrm".
SurfaceGo2\SurfaceUpdate\Drivers\Audio\SmartSoundBus\WoVartifacts\HwKws\m\pt-BR\cortana_pt-BR_hq.phm".
SurfaceGo2\SurfaceUpdate\Drivers\Audio\SmartSoundBus\WoVartifacts\HwKws\m\pt-BR\cortana_pt-BR_hq.th".
SurfaceGo2\SurfaceUpdate\Drivers\Audio\SmartSoundBus\WoVartifacts\HwKws\m\pt-BR\cortana_pt-BR_hq.uth".
SurfaceGo2\SurfaceUpdate\Drivers\Audio\SmartSoundBus\WoVartifacts\HwKws\m\zh-CN".
SurfaceGo2\SurfaceUpdate\Drivers\Audio\SmartSoundBus\WoVartifacts\HwKws\m\zh-CN\cortana_zh-CN_hq.amp".
SurfaceGo2\SurfaceUpdate\Drivers\Audio\SmartSoundBus\WoVartifacts\HwKws\m\zh-CN\cortana_zh-CN_hq.dsp".
SurfaceGo2\SurfaceUpdate\Drivers\Audio\SmartSoundBus\WoVartifacts\HwKws\m\zh-CN\cortana_zh-CN_hq.nrm".
SurfaceGo2\SurfaceUpdate\Drivers\Audio\SmartSoundBus\WoVartifacts\HwKws\m\zh-CN\cortana_zh-CN_hq.phm".
SurfaceGo2\SurfaceUpdate\Drivers\Audio\SmartSoundBus\WoVartifacts\HwKws\m\zh-CN\cortana_zh-CN_hq.th".
SurfaceGo2\SurfaceUpdate\Drivers\Audio\SmartSoundBus\WoVartifacts\HwKws\m\zh-CN\cortana_zh-CN_hq.uth".
SurfaceGo2\SurfaceUpdate\Drivers\Audio\SmartSoundBus\WoVartifacts\HwKws\cortana_constraints.conf".
SurfaceGo2\SurfaceUpdate\Drivers\Audio\SmartSoundBus\WoVartifacts\HwKws\IntelHwKws.config".
SurfaceGo2\SurfaceUpdate\Drivers\Audio\SmartSoundBus\WoVartifacts\HwKws\IntelHwKws.dll".
SurfaceGo2\SurfaceUpdate\Drivers\Audio\SmartSoundBus\WoVartifacts\HwKws\IntelWovSDK_MTUWP.dll".
SurfaceGo2\SurfaceUpdate\Drivers\Audio\SmartSoundBus\WoVartifacts\HwKws\ReleaseNotes.txt".
SurfaceGo2\SurfaceUpdate\Drivers\Audio\SmartSoundBus\WoVartifacts\Service".
SurfaceGo2\SurfaceUpdate\Drivers\Audio\SmartSoundBus\WoVartifacts\Service\IntelWovSDK_S.dll".
SurfaceGo2\SurfaceUpdate\Drivers\Audio\SmartSoundBus\WoVartifacts\Service\MultichannelWoVCfg_S.dll".
SurfaceGo2\SurfaceUpdate\Drivers\Audio\SmartSoundBus\WoVartifacts\Service\MultiChannelWoV_S.dll".
SurfaceGo2\SurfaceUpdate\Drivers\Audio\SmartSoundBus\WoVartifacts\sid".
SurfaceGo2\SurfaceUpdate\Drivers\Audio\SmartSoundBus\WoVartifacts\sid\ubm.bin".
SurfaceGo2\SurfaceUpdate\Drivers\Audio\SmartSoundBus\WoVartifacts\Yoga".
SurfaceGo2\SurfaceUpdate\Drivers\Audio\SmartSoundBus\WoVartifacts\Yoga\m".
SurfaceGo2\SurfaceUpdate\Drivers\Audio\SmartSoundBus\WoVartifacts\Yoga\m\zh-CN".
SurfaceGo2\SurfaceUpdate\Drivers\Audio\SmartSoundBus\WoVartifacts\Yoga\m\zh-CN\yoga_zh-CN_ex.amp".
SurfaceGo2\SurfaceUpdate\Drivers\Audio\SmartSoundBus\WoVartifacts\Yoga\m\zh-CN\yoga_zh-CN_ex.eth".
SurfaceGo2\SurfaceUpdate\Drivers\Audio\SmartSoundBus\WoVartifacts\Yoga\m\zh-CN\yoga_zh-CN_ex.nrm".
SurfaceGo2\SurfaceUpdate\Drivers\Audio\SmartSoundBus\WoVartifacts\Yoga\m\zh-CN\yoga_zh-CN_ex.phm".
SurfaceGo2\SurfaceUpdate\Drivers\Audio\SmartSoundBus\WoVartifacts\Yoga\m\zh-CN\yoga_zh-CN_ex.th".
SurfaceGo2\SurfaceUpdate\Drivers\Audio\SmartSoundBus\WoVartifacts\Yoga\m\zh-CN\yoga_zh-CN_hq.amp".
SurfaceGo2\SurfaceUpdate\Drivers\Audio\SmartSoundBus\WoVartifacts\Yoga\m\zh-CN\yoga_zh-CN_hq.dsp".
SurfaceGo2\SurfaceUpdate\Drivers\Audio\SmartSoundBus\WoVartifacts\Yoga\m\zh-CN\yoga_zh-CN_hq.nrm".
SurfaceGo2\SurfaceUpdate\Drivers\Audio\SmartSoundBus\WoVartifacts\Yoga\m\zh-CN\yoga_zh-CN_hq.phm".
SurfaceGo2\SurfaceUpdate\Drivers\Audio\SmartSoundBus\WoVartifacts\Yoga\m\zh-CN\yoga_zh-CN_hq.th".
SurfaceGo2\SurfaceUpdate\Drivers\Audio\SmartSoundBus\WoVartifacts\Yoga\yoga_constraints.conf".
SurfaceGo2\SurfaceUpdate\Drivers\Audio\SmartSoundBus\detectionverificationdrv.cat".
SurfaceGo2\SurfaceUpdate\Drivers\Audio\SmartSoundBus\DetectionVerificationDrv.dll".
SurfaceGo2\SurfaceUpdate\Drivers\Audio\SmartSoundBus\DetectionVerificationDrv.inf".
SurfaceGo2\SurfaceUpdate\Drivers\Audio\SmartSoundBus\intcaudiobus.cat".
SurfaceGo2\SurfaceUpdate\Drivers\Audio\SmartSoundBus\IntcAudioBus.inf".
SurfaceGo2\SurfaceUpdate\Drivers\Audio\SmartSoundBus\IntcAudioBus.sys".
SurfaceGo2\SurfaceUpdate\Drivers\Audio\SmartSoundBus\intcoed.cat".
SurfaceGo2\SurfaceUpdate\Drivers\Audio\SmartSoundBus\IntcOED.inf".
SurfaceGo2\SurfaceUpdate\Drivers\Audio\SmartSoundBus\IntcOED.sys".
SurfaceGo2\SurfaceUpdate\Drivers\Audio\SmartSoundBus\IntelSSTPreprocStreamer.dll".
SurfaceGo2\SurfaceUpdate\Drivers\Audio\SmartSoundBus\IntelWovSDK.dll".
SurfaceGo2\SurfaceUpdate\Drivers\Audio\SmartSoundBus\MultiChannelWoV.dll".
SurfaceGo2\SurfaceUpdate\Drivers\Audio\SmartSoundBus\MultichannelWovCfg.dll".
SurfaceGo2\SurfaceUpdate\Drivers\Camera".
SurfaceGo2\SurfaceUpdate\Drivers\Camera\AVStream".
SurfaceGo2\SurfaceUpdate\Drivers\Camera\AVStream\cilkrts20_64.dll".
SurfaceGo2\SurfaceUpdate\Drivers\Camera\AVStream\css_fw.bin".
SurfaceGo2\SurfaceUpdate\Drivers\Camera\AVStream\defaultCpff.aiqb".
SurfaceGo2\SurfaceUpdate\Drivers\Camera\AVStream\iacamera64.cat".
SurfaceGo2\SurfaceUpdate\Drivers\Camera\AVStream\iacamera64.inf".
SurfaceGo2\SurfaceUpdate\Drivers\Camera\AVStream\iacamera64.sys".
SurfaceGo2\SurfaceUpdate\Drivers\Camera\AVStream\Intel OBL Software License Agreement (OEMIHVISV Distribution & Single User) (v. 11.2.2017).txt".
SurfaceGo2\SurfaceUpdate\Drivers\Camera\AVStream\IntelCameraPlugin64.dll".
SurfaceGo2\SurfaceUpdate\Drivers\Camera\AVStream\libia_cp64.dll".
SurfaceGo2\SurfaceUpdate\Drivers\Camera\AVStream\mute.bmp".
SurfaceGo2\SurfaceUpdate\Drivers\Camera\AVStream\pvl64.dll".
SurfaceGo2\SurfaceUpdate\Drivers\Camera\AVStream\pvl_perspective_control64.dll".
SurfaceGo2\SurfaceUpdate\Drivers\Camera\AVStream\pvl_skin_smoothing_denoising64.dll".
SurfaceGo2\SurfaceUpdate\Drivers\Camera\CSI2HostController".
SurfaceGo2\SurfaceUpdate\Drivers\Camera\CSI2HostController\csi2hostcontrollerdriver.cat".
SurfaceGo2\SurfaceUpdate\Drivers\Camera\CSI2HostController\CSI2HostControllerDriver.inf".
SurfaceGo2\SurfaceUpdate\Drivers\Camera\CSI2HostController\CSI2HostControllerDriver.sys".
SurfaceGo2\SurfaceUpdate\Drivers\Camera\FrontIRSensor".
SurfaceGo2\SurfaceUpdate\Drivers\Camera\FrontIRSensor\desktop.ini".
SurfaceGo2\SurfaceUpdate\Drivers\Camera\FrontIRSensor\ov7251.cat".
SurfaceGo2\SurfaceUpdate\Drivers\Camera\FrontIRSensor\ov7251.inf".
SurfaceGo2\SurfaceUpdate\Drivers\Camera\FrontIRSensor\ov7251.sys".
SurfaceGo2\SurfaceUpdate\Drivers\Camera\FrontIRSensor\OV7251_6SF002T2_SKY.CPF".
SurfaceGo2\SurfaceUpdate\Drivers\Camera\FrontIRSensor\OV7251_6SF002T2_SKY_pipeCfg.bin".
SurfaceGo2\SurfaceUpdate\Drivers\Camera\FrontIRSensor\OV7251_MSHW0072_SKY.cpf".
SurfaceGo2\SurfaceUpdate\Drivers\Camera\FrontIRSensor\OV7251_MSHW0072_SKY_pipeCfg.bin".
SurfaceGo2\SurfaceUpdate\Drivers\Camera\FrontIRSensor\OV7251_MSHW0074_SKY.cpf".
SurfaceGo2\SurfaceUpdate\Drivers\Camera\FrontIRSensor\OV7251_MSHW0074_SKY_pipeCfg.bin".
SurfaceGo2\SurfaceUpdate\Drivers\Camera\FrontIRSensor\OV7251_MSHW0122_SKY.cpf".
SurfaceGo2\SurfaceUpdate\Drivers\Camera\FrontIRSensor\OV7251_MSHW0122_SKY_pipeCfg.bin".
SurfaceGo2\SurfaceUpdate\Drivers\Camera\FrontIRSensor\OV7251_MSHW0142_SKY.cpf".
SurfaceGo2\SurfaceUpdate\Drivers\Camera\FrontIRSensor\OV7251_MSHW0142_SKY_pipeCfg.bin".
SurfaceGo2\SurfaceUpdate\Drivers\Camera\FrontIRSensor\OV7251_MSHW0152_SKY.cpf".
SurfaceGo2\SurfaceUpdate\Drivers\Camera\FrontIRSensor\OV7251_MSHW0152_SKY_pipeCfg.bin".
SurfaceGo2\SurfaceUpdate\Drivers\Camera\FrontIRSensor\OV7251_YHCV_SKY.cpf".
SurfaceGo2\SurfaceUpdate\Drivers\Camera\FrontIRSensor\OV7251_YHCV_SKY_pipeCfg.bin".
SurfaceGo2\SurfaceUpdate\Drivers\Camera\FrontSensor".
SurfaceGo2\SurfaceUpdate\Drivers\Camera\FrontSensor\desktop.ini".
SurfaceGo2\SurfaceUpdate\Drivers\Camera\FrontSensor\ov5693.cat".
SurfaceGo2\SurfaceUpdate\Drivers\Camera\FrontSensor\ov5693.inf".
SurfaceGo2\SurfaceUpdate\Drivers\Camera\FrontSensor\ov5693.sys".
SurfaceGo2\SurfaceUpdate\Drivers\Camera\FrontSensor\OV5693_13P2BA540_SKY.cpf".
SurfaceGo2\SurfaceUpdate\Drivers\Camera\FrontSensor\OV5693_13P2BA540_SKY_pipeCfg.bin".
SurfaceGo2\SurfaceUpdate\Drivers\Camera\FrontSensor\OV5693_5BA505T2_SKY.cpf".
SurfaceGo2\SurfaceUpdate\Drivers\Camera\FrontSensor\OV5693_5BA505T2_SKY_pipeCfg.bin".
SurfaceGo2\SurfaceUpdate\Drivers\Camera\FrontSensor\OV5693_AM-5C012_SKY.cpf".
SurfaceGo2\SurfaceUpdate\Drivers\Camera\FrontSensor\OV5693_AM-5C012_SKY_pipeCfg.bin".
SurfaceGo2\SurfaceUpdate\Drivers\Camera\FrontSensor\OV5693_CJAF513_SKY.cpf".
SurfaceGo2\SurfaceUpdate\Drivers\Camera\FrontSensor\OV5693_CJAF513_SKY_pipeCfg.bin".
SurfaceGo2\SurfaceUpdate\Drivers\Camera\FrontSensor\OV5693_MSHW0070_SKY.cpf".
SurfaceGo2\SurfaceUpdate\Drivers\Camera\FrontSensor\OV5693_MSHW0070_SKY_pipeCfg.bin".
SurfaceGo2\SurfaceUpdate\Drivers\Camera\FrontSensor\OV5693_MSHW0120_SKY.cpf".
SurfaceGo2\SurfaceUpdate\Drivers\Camera\FrontSensor\OV5693_MSHW0120_SKY_pipeCfg.bin".
SurfaceGo2\SurfaceUpdate\Drivers\Camera\FrontSensor\OV5693_MSHW0140_SKY.CPF".
SurfaceGo2\SurfaceUpdate\Drivers\Camera\FrontSensor\OV5693_MSHW0140_SKY_pipeCfg.bin".
SurfaceGo2\SurfaceUpdate\Drivers\Camera\FrontSensor\OV5693_MSHW0150_SKY.cpf".
SurfaceGo2\SurfaceUpdate\Drivers\Camera\FrontSensor\OV5693_MSHW0150_SKY_pipeCfg.bin".
SurfaceGo2\SurfaceUpdate\Drivers\Camera\FrontSensor\OV5693_YHCU_SKY.cpf".
SurfaceGo2\SurfaceUpdate\Drivers\Camera\FrontSensor\OV5693_YHCU_SKY_pipeCfg.bin".
SurfaceGo2\SurfaceUpdate\Drivers\Camera\RearSensor".
SurfaceGo2\SurfaceUpdate\Drivers\Camera\RearSensor\desktop.ini".
SurfaceGo2\SurfaceUpdate\Drivers\Camera\RearSensor\ov8865.cat".
SurfaceGo2\SurfaceUpdate\Drivers\Camera\RearSensor\ov8865.inf".
SurfaceGo2\SurfaceUpdate\Drivers\Camera\RearSensor\ov8865.sys".
SurfaceGo2\SurfaceUpdate\Drivers\Camera\RearSensor\OV8865_MSHW0071_SKY.cpf".
SurfaceGo2\SurfaceUpdate\Drivers\Camera\RearSensor\OV8865_MSHW0071_SKY_pipeCfg.bin".
SurfaceGo2\SurfaceUpdate\Drivers\Camera\RearSensor\OV8865_MSHW0121_SKY.cpf".
SurfaceGo2\SurfaceUpdate\Drivers\Camera\RearSensor\OV8865_MSHW0121_SKY_pipeCfg.bin".
SurfaceGo2\SurfaceUpdate\Drivers\Camera\RearSensor\OV8865_MSHW0141_SKY.cpf".
SurfaceGo2\SurfaceUpdate\Drivers\Camera\RearSensor\OV8865_MSHW0141_SKY_pipeCfg.bin".
SurfaceGo2\SurfaceUpdate\Drivers\Camera\RearSensor\OV8865_MSHW0151_SKY.cpf".
SurfaceGo2\SurfaceUpdate\Drivers\Camera\RearSensor\OV8865_MSHW0151_SKY_pipeCfg.bin".
SurfaceGo2\SurfaceUpdate\Drivers\Camera\RearSensor\OV8865_MYCLAA4T_SKY.cpf".
SurfaceGo2\SurfaceUpdate\Drivers\Camera\RearSensor\OV8865_MYCLAA4T_SKY_pipeCfg.bin".
SurfaceGo2\SurfaceUpdate\Drivers\Camera\RearSensor\OV8865_YHCT_SKY.cpf".
SurfaceGo2\SurfaceUpdate\Drivers\Camera\RearSensor\OV8865_YHCT_SKY_pipeCfg.bin".
SurfaceGo2\SurfaceUpdate\Drivers\Camera\SignalProcessor".
SurfaceGo2\SurfaceUpdate\Drivers\Camera\SignalProcessor\desktop.ini".
SurfaceGo2\SurfaceUpdate\Drivers\Camera\SignalProcessor\iaisp64.cat".
SurfaceGo2\SurfaceUpdate\Drivers\Camera\SignalProcessor\iaisp64.inf".
SurfaceGo2\SurfaceUpdate\Drivers\Camera\SignalProcessor\iaisp64.sys".
SurfaceGo2\SurfaceUpdate\Drivers\Camera\SkcController".
SurfaceGo2\SurfaceUpdate\Drivers\Camera\SkcController\desktop.ini".
SurfaceGo2\SurfaceUpdate\Drivers\Camera\SkcController\iactrllogic64.cat".
SurfaceGo2\SurfaceUpdate\Drivers\Camera\SkcController\iactrllogic64.inf".
SurfaceGo2\SurfaceUpdate\Drivers\Camera\SkcController\iactrllogic64.sys".
SurfaceGo2\SurfaceUpdate\Drivers\Display".
SurfaceGo2\SurfaceUpdate\Drivers\Display\Graphics".
SurfaceGo2\SurfaceUpdate\Drivers\Display\Graphics\DisplayAudio".
SurfaceGo2\SurfaceUpdate\Drivers\Display\Graphics\DisplayAudio\10.26".
SurfaceGo2\SurfaceUpdate\Drivers\Display\Graphics\DisplayAudio\10.26\intcdaud.cat".
SurfaceGo2\SurfaceUpdate\Drivers\Display\Graphics\DisplayAudio\10.26\IntcDAud.inf".
SurfaceGo2\SurfaceUpdate\Drivers\Display\Graphics\DisplayAudio\10.26\IntcDAud.sys".
SurfaceGo2\SurfaceUpdate\Drivers\Display\Graphics\DisplayAudio\10.27".
SurfaceGo2\SurfaceUpdate\Drivers\Display\Graphics\DisplayAudio\10.27\intcdaud.cat".
SurfaceGo2\SurfaceUpdate\Drivers\Display\Graphics\DisplayAudio\10.27\IntcDAud.inf".
SurfaceGo2\SurfaceUpdate\Drivers\Display\Graphics\DisplayAudio\10.27\IntcDAud.sys".
SurfaceGo2\SurfaceUpdate\Drivers\Display\Graphics\DisplayAudio\11.1".
SurfaceGo2\SurfaceUpdate\Drivers\Display\Graphics\DisplayAudio\11.1\intcdaud.cat".
SurfaceGo2\SurfaceUpdate\Drivers\Display\Graphics\DisplayAudio\11.1\IntcDAud.inf".
SurfaceGo2\SurfaceUpdate\Drivers\Display\Graphics\DisplayAudio\11.1\IntcDAud.sys".
SurfaceGo2\SurfaceUpdate\Drivers\Display\Graphics\DisplayAudio\11.2".
SurfaceGo2\SurfaceUpdate\Drivers\Display\Graphics\DisplayAudio\11.2\intcdaud.cat".
SurfaceGo2\SurfaceUpdate\Drivers\Display\Graphics\DisplayAudio\11.2\IntcDAud.inf".
SurfaceGo2\SurfaceUpdate\Drivers\Display\Graphics\DisplayAudio\11.2\IntcDAud.sys".
SurfaceGo2\SurfaceUpdate\Drivers\Display\Graphics\acxdac.cat".
SurfaceGo2\SurfaceUpdate\Drivers\Display\Graphics\AGS.dll".
SurfaceGo2\SurfaceUpdate\Drivers\Display\Graphics\AGSOfflinePackage.zip".
SurfaceGo2\SurfaceUpdate\Drivers\Display\Graphics\clangFEWrapper.dll".
SurfaceGo2\SurfaceUpdate\Drivers\Display\Graphics\clangFEWrapper32.dll".
SurfaceGo2\SurfaceUpdate\Drivers\Display\Graphics\ColorImageEnhancement.wmv".
SurfaceGo2\SurfaceUpdate\Drivers\Display\Graphics\ControlLib.dll".
SurfaceGo2\SurfaceUpdate\Drivers\Display\Graphics\ControlLib32.dll".
SurfaceGo2\SurfaceUpdate\Drivers\Display\Graphics\cpa_32.vp".
SurfaceGo2\SurfaceUpdate\Drivers\Display\Graphics\cpa_64.vp".
SurfaceGo2\SurfaceUpdate\Drivers\Display\Graphics\cp_resources.bin".
SurfaceGo2\SurfaceUpdate\Drivers\Display\Graphics\cui_dch.inf".
SurfaceGo2\SurfaceUpdate\Drivers\Display\Graphics\c_32.cpa".
SurfaceGo2\SurfaceUpdate\Drivers\Display\Graphics\c_64.cpa".
SurfaceGo2\SurfaceUpdate\Drivers\Display\Graphics\dev_32.vp".
SurfaceGo2\SurfaceUpdate\Drivers\Display\Graphics\dev_64.vp".
SurfaceGo2\SurfaceUpdate\Drivers\Display\Graphics\DnnlPlugin.dll".
SurfaceGo2\SurfaceUpdate\Drivers\Display\Graphics\extinf.cat".
SurfaceGo2\SurfaceUpdate\Drivers\Display\Graphics\FilmModeDetection.wmv".
SurfaceGo2\SurfaceUpdate\Drivers\Display\Graphics\GfxDownloadWrapper.exe".
SurfaceGo2\SurfaceUpdate\Drivers\Display\Graphics\h265e_32.vp".
SurfaceGo2\SurfaceUpdate\Drivers\Display\Graphics\h265e_64.vp".
SurfaceGo2\SurfaceUpdate\Drivers\Display\Graphics\hdbusext.cat".
SurfaceGo2\SurfaceUpdate\Drivers\Display\Graphics\HdBusExt.inf".
SurfaceGo2\SurfaceUpdate\Drivers\Display\Graphics\he_32.vp".
SurfaceGo2\SurfaceUpdate\Drivers\Display\Graphics\he_64.vp".
SurfaceGo2\SurfaceUpdate\Drivers\Display\Graphics\ig11icd32.dll".
SurfaceGo2\SurfaceUpdate\Drivers\Display\Graphics\ig11icd64.dll".
SurfaceGo2\SurfaceUpdate\Drivers\Display\Graphics\ig9icd32.dll".
SurfaceGo2\SurfaceUpdate\Drivers\Display\Graphics\ig9icd64.dll".
SurfaceGo2\SurfaceUpdate\Drivers\Display\Graphics\iga32.dll".
SurfaceGo2\SurfaceUpdate\Drivers\Display\Graphics\iga64.dll".
SurfaceGo2\SurfaceUpdate\Drivers\Display\Graphics\igc32.dll".
SurfaceGo2\SurfaceUpdate\Drivers\Display\Graphics\igc64.dll".
SurfaceGo2\SurfaceUpdate\Drivers\Display\Graphics\igcc_dch.inf".
SurfaceGo2\SurfaceUpdate\Drivers\Display\Graphics\igd10iumd32.dll".
SurfaceGo2\SurfaceUpdate\Drivers\Display\Graphics\igd10iumd64.dll".
SurfaceGo2\SurfaceUpdate\Drivers\Display\Graphics\igd10mg32.dll".
SurfaceGo2\SurfaceUpdate\Drivers\Display\Graphics\igd10mg64.dll".
SurfaceGo2\SurfaceUpdate\Drivers\Display\Graphics\igd10um32gen11.dll".
SurfaceGo2\SurfaceUpdate\Drivers\Display\Graphics\igd10um64gen11.dll".
SurfaceGo2\SurfaceUpdate\Drivers\Display\Graphics\igd11dxva32.dll".
SurfaceGo2\SurfaceUpdate\Drivers\Display\Graphics\igd11dxva64.dll".
SurfaceGo2\SurfaceUpdate\Drivers\Display\Graphics\igd12dxva32.dll".
SurfaceGo2\SurfaceUpdate\Drivers\Display\Graphics\igd12dxva64.dll".
SurfaceGo2\SurfaceUpdate\Drivers\Display\Graphics\igd12um32icl.dll".
SurfaceGo2\SurfaceUpdate\Drivers\Display\Graphics\igd12um32kbl.dll".
SurfaceGo2\SurfaceUpdate\Drivers\Display\Graphics\igd12um64icl.dll".
SurfaceGo2\SurfaceUpdate\Drivers\Display\Graphics\igd12um64kbl.dll".
SurfaceGo2\SurfaceUpdate\Drivers\Display\Graphics\igd12umd32.dll".
SurfaceGo2\SurfaceUpdate\Drivers\Display\Graphics\igd12umd64.dll".
SurfaceGo2\SurfaceUpdate\Drivers\Display\Graphics\igd9dxva32.dll".
SurfaceGo2\SurfaceUpdate\Drivers\Display\Graphics\igd9dxva64.dll".
SurfaceGo2\SurfaceUpdate\Drivers\Display\Graphics\igdail32.dll".
SurfaceGo2\SurfaceUpdate\Drivers\Display\Graphics\igdail64.dll".
SurfaceGo2\SurfaceUpdate\Drivers\Display\Graphics\igdde32.dll".
SurfaceGo2\SurfaceUpdate\Drivers\Display\Graphics\igdde64.dll".
SurfaceGo2\SurfaceUpdate\Drivers\Display\Graphics\igdext32.dll".
SurfaceGo2\SurfaceUpdate\Drivers\Display\Graphics\igdext64.dll".
SurfaceGo2\SurfaceUpdate\Drivers\Display\Graphics\igdfcl32.dll".
SurfaceGo2\SurfaceUpdate\Drivers\Display\Graphics\igdfcl64.dll".
SurfaceGo2\SurfaceUpdate\Drivers\Display\Graphics\igdgmm32.dll".
SurfaceGo2\SurfaceUpdate\Drivers\Display\Graphics\igdgmm64.dll".
SurfaceGo2\SurfaceUpdate\Drivers\Display\Graphics\igdinfo32.dll".
SurfaceGo2\SurfaceUpdate\Drivers\Display\Graphics\igdinfo64.dll".
SurfaceGo2\SurfaceUpdate\Drivers\Display\Graphics\igdkmd64.sys".
SurfaceGo2\SurfaceUpdate\Drivers\Display\Graphics\igdkmdn64.sys".
SurfaceGo2\SurfaceUpdate\Drivers\Display\Graphics\igdlh.cat".
SurfaceGo2\SurfaceUpdate\Drivers\Display\Graphics\igdmd32.dll".
SurfaceGo2\SurfaceUpdate\Drivers\Display\Graphics\igdmd64.dll".
SurfaceGo2\SurfaceUpdate\Drivers\Display\Graphics\igdml32.dll".
SurfaceGo2\SurfaceUpdate\Drivers\Display\Graphics\igdml64.dll".
SurfaceGo2\SurfaceUpdate\Drivers\Display\Graphics\igdrcl32.dll".
SurfaceGo2\SurfaceUpdate\Drivers\Display\Graphics\igdrcl64.dll".
SurfaceGo2\SurfaceUpdate\Drivers\Display\Graphics\igdumdim32.dll".
SurfaceGo2\SurfaceUpdate\Drivers\Display\Graphics\igdumdim64.dll".
SurfaceGo2\SurfaceUpdate\Drivers\Display\Graphics\igfx11cmrt32.dll".
SurfaceGo2\SurfaceUpdate\Drivers\Display\Graphics\igfx11cmrt64.dll".
SurfaceGo2\SurfaceUpdate\Drivers\Display\Graphics\igfxcmrt32.dll".
SurfaceGo2\SurfaceUpdate\Drivers\Display\Graphics\igfxcmrt64.dll".
SurfaceGo2\SurfaceUpdate\Drivers\Display\Graphics\igfxCUIService.exe".
SurfaceGo2\SurfaceUpdate\Drivers\Display\Graphics\igfxCUIServiceN.exe".
SurfaceGo2\SurfaceUpdate\Drivers\Display\Graphics\igfxCUIServicePS.dll".
SurfaceGo2\SurfaceUpdate\Drivers\Display\Graphics\igfxCUIServicePSN.dll".
SurfaceGo2\SurfaceUpdate\Drivers\Display\Graphics\igfxDH.dll".
SurfaceGo2\SurfaceUpdate\Drivers\Display\Graphics\igfxDHN.dll".
SurfaceGo2\SurfaceUpdate\Drivers\Display\Graphics\igfxDI.dll".
SurfaceGo2\SurfaceUpdate\Drivers\Display\Graphics\igfxDIN.dll".
SurfaceGo2\SurfaceUpdate\Drivers\Display\Graphics\igfxEM.exe".
SurfaceGo2\SurfaceUpdate\Drivers\Display\Graphics\igfxEMN.exe".
SurfaceGo2\SurfaceUpdate\Drivers\Display\Graphics\igfxexps.dll".
SurfaceGo2\SurfaceUpdate\Drivers\Display\Graphics\igfxexps32.dll".
SurfaceGo2\SurfaceUpdate\Drivers\Display\Graphics\igfxext.exe".
SurfaceGo2\SurfaceUpdate\Drivers\Display\Graphics\igfxextN.exe".
SurfaceGo2\SurfaceUpdate\Drivers\Display\Graphics\igfxLHM.dll".
SurfaceGo2\SurfaceUpdate\Drivers\Display\Graphics\igfxSDK.exe".
SurfaceGo2\SurfaceUpdate\Drivers\Display\Graphics\igfxSDKLib.dll".
SurfaceGo2\SurfaceUpdate\Drivers\Display\Graphics\iglhxa64.cpa".
SurfaceGo2\SurfaceUpdate\Drivers\Display\Graphics\iglhxa64.vp".
SurfaceGo2\SurfaceUpdate\Drivers\Display\Graphics\iglhxc64.vp".
SurfaceGo2\SurfaceUpdate\Drivers\Display\Graphics\iglhxc64_dev.vp".
SurfaceGo2\SurfaceUpdate\Drivers\Display\Graphics\iglhxg64.vp".
SurfaceGo2\SurfaceUpdate\Drivers\Display\Graphics\iglhxg64_dev.vp".
SurfaceGo2\SurfaceUpdate\Drivers\Display\Graphics\iglhxo64.vp".
SurfaceGo2\SurfaceUpdate\Drivers\Display\Graphics\iglhxo64_dev.vp".
SurfaceGo2\SurfaceUpdate\Drivers\Display\Graphics\iglhxs64.vp".
SurfaceGo2\SurfaceUpdate\Drivers\Display\Graphics\iglhxsn64.vp".
SurfaceGo2\SurfaceUpdate\Drivers\Display\Graphics\igvk32.dll".
SurfaceGo2\SurfaceUpdate\Drivers\Display\Graphics\igvk32.json".
SurfaceGo2\SurfaceUpdate\Drivers\Display\Graphics\igvk64.dll".
SurfaceGo2\SurfaceUpdate\Drivers\Display\Graphics\igvk64.json".
SurfaceGo2\SurfaceUpdate\Drivers\Display\Graphics\iigd_dch.inf".
SurfaceGo2\SurfaceUpdate\Drivers\Display\Graphics\iigd_ext_at.inf".
SurfaceGo2\SurfaceUpdate\Drivers\Display\Graphics\ImageStabilization.wmv".
SurfaceGo2\SurfaceUpdate\Drivers\Display\Graphics\IntelControlLib.dll".
SurfaceGo2\SurfaceUpdate\Drivers\Display\Graphics\IntelControlLib32.dll".
SurfaceGo2\SurfaceUpdate\Drivers\Display\Graphics\IntelCpHDCPSvc.exe".
SurfaceGo2\SurfaceUpdate\Drivers\Display\Graphics\IntelCpHeciSvc.exe".
SurfaceGo2\SurfaceUpdate\Drivers\Display\Graphics\IntelGpuCompiler32.dll".
SurfaceGo2\SurfaceUpdate\Drivers\Display\Graphics\IntelGpuCompiler64.dll".
SurfaceGo2\SurfaceUpdate\Drivers\Display\Graphics\intel_gfx_api-x64.dll".
SurfaceGo2\SurfaceUpdate\Drivers\Display\Graphics\intel_gfx_api-x86.dll".
SurfaceGo2\SurfaceUpdate\Drivers\Display\Graphics\Intel_OpenCL_ICD32.dll".
SurfaceGo2\SurfaceUpdate\Drivers\Display\Graphics\Intel_OpenCL_ICD64.dll".
SurfaceGo2\SurfaceUpdate\Drivers\Display\Graphics\libigc.so".
SurfaceGo2\SurfaceUpdate\Drivers\Display\Graphics\libigd12dxva64.so".
SurfaceGo2\SurfaceUpdate\Drivers\Display\Graphics\libigd12um64icl.so".
SurfaceGo2\SurfaceUpdate\Drivers\Display\Graphics\libigd12um64kbl.so".
SurfaceGo2\SurfaceUpdate\Drivers\Display\Graphics\libigd12umd64.so".
SurfaceGo2\SurfaceUpdate\Drivers\Display\Graphics\libigdfcl.so".
SurfaceGo2\SurfaceUpdate\Drivers\Display\Graphics\libigdgmm.so.12".
SurfaceGo2\SurfaceUpdate\Drivers\Display\Graphics\libLLVM-9.so".
SurfaceGo2\SurfaceUpdate\Drivers\Display\Graphics\libmfxhw32.dll".
SurfaceGo2\SurfaceUpdate\Drivers\Display\Graphics\libmfxhw64.dll".
SurfaceGo2\SurfaceUpdate\Drivers\Display\Graphics\libopencl-clang.so.9".
SurfaceGo2\SurfaceUpdate\Drivers\Display\Graphics\libUniversalAdapter64.so".
SurfaceGo2\SurfaceUpdate\Drivers\Display\Graphics\libwsl_compute_helper.so".
SurfaceGo2\SurfaceUpdate\Drivers\Display\Graphics\LiteDB.dll".
SurfaceGo2\SurfaceUpdate\Drivers\Display\Graphics\mfxplugin32_av1e_gacc.dll".
SurfaceGo2\SurfaceUpdate\Drivers\Display\Graphics\mfxplugin32_hw.dll".
SurfaceGo2\SurfaceUpdate\Drivers\Display\Graphics\mfxplugin64_av1e_gacc.dll".
SurfaceGo2\SurfaceUpdate\Drivers\Display\Graphics\mfxplugin64_hw.dll".
SurfaceGo2\SurfaceUpdate\Drivers\Display\Graphics\mfx_loader_dll_hw32.dll".
SurfaceGo2\SurfaceUpdate\Drivers\Display\Graphics\mfx_loader_dll_hw64.dll".
SurfaceGo2\SurfaceUpdate\Drivers\Display\Graphics\mfx_mft_av1hve_32.dll".
SurfaceGo2\SurfaceUpdate\Drivers\Display\Graphics\mfx_mft_av1hve_32.vp".
SurfaceGo2\SurfaceUpdate\Drivers\Display\Graphics\mfx_mft_av1hve_64.dll".
SurfaceGo2\SurfaceUpdate\Drivers\Display\Graphics\mfx_mft_av1hve_64.vp".
SurfaceGo2\SurfaceUpdate\Drivers\Display\Graphics\mfx_mft_encrypt_32.dll".
SurfaceGo2\SurfaceUpdate\Drivers\Display\Graphics\mfx_mft_encrypt_64.dll".
SurfaceGo2\SurfaceUpdate\Drivers\Display\Graphics\mfx_mft_h264ve_32.dll".
SurfaceGo2\SurfaceUpdate\Drivers\Display\Graphics\mfx_mft_h264ve_64.dll".
SurfaceGo2\SurfaceUpdate\Drivers\Display\Graphics\mfx_mft_h265ve_32.dll".
SurfaceGo2\SurfaceUpdate\Drivers\Display\Graphics\mfx_mft_h265ve_64.dll".
SurfaceGo2\SurfaceUpdate\Drivers\Display\Graphics\mfx_mft_mjpgvd_32.dll".
SurfaceGo2\SurfaceUpdate\Drivers\Display\Graphics\mfx_mft_mjpgvd_64.dll".
SurfaceGo2\SurfaceUpdate\Drivers\Display\Graphics\mfx_mft_vp9ve_32.dll".
SurfaceGo2\SurfaceUpdate\Drivers\Display\Graphics\mfx_mft_vp9ve_64.dll".
SurfaceGo2\SurfaceUpdate\Drivers\Display\Graphics\mj_32.vp".
SurfaceGo2\SurfaceUpdate\Drivers\Display\Graphics\mj_64.vp".
SurfaceGo2\SurfaceUpdate\Drivers\Display\Graphics\MSHdaDac.inf".
SurfaceGo2\SurfaceUpdate\Drivers\Display\Graphics\Newtonsoft.Json.dll".
SurfaceGo2\SurfaceUpdate\Drivers\Display\Graphics\NLog.config".
SurfaceGo2\SurfaceUpdate\Drivers\Display\Graphics\NLog.dll".
SurfaceGo2\SurfaceUpdate\Drivers\Display\Graphics\OneApp.IGCC.COMLibrary.dll".
SurfaceGo2\SurfaceUpdate\Drivers\Display\Graphics\OneApp.IGCC.CommunicationService.dll".
SurfaceGo2\SurfaceUpdate\Drivers\Display\Graphics\OneApp.IGCC.CoreLibrary.dll".
SurfaceGo2\SurfaceUpdate\Drivers\Display\Graphics\OneApp.IGCC.WinService.exe".
SurfaceGo2\SurfaceUpdate\Drivers\Display\Graphics\OneApp.IGCC.WinService.exe.config".
SurfaceGo2\SurfaceUpdate\Drivers\Display\Graphics\opencl-clang32.dll".
SurfaceGo2\SurfaceUpdate\Drivers\Display\Graphics\opencl-clang64.dll".
SurfaceGo2\SurfaceUpdate\Drivers\Display\Graphics\OSSCOPYRIGHT.txt".
SurfaceGo2\SurfaceUpdate\Drivers\Display\Graphics\UniversalAdapter32.dll".
SurfaceGo2\SurfaceUpdate\Drivers\Display\Graphics\UniversalAdapter64.dll".
SurfaceGo2\SurfaceUpdate\Drivers\Display\Graphics\vp9e_32.vp".
SurfaceGo2\SurfaceUpdate\Drivers\Display\Graphics\vp9e_64.vp".
SurfaceGo2\SurfaceUpdate\Drivers\Display\Graphics\vpl_dispatcher_32.dll".
SurfaceGo2\SurfaceUpdate\Drivers\Display\Graphics\vpl_dispatcher_64.dll".
SurfaceGo2\SurfaceUpdate\Drivers\Display\Graphics\vulkan-1-32.dll".
SurfaceGo2\SurfaceUpdate\Drivers\Display\Graphics\vulkan-1-64.dll".
SurfaceGo2\SurfaceUpdate\Drivers\Display\Graphics\vulkaninfo-32.exe".
SurfaceGo2\SurfaceUpdate\Drivers\Display\Graphics\vulkaninfo-64.exe".
SurfaceGo2\SurfaceUpdate\Drivers\Display\Graphics\VulkanRT-EULA.txt".
SurfaceGo2\SurfaceUpdate\Drivers\Display\Graphics\ze_intel_gpu64.dll".
SurfaceGo2\SurfaceUpdate\Drivers\Display\Graphics\ze_loader.dll".
SurfaceGo2\SurfaceUpdate\Drivers\Display\Graphics\ze_tracing_layer.dll".
SurfaceGo2\SurfaceUpdate\Drivers\Display\Graphics\ze_validation_layer.dll".
SurfaceGo2\SurfaceUpdate\Drivers\Display\PanelCalibration".
SurfaceGo2\SurfaceUpdate\Drivers\Display\PanelCalibration\qCMSService.exe".
SurfaceGo2\SurfaceUpdate\Drivers\Display\PanelCalibration\qiomem.cat".
SurfaceGo2\SurfaceUpdate\Drivers\Display\PanelCalibration\QIOMEM.INF".
SurfaceGo2\SurfaceUpdate\Drivers\Display\PanelCalibration\QIOMem.sys".
SurfaceGo2\SurfaceUpdate\Drivers\Display\PanelCalibration\qipiespc.exe".
SurfaceGo2\SurfaceUpdate\Drivers\Display\PanelCalibration\WirelessPowerBackoffService.exe".
SurfaceGo2\SurfaceUpdate\Drivers\Display\SurfaceDigitizerVirtualFunction".
SurfaceGo2\SurfaceUpdate\Drivers\Display\SurfaceDigitizerVirtualFunction\surfacedigitizervirtualfunctionenum.cat".
SurfaceGo2\SurfaceUpdate\Drivers\Display\SurfaceDigitizerVirtualFunction\SurfaceDigitizerVirtualFunctionEnum.inf".
SurfaceGo2\SurfaceUpdate\Drivers\Display\SurfaceDisplay".
SurfaceGo2\SurfaceUpdate\Drivers\Display\SurfaceDisplay\SurfaceDisplay.cat".
SurfaceGo2\SurfaceUpdate\Drivers\Display\SurfaceDisplay\SurfaceDisplay.inf".
SurfaceGo2\SurfaceUpdate\Drivers\Display\SurfaceDisplay\surfacedisplay.PNF".
SurfaceGo2\SurfaceUpdate\Drivers\Network".
SurfaceGo2\SurfaceUpdate\Drivers\Network\Bluetooth".
SurfaceGo2\SurfaceUpdate\Drivers\Network\Bluetooth\ibtusb.cat".
SurfaceGo2\SurfaceUpdate\Drivers\Network\Bluetooth\ibtusb.inf".
SurfaceGo2\SurfaceUpdate\Drivers\Network\Bluetooth\ibtusb.sys".
SurfaceGo2\SurfaceUpdate\Drivers\Network\IntelWiFi".
SurfaceGo2\SurfaceUpdate\Drivers\Network\IntelWiFi\IntelIhvRouter08.dll".
SurfaceGo2\SurfaceUpdate\Drivers\Network\IntelWiFi\IntelIhvRouter10.dll".
SurfaceGo2\SurfaceUpdate\Drivers\Network\IntelWiFi\IntelIhvRouter14.dll".
SurfaceGo2\SurfaceUpdate\Drivers\Network\IntelWiFi\NETwaw14.sys".
SurfaceGo2\SurfaceUpdate\Drivers\Network\IntelWiFi\Netwfw08.dat".
SurfaceGo2\SurfaceUpdate\Drivers\Network\IntelWiFi\Netwfw10.dat".
SurfaceGo2\SurfaceUpdate\Drivers\Network\IntelWiFi\Netwfw14.dat".
SurfaceGo2\SurfaceUpdate\Drivers\Network\IntelWiFi\netwtw08.cat".
SurfaceGo2\SurfaceUpdate\Drivers\Network\IntelWiFi\Netwtw08.INF".
SurfaceGo2\SurfaceUpdate\Drivers\Network\IntelWiFi\NETwtw08.sys".
SurfaceGo2\SurfaceUpdate\Drivers\Network\IntelWiFi\NETwtw10.sys".
SurfaceGo2\SurfaceUpdate\Drivers\Network\IntelWiFi\NETwtw14.sys".
SurfaceGo2\SurfaceUpdate\Drivers\Network\IntelWiFi\netwtw6e.cat".
SurfaceGo2\SurfaceUpdate\Drivers\Network\IntelWiFi\Netwtw6e.INF".
SurfaceGo2\SurfaceUpdate\Drivers\Network\PIE".
SurfaceGo2\SurfaceUpdate\Drivers\Network\PIE\IntelIHVPipeClient.dll".
SurfaceGo2\SurfaceUpdate\Drivers\Network\PIE\Intel_PIE_IHV.dll".
SurfaceGo2\SurfaceUpdate\Drivers\Network\PIE\Intel_PIE_SDK_Common.dll".
SurfaceGo2\SurfaceUpdate\Drivers\Network\PIE\Intel_PIE_Service.exe".
SurfaceGo2\SurfaceUpdate\Drivers\Network\PIE\MurocApi.dll".
SurfaceGo2\SurfaceUpdate\Drivers\Network\PIE\piecomponent.cat".
SurfaceGo2\SurfaceUpdate\Drivers\Network\PIE\PieComponent.INF".
SurfaceGo2\SurfaceUpdate\Drivers\Network\PIE\pieextension.cat".
SurfaceGo2\SurfaceUpdate\Drivers\Network\PIE\PieExtension.INF".
SurfaceGo2\SurfaceUpdate\Drivers\Network\SurfaceEthernet".
SurfaceGo2\SurfaceUpdate\Drivers\Network\SurfaceEthernet\msux64w10.cat".
SurfaceGo2\SurfaceUpdate\Drivers\Network\SurfaceEthernet\msux64w10.INF".
SurfaceGo2\SurfaceUpdate\Drivers\Network\SurfaceEthernet\msux64w10.sys".
SurfaceGo2\SurfaceUpdate\Drivers\Network\WAPI".
SurfaceGo2\SurfaceUpdate\Drivers\Network\WAPI\WAPIDriver.sys".
SurfaceGo2\SurfaceUpdate\Drivers\Network\WAPI\WapiExtension.cat".
SurfaceGo2\SurfaceUpdate\Drivers\Network\WAPI\WapiExtension.inf".
SurfaceGo2\SurfaceUpdate\Drivers\Network\WAPI\WAPIIHV.dll".
SurfaceGo2\SurfaceUpdate\Drivers\Network\WAPI\WapiSWComponent.cat".
SurfaceGo2\SurfaceUpdate\Drivers\Network\WAPI\WapiSWComponent.inf".
SurfaceGo2\SurfaceUpdate\Drivers\Pen".
SurfaceGo2\SurfaceUpdate\Drivers\Pen\SurfacePenFwUpdate".
SurfaceGo2\SurfaceUpdate\Drivers\Pen\SurfacePenFwUpdate\SurfacePen217FwUpdate.cat".
SurfaceGo2\SurfaceUpdate\Drivers\Pen\SurfacePenFwUpdate\SurfacePen217FwUpdate.dll".
SurfaceGo2\SurfaceUpdate\Drivers\Pen\SurfacePenFwUpdate\SurfacePen217FwUpdate.inf".
SurfaceGo2\SurfaceUpdate\Drivers\Pen\SurfacePenIntegration".
SurfaceGo2\SurfaceUpdate\Drivers\Pen\SurfacePenIntegration\surfacepen217integration.cat".
SurfaceGo2\SurfaceUpdate\Drivers\Pen\SurfacePenIntegration\SurfacePen217Integration.inf".
SurfaceGo2\SurfaceUpdate\Drivers\Pen\SurfacePenIntegration\SurfacePen217Integration.sys".
SurfaceGo2\SurfaceUpdate\Drivers\Pen\SurfacePenPairing".
SurfaceGo2\SurfaceUpdate\Drivers\Pen\SurfacePenPairing\surfacepenpairing.cat".
SurfaceGo2\SurfaceUpdate\Drivers\Pen\SurfacePenPairing\SurfacePenPairing.dll".
SurfaceGo2\SurfaceUpdate\Drivers\Pen\SurfacePenPairing\SurfacePenPairing.inf".
SurfaceGo2\SurfaceUpdate\Drivers\QCT".
SurfaceGo2\SurfaceUpdate\Drivers\QCT\qcgnss".
SurfaceGo2\SurfaceUpdate\Drivers\QCT\qcgnss\qcci_um.dll".
SurfaceGo2\SurfaceUpdate\Drivers\QCT\qcgnss\qcci_um.lib".
SurfaceGo2\SurfaceUpdate\Drivers\QCT\qcgnss\qcgnss.cat".
SurfaceGo2\SurfaceUpdate\Drivers\QCT\qcgnss\qcgnss.dll".
SurfaceGo2\SurfaceUpdate\Drivers\QCT\qcgnss\qcgnss.inf".
SurfaceGo2\SurfaceUpdate\Drivers\QCT\qcqmux".
SurfaceGo2\SurfaceUpdate\Drivers\QCT\qcqmux\qcqmux.cat".
SurfaceGo2\SurfaceUpdate\Drivers\QCT\qcqmux\qcqmux.inf".
SurfaceGo2\SurfaceUpdate\Drivers\QCT\qcqmux\qcqmux.sys".
SurfaceGo2\SurfaceUpdate\Drivers\QCT\qcqmuxusb".
SurfaceGo2\SurfaceUpdate\Drivers\QCT\qcqmuxusb\qcqmuxusb.cat".
SurfaceGo2\SurfaceUpdate\Drivers\QCT\qcqmuxusb\qcqmuxusb.dll".
SurfaceGo2\SurfaceUpdate\Drivers\QCT\qcqmuxusb\qcqmuxusb.inf".
SurfaceGo2\SurfaceUpdate\Drivers\QCT\qmuxwinusb".
SurfaceGo2\SurfaceUpdate\Drivers\QCT\qmuxwinusb\qmuxwinusb.cat".
SurfaceGo2\SurfaceUpdate\Drivers\QCT\qmuxwinusb\QmuxWinUsb.inf".
SurfaceGo2\SurfaceUpdate\Drivers\System".
SurfaceGo2\SurfaceUpdate\Drivers\System\Battery".
SurfaceGo2\SurfaceUpdate\Drivers\System\Battery\surfacesystemtelemetrydriver.cat".
SurfaceGo2\SurfaceUpdate\Drivers\System\Battery\SurfaceSystemTelemetryDriver.inf".
SurfaceGo2\SurfaceUpdate\Drivers\System\Battery\SurfaceSystemTelemetryDriver.sys".
SurfaceGo2\SurfaceUpdate\Drivers\System\CardReader".
SurfaceGo2\SurfaceUpdate\Drivers\System\CardReader\RsCRIcon.dll".
SurfaceGo2\SurfaceUpdate\Drivers\System\CardReader\RtsPer.inf".
SurfaceGo2\SurfaceUpdate\Drivers\System\CardReader\RtsPer.sys".
SurfaceGo2\SurfaceUpdate\Drivers\System\CardReader\rtsper64.cat".
SurfaceGo2\SurfaceUpdate\Drivers\System\Chipset_AMLake".
SurfaceGo2\SurfaceUpdate\Drivers\System\Chipset_AMLake\kabylake.cat".
SurfaceGo2\SurfaceUpdate\Drivers\System\Chipset_AMLake\KabylakeSystem.inf".
SurfaceGo2\SurfaceUpdate\Drivers\System\Chipset_LP".
SurfaceGo2\SurfaceUpdate\Drivers\System\Chipset_LP\sunrisepoint-lp.cat".
SurfaceGo2\SurfaceUpdate\Drivers\System\Chipset_LP\SunrisePoint-LPSystem.inf".
SurfaceGo2\SurfaceUpdate\Drivers\System\Chipset_LP\SunrisePoint-LPSystemThermal.inf".
SurfaceGo2\SurfaceUpdate\Drivers\System\DPTF".
SurfaceGo2\SurfaceUpdate\Drivers\System\DPTF\Dptf.dll".
SurfaceGo2\SurfaceUpdate\Drivers\System\DPTF\DptfPolicyActive.dll".
SurfaceGo2\SurfaceUpdate\Drivers\System\DPTF\DptfPolicyActive2.dll".
SurfaceGo2\SurfaceUpdate\Drivers\System\DPTF\DptfPolicyAdaptivePerformance.dll".
SurfaceGo2\SurfaceUpdate\Drivers\System\DPTF\DptfPolicyConfigTdp.dll".
SurfaceGo2\SurfaceUpdate\Drivers\System\DPTF\DptfPolicyCritical.dll".
SurfaceGo2\SurfaceUpdate\Drivers\System\DPTF\DptfPolicyPassive.dll".
SurfaceGo2\SurfaceUpdate\Drivers\System\DPTF\DptfPolicyPassive2.dll".
SurfaceGo2\SurfaceUpdate\Drivers\System\DPTF\DptfPolicyPid.dll".
SurfaceGo2\SurfaceUpdate\Drivers\System\DPTF\DptfPolicyPowerBoss.dll".
SurfaceGo2\SurfaceUpdate\Drivers\System\DPTF\DptfPolicyPowerShare.dll".
SurfaceGo2\SurfaceUpdate\Drivers\System\DPTF\DptfPolicyRfim.dll".
SurfaceGo2\SurfaceUpdate\Drivers\System\DPTF\DptfPolicyVirtualSensor.dll".
SurfaceGo2\SurfaceUpdate\Drivers\System\DPTF\dptf_acpi.cat".
SurfaceGo2\SurfaceUpdate\Drivers\System\DPTF\dptf_acpi.inf".
SurfaceGo2\SurfaceUpdate\Drivers\System\DPTF\dptf_acpi.sys".
SurfaceGo2\SurfaceUpdate\Drivers\System\DPTF\dptf_cpu.cat".
SurfaceGo2\SurfaceUpdate\Drivers\System\DPTF\dptf_cpu.inf".
SurfaceGo2\SurfaceUpdate\Drivers\System\DPTF\dptf_cpu.sys".
SurfaceGo2\SurfaceUpdate\Drivers\System\DPTF\dptf_helper.exe".
SurfaceGo2\SurfaceUpdate\Drivers\System\DPTF\dsp.dv".
SurfaceGo2\SurfaceUpdate\Drivers\System\DPTF\esif_cmp.dll".
SurfaceGo2\SurfaceUpdate\Drivers\System\DPTF\esif_lf.sys".
SurfaceGo2\SurfaceUpdate\Drivers\System\DPTF\esif_uf.exe".
SurfaceGo2\SurfaceUpdate\Drivers\System\DPTF\esif_umdf2.dll".
SurfaceGo2\SurfaceUpdate\Drivers\System\DPTF\esif_ws.dll".
SurfaceGo2\SurfaceUpdate\Drivers\System\DPTF\License.txt".
SurfaceGo2\SurfaceUpdate\Drivers\System\DPTF\upe_battery.dll".
SurfaceGo2\SurfaceUpdate\Drivers\System\DPTF\upe_nvme.dll".
SurfaceGo2\SurfaceUpdate\Drivers\System\DPTF\upe_socwc.dll".
SurfaceGo2\SurfaceUpdate\Drivers\System\DPTF\upe_wifi.dll".
SurfaceGo2\SurfaceUpdate\Drivers\System\DPTF\upe_wwan.dll".
SurfaceGo2\SurfaceUpdate\Drivers\System\ehdxsstmd3a".
SurfaceGo2\SurfaceUpdate\Drivers\System\ehdxsstmd3a\EHDXACPM.inf".
SurfaceGo2\SurfaceUpdate\Drivers\System\ehdxsstmd3a\EHDXACPM2.inf".
SurfaceGo2\SurfaceUpdate\Drivers\System\ehdxsstmd3a\EHDXSSTMD3A.inf".
SurfaceGo2\SurfaceUpdate\Drivers\System\ehdxsstmd3a\EHDXSSTMD3A2.inf".
SurfaceGo2\SurfaceUpdate\Drivers\System\ehdxsstmd3a\EHDXSSTMD3A3.inf".
SurfaceGo2\SurfaceUpdate\Drivers\System\ehdxsstmd3a\EHDXSSTMD3A4.inf".
SurfaceGo2\SurfaceUpdate\Drivers\System\ehdxsstmd3a\EHDXSSTMD3A5.inf".
SurfaceGo2\SurfaceUpdate\Drivers\System\ehdxsstmd3a\EHDXSSTMD3A6.inf".
SurfaceGo2\SurfaceUpdate\Drivers\System\ehdxsstmd3a\EHDXSSTMND.inf".
SurfaceGo2\SurfaceUpdate\Drivers\System\ehdxsstmd3a\EHDXSSTMND2.inf".
SurfaceGo2\SurfaceUpdate\Drivers\System\ehdxsstmd3a\hdxrt.cat".
SurfaceGo2\SurfaceUpdate\Drivers\System\ehdxsstmd3a\RltkAPOU64.dll".
SurfaceGo2\SurfaceUpdate\Drivers\System\ehdxsstmd3a\RltkAPOU642.dll".
SurfaceGo2\SurfaceUpdate\Drivers\System\ehdxsstmd3a\RTAIODAT.DAT".
SurfaceGo2\SurfaceUpdate\Drivers\System\ehdxsstmd3a\RtCOM64.dll".
SurfaceGo2\SurfaceUpdate\Drivers\System\ehdxsstmd3a\RtkApi64U.dll".
SurfaceGo2\SurfaceUpdate\Drivers\System\ehdxsstmd3a\RtkAudUService64.exe".
SurfaceGo2\SurfaceUpdate\Drivers\System\ehdxsstmd3a\RtkCfg64.dll".
SurfaceGo2\SurfaceUpdate\Drivers\System\ehdxsstmd3a\RTKVHD64.sys".
SurfaceGo2\SurfaceUpdate\Drivers\System\HIDFilter".
SurfaceGo2\SurfaceUpdate\Drivers\System\HIDFilter\HidEventFilter.cat".
SurfaceGo2\SurfaceUpdate\Drivers\System\HIDFilter\HidEventFilter.inf".
SurfaceGo2\SurfaceUpdate\Drivers\System\HIDFilter\HidEventFilter.sys".
SurfaceGo2\SurfaceUpdate\Drivers\System\ISH_BusDriver".
SurfaceGo2\SurfaceUpdate\Drivers\System\ISH_BusDriver\ISH_BusDriver.cat".
SurfaceGo2\SurfaceUpdate\Drivers\System\ISH_BusDriver\ISH_BusDriver.inf".
SurfaceGo2\SurfaceUpdate\Drivers\System\ISH_BusDriver\ISH_BusDriver.sys".
SurfaceGo2\SurfaceUpdate\Drivers\System\ISH_HECI".
SurfaceGo2\SurfaceUpdate\Drivers\System\ISH_HECI\ISH.cat".
SurfaceGo2\SurfaceUpdate\Drivers\System\ISH_HECI\ISH.inf".
SurfaceGo2\SurfaceUpdate\Drivers\System\ISH_HECI\ISH.sys".
SurfaceGo2\SurfaceUpdate\Drivers\System\ISH_HID_PCI".
SurfaceGo2\SurfaceUpdate\Drivers\System\ISH_HID_PCI\HID_PCI.cat".
SurfaceGo2\SurfaceUpdate\Drivers\System\ISH_HID_PCI\HID_PCI.inf".
SurfaceGo2\SurfaceUpdate\Drivers\System\ISH_HID_PCI\HID_PCI.sys".
SurfaceGo2\SurfaceUpdate\Drivers\System\ManagementEngine".
SurfaceGo2\SurfaceUpdate\Drivers\System\ManagementEngine\x64".
SurfaceGo2\SurfaceUpdate\Drivers\System\ManagementEngine\x64\TEEDriverW10x64.sys".
SurfaceGo2\SurfaceUpdate\Drivers\System\ManagementEngine\x86".
SurfaceGo2\SurfaceUpdate\Drivers\System\ManagementEngine\x86\TEEDriverW10.sys".
SurfaceGo2\SurfaceUpdate\Drivers\System\ManagementEngine\heci.cat".
SurfaceGo2\SurfaceUpdate\Drivers\System\ManagementEngine\heci.inf".
SurfaceGo2\SurfaceUpdate\Drivers\System\ManagementEngine_ICLS".
SurfaceGo2\SurfaceUpdate\Drivers\System\ManagementEngine_ICLS\conf".
SurfaceGo2\SurfaceUpdate\Drivers\System\ManagementEngine_ICLS\conf\cacert.pem".
SurfaceGo2\SurfaceUpdate\Drivers\System\ManagementEngine_ICLS\conf\epid2_paramcert.dat".
SurfaceGo2\SurfaceUpdate\Drivers\System\ManagementEngine_ICLS\conf\EPIDGroupCertLegacy.cer".
SurfaceGo2\SurfaceUpdate\Drivers\System\ManagementEngine_ICLS\conf\EPIDGroupCertX509.cer".
SurfaceGo2\SurfaceUpdate\Drivers\System\ManagementEngine_ICLS\conf\epid_paramcert.dat".
SurfaceGo2\SurfaceUpdate\Drivers\System\ManagementEngine_ICLS\conf\iclsProxy.conf".
SurfaceGo2\SurfaceUpdate\Drivers\System\ManagementEngine_ICLS\Documents".
SurfaceGo2\SurfaceUpdate\Drivers\System\ManagementEngine_ICLS\Documents\development_tools.txt".
SurfaceGo2\SurfaceUpdate\Drivers\System\ManagementEngine_ICLS\Documents\License.txt".
SurfaceGo2\SurfaceUpdate\Drivers\System\ManagementEngine_ICLS\Documents\Readme.txt".
SurfaceGo2\SurfaceUpdate\Drivers\System\ManagementEngine_ICLS\Documents\redist.txt".
SurfaceGo2\SurfaceUpdate\Drivers\System\ManagementEngine_ICLS\Documents\Third Party Licenses.txt".
SurfaceGo2\SurfaceUpdate\Drivers\System\ManagementEngine_ICLS\lib".
SurfaceGo2\SurfaceUpdate\Drivers\System\ManagementEngine_ICLS\lib\concrt140.dll".
SurfaceGo2\SurfaceUpdate\Drivers\System\ManagementEngine_ICLS\lib\iclsClient.dll".
SurfaceGo2\SurfaceUpdate\Drivers\System\ManagementEngine_ICLS\lib\iclsClientInternal.dll".
SurfaceGo2\SurfaceUpdate\Drivers\System\ManagementEngine_ICLS\lib\iclsProxy.dll".
SurfaceGo2\SurfaceUpdate\Drivers\System\ManagementEngine_ICLS\lib\iclsProxyInternal.dll".
SurfaceGo2\SurfaceUpdate\Drivers\System\ManagementEngine_ICLS\lib\IntelPTTEKRecertification.exe".
SurfaceGo2\SurfaceUpdate\Drivers\System\ManagementEngine_ICLS\lib\libcrypto-3-x64.dll".
SurfaceGo2\SurfaceUpdate\Drivers\System\ManagementEngine_ICLS\lib\libssl-3-x64.dll".
SurfaceGo2\SurfaceUpdate\Drivers\System\ManagementEngine_ICLS\lib\msvcp140.dll".
SurfaceGo2\SurfaceUpdate\Drivers\System\ManagementEngine_ICLS\lib\PlatformLicenseManagerService.exe".
SurfaceGo2\SurfaceUpdate\Drivers\System\ManagementEngine_ICLS\lib\TPMProvisioningService.exe".
SurfaceGo2\SurfaceUpdate\Drivers\System\ManagementEngine_ICLS\lib\vcruntime140.dll".
SurfaceGo2\SurfaceUpdate\Drivers\System\ManagementEngine_ICLS\lib\vcruntime140_1.dll".
SurfaceGo2\SurfaceUpdate\Drivers\System\ManagementEngine_ICLS\lib32".
SurfaceGo2\SurfaceUpdate\Drivers\System\ManagementEngine_ICLS\lib32\concrt140.dll".
SurfaceGo2\SurfaceUpdate\Drivers\System\ManagementEngine_ICLS\lib32\iclsClient.dll".
SurfaceGo2\SurfaceUpdate\Drivers\System\ManagementEngine_ICLS\lib32\iclsClientInternal.dll".
SurfaceGo2\SurfaceUpdate\Drivers\System\ManagementEngine_ICLS\lib32\iclsProxy.dll".
SurfaceGo2\SurfaceUpdate\Drivers\System\ManagementEngine_ICLS\lib32\iclsProxyInternal.dll".
SurfaceGo2\SurfaceUpdate\Drivers\System\ManagementEngine_ICLS\lib32\IntelPTTEKRecertification.exe".
SurfaceGo2\SurfaceUpdate\Drivers\System\ManagementEngine_ICLS\lib32\libcrypto-3.dll".
SurfaceGo2\SurfaceUpdate\Drivers\System\ManagementEngine_ICLS\lib32\libssl-3.dll".
SurfaceGo2\SurfaceUpdate\Drivers\System\ManagementEngine_ICLS\lib32\msvcp140.dll".
SurfaceGo2\SurfaceUpdate\Drivers\System\ManagementEngine_ICLS\lib32\TPMProvisioningService.exe".
SurfaceGo2\SurfaceUpdate\Drivers\System\ManagementEngine_ICLS\lib32\vcruntime140.dll".
SurfaceGo2\SurfaceUpdate\Drivers\System\ManagementEngine_ICLS\iclsclient.cat".
SurfaceGo2\SurfaceUpdate\Drivers\System\ManagementEngine_ICLS\iclsClient.inf".
SurfaceGo2\SurfaceUpdate\Drivers\System\NFC".
SurfaceGo2\SurfaceUpdate\Drivers\System\NFC\nxpnfcclientdriver.cat".
SurfaceGo2\SurfaceUpdate\Drivers\System\NFC\NxpNfcClientDriver.dll".
SurfaceGo2\SurfaceUpdate\Drivers\System\NFC\NxpNfcClientDriver.inf".
SurfaceGo2\SurfaceUpdate\Drivers\System\NFC\NxpNfcClientDriver.pdb".
SurfaceGo2\SurfaceUpdate\Drivers\System\NFC\NXPPN547FW.DAT".
SurfaceGo2\SurfaceUpdate\Drivers\System\NFC\NXPPN548FW.DAT".
SurfaceGo2\SurfaceUpdate\Drivers\System\NICs".
SurfaceGo2\SurfaceUpdate\Drivers\System\NICs\Devices.Shared.Driver.devicestelemetryservicedriver".
SurfaceGo2\SurfaceUpdate\Drivers\System\NICs\Devices.Shared.Driver.devicestelemetryservicedriver\content".
SurfaceGo2\SurfaceUpdate\Drivers\System\NICs\Devices.Shared.Driver.devicestelemetryservicedriver\content\amd64".
SurfaceGo2\SurfaceUpdate\Drivers\System\NICs\Devices.Shared.Driver.devicestelemetryservicedriver\content\amd64\release".
SurfaceGo2\SurfaceUpdate\Drivers\System\NICs\Devices.Shared.Driver.devicestelemetryservicedriver\content\amd64\release\drv".
SurfaceGo2\SurfaceUpdate\Drivers\System\NICs\Devices.Shared.Driver.devicestelemetryservicedriver\content\amd64\release\drv\AppLauncher.exe".
SurfaceGo2\SurfaceUpdate\Drivers\System\NICs\Devices.Shared.Driver.devicestelemetryservicedriver\content\amd64\release\drv\DevicesTelemetryService.exe".
SurfaceGo2\SurfaceUpdate\Drivers\System\NICs\Devices.Shared.Driver.devicestelemetryservicedriver\content\amd64\release\drv\DevicesTelemetryServiceDriver.cat".
SurfaceGo2\SurfaceUpdate\Drivers\System\NICs\Devices.Shared.Driver.devicestelemetryservicedriver\content\amd64\release\drv\DevicesTelemetryServiceDriver.inf".
SurfaceGo2\SurfaceUpdate\Drivers\System\NICs\Devices.Shared.Driver.devicestelemetryservicedriver\content\hash.json".
SurfaceGo2\SurfaceUpdate\Drivers\System\NICs\Devices.Shared.Driver.devicestelemetryservicedriver\content\metadata.xml".
SurfaceGo2\SurfaceUpdate\Drivers\System\NICs\Devices.Shared.Driver.devicestelemetryservicedriver\.upack.json".
SurfaceGo2\SurfaceUpdate\Drivers\System\NICs\Devices.Shared.Driver.devicestelemetryservicedriver\Devices.Shared.Driver.devicestelemetryservicedriver.20H1.WHQL.6.196.139.nuspec".
SurfaceGo2\SurfaceUpdate\Drivers\System\NICs\Devices.Shared.Driver.surfacethunderbolt4dockfwupdate".
SurfaceGo2\SurfaceUpdate\Drivers\System\NICs\Devices.Shared.Driver.surfacethunderbolt4dockfwupdate\content".
SurfaceGo2\SurfaceUpdate\Drivers\System\NICs\Devices.Shared.Driver.surfacethunderbolt4dockfwupdate\content\amd64".
SurfaceGo2\SurfaceUpdate\Drivers\System\NICs\Devices.Shared.Driver.surfacethunderbolt4dockfwupdate\content\amd64\SurfaceThunderbolt4DockFwUpdate.cat".
SurfaceGo2\SurfaceUpdate\Drivers\System\NICs\Devices.Shared.Driver.surfacethunderbolt4dockfwupdate\content\amd64\SurfaceThunderbolt4DockFwUpdate.inf".
SurfaceGo2\SurfaceUpdate\Drivers\System\NICs\Devices.Shared.Driver.surfacethunderbolt4dockfwupdate\content\amd64\SurfaceThunderbolt4Dock_1_AMC1.offer.bin".
SurfaceGo2\SurfaceUpdate\Drivers\System\NICs\Devices.Shared.Driver.surfacethunderbolt4dockfwupdate\content\amd64\SurfaceThunderbolt4Dock_1_AMC1.payload.bin".
SurfaceGo2\SurfaceUpdate\Drivers\System\NICs\Devices.Shared.Driver.surfacethunderbolt4dockfwupdate\content\amd64\SurfaceThunderbolt4Dock_1_AMC2.offer.bin".
SurfaceGo2\SurfaceUpdate\Drivers\System\NICs\Devices.Shared.Driver.surfacethunderbolt4dockfwupdate\content\amd64\SurfaceThunderbolt4Dock_1_AMC2.payload.bin".
SurfaceGo2\SurfaceUpdate\Drivers\System\NICs\Devices.Shared.Driver.surfacethunderbolt4dockfwupdate\content\amd64\SurfaceThunderbolt4Dock_2_UFPPD1.offer.bin".
SurfaceGo2\SurfaceUpdate\Drivers\System\NICs\Devices.Shared.Driver.surfacethunderbolt4dockfwupdate\content\amd64\SurfaceThunderbolt4Dock_2_UFPPD1.payload.bin".
SurfaceGo2\SurfaceUpdate\Drivers\System\NICs\Devices.Shared.Driver.surfacethunderbolt4dockfwupdate\content\amd64\SurfaceThunderbolt4Dock_2_UFPPD2.offer.bin".
SurfaceGo2\SurfaceUpdate\Drivers\System\NICs\Devices.Shared.Driver.surfacethunderbolt4dockfwupdate\content\amd64\SurfaceThunderbolt4Dock_2_UFPPD2.payload.bin".
SurfaceGo2\SurfaceUpdate\Drivers\System\NICs\Devices.Shared.Driver.surfacethunderbolt4dockfwupdate\content\amd64\SurfaceThunderbolt4Dock_3_U3HUB1.offer.bin".
SurfaceGo2\SurfaceUpdate\Drivers\System\NICs\Devices.Shared.Driver.surfacethunderbolt4dockfwupdate\content\amd64\SurfaceThunderbolt4Dock_3_U3HUB1.payload.bin".
SurfaceGo2\SurfaceUpdate\Drivers\System\NICs\Devices.Shared.Driver.surfacethunderbolt4dockfwupdate\content\amd64\SurfaceThunderbolt4Dock_4_AUDIOS1.offer.bin".
SurfaceGo2\SurfaceUpdate\Drivers\System\NICs\Devices.Shared.Driver.surfacethunderbolt4dockfwupdate\content\amd64\SurfaceThunderbolt4Dock_4_AUDIOS1.payload.bin".
SurfaceGo2\SurfaceUpdate\Drivers\System\NICs\Devices.Shared.Driver.surfacethunderbolt4dockfwupdate\content\amd64\SurfaceThunderbolt4Dock_6_TBT1.offer.bin".
SurfaceGo2\SurfaceUpdate\Drivers\System\NICs\Devices.Shared.Driver.surfacethunderbolt4dockfwupdate\content\amd64\SurfaceThunderbolt4Dock_6_TBT1.payload.bin".
SurfaceGo2\SurfaceUpdate\Drivers\System\NICs\Devices.Shared.Driver.surfacethunderbolt4dockfwupdate\content\amd64\SurfaceThunderbolt4Dock_7_DFPPD1.offer.bin".
SurfaceGo2\SurfaceUpdate\Drivers\System\NICs\Devices.Shared.Driver.surfacethunderbolt4dockfwupdate\content\amd64\SurfaceThunderbolt4Dock_7_DFPPD1.payload.bin".
SurfaceGo2\SurfaceUpdate\Drivers\System\NICs\Devices.Shared.Driver.surfacethunderbolt4dockfwupdate\content\amd64\SurfaceThunderbolt4Dock_7_DFPPD2.offer.bin".
SurfaceGo2\SurfaceUpdate\Drivers\System\NICs\Devices.Shared.Driver.surfacethunderbolt4dockfwupdate\content\amd64\SurfaceThunderbolt4Dock_7_DFPPD2.payload.bin".
SurfaceGo2\SurfaceUpdate\Drivers\System\NICs\Devices.Shared.Driver.surfacethunderbolt4dockfwupdate\content\hash.json".
SurfaceGo2\SurfaceUpdate\Drivers\System\NICs\Devices.Shared.Driver.surfacethunderbolt4dockfwupdate\content\metadata.xml".
SurfaceGo2\SurfaceUpdate\Drivers\System\NICs\Devices.Shared.Driver.surfacethunderbolt4dockfwupdate\.upack.json".
SurfaceGo2\SurfaceUpdate\Drivers\System\NICs\Devices.Shared.Driver.surfacethunderbolt4dockfwupdate\Devices.Shared.Driver.surfacethunderbolt4dockfwupdate.20H1.WHQL.2.26.4.nuspec".
SurfaceGo2\SurfaceUpdate\Drivers\System\NICs\realtek.shared.driver.msu53cx22x64sta".
SurfaceGo2\SurfaceUpdate\Drivers\System\NICs\realtek.shared.driver.msu53cx22x64sta\.upack.json".
SurfaceGo2\SurfaceUpdate\Drivers\System\NICs\realtek.shared.driver.msu53cx22x64sta\msu53cx22x64.cat".
SurfaceGo2\SurfaceUpdate\Drivers\System\NICs\realtek.shared.driver.msu53cx22x64sta\msu53cx22x64.sys".
SurfaceGo2\SurfaceUpdate\Drivers\System\NICs\realtek.shared.driver.msu53cx22x64sta\msu53cx22x64sta.INF".
SurfaceGo2\SurfaceUpdate\Drivers\System\NICs\realtek.shared.driver.msu53cx22x64sta\realtek.shared.driver.msu53cx22x64sta.22h2.whql.1153.9.20.823.nuspec".
SurfaceGo2\SurfaceUpdate\Drivers\System\NICs\Realtek.Shared.Driver.msu56cx22x64sta".
SurfaceGo2\SurfaceUpdate\Drivers\System\NICs\Realtek.Shared.Driver.msu56cx22x64sta\.upack.json".
SurfaceGo2\SurfaceUpdate\Drivers\System\NICs\Realtek.Shared.Driver.msu56cx22x64sta\msu56cx22x64.cat".
SurfaceGo2\SurfaceUpdate\Drivers\System\NICs\Realtek.Shared.Driver.msu56cx22x64sta\msu56cx22x64.sys".
SurfaceGo2\SurfaceUpdate\Drivers\System\NICs\Realtek.Shared.Driver.msu56cx22x64sta\msu56cx22x64sta.INF".
SurfaceGo2\SurfaceUpdate\Drivers\System\NICs\Realtek.Shared.Driver.msu56cx22x64sta\Realtek.Shared.Driver.msu56cx22x64sta.CO.WHQL.1156.9.20.823.nuspec".
SurfaceGo2\SurfaceUpdate\Drivers\System\NICs\realtek.shared.driver.msump64x64sta".
SurfaceGo2\SurfaceUpdate\Drivers\System\NICs\realtek.shared.driver.msump64x64sta\.upack.json".
SurfaceGo2\SurfaceUpdate\Drivers\System\NICs\realtek.shared.driver.msump64x64sta\msump64x64.cat".
SurfaceGo2\SurfaceUpdate\Drivers\System\NICs\realtek.shared.driver.msump64x64sta\msump64x64.sys".
SurfaceGo2\SurfaceUpdate\Drivers\System\NICs\realtek.shared.driver.msump64x64sta\msump64x64sta.INF".
SurfaceGo2\SurfaceUpdate\Drivers\System\NICs\realtek.shared.driver.msump64x64sta\realtek.shared.driver.msump64x64sta.20h1.whql.10.55.20.823.nuspec".
SurfaceGo2\SurfaceUpdate\Drivers\System\realtekext".
SurfaceGo2\SurfaceUpdate\Drivers\System\realtekext\hdxrtext.cat".
SurfaceGo2\SurfaceUpdate\Drivers\System\realtekext\RealtekExt.inf".
SurfaceGo2\SurfaceUpdate\Drivers\System\Serial_IO".
SurfaceGo2\SurfaceUpdate\Drivers\System\Serial_IO\iaLPSS2_GPIO2.sys".
SurfaceGo2\SurfaceUpdate\Drivers\System\Serial_IO\ialpss2_gpio2_skl.cat".
SurfaceGo2\SurfaceUpdate\Drivers\System\Serial_IO\iaLPSS2_GPIO2_SKL.inf".
SurfaceGo2\SurfaceUpdate\Drivers\System\Serial_IO\iaLPSS2_I2C.sys".
SurfaceGo2\SurfaceUpdate\Drivers\System\Serial_IO\ialpss2_i2c_skl.cat".
SurfaceGo2\SurfaceUpdate\Drivers\System\Serial_IO\iaLPSS2_I2C_SKL.inf".
SurfaceGo2\SurfaceUpdate\Drivers\System\Serial_IO\iaLPSS2_UART2.sys".
SurfaceGo2\SurfaceUpdate\Drivers\System\Serial_IO\ialpss2_uart2_skl.cat".
SurfaceGo2\SurfaceUpdate\Drivers\System\Serial_IO\iaLPSS2_UART2_SKL.inf".
SurfaceGo2\SurfaceUpdate\Drivers\System\Surface Dock 2 Firmware Update v6.16.8.0".
SurfaceGo2\SurfaceUpdate\Drivers\System\Surface Dock 2 Firmware Update v6.16.8.0\content".
SurfaceGo2\SurfaceUpdate\Drivers\System\Surface Dock 2 Firmware Update v6.16.8.0\content\amd64".
SurfaceGo2\SurfaceUpdate\Drivers\System\Surface Dock 2 Firmware Update v6.16.8.0\content\amd64\release".
SurfaceGo2\SurfaceUpdate\Drivers\System\Surface Dock 2 Firmware Update v6.16.8.0\content\amd64\release\drv".
SurfaceGo2\SurfaceUpdate\Drivers\System\Surface Dock 2 Firmware Update v6.16.8.0\content\amd64\release\drv\SurfaceDock2FwUpdate.cat".
SurfaceGo2\SurfaceUpdate\Drivers\System\Surface Dock 2 Firmware Update v6.16.8.0\content\amd64\release\drv\SurfaceDock2FwUpdate.inf".
SurfaceGo2\SurfaceUpdate\Drivers\System\Surface Dock 2 Firmware Update v6.16.8.0\content\amd64\release\drv\SurfaceDock2_AMC_APP1.offer.bin".
SurfaceGo2\SurfaceUpdate\Drivers\System\Surface Dock 2 Firmware Update v6.16.8.0\content\amd64\release\drv\SurfaceDock2_AMC_APP1.payload.bin".
SurfaceGo2\SurfaceUpdate\Drivers\System\Surface Dock 2 Firmware Update v6.16.8.0\content\amd64\release\drv\SurfaceDock2_AMC_APP2.offer.bin".
SurfaceGo2\SurfaceUpdate\Drivers\System\Surface Dock 2 Firmware Update v6.16.8.0\content\amd64\release\drv\SurfaceDock2_AMC_APP2.payload.bin".
SurfaceGo2\SurfaceUpdate\Drivers\System\Surface Dock 2 Firmware Update v6.16.8.0\content\amd64\release\drv\SurfaceDock2_AUDIO_BANK0.offer.bin".
SurfaceGo2\SurfaceUpdate\Drivers\System\Surface Dock 2 Firmware Update v6.16.8.0\content\amd64\release\drv\SurfaceDock2_AUDIO_BANK0.payload.bin".
SurfaceGo2\SurfaceUpdate\Drivers\System\Surface Dock 2 Firmware Update v6.16.8.0\content\amd64\release\drv\SurfaceDock2_DP_BANK0.offer.bin".
SurfaceGo2\SurfaceUpdate\Drivers\System\Surface Dock 2 Firmware Update v6.16.8.0\content\amd64\release\drv\SurfaceDock2_DP_BANK0.payload.bin".
SurfaceGo2\SurfaceUpdate\Drivers\System\Surface Dock 2 Firmware Update v6.16.8.0\content\amd64\release\drv\SurfaceDock2_DP_BANK1.offer.bin".
SurfaceGo2\SurfaceUpdate\Drivers\System\Surface Dock 2 Firmware Update v6.16.8.0\content\amd64\release\drv\SurfaceDock2_DP_BANK1.payload.bin".
SurfaceGo2\SurfaceUpdate\Drivers\System\Surface Dock 2 Firmware Update v6.16.8.0\content\amd64\release\drv\SurfaceDock2_PD_BANK0.offer.bin".
SurfaceGo2\SurfaceUpdate\Drivers\System\Surface Dock 2 Firmware Update v6.16.8.0\content\amd64\release\drv\SurfaceDock2_PD_BANK0.payload.bin".
SurfaceGo2\SurfaceUpdate\Drivers\System\Surface Dock 2 Firmware Update v6.16.8.0\content\amd64\release\drv\SurfaceDock2_PD_BANK1.offer.bin".
SurfaceGo2\SurfaceUpdate\Drivers\System\Surface Dock 2 Firmware Update v6.16.8.0\content\amd64\release\drv\SurfaceDock2_PD_BANK1.payload.bin".
SurfaceGo2\SurfaceUpdate\Drivers\System\Surface Dock 2 Firmware Update v6.16.8.0\content\amd64\release\drv\SurfaceDock2_USBHUB_DS_BANK0.offer.bin".
SurfaceGo2\SurfaceUpdate\Drivers\System\Surface Dock 2 Firmware Update v6.16.8.0\content\amd64\release\drv\SurfaceDock2_USBHUB_DS_BANK0.payload.bin".
SurfaceGo2\SurfaceUpdate\Drivers\System\Surface Dock 2 Firmware Update v6.16.8.0\content\amd64\release\drv\SurfaceDock2_USBHUB_US_BANK0.offer.bin".
SurfaceGo2\SurfaceUpdate\Drivers\System\Surface Dock 2 Firmware Update v6.16.8.0\content\amd64\release\drv\SurfaceDock2_USBHUB_US_BANK0.payload.bin".
SurfaceGo2\SurfaceUpdate\Drivers\System\Surface Dock 2 Firmware Update v6.16.8.0\content\hash.json".
SurfaceGo2\SurfaceUpdate\Drivers\System\Surface Dock 2 Firmware Update v6.16.8.0\content\metadata.xml".
SurfaceGo2\SurfaceUpdate\Drivers\System\Surface Dock 2 Firmware Update v6.16.8.0\.upack.json".
SurfaceGo2\SurfaceUpdate\Drivers\System\Surface Dock 2 Firmware Update v6.16.8.0\Devices.Shared.Driver.surfacedock2fwupdate.20H1.WHQL.AMD64.6.13.137.nuspec".
SurfaceGo2\SurfaceUpdate\Drivers\System\SurfaceCapsuleNull".
SurfaceGo2\SurfaceUpdate\Drivers\System\SurfaceCapsuleNull\Attis_NULL_Capsules_WithVersion.INF".
SurfaceGo2\SurfaceUpdate\Drivers\System\SurfaceCapsuleNull\catalog.cat".
SurfaceGo2\SurfaceUpdate\Drivers\System\SurfaceCFUOverHID_v2.49.139.0".
SurfaceGo2\SurfaceUpdate\Drivers\System\SurfaceCFUOverHID_v2.49.139.0\surfacecfuoverhid.cat".
SurfaceGo2\SurfaceUpdate\Drivers\System\SurfaceCFUOverHID_v2.49.139.0\SurfaceCFUOverHid.dll".
SurfaceGo2\SurfaceUpdate\Drivers\System\SurfaceCFUOverHID_v2.49.139.0\SurfaceCFUOverHid.inf".
SurfaceGo2\SurfaceUpdate\Drivers\System\SurfaceSetting".
SurfaceGo2\SurfaceUpdate\Drivers\System\SurfaceSetting\Surface.Power.Policy.Defaults.ppkg".
SurfaceGo2\SurfaceUpdate\Drivers\System\SurfaceSetting\surfacesetting.cat".
SurfaceGo2\SurfaceUpdate\Drivers\System\SurfaceSetting\SurfaceSetting.inf".
SurfaceGo2\SurfaceUpdate\Drivers\System\SurfaceSetting\SurfaceSetting.sys".
SurfaceGo2\SurfaceUpdate\Drivers\System\SurfaceSetting\SurfaceSettingService.exe".
SurfaceGo2\SurfaceUpdate\Drivers\System\SurfaceSetting\surface_att.ppkg".
SurfaceGo2\SurfaceUpdate\Drivers\System\SurfaceSetting\vzw.ppkg".
SurfaceGo2\SurfaceUpdate\Drivers\System\surfacethunderbolt4dockfwupdate".
SurfaceGo2\SurfaceUpdate\Drivers\System\surfacethunderbolt4dockfwupdate\surfacethunderbolt4dockfwupdate.cat".
SurfaceGo2\SurfaceUpdate\Drivers\System\surfacethunderbolt4dockfwupdate\SurfaceThunderbolt4DockFwUpdate.inf".
SurfaceGo2\SurfaceUpdate\Drivers\System\surfacethunderbolt4dockfwupdate\SurfaceThunderbolt4Dock_1_AMC1.offer.bin".
SurfaceGo2\SurfaceUpdate\Drivers\System\surfacethunderbolt4dockfwupdate\SurfaceThunderbolt4Dock_1_AMC1.payload.bin".
SurfaceGo2\SurfaceUpdate\Drivers\System\surfacethunderbolt4dockfwupdate\SurfaceThunderbolt4Dock_1_AMC2.offer.bin".
SurfaceGo2\SurfaceUpdate\Drivers\System\surfacethunderbolt4dockfwupdate\SurfaceThunderbolt4Dock_1_AMC2.payload.bin".
SurfaceGo2\SurfaceUpdate\Drivers\System\surfacethunderbolt4dockfwupdate\SurfaceThunderbolt4Dock_2_UFPPD1.offer.bin".
SurfaceGo2\SurfaceUpdate\Drivers\System\surfacethunderbolt4dockfwupdate\SurfaceThunderbolt4Dock_2_UFPPD1.payload.bin".
SurfaceGo2\SurfaceUpdate\Drivers\System\surfacethunderbolt4dockfwupdate\SurfaceThunderbolt4Dock_2_UFPPD2.offer.bin".
SurfaceGo2\SurfaceUpdate\Drivers\System\surfacethunderbolt4dockfwupdate\SurfaceThunderbolt4Dock_2_UFPPD2.payload.bin".
SurfaceGo2\SurfaceUpdate\Drivers\System\surfacethunderbolt4dockfwupdate\SurfaceThunderbolt4Dock_3_U3HUB1.offer.bin".
SurfaceGo2\SurfaceUpdate\Drivers\System\surfacethunderbolt4dockfwupdate\SurfaceThunderbolt4Dock_3_U3HUB1.payload.bin".
SurfaceGo2\SurfaceUpdate\Drivers\System\surfacethunderbolt4dockfwupdate\SurfaceThunderbolt4Dock_4_AUDIOS1.offer.bin".
SurfaceGo2\SurfaceUpdate\Drivers\System\surfacethunderbolt4dockfwupdate\SurfaceThunderbolt4Dock_4_AUDIOS1.payload.bin".
SurfaceGo2\SurfaceUpdate\Drivers\System\surfacethunderbolt4dockfwupdate\SurfaceThunderbolt4Dock_6_TBT1.offer.bin".
SurfaceGo2\SurfaceUpdate\Drivers\System\surfacethunderbolt4dockfwupdate\SurfaceThunderbolt4Dock_6_TBT1.payload.bin".
SurfaceGo2\SurfaceUpdate\Drivers\System\surfacethunderbolt4dockfwupdate\SurfaceThunderbolt4Dock_7_DFPPD1.offer.bin".
SurfaceGo2\SurfaceUpdate\Drivers\System\surfacethunderbolt4dockfwupdate\SurfaceThunderbolt4Dock_7_DFPPD1.payload.bin".
SurfaceGo2\SurfaceUpdate\Drivers\System\surfacethunderbolt4dockfwupdate\SurfaceThunderbolt4Dock_7_DFPPD2.offer.bin".
SurfaceGo2\SurfaceUpdate\Drivers\System\surfacethunderbolt4dockfwupdate\SurfaceThunderbolt4Dock_7_DFPPD2.payload.bin".
SurfaceGo2\SurfaceUpdate\Drivers\System\SurfaceVirtualBus".
SurfaceGo2\SurfaceUpdate\Drivers\System\SurfaceVirtualBus\surfacevirtualfunctionenum.cat".
SurfaceGo2\SurfaceUpdate\Drivers\System\SurfaceVirtualBus\SurfaceVirtualFunctionEnum.inf".
SurfaceGo2\SurfaceUpdate\Drivers\System\SurfaceVirtualBus\SurfaceVirtualFunctionEnum.sys".
SurfaceGo2\SurfaceUpdate\Firmware".
SurfaceGo2\SurfaceUpdate\Firmware\ISH".
SurfaceGo2\SurfaceUpdate\Firmware\ISH\catalog.cat".
SurfaceGo2\SurfaceUpdate\Firmware\ISH\SurfaceISH.inf".
SurfaceGo2\SurfaceUpdate\Firmware\ISH\SurfaceISH_4101_f.bin".
SurfaceGo2\SurfaceUpdate\Firmware\ME".
SurfaceGo2\SurfaceUpdate\Firmware\ME\catalog.cat".
SurfaceGo2\SurfaceUpdate\Firmware\ME\SurfaceME.inf".
SurfaceGo2\SurfaceUpdate\Firmware\ME\SurfaceME_4657.bin".
SurfaceGo2\SurfaceUpdate\Firmware\PD".
SurfaceGo2\SurfaceUpdate\Firmware\PD\CCGXFWUPDATECAPSULE.Cap".
SurfaceGo2\SurfaceUpdate\Firmware\PD\ccgxfwupdatecapsule.cat".
SurfaceGo2\SurfaceUpdate\Firmware\PD\CCGxFwUpdateCapsule.inf".
SurfaceGo2\SurfaceUpdate\Firmware\TOUCH".
SurfaceGo2\SurfaceUpdate\Firmware\TOUCH\elants.cat".
SurfaceGo2\SurfaceUpdate\Firmware\TOUCH\ElanTs.inf".
SurfaceGo2\SurfaceUpdate\Firmware\TOUCH\MSV81.bin".
SurfaceGo2\SurfaceUpdate\Firmware\TPM".
SurfaceGo2\SurfaceUpdate\Firmware\TPM\FU_2.0_7.2.2.0_0.cap".
SurfaceGo2\SurfaceUpdate\Firmware\TPM\NuvotonCapsuleDriver.inf".
SurfaceGo2\SurfaceUpdate\Firmware\TPM\tpmupd.cat".
SurfaceGo2\SurfaceUpdate\Firmware\UEFI".
SurfaceGo2\SurfaceUpdate\Firmware\UEFI\catalog.cat".
SurfaceGo2\SurfaceUpdate\Firmware\UEFI\SurfaceUefi1031.bin".
SurfaceGo2\SurfaceUpdate\Firmware\UEFI\SurfaceUefi1031.inf".

Current Folders:
**********************
PowerShell transcript end
End time: 20241018125022
**********************
