**********************
PowerShell transcript start
Start time: 20241018125734
Username: AzureAD\DavidSegura
RunAs User: AzureAD\DavidSegura
Configuration Name: 
Machine: HPFIREFLY16P (Microsoft Windows NT 10.0.26100.0)
Host Application: C:\Program Files\PowerShell\7\pwsh.dll
Process ID: 28232
PSVersion: 7.4.5
PSEdition: Core
GitCommitId: 7.4.5
OS: Microsoft Windows 10.0.26100
Platform: Win32NT
PSCompatibleVersions: 1.0, 2.0, 3.0, 4.0, 5.0, 5.1, 6.0, 7.0
PSRemotingProtocolVersion: 2.3
SerializationVersion: 1.1.0.1
WSManStackVersion: 3.0
**********************
Transcript started, output file is C:\Temp\SurfaceStudio2-Plus\Build.log
DriverPack: C:\DATA\Surface\SurfaceStudio2+_Win11_22621_24.091.14614.0.msi
Removed Content:
SurfaceStudio2-Plus\SurfaceUpdate\audio
SurfaceStudio2-Plus\SurfaceUpdate\audio\AS
SurfaceStudio2-Plus\SurfaceUpdate\audio\AS\DLLs
SurfaceStudio2-Plus\SurfaceUpdate\audio\AS\DLLs\IntelAcaDll.dll
SurfaceStudio2-Plus\SurfaceUpdate\audio\AS\DLLs\IntelAcaDll.NetFull.dll
SurfaceStudio2-Plus\SurfaceUpdate\audio\AS\DLLs\IntelAudioDll_x64.dll
SurfaceStudio2-Plus\SurfaceUpdate\audio\AS\DLLs\IntelMultiPaSetupDll.dll
SurfaceStudio2-Plus\SurfaceUpdate\audio\AS\IAS
SurfaceStudio2-Plus\SurfaceUpdate\audio\AS\IAS\Cfg
SurfaceStudio2-Plus\SurfaceUpdate\audio\AS\IAS\Cfg\aec_asr_str_def_1ch_in.tf
SurfaceStudio2-Plus\SurfaceUpdate\audio\AS\IAS\Cfg\aec_asr_str_def_2ch_in.tf
SurfaceStudio2-Plus\SurfaceUpdate\audio\AS\IAS\Cfg\aec_asr_str_def_2ch_in_gna.tf
SurfaceStudio2-Plus\SurfaceUpdate\audio\AS\IAS\Cfg\aec_asr_str_def_4ch_in.tf
SurfaceStudio2-Plus\SurfaceUpdate\audio\AS\IAS\Cfg\aec_asr_str_def_4ch_in_gna.tf
SurfaceStudio2-Plus\SurfaceUpdate\audio\AS\IAS\Cfg\aec_default.tf
SurfaceStudio2-Plus\SurfaceUpdate\audio\AS\IAS\Cfg\aec_default_fw16.tf
SurfaceStudio2-Plus\SurfaceUpdate\audio\AS\IAS\Cfg\aec_dns_str_def_1ch_in_48k_gna.tf
SurfaceStudio2-Plus\SurfaceUpdate\audio\AS\IAS\Cfg\aec_dns_str_def_1ch_in_gna.tf
SurfaceStudio2-Plus\SurfaceUpdate\audio\AS\IAS\Cfg\aec_dns_str_def_2ch_in_48k_gna.tf
SurfaceStudio2-Plus\SurfaceUpdate\audio\AS\IAS\Cfg\aec_dns_str_def_2ch_in_gna.tf
SurfaceStudio2-Plus\SurfaceUpdate\audio\AS\IAS\Cfg\aec_fdkf_fw16.tf
SurfaceStudio2-Plus\SurfaceUpdate\audio\AS\IAS\Cfg\aec_wov_str_def_1ch_in.tf
SurfaceStudio2-Plus\SurfaceUpdate\audio\AS\IAS\Cfg\aec_wov_str_def_2ch_in.tf
SurfaceStudio2-Plus\SurfaceUpdate\audio\AS\IAS\Cfg\aec_wov_str_def_2ch_in_gna.tf
SurfaceStudio2-Plus\SurfaceUpdate\audio\AS\IAS\Cfg\aec_wov_str_def_4ch_in.tf
SurfaceStudio2-Plus\SurfaceUpdate\audio\AS\IAS\Cfg\aec_wov_str_def_4ch_in_gna.tf
SurfaceStudio2-Plus\SurfaceUpdate\audio\AS\IAS\Cfg\ana_default.tf
SurfaceStudio2-Plus\SurfaceUpdate\audio\AS\IAS\Cfg\asr_cortana_3_1_default.tf
SurfaceStudio2-Plus\SurfaceUpdate\audio\AS\IAS\Cfg\asr_cortana_4_0_default.tf
SurfaceStudio2-Plus\SurfaceUpdate\audio\AS\IAS\Cfg\asr_default.tf
SurfaceStudio2-Plus\SurfaceUpdate\audio\AS\IAS\Cfg\DefaultConfigs.xml
SurfaceStudio2-Plus\SurfaceUpdate\audio\AS\IAS\Cfg\dns_default.tf
SurfaceStudio2-Plus\SurfaceUpdate\audio\AS\IAS\Cfg\str_1ch_in_1_out_bypass.tf
SurfaceStudio2-Plus\SurfaceUpdate\audio\AS\IAS\Cfg\str_2ch_in_1_out_bypass.tf
SurfaceStudio2-Plus\SurfaceUpdate\audio\AS\IAS\Cfg\str_4ch_in_1_out_bypass.tf
SurfaceStudio2-Plus\SurfaceUpdate\audio\AS\IAS\Cfg\wov_default_multi_channel_input.tf
SurfaceStudio2-Plus\SurfaceUpdate\audio\AS\IAS\Cfg\wov_default_one_channel_input.tf
SurfaceStudio2-Plus\SurfaceUpdate\audio\AS\IAS\Cfg\wov_multi_out_default.tf
SurfaceStudio2-Plus\SurfaceUpdate\audio\AS\IAS\ControlModule.dll
SurfaceStudio2-Plus\SurfaceUpdate\audio\AS\IAS\IntelAudioService.exe
SurfaceStudio2-Plus\SurfaceUpdate\audio\AS\IAS\IntelAudioService.exe.config
SurfaceStudio2-Plus\SurfaceUpdate\audio\AS\IAS\IntelSSTPreprocStreamer.dll
SurfaceStudio2-Plus\SurfaceUpdate\audio\AS\IAS\NativeApiAdapter.dll
SurfaceStudio2-Plus\SurfaceUpdate\audio\AS\IAS\RpcServer.dll
SurfaceStudio2-Plus\SurfaceUpdate\audio\AS\IAS\WppLoggerDll.dll
SurfaceStudio2-Plus\SurfaceUpdate\audio\AS\MultiPaOemDll
SurfaceStudio2-Plus\SurfaceUpdate\audio\AS\MultiPaOemDll\IntelHwKws_v2.dll
SurfaceStudio2-Plus\SurfaceUpdate\audio\AS\MultiPaOemDll\settingsHwKws.xml
SurfaceStudio2-Plus\SurfaceUpdate\audio\AS\MultiPaOemDll\WweConfigurationDll.dll
SurfaceStudio2-Plus\SurfaceUpdate\audio\Cfg
SurfaceStudio2-Plus\SurfaceUpdate\audio\Cfg\aec_wov_str_def_1ch_in.tf
SurfaceStudio2-Plus\SurfaceUpdate\audio\Cfg\aec_wov_str_def_2ch_in.tf
SurfaceStudio2-Plus\SurfaceUpdate\audio\Cfg\aec_wov_str_def_4ch_in.tf
SurfaceStudio2-Plus\SurfaceUpdate\audio\Cfg\str_1ch_in_1_out_bypass.tf
SurfaceStudio2-Plus\SurfaceUpdate\audio\Cfg\str_2ch_in_1_out_bypass.tf
SurfaceStudio2-Plus\SurfaceUpdate\audio\Cfg\str_4ch_in_1_out_bypass.tf
SurfaceStudio2-Plus\SurfaceUpdate\audio\Fw
SurfaceStudio2-Plus\SurfaceUpdate\audio\Fw\dsp_fw_adl-n_release.bin
SurfaceStudio2-Plus\SurfaceUpdate\audio\Fw\dsp_fw_adl_release.bin
SurfaceStudio2-Plus\SurfaceUpdate\audio\Fw\dsp_fw_tgl_release.bin
SurfaceStudio2-Plus\SurfaceUpdate\audio\Libs
SurfaceStudio2-Plus\SurfaceUpdate\audio\Libs\dsp_lib_intel_wov_adl-n_release.bin
SurfaceStudio2-Plus\SurfaceUpdate\audio\Libs\dsp_lib_intel_wov_adl_release.bin
SurfaceStudio2-Plus\SurfaceUpdate\audio\Libs\dsp_lib_intel_wov_tgl_release.bin
SurfaceStudio2-Plus\SurfaceUpdate\audio\Libs\dsp_lib_whm_adl-n_release.bin
SurfaceStudio2-Plus\SurfaceUpdate\audio\Libs\dsp_lib_whm_adl_release.bin
SurfaceStudio2-Plus\SurfaceUpdate\audio\Libs\dsp_lib_whm_tgl_release.bin
SurfaceStudio2-Plus\SurfaceUpdate\audio\Topology
SurfaceStudio2-Plus\SurfaceUpdate\audio\Topology\IntcOEDTopology.oec
SurfaceStudio2-Plus\SurfaceUpdate\audio\Topology\IntcOEDTopology.xml
SurfaceStudio2-Plus\SurfaceUpdate\audio\WoV
SurfaceStudio2-Plus\SurfaceUpdate\audio\WoV\Alefuj
SurfaceStudio2-Plus\SurfaceUpdate\audio\WoV\Alefuj\m
SurfaceStudio2-Plus\SurfaceUpdate\audio\WoV\Alefuj\m\ja-JP
SurfaceStudio2-Plus\SurfaceUpdate\audio\WoV\Alefuj\m\ja-JP\alefuj_ja-JP_hq.dsp
SurfaceStudio2-Plus\SurfaceUpdate\audio\WoV\Alefuj\m\ja-JP\alefuj_ja-JP_hq_echo.th
SurfaceStudio2-Plus\SurfaceUpdate\audio\WoV\Alefuj\m\ja-JP\alefuj_ja-JP_hq_fuj.th
SurfaceStudio2-Plus\SurfaceUpdate\audio\WoV\Alenec
SurfaceStudio2-Plus\SurfaceUpdate\audio\WoV\Alenec\m
SurfaceStudio2-Plus\SurfaceUpdate\audio\WoV\Alenec\m\ja-JP
SurfaceStudio2-Plus\SurfaceUpdate\audio\WoV\Alenec\m\ja-JP\alenec_ja-JP_hq.dsp
SurfaceStudio2-Plus\SurfaceUpdate\audio\WoV\Alenec\m\ja-JP\alenec_ja-JP_hq_echo.th
SurfaceStudio2-Plus\SurfaceUpdate\audio\WoV\Alenec\m\ja-JP\alenec_ja-JP_hq_nec.th
SurfaceStudio2-Plus\SurfaceUpdate\audio\WoV\Echo
SurfaceStudio2-Plus\SurfaceUpdate\audio\WoV\Echo\m
SurfaceStudio2-Plus\SurfaceUpdate\audio\WoV\Echo\m\de-AT
SurfaceStudio2-Plus\SurfaceUpdate\audio\WoV\Echo\m\de-AT\echo_de-AT_ex.alco
SurfaceStudio2-Plus\SurfaceUpdate\audio\WoV\Echo\m\de-AT\echo_de-AT_ex.eth
SurfaceStudio2-Plus\SurfaceUpdate\audio\WoV\Echo\m\de-AT\echo_de-AT_ex.hsc
SurfaceStudio2-Plus\SurfaceUpdate\audio\WoV\Echo\m\de-AT\echo_de-AT_ex.th
SurfaceStudio2-Plus\SurfaceUpdate\audio\WoV\Echo\m\de-AT\echo_de-AT_hq.dsp
SurfaceStudio2-Plus\SurfaceUpdate\audio\WoV\Echo\m\de-AT\echo_de-AT_hq.th
SurfaceStudio2-Plus\SurfaceUpdate\audio\WoV\Echo\m\de-DE
SurfaceStudio2-Plus\SurfaceUpdate\audio\WoV\Echo\m\de-DE\echo_de-DE_ex.alco
SurfaceStudio2-Plus\SurfaceUpdate\audio\WoV\Echo\m\de-DE\echo_de-DE_ex.eth
SurfaceStudio2-Plus\SurfaceUpdate\audio\WoV\Echo\m\de-DE\echo_de-DE_ex.hsc
SurfaceStudio2-Plus\SurfaceUpdate\audio\WoV\Echo\m\de-DE\echo_de-DE_ex.th
SurfaceStudio2-Plus\SurfaceUpdate\audio\WoV\Echo\m\de-DE\echo_de-DE_hq.dsp
SurfaceStudio2-Plus\SurfaceUpdate\audio\WoV\Echo\m\de-DE\echo_de-DE_hq.th
SurfaceStudio2-Plus\SurfaceUpdate\audio\WoV\Echo\m\en-AU
SurfaceStudio2-Plus\SurfaceUpdate\audio\WoV\Echo\m\en-AU\echo_en-AU_ex.alco
SurfaceStudio2-Plus\SurfaceUpdate\audio\WoV\Echo\m\en-AU\echo_en-AU_ex.eth
SurfaceStudio2-Plus\SurfaceUpdate\audio\WoV\Echo\m\en-AU\echo_en-AU_ex.hsc
SurfaceStudio2-Plus\SurfaceUpdate\audio\WoV\Echo\m\en-AU\echo_en-AU_ex.th
SurfaceStudio2-Plus\SurfaceUpdate\audio\WoV\Echo\m\en-AU\echo_en-AU_hq.dsp
SurfaceStudio2-Plus\SurfaceUpdate\audio\WoV\Echo\m\en-AU\echo_en-AU_hq.th
SurfaceStudio2-Plus\SurfaceUpdate\audio\WoV\Echo\m\en-CA
SurfaceStudio2-Plus\SurfaceUpdate\audio\WoV\Echo\m\en-CA\echo_en-CA_ex.alco
SurfaceStudio2-Plus\SurfaceUpdate\audio\WoV\Echo\m\en-CA\echo_en-CA_ex.eth
SurfaceStudio2-Plus\SurfaceUpdate\audio\WoV\Echo\m\en-CA\echo_en-CA_ex.hsc
SurfaceStudio2-Plus\SurfaceUpdate\audio\WoV\Echo\m\en-CA\echo_en-CA_ex.th
SurfaceStudio2-Plus\SurfaceUpdate\audio\WoV\Echo\m\en-CA\echo_en-CA_hq.dsp
SurfaceStudio2-Plus\SurfaceUpdate\audio\WoV\Echo\m\en-CA\echo_en-CA_hq.th
SurfaceStudio2-Plus\SurfaceUpdate\audio\WoV\Echo\m\en-GB
SurfaceStudio2-Plus\SurfaceUpdate\audio\WoV\Echo\m\en-GB\echo_en-GB_ex.alco
SurfaceStudio2-Plus\SurfaceUpdate\audio\WoV\Echo\m\en-GB\echo_en-GB_ex.eth
SurfaceStudio2-Plus\SurfaceUpdate\audio\WoV\Echo\m\en-GB\echo_en-GB_ex.hsc
SurfaceStudio2-Plus\SurfaceUpdate\audio\WoV\Echo\m\en-GB\echo_en-GB_ex.th
SurfaceStudio2-Plus\SurfaceUpdate\audio\WoV\Echo\m\en-GB\echo_en-GB_hq.dsp
SurfaceStudio2-Plus\SurfaceUpdate\audio\WoV\Echo\m\en-GB\echo_en-GB_hq.th
SurfaceStudio2-Plus\SurfaceUpdate\audio\WoV\Echo\m\en-IE
SurfaceStudio2-Plus\SurfaceUpdate\audio\WoV\Echo\m\en-IE\echo_en-IE_ex.alco
SurfaceStudio2-Plus\SurfaceUpdate\audio\WoV\Echo\m\en-IE\echo_en-IE_ex.eth
SurfaceStudio2-Plus\SurfaceUpdate\audio\WoV\Echo\m\en-IE\echo_en-IE_ex.hsc
SurfaceStudio2-Plus\SurfaceUpdate\audio\WoV\Echo\m\en-IE\echo_en-IE_ex.th
SurfaceStudio2-Plus\SurfaceUpdate\audio\WoV\Echo\m\en-IE\echo_en-IE_hq.dsp
SurfaceStudio2-Plus\SurfaceUpdate\audio\WoV\Echo\m\en-IE\echo_en-IE_hq.th
SurfaceStudio2-Plus\SurfaceUpdate\audio\WoV\Echo\m\en-IN
SurfaceStudio2-Plus\SurfaceUpdate\audio\WoV\Echo\m\en-IN\echo_en-IN_ex.alco
SurfaceStudio2-Plus\SurfaceUpdate\audio\WoV\Echo\m\en-IN\echo_en-IN_ex.eth
SurfaceStudio2-Plus\SurfaceUpdate\audio\WoV\Echo\m\en-IN\echo_en-IN_ex.hsc
SurfaceStudio2-Plus\SurfaceUpdate\audio\WoV\Echo\m\en-IN\echo_en-IN_ex.th
SurfaceStudio2-Plus\SurfaceUpdate\audio\WoV\Echo\m\en-IN\echo_en-IN_hq.dsp
SurfaceStudio2-Plus\SurfaceUpdate\audio\WoV\Echo\m\en-IN\echo_en-IN_hq.th
SurfaceStudio2-Plus\SurfaceUpdate\audio\WoV\Echo\m\en-NZ
SurfaceStudio2-Plus\SurfaceUpdate\audio\WoV\Echo\m\en-NZ\echo_en-NZ_ex.alco
SurfaceStudio2-Plus\SurfaceUpdate\audio\WoV\Echo\m\en-NZ\echo_en-NZ_ex.eth
SurfaceStudio2-Plus\SurfaceUpdate\audio\WoV\Echo\m\en-NZ\echo_en-NZ_ex.hsc
SurfaceStudio2-Plus\SurfaceUpdate\audio\WoV\Echo\m\en-NZ\echo_en-NZ_ex.th
SurfaceStudio2-Plus\SurfaceUpdate\audio\WoV\Echo\m\en-NZ\echo_en-NZ_hq.dsp
SurfaceStudio2-Plus\SurfaceUpdate\audio\WoV\Echo\m\en-NZ\echo_en-NZ_hq.th
SurfaceStudio2-Plus\SurfaceUpdate\audio\WoV\Echo\m\en-US
SurfaceStudio2-Plus\SurfaceUpdate\audio\WoV\Echo\m\en-US\echo_en-US_ex.alco
SurfaceStudio2-Plus\SurfaceUpdate\audio\WoV\Echo\m\en-US\echo_en-US_ex.eth
SurfaceStudio2-Plus\SurfaceUpdate\audio\WoV\Echo\m\en-US\echo_en-US_ex.hsc
SurfaceStudio2-Plus\SurfaceUpdate\audio\WoV\Echo\m\en-US\echo_en-US_ex.th
SurfaceStudio2-Plus\SurfaceUpdate\audio\WoV\Echo\m\en-US\echo_en-US_hq.dsp
SurfaceStudio2-Plus\SurfaceUpdate\audio\WoV\Echo\m\en-US\echo_en-US_hq.th
SurfaceStudio2-Plus\SurfaceUpdate\audio\WoV\Echo\m\es-ES
SurfaceStudio2-Plus\SurfaceUpdate\audio\WoV\Echo\m\es-ES\echo_es-ES_ex.alco
SurfaceStudio2-Plus\SurfaceUpdate\audio\WoV\Echo\m\es-ES\echo_es-ES_ex.eth
SurfaceStudio2-Plus\SurfaceUpdate\audio\WoV\Echo\m\es-ES\echo_es-ES_ex.hsc
SurfaceStudio2-Plus\SurfaceUpdate\audio\WoV\Echo\m\es-ES\echo_es-ES_ex.th
SurfaceStudio2-Plus\SurfaceUpdate\audio\WoV\Echo\m\es-ES\echo_es-ES_hq.dsp
SurfaceStudio2-Plus\SurfaceUpdate\audio\WoV\Echo\m\es-ES\echo_es-ES_hq.th
SurfaceStudio2-Plus\SurfaceUpdate\audio\WoV\Echo\m\es-MX
SurfaceStudio2-Plus\SurfaceUpdate\audio\WoV\Echo\m\es-MX\echo_es-MX_ex.alco
SurfaceStudio2-Plus\SurfaceUpdate\audio\WoV\Echo\m\es-MX\echo_es-MX_ex.eth
SurfaceStudio2-Plus\SurfaceUpdate\audio\WoV\Echo\m\es-MX\echo_es-MX_ex.hsc
SurfaceStudio2-Plus\SurfaceUpdate\audio\WoV\Echo\m\es-MX\echo_es-MX_ex.th
SurfaceStudio2-Plus\SurfaceUpdate\audio\WoV\Echo\m\es-MX\echo_es-MX_hq.dsp
SurfaceStudio2-Plus\SurfaceUpdate\audio\WoV\Echo\m\es-MX\echo_es-MX_hq.th
SurfaceStudio2-Plus\SurfaceUpdate\audio\WoV\Echo\m\es-US
SurfaceStudio2-Plus\SurfaceUpdate\audio\WoV\Echo\m\es-US\echo_es-US_ex.alco
SurfaceStudio2-Plus\SurfaceUpdate\audio\WoV\Echo\m\es-US\echo_es-US_ex.eth
SurfaceStudio2-Plus\SurfaceUpdate\audio\WoV\Echo\m\es-US\echo_es-US_ex.hsc
SurfaceStudio2-Plus\SurfaceUpdate\audio\WoV\Echo\m\es-US\echo_es-US_ex.th
SurfaceStudio2-Plus\SurfaceUpdate\audio\WoV\Echo\m\es-US\echo_es-US_hq.dsp
SurfaceStudio2-Plus\SurfaceUpdate\audio\WoV\Echo\m\es-US\echo_es-US_hq.th
SurfaceStudio2-Plus\SurfaceUpdate\audio\WoV\Echo\m\fr-CA
SurfaceStudio2-Plus\SurfaceUpdate\audio\WoV\Echo\m\fr-CA\echo_fr-CA_ex.alco
SurfaceStudio2-Plus\SurfaceUpdate\audio\WoV\Echo\m\fr-CA\echo_fr-CA_ex.eth
SurfaceStudio2-Plus\SurfaceUpdate\audio\WoV\Echo\m\fr-CA\echo_fr-CA_ex.hsc
SurfaceStudio2-Plus\SurfaceUpdate\audio\WoV\Echo\m\fr-CA\echo_fr-CA_ex.th
SurfaceStudio2-Plus\SurfaceUpdate\audio\WoV\Echo\m\fr-CA\echo_fr-CA_hq.dsp
SurfaceStudio2-Plus\SurfaceUpdate\audio\WoV\Echo\m\fr-CA\echo_fr-CA_hq.th
SurfaceStudio2-Plus\SurfaceUpdate\audio\WoV\Echo\m\fr-FR
SurfaceStudio2-Plus\SurfaceUpdate\audio\WoV\Echo\m\fr-FR\echo_fr-FR_ex.alco
SurfaceStudio2-Plus\SurfaceUpdate\audio\WoV\Echo\m\fr-FR\echo_fr-FR_ex.eth
SurfaceStudio2-Plus\SurfaceUpdate\audio\WoV\Echo\m\fr-FR\echo_fr-FR_ex.hsc
SurfaceStudio2-Plus\SurfaceUpdate\audio\WoV\Echo\m\fr-FR\echo_fr-FR_ex.th
SurfaceStudio2-Plus\SurfaceUpdate\audio\WoV\Echo\m\fr-FR\echo_fr-FR_hq.dsp
SurfaceStudio2-Plus\SurfaceUpdate\audio\WoV\Echo\m\fr-FR\echo_fr-FR_hq.th
SurfaceStudio2-Plus\SurfaceUpdate\audio\WoV\Echo\m\it-IT
SurfaceStudio2-Plus\SurfaceUpdate\audio\WoV\Echo\m\it-IT\echo_it-IT_ex.alco
SurfaceStudio2-Plus\SurfaceUpdate\audio\WoV\Echo\m\it-IT\echo_it-IT_ex.eth
SurfaceStudio2-Plus\SurfaceUpdate\audio\WoV\Echo\m\it-IT\echo_it-IT_ex.hsc
SurfaceStudio2-Plus\SurfaceUpdate\audio\WoV\Echo\m\it-IT\echo_it-IT_ex.th
SurfaceStudio2-Plus\SurfaceUpdate\audio\WoV\Echo\m\it-IT\echo_it-IT_hq.dsp
SurfaceStudio2-Plus\SurfaceUpdate\audio\WoV\Echo\m\it-IT\echo_it-IT_hq.th
SurfaceStudio2-Plus\SurfaceUpdate\audio\WoV\Echo\m\ja-JP
SurfaceStudio2-Plus\SurfaceUpdate\audio\WoV\Echo\m\ja-JP\echo_ja-JP_ex.alco
SurfaceStudio2-Plus\SurfaceUpdate\audio\WoV\Echo\m\ja-JP\echo_ja-JP_ex.eth
SurfaceStudio2-Plus\SurfaceUpdate\audio\WoV\Echo\m\ja-JP\echo_ja-JP_ex.hsc
SurfaceStudio2-Plus\SurfaceUpdate\audio\WoV\Echo\m\ja-JP\echo_ja-JP_ex.th
SurfaceStudio2-Plus\SurfaceUpdate\audio\WoV\Echo\m\ja-JP\echo_ja-JP_hq.dsp
SurfaceStudio2-Plus\SurfaceUpdate\audio\WoV\Echo\m\ja-JP\echo_ja-JP_hq.th
SurfaceStudio2-Plus\SurfaceUpdate\audio\WoV\Echo\m\pt-BR
SurfaceStudio2-Plus\SurfaceUpdate\audio\WoV\Echo\m\pt-BR\echo_pt-BR_ex.alco
SurfaceStudio2-Plus\SurfaceUpdate\audio\WoV\Echo\m\pt-BR\echo_pt-BR_ex.eth
SurfaceStudio2-Plus\SurfaceUpdate\audio\WoV\Echo\m\pt-BR\echo_pt-BR_ex.hsc
SurfaceStudio2-Plus\SurfaceUpdate\audio\WoV\Echo\m\pt-BR\echo_pt-BR_ex.th
SurfaceStudio2-Plus\SurfaceUpdate\audio\WoV\Echo\m\pt-BR\echo_pt-BR_hq.dsp
SurfaceStudio2-Plus\SurfaceUpdate\audio\WoV\Echo\m\pt-BR\echo_pt-BR_hq.th
SurfaceStudio2-Plus\SurfaceUpdate\audio\WoV\Fuj
SurfaceStudio2-Plus\SurfaceUpdate\audio\WoV\Fuj\m
SurfaceStudio2-Plus\SurfaceUpdate\audio\WoV\Fuj\m\ja-JP
SurfaceStudio2-Plus\SurfaceUpdate\audio\WoV\Fuj\m\ja-JP\fuj_ja-JP_ex.alco
SurfaceStudio2-Plus\SurfaceUpdate\audio\WoV\Fuj\m\ja-JP\fuj_ja-JP_ex.eth
SurfaceStudio2-Plus\SurfaceUpdate\audio\WoV\Fuj\m\ja-JP\fuj_ja-JP_ex.hsc
SurfaceStudio2-Plus\SurfaceUpdate\audio\WoV\Fuj\m\ja-JP\fuj_ja-JP_ex.th
SurfaceStudio2-Plus\SurfaceUpdate\audio\WoV\Fuj\m\ja-JP\fuj_ja-JP_hq.dsp
SurfaceStudio2-Plus\SurfaceUpdate\audio\WoV\Fuj\m\ja-JP\fuj_ja-JP_hq.th
SurfaceStudio2-Plus\SurfaceUpdate\audio\WoV\Leno2
SurfaceStudio2-Plus\SurfaceUpdate\audio\WoV\Leno2\m
SurfaceStudio2-Plus\SurfaceUpdate\audio\WoV\Leno2\m\zh-CN
SurfaceStudio2-Plus\SurfaceUpdate\audio\WoV\Leno2\m\zh-CN\leno2_zh-CN_ex.alco
SurfaceStudio2-Plus\SurfaceUpdate\audio\WoV\Leno2\m\zh-CN\leno2_zh-CN_ex.eth
SurfaceStudio2-Plus\SurfaceUpdate\audio\WoV\Leno2\m\zh-CN\leno2_zh-CN_ex.hsc
SurfaceStudio2-Plus\SurfaceUpdate\audio\WoV\Leno2\m\zh-CN\leno2_zh-CN_ex.th
SurfaceStudio2-Plus\SurfaceUpdate\audio\WoV\Leno2\m\zh-CN\leno2_zh-CN_hq.dsp
SurfaceStudio2-Plus\SurfaceUpdate\audio\WoV\Leno2\m\zh-CN\leno2_zh-CN_hq.th
SurfaceStudio2-Plus\SurfaceUpdate\audio\WoV\Ms
SurfaceStudio2-Plus\SurfaceUpdate\audio\WoV\Ms\m
SurfaceStudio2-Plus\SurfaceUpdate\audio\WoV\Ms\m\en-US
SurfaceStudio2-Plus\SurfaceUpdate\audio\WoV\Ms\m\en-US\ms_en-US_ex.alco
SurfaceStudio2-Plus\SurfaceUpdate\audio\WoV\Ms\m\en-US\ms_en-US_ex.eth
SurfaceStudio2-Plus\SurfaceUpdate\audio\WoV\Ms\m\en-US\ms_en-US_ex.hsc
SurfaceStudio2-Plus\SurfaceUpdate\audio\WoV\Ms\m\en-US\ms_en-US_ex.th
SurfaceStudio2-Plus\SurfaceUpdate\audio\WoV\Ms\m\en-US\ms_en-US_hq.dsp
SurfaceStudio2-Plus\SurfaceUpdate\audio\WoV\Ms\m\en-US\ms_en-US_hq.th
SurfaceStudio2-Plus\SurfaceUpdate\audio\WoV\Mslexa
SurfaceStudio2-Plus\SurfaceUpdate\audio\WoV\Mslexa\m
SurfaceStudio2-Plus\SurfaceUpdate\audio\WoV\Mslexa\m\en-US
SurfaceStudio2-Plus\SurfaceUpdate\audio\WoV\Mslexa\m\en-US\mslexa_en-US_hq.dsp
SurfaceStudio2-Plus\SurfaceUpdate\audio\WoV\Mslexa\m\en-US\mslexa_en-US_hq_echo.th
SurfaceStudio2-Plus\SurfaceUpdate\audio\WoV\Mslexa\m\en-US\mslexa_en-US_hq_ms.th
SurfaceStudio2-Plus\SurfaceUpdate\audio\WoV\Nec
SurfaceStudio2-Plus\SurfaceUpdate\audio\WoV\Nec\m
SurfaceStudio2-Plus\SurfaceUpdate\audio\WoV\Nec\m\ja-JP
SurfaceStudio2-Plus\SurfaceUpdate\audio\WoV\Nec\m\ja-JP\nec_ja-JP_ex.alco
SurfaceStudio2-Plus\SurfaceUpdate\audio\WoV\Nec\m\ja-JP\nec_ja-JP_ex.eth
SurfaceStudio2-Plus\SurfaceUpdate\audio\WoV\Nec\m\ja-JP\nec_ja-JP_ex.hsc
SurfaceStudio2-Plus\SurfaceUpdate\audio\WoV\Nec\m\ja-JP\nec_ja-JP_ex.th
SurfaceStudio2-Plus\SurfaceUpdate\audio\WoV\Nec\m\ja-JP\nec_ja-JP_hq.dsp
SurfaceStudio2-Plus\SurfaceUpdate\audio\WoV\Nec\m\ja-JP\nec_ja-JP_hq.th
SurfaceStudio2-Plus\SurfaceUpdate\audio\WoV\Service
SurfaceStudio2-Plus\SurfaceUpdate\audio\WoV\Service\MultiChannelWoV.dll
SurfaceStudio2-Plus\SurfaceUpdate\audio\WoV\Service\MultichannelWoVCfg.dll
SurfaceStudio2-Plus\SurfaceUpdate\audio\WoV\Tencent
SurfaceStudio2-Plus\SurfaceUpdate\audio\WoV\Tencent\m
SurfaceStudio2-Plus\SurfaceUpdate\audio\WoV\Tencent\m\zh-CN
SurfaceStudio2-Plus\SurfaceUpdate\audio\WoV\Tencent\m\zh-CN\tencent_zh-CN_ex.alco
SurfaceStudio2-Plus\SurfaceUpdate\audio\WoV\Tencent\m\zh-CN\tencent_zh-CN_ex.eth
SurfaceStudio2-Plus\SurfaceUpdate\audio\WoV\Tencent\m\zh-CN\tencent_zh-CN_ex.hsc
SurfaceStudio2-Plus\SurfaceUpdate\audio\WoV\Tencent\m\zh-CN\tencent_zh-CN_ex.th
SurfaceStudio2-Plus\SurfaceUpdate\audio\WoV\Tencent\m\zh-CN\tencent_zh-CN_hq.dsp
SurfaceStudio2-Plus\SurfaceUpdate\audio\WoV\Tencent\m\zh-CN\tencent_zh-CN_hq.th
SurfaceStudio2-Plus\SurfaceUpdate\audio\WoV\Xiaomi
SurfaceStudio2-Plus\SurfaceUpdate\audio\WoV\Xiaomi\m
SurfaceStudio2-Plus\SurfaceUpdate\audio\WoV\Xiaomi\m\zh-CN
SurfaceStudio2-Plus\SurfaceUpdate\audio\WoV\Xiaomi\m\zh-CN\xiaomi_zh-CN_ex.alco
SurfaceStudio2-Plus\SurfaceUpdate\audio\WoV\Xiaomi\m\zh-CN\xiaomi_zh-CN_ex.eth
SurfaceStudio2-Plus\SurfaceUpdate\audio\WoV\Xiaomi\m\zh-CN\xiaomi_zh-CN_ex.hsc
SurfaceStudio2-Plus\SurfaceUpdate\audio\WoV\Xiaomi\m\zh-CN\xiaomi_zh-CN_ex.th
SurfaceStudio2-Plus\SurfaceUpdate\audio\WoV\Xiaomi\m\zh-CN\xiaomi_zh-CN_hq.dsp
SurfaceStudio2-Plus\SurfaceUpdate\audio\WoV\Xiaomi\m\zh-CN\xiaomi_zh-CN_hq.th
SurfaceStudio2-Plus\SurfaceUpdate\audio\WoV\Yoga
SurfaceStudio2-Plus\SurfaceUpdate\audio\WoV\Yoga\m
SurfaceStudio2-Plus\SurfaceUpdate\audio\WoV\Yoga\m\zh-CN
SurfaceStudio2-Plus\SurfaceUpdate\audio\WoV\Yoga\m\zh-CN\yoga_zh-CN_ex.alco
SurfaceStudio2-Plus\SurfaceUpdate\audio\WoV\Yoga\m\zh-CN\yoga_zh-CN_ex.eth
SurfaceStudio2-Plus\SurfaceUpdate\audio\WoV\Yoga\m\zh-CN\yoga_zh-CN_ex.hsc
SurfaceStudio2-Plus\SurfaceUpdate\audio\WoV\Yoga\m\zh-CN\yoga_zh-CN_ex.th
SurfaceStudio2-Plus\SurfaceUpdate\audio\WoV\Yoga\m\zh-CN\yoga_zh-CN_hq.dsp
SurfaceStudio2-Plus\SurfaceUpdate\audio\WoV\Yoga\m\zh-CN\yoga_zh-CN_hq.th
SurfaceStudio2-Plus\SurfaceUpdate\audio\WoV\intelwov_data_manifest.txt
SurfaceStudio2-Plus\SurfaceUpdate\audio\WoV\model_metadata.xml
SurfaceStudio2-Plus\SurfaceUpdate\audio\detectionverificationdrv.cat
SurfaceStudio2-Plus\SurfaceUpdate\audio\DetectionVerificationDrv.dll
SurfaceStudio2-Plus\SurfaceUpdate\audio\DetectionVerificationDrv.inf
SurfaceStudio2-Plus\SurfaceUpdate\audio\intcaudiobus.cat
SurfaceStudio2-Plus\SurfaceUpdate\audio\IntcAudioBus.inf
SurfaceStudio2-Plus\SurfaceUpdate\audio\IntcAudioBus.sys
SurfaceStudio2-Plus\SurfaceUpdate\audio\intcbtau.cat
SurfaceStudio2-Plus\SurfaceUpdate\audio\IntcBTAu.inf
SurfaceStudio2-Plus\SurfaceUpdate\audio\IntcBTAu.sys
SurfaceStudio2-Plus\SurfaceUpdate\audio\intcdmic.cat
SurfaceStudio2-Plus\SurfaceUpdate\audio\IntcDMic.inf
SurfaceStudio2-Plus\SurfaceUpdate\audio\IntcDMic.sys
SurfaceStudio2-Plus\SurfaceUpdate\audio\intcoed.cat
SurfaceStudio2-Plus\SurfaceUpdate\audio\IntcOED.inf
SurfaceStudio2-Plus\SurfaceUpdate\audio\IntcOED.sys
SurfaceStudio2-Plus\SurfaceUpdate\audio\intcsdw.cat
SurfaceStudio2-Plus\SurfaceUpdate\audio\IntcSDW.inf
SurfaceStudio2-Plus\SurfaceUpdate\audio\IntcSDW.sys
SurfaceStudio2-Plus\SurfaceUpdate\audio\intcsdwbus.cat
SurfaceStudio2-Plus\SurfaceUpdate\audio\IntcSdwBus.inf
SurfaceStudio2-Plus\SurfaceUpdate\audio\IntcSdwBus.sys
SurfaceStudio2-Plus\SurfaceUpdate\audio\intcsst.cat
SurfaceStudio2-Plus\SurfaceUpdate\audio\IntcSST.inf
SurfaceStudio2-Plus\SurfaceUpdate\audio\IntcSST.sys
SurfaceStudio2-Plus\SurfaceUpdate\audio\intcusb.cat
SurfaceStudio2-Plus\SurfaceUpdate\audio\IntcUSB.inf
SurfaceStudio2-Plus\SurfaceUpdate\audio\IntcUSB.sys
SurfaceStudio2-Plus\SurfaceUpdate\audio\IntelSSTPreprocStreamer.dll
SurfaceStudio2-Plus\SurfaceUpdate\audio\IntelWovSDK.dll
SurfaceStudio2-Plus\SurfaceUpdate\audio\MultiChannelWoV.dll
SurfaceStudio2-Plus\SurfaceUpdate\audio\MultichannelWoVCfg.dll
SurfaceStudio2-Plus\SurfaceUpdate\audio\WakeWordEngine.dll
SurfaceStudio2-Plus\SurfaceUpdate\bluetooth
SurfaceStudio2-Plus\SurfaceUpdate\bluetooth\ibtusb.cat
SurfaceStudio2-Plus\SurfaceUpdate\bluetooth\ibtusb.inf
SurfaceStudio2-Plus\SurfaceUpdate\bluetooth\ibtusb.sys
SurfaceStudio2-Plus\SurfaceUpdate\capabilitylicensingsvcclient
SurfaceStudio2-Plus\SurfaceUpdate\capabilitylicensingsvcclient\conf
SurfaceStudio2-Plus\SurfaceUpdate\capabilitylicensingsvcclient\conf\cacert.pem
SurfaceStudio2-Plus\SurfaceUpdate\capabilitylicensingsvcclient\conf\epid2_paramcert.dat
SurfaceStudio2-Plus\SurfaceUpdate\capabilitylicensingsvcclient\conf\EPIDGroupCertLegacy.cer
SurfaceStudio2-Plus\SurfaceUpdate\capabilitylicensingsvcclient\conf\EPIDGroupCertX509.cer
SurfaceStudio2-Plus\SurfaceUpdate\capabilitylicensingsvcclient\conf\epid_paramcert.dat
SurfaceStudio2-Plus\SurfaceUpdate\capabilitylicensingsvcclient\conf\iclsProxy.conf
SurfaceStudio2-Plus\SurfaceUpdate\capabilitylicensingsvcclient\Documents
SurfaceStudio2-Plus\SurfaceUpdate\capabilitylicensingsvcclient\Documents\development_tools.txt
SurfaceStudio2-Plus\SurfaceUpdate\capabilitylicensingsvcclient\Documents\License.txt
SurfaceStudio2-Plus\SurfaceUpdate\capabilitylicensingsvcclient\Documents\Readme.txt
SurfaceStudio2-Plus\SurfaceUpdate\capabilitylicensingsvcclient\Documents\redist.txt
SurfaceStudio2-Plus\SurfaceUpdate\capabilitylicensingsvcclient\Documents\Third Party Licenses.txt
SurfaceStudio2-Plus\SurfaceUpdate\capabilitylicensingsvcclient\lib
SurfaceStudio2-Plus\SurfaceUpdate\capabilitylicensingsvcclient\lib\concrt140.dll
SurfaceStudio2-Plus\SurfaceUpdate\capabilitylicensingsvcclient\lib\iclsClient.dll
SurfaceStudio2-Plus\SurfaceUpdate\capabilitylicensingsvcclient\lib\iclsClientInternal.dll
SurfaceStudio2-Plus\SurfaceUpdate\capabilitylicensingsvcclient\lib\iclsProxy.dll
SurfaceStudio2-Plus\SurfaceUpdate\capabilitylicensingsvcclient\lib\iclsProxyInternal.dll
SurfaceStudio2-Plus\SurfaceUpdate\capabilitylicensingsvcclient\lib\IntelPTTEKRecertification.exe
SurfaceStudio2-Plus\SurfaceUpdate\capabilitylicensingsvcclient\lib\libcrypto-3-x64.dll
SurfaceStudio2-Plus\SurfaceUpdate\capabilitylicensingsvcclient\lib\libssl-3-x64.dll
SurfaceStudio2-Plus\SurfaceUpdate\capabilitylicensingsvcclient\lib\msvcp140.dll
SurfaceStudio2-Plus\SurfaceUpdate\capabilitylicensingsvcclient\lib\PlatformLicenseManagerService.exe
SurfaceStudio2-Plus\SurfaceUpdate\capabilitylicensingsvcclient\lib\TPMProvisioningService.exe
SurfaceStudio2-Plus\SurfaceUpdate\capabilitylicensingsvcclient\lib\vcruntime140.dll
SurfaceStudio2-Plus\SurfaceUpdate\capabilitylicensingsvcclient\lib\vcruntime140_1.dll
SurfaceStudio2-Plus\SurfaceUpdate\capabilitylicensingsvcclient\lib32
SurfaceStudio2-Plus\SurfaceUpdate\capabilitylicensingsvcclient\lib32\concrt140.dll
SurfaceStudio2-Plus\SurfaceUpdate\capabilitylicensingsvcclient\lib32\iclsClient.dll
SurfaceStudio2-Plus\SurfaceUpdate\capabilitylicensingsvcclient\lib32\iclsClientInternal.dll
SurfaceStudio2-Plus\SurfaceUpdate\capabilitylicensingsvcclient\lib32\iclsProxy.dll
SurfaceStudio2-Plus\SurfaceUpdate\capabilitylicensingsvcclient\lib32\iclsProxyInternal.dll
SurfaceStudio2-Plus\SurfaceUpdate\capabilitylicensingsvcclient\lib32\IntelPTTEKRecertification.exe
SurfaceStudio2-Plus\SurfaceUpdate\capabilitylicensingsvcclient\lib32\libcrypto-3.dll
SurfaceStudio2-Plus\SurfaceUpdate\capabilitylicensingsvcclient\lib32\libssl-3.dll
SurfaceStudio2-Plus\SurfaceUpdate\capabilitylicensingsvcclient\lib32\msvcp140.dll
SurfaceStudio2-Plus\SurfaceUpdate\capabilitylicensingsvcclient\lib32\TPMProvisioningService.exe
SurfaceStudio2-Plus\SurfaceUpdate\capabilitylicensingsvcclient\lib32\vcruntime140.dll
SurfaceStudio2-Plus\SurfaceUpdate\capabilitylicensingsvcclient\iclsClient.cat
SurfaceStudio2-Plus\SurfaceUpdate\capabilitylicensingsvcclient\iclsClient.inf
SurfaceStudio2-Plus\SurfaceUpdate\dax3aposvc
SurfaceStudio2-Plus\SurfaceUpdate\dax3aposvc\CaptureStreamMonitor.dll
SurfaceStudio2-Plus\SurfaceUpdate\dax3aposvc\DAX3API.exe
SurfaceStudio2-Plus\SurfaceUpdate\dax3aposvc\Dax3DapControl.dll
SurfaceStudio2-Plus\SurfaceUpdate\dax3aposvc\Dax3Ref.dll
SurfaceStudio2-Plus\SurfaceUpdate\dax3aposvc\dax3_swc_aposvc.cat
SurfaceStudio2-Plus\SurfaceUpdate\dax3aposvc\dax3_swc_aposvc.inf
SurfaceStudio2-Plus\SurfaceUpdate\dax3aposvc\DAXSSID.dll
SurfaceStudio2-Plus\SurfaceUpdate\dax3aposvc\default_settings.json
SurfaceStudio2-Plus\SurfaceUpdate\dax3aposvc\Default_settings.xml
SurfaceStudio2-Plus\SurfaceUpdate\dax3aposvc\DolbyAPONs.dll
SurfaceStudio2-Plus\SurfaceUpdate\dax3aposvc\DolbyAPONs30.dll
SurfaceStudio2-Plus\SurfaceUpdate\dax3aposvc\DolbyAPOv2100.dll
SurfaceStudio2-Plus\SurfaceUpdate\dax3aposvc\DolbyAPOv251.dll
SurfaceStudio2-Plus\SurfaceUpdate\dax3aposvc\DolbyAPOvlldp.dll
SurfaceStudio2-Plus\SurfaceUpdate\dax3aposvc\DolbyAPOvlldp120.dll
SurfaceStudio2-Plus\SurfaceUpdate\dax3aposvc\DolbyAPOvlldp130.dll
SurfaceStudio2-Plus\SurfaceUpdate\dax3aposvc\DolbyAPOvlldp140.dll
SurfaceStudio2-Plus\SurfaceUpdate\dax3aposvc\DolbyAPOvlldp150.dll
SurfaceStudio2-Plus\SurfaceUpdate\dax3aposvc\DolbyApoVr.dll
SurfaceStudio2-Plus\SurfaceUpdate\dax3aposvc\DolbyDax3Apo.dll
SurfaceStudio2-Plus\SurfaceUpdate\dax3extrtk
SurfaceStudio2-Plus\SurfaceUpdate\dax3extrtk\dax3_ext_rtk.cat
SurfaceStudio2-Plus\SurfaceUpdate\dax3extrtk\dax3_ext_rtk.inf
SurfaceStudio2-Plus\SurfaceUpdate\dax3extrtk\DEV_0274_SUBSYS_10EC120A_PCI_SUBSYS_72708086.xml
SurfaceStudio2-Plus\SurfaceUpdate\dax3extrtk\DEV_0274_SUBSYS_10EC1216_PCI_SUBSYS_72708086.xml
SurfaceStudio2-Plus\SurfaceUpdate\dax3extrtk\DEV_0274_SUBSYS_10EC121C_PCI_SUBSYS_72708086.xml
SurfaceStudio2-Plus\SurfaceUpdate\dax3extrtk\DEV_0274_SUBSYS_10EC121C_PCI_SUBSYS_72708086_settings.xml
SurfaceStudio2-Plus\SurfaceUpdate\dax3extrtk\DEV_0274_SUBSYS_10EC121E_PCI_SUBSYS_72708086.xml
SurfaceStudio2-Plus\SurfaceUpdate\dax3extrtk\DEV_0274_SUBSYS_10EC122A_PCI_SUBSYS_72708086.xml
SurfaceStudio2-Plus\SurfaceUpdate\dax3extrtk\DEV_0274_SUBSYS_10EC122E_PCI_SUBSYS_72708086.xml
SurfaceStudio2-Plus\SurfaceUpdate\dax3extrtk\DEV_0274_SUBSYS_10EC123C_PCI_SUBSYS_72708086.xml
SurfaceStudio2-Plus\SurfaceUpdate\dax3extrtk\DEV_0274_SUBSYS_10EC123E_PCI_SUBSYS_72708086.xml
SurfaceStudio2-Plus\SurfaceUpdate\dax3extrtk\DEV_0274_SUBSYS_10EC1248_PCI_SUBSYS_72708086.xml
SurfaceStudio2-Plus\SurfaceUpdate\dax3extrtk\DEV_0274_SUBSYS_10EC126A_PCI_SUBSYS_72708086.xml
SurfaceStudio2-Plus\SurfaceUpdate\dax3extrtk\DEV_0274_SUBSYS_10EC126A_PCI_SUBSYS_72708086_settings.xml
SurfaceStudio2-Plus\SurfaceUpdate\dax3extrtk\DEV_0274_SUBSYS_10EC1282_PCI_SUBSYS_72708086.xml
SurfaceStudio2-Plus\SurfaceUpdate\dax3extrtk\DEV_0274_SUBSYS_10EC1282_PCI_SUBSYS_72708086_settings.xml
SurfaceStudio2-Plus\SurfaceUpdate\dax3extrtk\DEV_0274_SUBSYS_10EC1284_PCI_SUBSYS_72708086.xml
SurfaceStudio2-Plus\SurfaceUpdate\dax3extrtk\DEV_0274_SUBSYS_10EC1284_PCI_SUBSYS_72708086_settings.xml
SurfaceStudio2-Plus\SurfaceUpdate\dax3extrtk\DEV_0274_SUBSYS_10EC1286_PCI_SUBSYS_72708086.xml
SurfaceStudio2-Plus\SurfaceUpdate\dax3extrtk\DEV_0274_SUBSYS_10EC1288_PCI_SUBSYS_72708086.xml
SurfaceStudio2-Plus\SurfaceUpdate\dax3extrtk\DEV_0274_SUBSYS_10EC128E_PCI_SUBSYS_72708086.xml
SurfaceStudio2-Plus\SurfaceUpdate\dax3extrtk\DEV_0274_SUBSYS_10EC1290_PCI_SUBSYS_72708086.xml
SurfaceStudio2-Plus\SurfaceUpdate\dax3extrtk\DEV_0274_SUBSYS_10EC129C_PCI_SUBSYS_72708086.xml
SurfaceStudio2-Plus\SurfaceUpdate\dax3extrtk\DEV_0274_SUBSYS_10EC12B8_PCI_SUBSYS_72708086.xml
SurfaceStudio2-Plus\SurfaceUpdate\dax3extrtk\DEV_0274_SUBSYS_10EC12B8_PCI_SUBSYS_72708086_settings.xml
SurfaceStudio2-Plus\SurfaceUpdate\dax3extrtk\DEV_0274_SUBSYS_10EC12D2_PCI_SUBSYS_72708086.xml
SurfaceStudio2-Plus\SurfaceUpdate\dax3extrtk\DEV_0298_SUBSYS_10EC12BA_PCI_SUBSYS_72708086.xml
SurfaceStudio2-Plus\SurfaceUpdate\dax3extrtk\Headphone_Default_Generic_Default_Atmos3.7.xml
SurfaceStudio2-Plus\SurfaceUpdate\dax3extrtk\operator_DolbyAudioPremium_settings.xml
SurfaceStudio2-Plus\SurfaceUpdate\dax3extrtk\operator_settings.xml
SurfaceStudio2-Plus\SurfaceUpdate\dax3extrtk\operator_settings_msft_atmos.json
SurfaceStudio2-Plus\SurfaceUpdate\dax3extrtk\operator_settings_msft_audiopremium.json
SurfaceStudio2-Plus\SurfaceUpdate\dax3extrtk\settings_msft_atmos_capture_off.json
SurfaceStudio2-Plus\SurfaceUpdate\dax3extrtk\settings_msft_atmos_capture_off_multi_stream.json
SurfaceStudio2-Plus\SurfaceUpdate\dax3extrtk\settings_msft_atmos_feedback_off.json
SurfaceStudio2-Plus\SurfaceUpdate\dax3extrtk\settings_msft_atmos_multi_stream.json
SurfaceStudio2-Plus\SurfaceUpdate\dax3extrtk\settings_msft_audiopremium_feedback_off.json
SurfaceStudio2-Plus\SurfaceUpdate\dax3swchsa
SurfaceStudio2-Plus\SurfaceUpdate\dax3swchsa\dax3_swc_hsa.cat
SurfaceStudio2-Plus\SurfaceUpdate\dax3swchsa\dax3_swc_hsa.inf
SurfaceStudio2-Plus\SurfaceUpdate\devicestelemetryservicedriver
SurfaceStudio2-Plus\SurfaceUpdate\devicestelemetryservicedriver\AppLauncher.exe
SurfaceStudio2-Plus\SurfaceUpdate\devicestelemetryservicedriver\DevicesTelemetryService.exe
SurfaceStudio2-Plus\SurfaceUpdate\devicestelemetryservicedriver\DevicesTelemetryServiceDriver.cat
SurfaceStudio2-Plus\SurfaceUpdate\devicestelemetryservicedriver\DevicesTelemetryServiceDriver.inf
SurfaceStudio2-Plus\SurfaceUpdate\ehdxsstmd3a
SurfaceStudio2-Plus\SurfaceUpdate\ehdxsstmd3a\EHDXSSTMD3A.inf
SurfaceStudio2-Plus\SurfaceUpdate\ehdxsstmd3a\HDXRT.CAT
SurfaceStudio2-Plus\SurfaceUpdate\ehdxsstmd3a\RltkAPOU64.dll
SurfaceStudio2-Plus\SurfaceUpdate\ehdxsstmd3a\RltkAPOU642.dll
SurfaceStudio2-Plus\SurfaceUpdate\ehdxsstmd3a\RTAIODAT.DAT
SurfaceStudio2-Plus\SurfaceUpdate\ehdxsstmd3a\RtCOM64.dll
SurfaceStudio2-Plus\SurfaceUpdate\ehdxsstmd3a\RtkApi64U.dll
SurfaceStudio2-Plus\SurfaceUpdate\ehdxsstmd3a\RtkAudUService64.exe
SurfaceStudio2-Plus\SurfaceUpdate\ehdxsstmd3a\RtkCfg64.dll
SurfaceStudio2-Plus\SurfaceUpdate\ehdxsstmd3a\RTKVHD64.sys
SurfaceStudio2-Plus\SurfaceUpdate\gige64
SurfaceStudio2-Plus\SurfaceUpdate\gige64\e1d.cat
SurfaceStudio2-Plus\SurfaceUpdate\gige64\e1d.inf
SurfaceStudio2-Plus\SurfaceUpdate\gige64\e1d.sys
SurfaceStudio2-Plus\SurfaceUpdate\gige64\e1dmsg.dll
SurfaceStudio2-Plus\SurfaceUpdate\graphicsbase
SurfaceStudio2-Plus\SurfaceUpdate\graphicsbase\DisplayAudio
SurfaceStudio2-Plus\SurfaceUpdate\graphicsbase\DisplayAudio\10.26
SurfaceStudio2-Plus\SurfaceUpdate\graphicsbase\DisplayAudio\10.26\intcdaud.cat
SurfaceStudio2-Plus\SurfaceUpdate\graphicsbase\DisplayAudio\10.26\IntcDAud.inf
SurfaceStudio2-Plus\SurfaceUpdate\graphicsbase\DisplayAudio\10.26\IntcDAud.sys
SurfaceStudio2-Plus\SurfaceUpdate\graphicsbase\DisplayAudio\10.27
SurfaceStudio2-Plus\SurfaceUpdate\graphicsbase\DisplayAudio\10.27\intcdaud.cat
SurfaceStudio2-Plus\SurfaceUpdate\graphicsbase\DisplayAudio\10.27\IntcDAud.inf
SurfaceStudio2-Plus\SurfaceUpdate\graphicsbase\DisplayAudio\10.27\IntcDAud.sys
SurfaceStudio2-Plus\SurfaceUpdate\graphicsbase\DisplayAudio\11.1
SurfaceStudio2-Plus\SurfaceUpdate\graphicsbase\DisplayAudio\11.1\intcdaud.cat
SurfaceStudio2-Plus\SurfaceUpdate\graphicsbase\DisplayAudio\11.1\IntcDAud.inf
SurfaceStudio2-Plus\SurfaceUpdate\graphicsbase\DisplayAudio\11.1\IntcDAud.sys
SurfaceStudio2-Plus\SurfaceUpdate\graphicsbase\DisplayAudio\11.2
SurfaceStudio2-Plus\SurfaceUpdate\graphicsbase\DisplayAudio\11.2\intcdaud.cat
SurfaceStudio2-Plus\SurfaceUpdate\graphicsbase\DisplayAudio\11.2\IntcDAud.inf
SurfaceStudio2-Plus\SurfaceUpdate\graphicsbase\DisplayAudio\11.2\IntcDAud.sys
SurfaceStudio2-Plus\SurfaceUpdate\graphicsbase\fw
SurfaceStudio2-Plus\SurfaceUpdate\graphicsbase\fw\dg1_gfx_fwupdate.bin
SurfaceStudio2-Plus\SurfaceUpdate\graphicsbase\MiniCtaDriver
SurfaceStudio2-Plus\SurfaceUpdate\graphicsbase\MiniCtaDriver\minictadriver.cat
SurfaceStudio2-Plus\SurfaceUpdate\graphicsbase\MiniCtaDriver\MiniCtaDriver.inf
SurfaceStudio2-Plus\SurfaceUpdate\graphicsbase\MiniCtaDriver\MiniCtaDriver.sys
SurfaceStudio2-Plus\SurfaceUpdate\graphicsbase\oprom
SurfaceStudio2-Plus\SurfaceUpdate\graphicsbase\oprom\dg1_c_oprom.rom
SurfaceStudio2-Plus\SurfaceUpdate\graphicsbase\acxdac.cat
SurfaceStudio2-Plus\SurfaceUpdate\graphicsbase\AGS.dll
SurfaceStudio2-Plus\SurfaceUpdate\graphicsbase\AGSOfflinePackage.zip
SurfaceStudio2-Plus\SurfaceUpdate\graphicsbase\ColorImageEnhancement.wmv
SurfaceStudio2-Plus\SurfaceUpdate\graphicsbase\ControlLib.dll
SurfaceStudio2-Plus\SurfaceUpdate\graphicsbase\ControlLib32.dll
SurfaceStudio2-Plus\SurfaceUpdate\graphicsbase\cpa_32.vp
SurfaceStudio2-Plus\SurfaceUpdate\graphicsbase\cpa_64.vp
SurfaceStudio2-Plus\SurfaceUpdate\graphicsbase\cp_resources.bin
SurfaceStudio2-Plus\SurfaceUpdate\graphicsbase\cui_dch.inf
SurfaceStudio2-Plus\SurfaceUpdate\graphicsbase\c_32.cpa
SurfaceStudio2-Plus\SurfaceUpdate\graphicsbase\c_64.cpa
SurfaceStudio2-Plus\SurfaceUpdate\graphicsbase\dev_32.vp
SurfaceStudio2-Plus\SurfaceUpdate\graphicsbase\dev_64.vp
SurfaceStudio2-Plus\SurfaceUpdate\graphicsbase\DnnlPlugin.dll
SurfaceStudio2-Plus\SurfaceUpdate\graphicsbase\FilmModeDetection.wmv
SurfaceStudio2-Plus\SurfaceUpdate\graphicsbase\GfxDownloadWrapper.exe
SurfaceStudio2-Plus\SurfaceUpdate\graphicsbase\gscauxdriver.cat
SurfaceStudio2-Plus\SurfaceUpdate\graphicsbase\GSCAuxDriver.inf
SurfaceStudio2-Plus\SurfaceUpdate\graphicsbase\GSCAuxDriverx64.sys
SurfaceStudio2-Plus\SurfaceUpdate\graphicsbase\gscheci.cat
SurfaceStudio2-Plus\SurfaceUpdate\graphicsbase\gscheci.inf
SurfaceStudio2-Plus\SurfaceUpdate\graphicsbase\h265e_32.vp
SurfaceStudio2-Plus\SurfaceUpdate\graphicsbase\h265e_64.vp
SurfaceStudio2-Plus\SurfaceUpdate\graphicsbase\hdbusext.cat
SurfaceStudio2-Plus\SurfaceUpdate\graphicsbase\HdBusExt.inf
SurfaceStudio2-Plus\SurfaceUpdate\graphicsbase\he_32.vp
SurfaceStudio2-Plus\SurfaceUpdate\graphicsbase\he_64.vp
SurfaceStudio2-Plus\SurfaceUpdate\graphicsbase\ig11icd32.dll
SurfaceStudio2-Plus\SurfaceUpdate\graphicsbase\ig11icd64.dll
SurfaceStudio2-Plus\SurfaceUpdate\graphicsbase\ig9icd32.dll
SurfaceStudio2-Plus\SurfaceUpdate\graphicsbase\ig9icd64.dll
SurfaceStudio2-Plus\SurfaceUpdate\graphicsbase\iga32.dll
SurfaceStudio2-Plus\SurfaceUpdate\graphicsbase\iga64.dll
SurfaceStudio2-Plus\SurfaceUpdate\graphicsbase\igc32.dll
SurfaceStudio2-Plus\SurfaceUpdate\graphicsbase\igc64.dll
SurfaceStudio2-Plus\SurfaceUpdate\graphicsbase\igcc_dch.inf
SurfaceStudio2-Plus\SurfaceUpdate\graphicsbase\igd10iumd32.dll
SurfaceStudio2-Plus\SurfaceUpdate\graphicsbase\igd10iumd64.dll
SurfaceStudio2-Plus\SurfaceUpdate\graphicsbase\igd10mg32.dll
SurfaceStudio2-Plus\SurfaceUpdate\graphicsbase\igd10mg64.dll
SurfaceStudio2-Plus\SurfaceUpdate\graphicsbase\igd11dxva32.dll
SurfaceStudio2-Plus\SurfaceUpdate\graphicsbase\igd11dxva64.dll
SurfaceStudio2-Plus\SurfaceUpdate\graphicsbase\igd12dxva32.dll
SurfaceStudio2-Plus\SurfaceUpdate\graphicsbase\igd12dxva64.dll
SurfaceStudio2-Plus\SurfaceUpdate\graphicsbase\igd12um32icl.dll
SurfaceStudio2-Plus\SurfaceUpdate\graphicsbase\igd12um32kbl.dll
SurfaceStudio2-Plus\SurfaceUpdate\graphicsbase\igd12um32xel.dll
SurfaceStudio2-Plus\SurfaceUpdate\graphicsbase\igd12um64icl.dll
SurfaceStudio2-Plus\SurfaceUpdate\graphicsbase\igd12um64kbl.dll
SurfaceStudio2-Plus\SurfaceUpdate\graphicsbase\igd12um64xel.dll
SurfaceStudio2-Plus\SurfaceUpdate\graphicsbase\igd12umd32.dll
SurfaceStudio2-Plus\SurfaceUpdate\graphicsbase\igd12umd64.dll
SurfaceStudio2-Plus\SurfaceUpdate\graphicsbase\igd9dxva32.dll
SurfaceStudio2-Plus\SurfaceUpdate\graphicsbase\igd9dxva64.dll
SurfaceStudio2-Plus\SurfaceUpdate\graphicsbase\igdail32.dll
SurfaceStudio2-Plus\SurfaceUpdate\graphicsbase\igdail64.dll
SurfaceStudio2-Plus\SurfaceUpdate\graphicsbase\igdde32.dll
SurfaceStudio2-Plus\SurfaceUpdate\graphicsbase\igdde64.dll
SurfaceStudio2-Plus\SurfaceUpdate\graphicsbase\igdext32.dll
SurfaceStudio2-Plus\SurfaceUpdate\graphicsbase\igdext64.dll
SurfaceStudio2-Plus\SurfaceUpdate\graphicsbase\igdfcl32.dll
SurfaceStudio2-Plus\SurfaceUpdate\graphicsbase\igdfcl64.dll
SurfaceStudio2-Plus\SurfaceUpdate\graphicsbase\igdgmm32.dll
SurfaceStudio2-Plus\SurfaceUpdate\graphicsbase\igdgmm64.dll
SurfaceStudio2-Plus\SurfaceUpdate\graphicsbase\igdinfo32.dll
SurfaceStudio2-Plus\SurfaceUpdate\graphicsbase\igdinfo64.dll
SurfaceStudio2-Plus\SurfaceUpdate\graphicsbase\igdkmd64.sys
SurfaceStudio2-Plus\SurfaceUpdate\graphicsbase\igdkmdn64.sys
SurfaceStudio2-Plus\SurfaceUpdate\graphicsbase\igdkmdnd64.sys
SurfaceStudio2-Plus\SurfaceUpdate\graphicsbase\igdlh.cat
SurfaceStudio2-Plus\SurfaceUpdate\graphicsbase\igdmd32.dll
SurfaceStudio2-Plus\SurfaceUpdate\graphicsbase\igdmd64.dll
SurfaceStudio2-Plus\SurfaceUpdate\graphicsbase\igdml32.dll
SurfaceStudio2-Plus\SurfaceUpdate\graphicsbase\igdml64.dll
SurfaceStudio2-Plus\SurfaceUpdate\graphicsbase\igdrcl32.dll
SurfaceStudio2-Plus\SurfaceUpdate\graphicsbase\igdrcl64.dll
SurfaceStudio2-Plus\SurfaceUpdate\graphicsbase\igdumdim32.dll
SurfaceStudio2-Plus\SurfaceUpdate\graphicsbase\igdumdim64.dll
SurfaceStudio2-Plus\SurfaceUpdate\graphicsbase\igfx11cmrt32.dll
SurfaceStudio2-Plus\SurfaceUpdate\graphicsbase\igfx11cmrt64.dll
SurfaceStudio2-Plus\SurfaceUpdate\graphicsbase\igfxcmrt32.dll
SurfaceStudio2-Plus\SurfaceUpdate\graphicsbase\igfxcmrt64.dll
SurfaceStudio2-Plus\SurfaceUpdate\graphicsbase\igfxCUIService.exe
SurfaceStudio2-Plus\SurfaceUpdate\graphicsbase\igfxCUIServiceN.exe
SurfaceStudio2-Plus\SurfaceUpdate\graphicsbase\igfxCUIServicePS.dll
SurfaceStudio2-Plus\SurfaceUpdate\graphicsbase\igfxCUIServicePSN.dll
SurfaceStudio2-Plus\SurfaceUpdate\graphicsbase\igfxDH.dll
SurfaceStudio2-Plus\SurfaceUpdate\graphicsbase\igfxDHN.dll
SurfaceStudio2-Plus\SurfaceUpdate\graphicsbase\igfxDI.dll
SurfaceStudio2-Plus\SurfaceUpdate\graphicsbase\igfxDIN.dll
SurfaceStudio2-Plus\SurfaceUpdate\graphicsbase\igfxEM.exe
SurfaceStudio2-Plus\SurfaceUpdate\graphicsbase\igfxEMN.exe
SurfaceStudio2-Plus\SurfaceUpdate\graphicsbase\igfxexps.dll
SurfaceStudio2-Plus\SurfaceUpdate\graphicsbase\igfxexps32.dll
SurfaceStudio2-Plus\SurfaceUpdate\graphicsbase\igfxext.exe
SurfaceStudio2-Plus\SurfaceUpdate\graphicsbase\igfxextN.exe
SurfaceStudio2-Plus\SurfaceUpdate\graphicsbase\igfxLHM.dll
SurfaceStudio2-Plus\SurfaceUpdate\graphicsbase\igfxSDK.exe
SurfaceStudio2-Plus\SurfaceUpdate\graphicsbase\igfxSDKLib.dll
SurfaceStudio2-Plus\SurfaceUpdate\graphicsbase\iglhxa64.cpa
SurfaceStudio2-Plus\SurfaceUpdate\graphicsbase\iglhxa64.vp
SurfaceStudio2-Plus\SurfaceUpdate\graphicsbase\iglhxc64.vp
SurfaceStudio2-Plus\SurfaceUpdate\graphicsbase\iglhxc64_dev.vp
SurfaceStudio2-Plus\SurfaceUpdate\graphicsbase\iglhxg64.vp
SurfaceStudio2-Plus\SurfaceUpdate\graphicsbase\iglhxg64_dev.vp
SurfaceStudio2-Plus\SurfaceUpdate\graphicsbase\iglhxo64.vp
SurfaceStudio2-Plus\SurfaceUpdate\graphicsbase\iglhxo64_dev.vp
SurfaceStudio2-Plus\SurfaceUpdate\graphicsbase\iglhxs64.vp
SurfaceStudio2-Plus\SurfaceUpdate\graphicsbase\iglhxsn64.vp
SurfaceStudio2-Plus\SurfaceUpdate\graphicsbase\iglhxsnd64.vp
SurfaceStudio2-Plus\SurfaceUpdate\graphicsbase\igsc.dll
SurfaceStudio2-Plus\SurfaceUpdate\graphicsbase\igvk32.dll
SurfaceStudio2-Plus\SurfaceUpdate\graphicsbase\igvk32.json
SurfaceStudio2-Plus\SurfaceUpdate\graphicsbase\igvk64.dll
SurfaceStudio2-Plus\SurfaceUpdate\graphicsbase\igvk64.json
SurfaceStudio2-Plus\SurfaceUpdate\graphicsbase\igxelpicd32.dll
SurfaceStudio2-Plus\SurfaceUpdate\graphicsbase\igxelpicd64.dll
SurfaceStudio2-Plus\SurfaceUpdate\graphicsbase\igxelpplusicd32.dll
SurfaceStudio2-Plus\SurfaceUpdate\graphicsbase\igxelpplusicd64.dll
SurfaceStudio2-Plus\SurfaceUpdate\graphicsbase\iigd_dch.inf
SurfaceStudio2-Plus\SurfaceUpdate\graphicsbase\ImageStabilization.wmv
SurfaceStudio2-Plus\SurfaceUpdate\graphicsbase\IntelControlLib.dll
SurfaceStudio2-Plus\SurfaceUpdate\graphicsbase\IntelControlLib32.dll
SurfaceStudio2-Plus\SurfaceUpdate\graphicsbase\IntelCpHDCPSvc.exe
SurfaceStudio2-Plus\SurfaceUpdate\graphicsbase\IntelCpHeciSvc.exe
SurfaceStudio2-Plus\SurfaceUpdate\graphicsbase\IntelGpuCompiler32.dll
SurfaceStudio2-Plus\SurfaceUpdate\graphicsbase\IntelGpuCompiler64.dll
SurfaceStudio2-Plus\SurfaceUpdate\graphicsbase\IntelGraphicsAGS.exe
SurfaceStudio2-Plus\SurfaceUpdate\graphicsbase\intel_gfx_api-x64.dll
SurfaceStudio2-Plus\SurfaceUpdate\graphicsbase\intel_gfx_api-x86.dll
SurfaceStudio2-Plus\SurfaceUpdate\graphicsbase\Intel_OpenCL_ICD32.dll
SurfaceStudio2-Plus\SurfaceUpdate\graphicsbase\Intel_OpenCL_ICD64.dll
SurfaceStudio2-Plus\SurfaceUpdate\graphicsbase\libigc.so
SurfaceStudio2-Plus\SurfaceUpdate\graphicsbase\libigd12um64icl.so
SurfaceStudio2-Plus\SurfaceUpdate\graphicsbase\libigd12um64kbl.so
SurfaceStudio2-Plus\SurfaceUpdate\graphicsbase\libigd12um64xel.so
SurfaceStudio2-Plus\SurfaceUpdate\graphicsbase\libigd12umd64.so
SurfaceStudio2-Plus\SurfaceUpdate\graphicsbase\libigdfcl.so
SurfaceStudio2-Plus\SurfaceUpdate\graphicsbase\libigdgmm.so.12
SurfaceStudio2-Plus\SurfaceUpdate\graphicsbase\libLLVM-9.so
SurfaceStudio2-Plus\SurfaceUpdate\graphicsbase\libmfx32-gen.dll
SurfaceStudio2-Plus\SurfaceUpdate\graphicsbase\libmfx64-gen.dll
SurfaceStudio2-Plus\SurfaceUpdate\graphicsbase\libmfxhw32.dll
SurfaceStudio2-Plus\SurfaceUpdate\graphicsbase\libmfxhw64.dll
SurfaceStudio2-Plus\SurfaceUpdate\graphicsbase\libopencl-clang.so.9
SurfaceStudio2-Plus\SurfaceUpdate\graphicsbase\libUniversalAdapter64.so
SurfaceStudio2-Plus\SurfaceUpdate\graphicsbase\libwsl_compute_helper.so
SurfaceStudio2-Plus\SurfaceUpdate\graphicsbase\LiteDB.dll
SurfaceStudio2-Plus\SurfaceUpdate\graphicsbase\memcntrl.inf
SurfaceStudio2-Plus\SurfaceUpdate\graphicsbase\mfxplugin32_av1e_gacc.dll
SurfaceStudio2-Plus\SurfaceUpdate\graphicsbase\mfxplugin32_hw.dll
SurfaceStudio2-Plus\SurfaceUpdate\graphicsbase\mfxplugin64_av1e_gacc.dll
SurfaceStudio2-Plus\SurfaceUpdate\graphicsbase\mfxplugin64_hw.dll
SurfaceStudio2-Plus\SurfaceUpdate\graphicsbase\mfx_loader_dll_hw32.dll
SurfaceStudio2-Plus\SurfaceUpdate\graphicsbase\mfx_loader_dll_hw64.dll
SurfaceStudio2-Plus\SurfaceUpdate\graphicsbase\mfx_mft_av1hve_32.dll
SurfaceStudio2-Plus\SurfaceUpdate\graphicsbase\mfx_mft_av1hve_32.vp
SurfaceStudio2-Plus\SurfaceUpdate\graphicsbase\mfx_mft_av1hve_64.dll
SurfaceStudio2-Plus\SurfaceUpdate\graphicsbase\mfx_mft_av1hve_64.vp
SurfaceStudio2-Plus\SurfaceUpdate\graphicsbase\mfx_mft_encrypt_32.dll
SurfaceStudio2-Plus\SurfaceUpdate\graphicsbase\mfx_mft_encrypt_64.dll
SurfaceStudio2-Plus\SurfaceUpdate\graphicsbase\mfx_mft_h264ve_32.dll
SurfaceStudio2-Plus\SurfaceUpdate\graphicsbase\mfx_mft_h264ve_64.dll
SurfaceStudio2-Plus\SurfaceUpdate\graphicsbase\mfx_mft_h265ve_32.dll
SurfaceStudio2-Plus\SurfaceUpdate\graphicsbase\mfx_mft_h265ve_64.dll
SurfaceStudio2-Plus\SurfaceUpdate\graphicsbase\mfx_mft_mjpgvd_32.dll
SurfaceStudio2-Plus\SurfaceUpdate\graphicsbase\mfx_mft_mjpgvd_64.dll
SurfaceStudio2-Plus\SurfaceUpdate\graphicsbase\mfx_mft_vp9ve_32.dll
SurfaceStudio2-Plus\SurfaceUpdate\graphicsbase\mfx_mft_vp9ve_64.dll
SurfaceStudio2-Plus\SurfaceUpdate\graphicsbase\mj_32.vp
SurfaceStudio2-Plus\SurfaceUpdate\graphicsbase\mj_64.vp
SurfaceStudio2-Plus\SurfaceUpdate\graphicsbase\MSHdaDac.inf
SurfaceStudio2-Plus\SurfaceUpdate\graphicsbase\Newtonsoft.Json.dll
SurfaceStudio2-Plus\SurfaceUpdate\graphicsbase\NLog.config
SurfaceStudio2-Plus\SurfaceUpdate\graphicsbase\NLog.dll
SurfaceStudio2-Plus\SurfaceUpdate\graphicsbase\OneApp.IGCC.COMLibrary.dll
SurfaceStudio2-Plus\SurfaceUpdate\graphicsbase\OneApp.IGCC.CommunicationService.dll
SurfaceStudio2-Plus\SurfaceUpdate\graphicsbase\OneApp.IGCC.CoreLibrary.dll
SurfaceStudio2-Plus\SurfaceUpdate\graphicsbase\OneApp.IGCC.WinService.exe
SurfaceStudio2-Plus\SurfaceUpdate\graphicsbase\OneApp.IGCC.WinService.exe.config
SurfaceStudio2-Plus\SurfaceUpdate\graphicsbase\opencl-clang32.dll
SurfaceStudio2-Plus\SurfaceUpdate\graphicsbase\opencl-clang64.dll
SurfaceStudio2-Plus\SurfaceUpdate\graphicsbase\OpromUpdateTool.exe
SurfaceStudio2-Plus\SurfaceUpdate\graphicsbase\OSSCOPYRIGHT.txt
SurfaceStudio2-Plus\SurfaceUpdate\graphicsbase\TeeDriverGscW8x64.sys
SurfaceStudio2-Plus\SurfaceUpdate\graphicsbase\UMED.dll
SurfaceStudio2-Plus\SurfaceUpdate\graphicsbase\UniversalAdapter32.dll
SurfaceStudio2-Plus\SurfaceUpdate\graphicsbase\UniversalAdapter64.dll
SurfaceStudio2-Plus\SurfaceUpdate\graphicsbase\vp9e_32.vp
SurfaceStudio2-Plus\SurfaceUpdate\graphicsbase\vp9e_64.vp
SurfaceStudio2-Plus\SurfaceUpdate\graphicsbase\vpl_dispatcher_32.dll
SurfaceStudio2-Plus\SurfaceUpdate\graphicsbase\vpl_dispatcher_64.dll
SurfaceStudio2-Plus\SurfaceUpdate\graphicsbase\vulkan-1-32.dll
SurfaceStudio2-Plus\SurfaceUpdate\graphicsbase\vulkan-1-64.dll
SurfaceStudio2-Plus\SurfaceUpdate\graphicsbase\vulkaninfo-32.exe
SurfaceStudio2-Plus\SurfaceUpdate\graphicsbase\vulkaninfo-64.exe
SurfaceStudio2-Plus\SurfaceUpdate\graphicsbase\VulkanRT-EULA.txt
SurfaceStudio2-Plus\SurfaceUpdate\graphicsbase\ze_intel_gpu64.dll
SurfaceStudio2-Plus\SurfaceUpdate\graphicsbase\ze_loader.dll
SurfaceStudio2-Plus\SurfaceUpdate\graphicsbase\ze_tracing_layer.dll
SurfaceStudio2-Plus\SurfaceUpdate\graphicsbase\ze_validation_layer.dll
SurfaceStudio2-Plus\SurfaceUpdate\graphicsext
SurfaceStudio2-Plus\SurfaceUpdate\graphicsext\extinf.cat
SurfaceStudio2-Plus\SurfaceUpdate\graphicsext\iigd_ext_ch.inf
SurfaceStudio2-Plus\SurfaceUpdate\hideventfilter
SurfaceStudio2-Plus\SurfaceUpdate\hideventfilter\HidEventFilter.cat
SurfaceStudio2-Plus\SurfaceUpdate\hideventfilter\HidEventFilter.inf
SurfaceStudio2-Plus\SurfaceUpdate\hideventfilter\HidEventFilter.sys
SurfaceStudio2-Plus\SurfaceUpdate\intcoedoemlibpath
SurfaceStudio2-Plus\SurfaceUpdate\intcoedoemlibpath\IntcOED_OemLibPath.cat
SurfaceStudio2-Plus\SurfaceUpdate\intcoedoemlibpath\IntcOED_OemLibPath.inf
SurfaceStudio2-Plus\SurfaceUpdate\intcoedoemlibpath\tgl_dap210lite_lib.bin
SurfaceStudio2-Plus\SurfaceUpdate\intcoedoemlibpath\tgl_vlldp131_lib.bin
SurfaceStudio2-Plus\SurfaceUpdate\intcoedoemlibpath\tgl_vlldp141_lib.bin
SurfaceStudio2-Plus\SurfaceUpdate\intel219ethextensionpackage
SurfaceStudio2-Plus\SurfaceUpdate\intel219ethextensionpackage\SurfaceIntel219EthExtensionPackage.cat
SurfaceStudio2-Plus\SurfaceUpdate\intel219ethextensionpackage\SurfaceIntel219EthExtensionPackage.inf
SurfaceStudio2-Plus\SurfaceUpdate\managementengineext
SurfaceStudio2-Plus\SurfaceUpdate\managementengineext\OemExtension.cat
SurfaceStudio2-Plus\SurfaceUpdate\managementengineext\OemExtension.inf
SurfaceStudio2-Plus\SurfaceUpdate\nvmsoaegpu
SurfaceStudio2-Plus\SurfaceUpdate\nvmsoaegpu\Display.NvContainer
SurfaceStudio2-Plus\SurfaceUpdate\nvmsoaegpu\Display.NvContainer\plugins
SurfaceStudio2-Plus\SurfaceUpdate\nvmsoaegpu\Display.NvContainer\plugins\LocalSystem
SurfaceStudio2-Plus\SurfaceUpdate\nvmsoaegpu\Display.NvContainer\plugins\LocalSystem\messagebus.conf
SurfaceStudio2-Plus\SurfaceUpdate\nvmsoaegpu\Display.NvContainer\plugins\LocalSystem\NvcDispCorePlugin.dll
SurfaceStudio2-Plus\SurfaceUpdate\nvmsoaegpu\Display.NvContainer\plugins\LocalSystem\NvcDispWatchdog.dll
SurfaceStudio2-Plus\SurfaceUpdate\nvmsoaegpu\Display.NvContainer\plugins\LocalSystem\NvXDCore.dll
SurfaceStudio2-Plus\SurfaceUpdate\nvmsoaegpu\Display.NvContainer\plugins\LocalSystem\wksServicePluginZ.dll
SurfaceStudio2-Plus\SurfaceUpdate\nvmsoaegpu\Display.NvContainer\plugins\LocalSystem\_DisplayDriverRAS.dll
SurfaceStudio2-Plus\SurfaceUpdate\nvmsoaegpu\Display.NvContainer\plugins\LocalSystem\_NvMsgBusBroadcast.dll
SurfaceStudio2-Plus\SurfaceUpdate\nvmsoaegpu\Display.NvContainer\plugins\Session
SurfaceStudio2-Plus\SurfaceUpdate\nvmsoaegpu\Display.NvContainer\plugins\Session\NvProfileUpdaterPlugin.dll
SurfaceStudio2-Plus\SurfaceUpdate\nvmsoaegpu\Display.NvContainer\plugins\Session\nvxdsyncplugin.dll
SurfaceStudio2-Plus\SurfaceUpdate\nvmsoaegpu\Display.NvContainer\plugins\Session\wksServicePlugin.dll
SurfaceStudio2-Plus\SurfaceUpdate\nvmsoaegpu\Display.NvContainer\plugins\Session\_NvGSTPlugin.dll
SurfaceStudio2-Plus\SurfaceUpdate\nvmsoaegpu\Display.NvContainer\plugins\Session\_nvtopps.dll
SurfaceStudio2-Plus\SurfaceUpdate\nvmsoaegpu\Display.NvContainer\dlsargs.xml
SurfaceStudio2-Plus\SurfaceUpdate\nvmsoaegpu\Display.NvContainer\dlsnetparams.csv
SurfaceStudio2-Plus\SurfaceUpdate\nvmsoaegpu\Display.NvContainer\MessageBus.dll
SurfaceStudio2-Plus\SurfaceUpdate\nvmsoaegpu\Display.NvContainer\messagebus_client.conf
SurfaceStudio2-Plus\SurfaceUpdate\nvmsoaegpu\Display.NvContainer\NvContainerRecovery.bat
SurfaceStudio2-Plus\SurfaceUpdate\nvmsoaegpu\Display.NvContainer\NVDisplay.Container.exe
SurfaceStudio2-Plus\SurfaceUpdate\nvmsoaegpu\Display.NvContainer\nvgwls.exe
SurfaceStudio2-Plus\SurfaceUpdate\nvmsoaegpu\Display.NvContainer\nvtopps.db3
SurfaceStudio2-Plus\SurfaceUpdate\nvmsoaegpu\NvCamera
SurfaceStudio2-Plus\SurfaceUpdate\nvmsoaegpu\NvCamera\d3dcompiler_47_32.dll
SurfaceStudio2-Plus\SurfaceUpdate\nvmsoaegpu\NvCamera\d3dcompiler_47_64.dll
SurfaceStudio2-Plus\SurfaceUpdate\nvmsoaegpu\NvCamera\FreqTransfer32.exe
SurfaceStudio2-Plus\SurfaceUpdate\nvmsoaegpu\NvCamera\FreqTransfer64.exe
SurfaceStudio2-Plus\SurfaceUpdate\nvmsoaegpu\NvCamera\GreenScreenBG01.jpg
SurfaceStudio2-Plus\SurfaceUpdate\nvmsoaegpu\NvCamera\GreenScreenBG02.jpg
SurfaceStudio2-Plus\SurfaceUpdate\nvmsoaegpu\NvCamera\HighresBlender32.exe
SurfaceStudio2-Plus\SurfaceUpdate\nvmsoaegpu\NvCamera\HighresBlender64.exe
SurfaceStudio2-Plus\SurfaceUpdate\nvmsoaegpu\NvCamera\NvCamera32.dll
SurfaceStudio2-Plus\SurfaceUpdate\nvmsoaegpu\NvCamera\NvCamera64.dll
SurfaceStudio2-Plus\SurfaceUpdate\nvmsoaegpu\NvCamera\NvCameraAllowlisting32.dll
SurfaceStudio2-Plus\SurfaceUpdate\nvmsoaegpu\NvCamera\NvCameraAllowlisting64.dll
SurfaceStudio2-Plus\SurfaceUpdate\nvmsoaegpu\NvCamera\NvCameraEnable.exe
SurfaceStudio2-Plus\SurfaceUpdate\nvmsoaegpu\NvCamera\NvImageConvert32.exe
SurfaceStudio2-Plus\SurfaceUpdate\nvmsoaegpu\NvCamera\NvImageConvert64.exe
SurfaceStudio2-Plus\SurfaceUpdate\nvmsoaegpu\NvCamera\ReShadeFXC32.exe
SurfaceStudio2-Plus\SurfaceUpdate\nvmsoaegpu\NvCamera\ReShadeFXC64.exe
SurfaceStudio2-Plus\SurfaceUpdate\nvmsoaegpu\NvCamera\scratches.jpg
SurfaceStudio2-Plus\SurfaceUpdate\nvmsoaegpu\NvCamera\ShotWithGeforce518x32.rgba
SurfaceStudio2-Plus\SurfaceUpdate\nvmsoaegpu\NvCamera\SphericalEquirect32.exe
SurfaceStudio2-Plus\SurfaceUpdate\nvmsoaegpu\NvCamera\SphericalEquirect64.exe
SurfaceStudio2-Plus\SurfaceUpdate\nvmsoaegpu\NvCamera\Sticker01.png
SurfaceStudio2-Plus\SurfaceUpdate\nvmsoaegpu\NvCamera\Sticker02.png
SurfaceStudio2-Plus\SurfaceUpdate\nvmsoaegpu\NvCamera\Sticker03.png
SurfaceStudio2-Plus\SurfaceUpdate\nvmsoaegpu\NvCamera\Sticker04.png
SurfaceStudio2-Plus\SurfaceUpdate\nvmsoaegpu\NvCamera\Sticker05.png
SurfaceStudio2-Plus\SurfaceUpdate\nvmsoaegpu\NvCamera\Sticker06.png
SurfaceStudio2-Plus\SurfaceUpdate\nvmsoaegpu\NvCamera\Sticker07.png
SurfaceStudio2-Plus\SurfaceUpdate\nvmsoaegpu\NvCamera\Sticker08.png
SurfaceStudio2-Plus\SurfaceUpdate\nvmsoaegpu\NvCamera\tools_licenses.txt
SurfaceStudio2-Plus\SurfaceUpdate\nvmsoaegpu\NvCamera\ui.tga
SurfaceStudio2-Plus\SurfaceUpdate\nvmsoaegpu\NVWMI
SurfaceStudio2-Plus\SurfaceUpdate\nvmsoaegpu\NVWMI\nvPerfProvider.man
SurfaceStudio2-Plus\SurfaceUpdate\nvmsoaegpu\NVWMI\nvWmi.mof
SurfaceStudio2-Plus\SurfaceUpdate\nvmsoaegpu\NVWMI\nvWmi64.exe
SurfaceStudio2-Plus\SurfaceUpdate\nvmsoaegpu\0000.ui.forms
SurfaceStudio2-Plus\SurfaceUpdate\nvmsoaegpu\0000.ui.strings
SurfaceStudio2-Plus\SurfaceUpdate\nvmsoaegpu\0401.ui.forms
SurfaceStudio2-Plus\SurfaceUpdate\nvmsoaegpu\0401.ui.strings
SurfaceStudio2-Plus\SurfaceUpdate\nvmsoaegpu\0404.ui.forms
SurfaceStudio2-Plus\SurfaceUpdate\nvmsoaegpu\0404.ui.strings
SurfaceStudio2-Plus\SurfaceUpdate\nvmsoaegpu\0405.ui.forms
SurfaceStudio2-Plus\SurfaceUpdate\nvmsoaegpu\0405.ui.strings
SurfaceStudio2-Plus\SurfaceUpdate\nvmsoaegpu\0406.ui.forms
SurfaceStudio2-Plus\SurfaceUpdate\nvmsoaegpu\0406.ui.strings
SurfaceStudio2-Plus\SurfaceUpdate\nvmsoaegpu\0407.ui.forms
SurfaceStudio2-Plus\SurfaceUpdate\nvmsoaegpu\0407.ui.strings
SurfaceStudio2-Plus\SurfaceUpdate\nvmsoaegpu\0408.ui.forms
SurfaceStudio2-Plus\SurfaceUpdate\nvmsoaegpu\0408.ui.strings
SurfaceStudio2-Plus\SurfaceUpdate\nvmsoaegpu\0409.ui.forms
SurfaceStudio2-Plus\SurfaceUpdate\nvmsoaegpu\0409.ui.strings
SurfaceStudio2-Plus\SurfaceUpdate\nvmsoaegpu\040a.ui.forms
SurfaceStudio2-Plus\SurfaceUpdate\nvmsoaegpu\040a.ui.strings
SurfaceStudio2-Plus\SurfaceUpdate\nvmsoaegpu\040b.ui.forms
SurfaceStudio2-Plus\SurfaceUpdate\nvmsoaegpu\040b.ui.strings
SurfaceStudio2-Plus\SurfaceUpdate\nvmsoaegpu\040c.ui.forms
SurfaceStudio2-Plus\SurfaceUpdate\nvmsoaegpu\040c.ui.strings
SurfaceStudio2-Plus\SurfaceUpdate\nvmsoaegpu\040d.ui.forms
SurfaceStudio2-Plus\SurfaceUpdate\nvmsoaegpu\040d.ui.strings
SurfaceStudio2-Plus\SurfaceUpdate\nvmsoaegpu\040e.ui.forms
SurfaceStudio2-Plus\SurfaceUpdate\nvmsoaegpu\040e.ui.strings
SurfaceStudio2-Plus\SurfaceUpdate\nvmsoaegpu\0410.ui.forms
SurfaceStudio2-Plus\SurfaceUpdate\nvmsoaegpu\0410.ui.strings
SurfaceStudio2-Plus\SurfaceUpdate\nvmsoaegpu\0411.ui.forms
SurfaceStudio2-Plus\SurfaceUpdate\nvmsoaegpu\0411.ui.strings
SurfaceStudio2-Plus\SurfaceUpdate\nvmsoaegpu\0412.ui.forms
SurfaceStudio2-Plus\SurfaceUpdate\nvmsoaegpu\0412.ui.strings
SurfaceStudio2-Plus\SurfaceUpdate\nvmsoaegpu\0413.ui.forms
SurfaceStudio2-Plus\SurfaceUpdate\nvmsoaegpu\0413.ui.strings
SurfaceStudio2-Plus\SurfaceUpdate\nvmsoaegpu\0414.ui.forms
SurfaceStudio2-Plus\SurfaceUpdate\nvmsoaegpu\0414.ui.strings
SurfaceStudio2-Plus\SurfaceUpdate\nvmsoaegpu\0415.ui.forms
SurfaceStudio2-Plus\SurfaceUpdate\nvmsoaegpu\0415.ui.strings
SurfaceStudio2-Plus\SurfaceUpdate\nvmsoaegpu\0416.ui.forms
SurfaceStudio2-Plus\SurfaceUpdate\nvmsoaegpu\0416.ui.strings
SurfaceStudio2-Plus\SurfaceUpdate\nvmsoaegpu\0419.ui.forms
SurfaceStudio2-Plus\SurfaceUpdate\nvmsoaegpu\0419.ui.strings
SurfaceStudio2-Plus\SurfaceUpdate\nvmsoaegpu\041b.ui.forms
SurfaceStudio2-Plus\SurfaceUpdate\nvmsoaegpu\041b.ui.strings
SurfaceStudio2-Plus\SurfaceUpdate\nvmsoaegpu\041d.ui.forms
SurfaceStudio2-Plus\SurfaceUpdate\nvmsoaegpu\041d.ui.strings
SurfaceStudio2-Plus\SurfaceUpdate\nvmsoaegpu\041e.ui.forms
SurfaceStudio2-Plus\SurfaceUpdate\nvmsoaegpu\041e.ui.strings
SurfaceStudio2-Plus\SurfaceUpdate\nvmsoaegpu\041f.ui.forms
SurfaceStudio2-Plus\SurfaceUpdate\nvmsoaegpu\041f.ui.strings
SurfaceStudio2-Plus\SurfaceUpdate\nvmsoaegpu\0422.ui.forms
SurfaceStudio2-Plus\SurfaceUpdate\nvmsoaegpu\0422.ui.strings
SurfaceStudio2-Plus\SurfaceUpdate\nvmsoaegpu\0424.ui.forms
SurfaceStudio2-Plus\SurfaceUpdate\nvmsoaegpu\0424.ui.strings
SurfaceStudio2-Plus\SurfaceUpdate\nvmsoaegpu\0804.ui.strings
SurfaceStudio2-Plus\SurfaceUpdate\nvmsoaegpu\0809.ui.strings
SurfaceStudio2-Plus\SurfaceUpdate\nvmsoaegpu\080a.ui.strings
SurfaceStudio2-Plus\SurfaceUpdate\nvmsoaegpu\0816.ui.forms
SurfaceStudio2-Plus\SurfaceUpdate\nvmsoaegpu\0816.ui.strings
SurfaceStudio2-Plus\SurfaceUpdate\nvmsoaegpu\box_checked_disabled.png
SurfaceStudio2-Plus\SurfaceUpdate\nvmsoaegpu\box_checked_enabled.png
SurfaceStudio2-Plus\SurfaceUpdate\nvmsoaegpu\box_partialcheckboxed_enabled.png
SurfaceStudio2-Plus\SurfaceUpdate\nvmsoaegpu\box_unchecked_disabled.png
SurfaceStudio2-Plus\SurfaceUpdate\nvmsoaegpu\box_unchecked_enabled.png
SurfaceStudio2-Plus\SurfaceUpdate\nvmsoaegpu\btn_disable_135.png
SurfaceStudio2-Plus\SurfaceUpdate\nvmsoaegpu\btn_disable_180.png
SurfaceStudio2-Plus\SurfaceUpdate\nvmsoaegpu\btn_disable_90.png
SurfaceStudio2-Plus\SurfaceUpdate\nvmsoaegpu\btn_primary_135.png
SurfaceStudio2-Plus\SurfaceUpdate\nvmsoaegpu\btn_primary_180.png
SurfaceStudio2-Plus\SurfaceUpdate\nvmsoaegpu\btn_primary_90.png
SurfaceStudio2-Plus\SurfaceUpdate\nvmsoaegpu\btn_primary_focus_135.png
SurfaceStudio2-Plus\SurfaceUpdate\nvmsoaegpu\btn_primary_focus_180.png
SurfaceStudio2-Plus\SurfaceUpdate\nvmsoaegpu\btn_primary_focus_90.png
SurfaceStudio2-Plus\SurfaceUpdate\nvmsoaegpu\btn_primary_pressed_135.png
SurfaceStudio2-Plus\SurfaceUpdate\nvmsoaegpu\btn_primary_pressed_180.png
SurfaceStudio2-Plus\SurfaceUpdate\nvmsoaegpu\btn_primary_pressed_90.png
SurfaceStudio2-Plus\SurfaceUpdate\nvmsoaegpu\btn_secondary_135.png
SurfaceStudio2-Plus\SurfaceUpdate\nvmsoaegpu\btn_secondary_180.png
SurfaceStudio2-Plus\SurfaceUpdate\nvmsoaegpu\btn_secondary_90.png
SurfaceStudio2-Plus\SurfaceUpdate\nvmsoaegpu\btn_secondary_focus_135.png
SurfaceStudio2-Plus\SurfaceUpdate\nvmsoaegpu\btn_secondary_focus_180.png
SurfaceStudio2-Plus\SurfaceUpdate\nvmsoaegpu\btn_secondary_focus_90.png
SurfaceStudio2-Plus\SurfaceUpdate\nvmsoaegpu\btn_secondary_pressed_135.png
SurfaceStudio2-Plus\SurfaceUpdate\nvmsoaegpu\btn_secondary_pressed_180.png
SurfaceStudio2-Plus\SurfaceUpdate\nvmsoaegpu\btn_secondary_pressed_90.png
SurfaceStudio2-Plus\SurfaceUpdate\nvmsoaegpu\check.png
SurfaceStudio2-Plus\SurfaceUpdate\nvmsoaegpu\checkmark.png
SurfaceStudio2-Plus\SurfaceUpdate\nvmsoaegpu\circled_checkmark.png
SurfaceStudio2-Plus\SurfaceUpdate\nvmsoaegpu\cudnn_infer64_7.dl_
SurfaceStudio2-Plus\SurfaceUpdate\nvmsoaegpu\dbInstaller.exe
SurfaceStudio2-Plus\SurfaceUpdate\nvmsoaegpu\DisplayDriver.nvi
SurfaceStudio2-Plus\SurfaceUpdate\nvmsoaegpu\DisplayDriverExt.dll
SurfaceStudio2-Plus\SurfaceUpdate\nvmsoaegpu\error.png
SurfaceStudio2-Plus\SurfaceUpdate\nvmsoaegpu\EULA.txt
SurfaceStudio2-Plus\SurfaceUpdate\nvmsoaegpu\flxconnect64.dl_
SurfaceStudio2-Plus\SurfaceUpdate\nvmsoaegpu\flxcore64.dl_
SurfaceStudio2-Plus\SurfaceUpdate\nvmsoaegpu\grid-proxy-credentials.ps1
SurfaceStudio2-Plus\SurfaceUpdate\nvmsoaegpu\grid-third-party-licenses.txt
SurfaceStudio2-Plus\SurfaceUpdate\nvmsoaegpu\gsp_ga10x.bi_
SurfaceStudio2-Plus\SurfaceUpdate\nvmsoaegpu\gsp_tu10x.bi_
SurfaceStudio2-Plus\SurfaceUpdate\nvmsoaegpu\HDAudio.nvi
SurfaceStudio2-Plus\SurfaceUpdate\nvmsoaegpu\HDAudioExt.dll
SurfaceStudio2-Plus\SurfaceUpdate\nvmsoaegpu\info.png
SurfaceStudio2-Plus\SurfaceUpdate\nvmsoaegpu\install_bg.png
SurfaceStudio2-Plus\SurfaceUpdate\nvmsoaegpu\install_bg_rtl.png
SurfaceStudio2-Plus\SurfaceUpdate\nvmsoaegpu\libcuda.so.1.1
SurfaceStudio2-Plus\SurfaceUpdate\nvmsoaegpu\libcudadebugger.so.1
SurfaceStudio2-Plus\SurfaceUpdate\nvmsoaegpu\libcuda_loader.so
SurfaceStudio2-Plus\SurfaceUpdate\nvmsoaegpu\libnvcuvid.so.1
SurfaceStudio2-Plus\SurfaceUpdate\nvmsoaegpu\libnvdxdlkernels.so
SurfaceStudio2-Plus\SurfaceUpdate\nvmsoaegpu\libnvidia-encode.so.1
SurfaceStudio2-Plus\SurfaceUpdate\nvmsoaegpu\libnvidia-ml.so.1
SurfaceStudio2-Plus\SurfaceUpdate\nvmsoaegpu\libnvidia-ml_loader.so
SurfaceStudio2-Plus\SurfaceUpdate\nvmsoaegpu\libnvidia-nvvm.so.4
SurfaceStudio2-Plus\SurfaceUpdate\nvmsoaegpu\libnvidia-opticalflow.so.1
SurfaceStudio2-Plus\SurfaceUpdate\nvmsoaegpu\libnvidia-ptxjitcompiler.so.1
SurfaceStudio2-Plus\SurfaceUpdate\nvmsoaegpu\libnvoptix_loader.so.1
SurfaceStudio2-Plus\SurfaceUpdate\nvmsoaegpu\libnvwgf2umx.so
SurfaceStudio2-Plus\SurfaceUpdate\nvmsoaegpu\license.txt
SurfaceStudio2-Plus\SurfaceUpdate\nvmsoaegpu\mcu.ex_
SurfaceStudio2-Plus\SurfaceUpdate\nvmsoaegpu\nv-vk32.json
SurfaceStudio2-Plus\SurfaceUpdate\nvmsoaegpu\nv-vk64.json
SurfaceStudio2-Plus\SurfaceUpdate\nvmsoaegpu\nv3dappshext.dl_
SurfaceStudio2-Plus\SurfaceUpdate\nvmsoaegpu\nv3dappshextr.dl_
SurfaceStudio2-Plus\SurfaceUpdate\nvmsoaegpu\nvapi.dl_
SurfaceStudio2-Plus\SurfaceUpdate\nvmsoaegpu\nvapi64.dl_
SurfaceStudio2-Plus\SurfaceUpdate\nvmsoaegpu\nvapo32v.dll
SurfaceStudio2-Plus\SurfaceUpdate\nvmsoaegpu\nvapo64v.dll
SurfaceStudio2-Plus\SurfaceUpdate\nvmsoaegpu\NvCCX.dll
SurfaceStudio2-Plus\SurfaceUpdate\nvmsoaegpu\NvContainerRecovery.bat
SurfaceStudio2-Plus\SurfaceUpdate\nvmsoaegpu\nvcoproc.bi_
SurfaceStudio2-Plus\SurfaceUpdate\nvmsoaegpu\nvcpl.dll
SurfaceStudio2-Plus\SurfaceUpdate\nvmsoaegpu\nvcubins.bi_
SurfaceStudio2-Plus\SurfaceUpdate\nvmsoaegpu\nvcuda32.dl_
SurfaceStudio2-Plus\SurfaceUpdate\nvmsoaegpu\nvcuda64.dl_
SurfaceStudio2-Plus\SurfaceUpdate\nvmsoaegpu\nvcudadebugger.dl_
SurfaceStudio2-Plus\SurfaceUpdate\nvmsoaegpu\nvcuda_loader32.dl_
SurfaceStudio2-Plus\SurfaceUpdate\nvmsoaegpu\nvcuda_loader64.dl_
SurfaceStudio2-Plus\SurfaceUpdate\nvmsoaegpu\nvcuvid32.dl_
SurfaceStudio2-Plus\SurfaceUpdate\nvmsoaegpu\nvcuvid64.dl_
SurfaceStudio2-Plus\SurfaceUpdate\nvmsoaegpu\nvd3dum.dl_
SurfaceStudio2-Plus\SurfaceUpdate\nvmsoaegpu\nvd3dumx.dl_
SurfaceStudio2-Plus\SurfaceUpdate\nvmsoaegpu\nvdebugdump.ex_
SurfaceStudio2-Plus\SurfaceUpdate\nvmsoaegpu\nvdecmftmjpeg.dl_
SurfaceStudio2-Plus\SurfaceUpdate\nvmsoaegpu\nvdecmftmjpegx.dl_
SurfaceStudio2-Plus\SurfaceUpdate\nvmsoaegpu\nvdevtools.dl_
SurfaceStudio2-Plus\SurfaceUpdate\nvmsoaegpu\nvdevtoolsr.dl_
SurfaceStudio2-Plus\SurfaceUpdate\nvmsoaegpu\nvdispco64.exe
SurfaceStudio2-Plus\SurfaceUpdate\nvmsoaegpu\nvdisps.dll
SurfaceStudio2-Plus\SurfaceUpdate\nvmsoaegpu\nvdispsr.dl_
SurfaceStudio2-Plus\SurfaceUpdate\nvmsoaegpu\nvdlist.dl_
SurfaceStudio2-Plus\SurfaceUpdate\nvmsoaegpu\nvdlistx.dl_
SurfaceStudio2-Plus\SurfaceUpdate\nvmsoaegpu\nvdrsdb.bi_
SurfaceStudio2-Plus\SurfaceUpdate\nvmsoaegpu\nvdxdlkernels.dll
SurfaceStudio2-Plus\SurfaceUpdate\nvmsoaegpu\nvencmftav1.dl_
SurfaceStudio2-Plus\SurfaceUpdate\nvmsoaegpu\nvencmftav1x.dl_
SurfaceStudio2-Plus\SurfaceUpdate\nvmsoaegpu\nvencmfth264.dl_
SurfaceStudio2-Plus\SurfaceUpdate\nvmsoaegpu\nvencmfth264x.dl_
SurfaceStudio2-Plus\SurfaceUpdate\nvmsoaegpu\nvencmfthevc.dl_
SurfaceStudio2-Plus\SurfaceUpdate\nvmsoaegpu\nvencmfthevcx.dl_
SurfaceStudio2-Plus\SurfaceUpdate\nvmsoaegpu\nvencodeapi.dl_
SurfaceStudio2-Plus\SurfaceUpdate\nvmsoaegpu\nvencodeapi64.dl_
SurfaceStudio2-Plus\SurfaceUpdate\nvmsoaegpu\nvfbc.dl_
SurfaceStudio2-Plus\SurfaceUpdate\nvmsoaegpu\nvfbc64.dl_
SurfaceStudio2-Plus\SurfaceUpdate\nvmsoaegpu\nvgames.dll
SurfaceStudio2-Plus\SurfaceUpdate\nvmsoaegpu\nvgamesr.dl_
SurfaceStudio2-Plus\SurfaceUpdate\nvmsoaegpu\NVGPUP.Container.exe
SurfaceStudio2-Plus\SurfaceUpdate\nvmsoaegpu\nvhda.cat
SurfaceStudio2-Plus\SurfaceUpdate\nvmsoaegpu\nvhda.inf
SurfaceStudio2-Plus\SurfaceUpdate\nvmsoaegpu\nvhda32v.sys
SurfaceStudio2-Plus\SurfaceUpdate\nvmsoaegpu\nvhda64v.sys
SurfaceStudio2-Plus\SurfaceUpdate\nvmsoaegpu\nvhdap32.dll
SurfaceStudio2-Plus\SurfaceUpdate\nvmsoaegpu\nvhdap64.dll
SurfaceStudio2-Plus\SurfaceUpdate\nvmsoaegpu\NVI2.dll
SurfaceStudio2-Plus\SurfaceUpdate\nvmsoaegpu\NVI2UI.dll
SurfaceStudio2-Plus\SurfaceUpdate\nvmsoaegpu\nviccadvancedcoloridentity.ic_
SurfaceStudio2-Plus\SurfaceUpdate\nvmsoaegpu\nvidia-smi
SurfaceStudio2-Plus\SurfaceUpdate\nvmsoaegpu\nvidia-smi.ex_
SurfaceStudio2-Plus\SurfaceUpdate\nvmsoaegpu\nvifr.dl_
SurfaceStudio2-Plus\SurfaceUpdate\nvmsoaegpu\nvifr64.dl_
SurfaceStudio2-Plus\SurfaceUpdate\nvmsoaegpu\nvinfo.pb
SurfaceStudio2-Plus\SurfaceUpdate\nvmsoaegpu\NvInstallerUtil.dll
SurfaceStudio2-Plus\SurfaceUpdate\nvmsoaegpu\nvlddmkm.sy_
SurfaceStudio2-Plus\SurfaceUpdate\nvmsoaegpu\nvldumd.dl_
SurfaceStudio2-Plus\SurfaceUpdate\nvmsoaegpu\nvldumdx.dl_
SurfaceStudio2-Plus\SurfaceUpdate\nvmsoaegpu\nvlicensings.dl_
SurfaceStudio2-Plus\SurfaceUpdate\nvmsoaegpu\nvlicensingsr.dl_
SurfaceStudio2-Plus\SurfaceUpdate\nvmsoaegpu\nvml.dll
SurfaceStudio2-Plus\SurfaceUpdate\nvmsoaegpu\nvml_loader.dll
SurfaceStudio2-Plus\SurfaceUpdate\nvmsoaegpu\nvmsoaegpu.cat
SurfaceStudio2-Plus\SurfaceUpdate\nvmsoaegpu\nvmsoaegpu.inf
SurfaceStudio2-Plus\SurfaceUpdate\nvmsoaegpu\nvngx.dl_
SurfaceStudio2-Plus\SurfaceUpdate\nvmsoaegpu\nvngxdlss.dl_
SurfaceStudio2-Plus\SurfaceUpdate\nvmsoaegpu\nvngx_update.ex_
SurfaceStudio2-Plus\SurfaceUpdate\nvmsoaegpu\nvofapi.dl_
SurfaceStudio2-Plus\SurfaceUpdate\nvmsoaegpu\nvofapi64.dl_
SurfaceStudio2-Plus\SurfaceUpdate\nvmsoaegpu\nvoglv32.dl_
SurfaceStudio2-Plus\SurfaceUpdate\nvmsoaegpu\nvoglv64.dl_
SurfaceStudio2-Plus\SurfaceUpdate\nvmsoaegpu\nvopencl32.dl_
SurfaceStudio2-Plus\SurfaceUpdate\nvmsoaegpu\nvopencl64.dl_
SurfaceStudio2-Plus\SurfaceUpdate\nvmsoaegpu\nvoptix.bi_
SurfaceStudio2-Plus\SurfaceUpdate\nvmsoaegpu\nvoptix.dl_
SurfaceStudio2-Plus\SurfaceUpdate\nvmsoaegpu\nvpcf.cat
SurfaceStudio2-Plus\SurfaceUpdate\nvmsoaegpu\nvpcf.inf
SurfaceStudio2-Plus\SurfaceUpdate\nvmsoaegpu\NVPCF.nvi
SurfaceStudio2-Plus\SurfaceUpdate\nvmsoaegpu\nvpcf.sys
SurfaceStudio2-Plus\SurfaceUpdate\nvmsoaegpu\nvpciflt.sy_
SurfaceStudio2-Plus\SurfaceUpdate\nvmsoaegpu\nvppc.cat
SurfaceStudio2-Plus\SurfaceUpdate\nvmsoaegpu\nvppc.inf
SurfaceStudio2-Plus\SurfaceUpdate\nvmsoaegpu\NVPrxy32.dll
SurfaceStudio2-Plus\SurfaceUpdate\nvmsoaegpu\NVPrxy64.dll
SurfaceStudio2-Plus\SurfaceUpdate\nvmsoaegpu\nvptxjitcompiler32.dl_
SurfaceStudio2-Plus\SurfaceUpdate\nvmsoaegpu\nvptxjitcompiler64.dl_
SurfaceStudio2-Plus\SurfaceUpdate\nvmsoaegpu\nvrtum64.dl_
SurfaceStudio2-Plus\SurfaceUpdate\nvmsoaegpu\nvsetup.exe
SurfaceStudio2-Plus\SurfaceUpdate\nvmsoaegpu\nvshext.dl_
SurfaceStudio2-Plus\SurfaceUpdate\nvmsoaegpu\nvsmartmax.dl_
SurfaceStudio2-Plus\SurfaceUpdate\nvmsoaegpu\nvsmartmax64.dl_
SurfaceStudio2-Plus\SurfaceUpdate\nvmsoaegpu\nvsmartmaxapp.ex_
SurfaceStudio2-Plus\SurfaceUpdate\nvmsoaegpu\nvsmartmaxapp64.ex_
SurfaceStudio2-Plus\SurfaceUpdate\nvmsoaegpu\nvsvc64.dl_
SurfaceStudio2-Plus\SurfaceUpdate\nvmsoaegpu\nvsvcr.dl_
SurfaceStudio2-Plus\SurfaceUpdate\nvmsoaegpu\nvsvs.dll
SurfaceStudio2-Plus\SurfaceUpdate\nvmsoaegpu\nvsvsr.dl_
SurfaceStudio2-Plus\SurfaceUpdate\nvmsoaegpu\NvTelemetry64.dll
SurfaceStudio2-Plus\SurfaceUpdate\nvmsoaegpu\nvui.dl_
SurfaceStudio2-Plus\SurfaceUpdate\nvmsoaegpu\nvuir.dl_
SurfaceStudio2-Plus\SurfaceUpdate\nvmsoaegpu\nvvgpu64.dl_
SurfaceStudio2-Plus\SurfaceUpdate\nvmsoaegpu\nvvgpuconfig.dl_
SurfaceStudio2-Plus\SurfaceUpdate\nvmsoaegpu\nvvitvs.dll
SurfaceStudio2-Plus\SurfaceUpdate\nvmsoaegpu\nvvitvsr.dl_
SurfaceStudio2-Plus\SurfaceUpdate\nvmsoaegpu\nvvm32.dl_
SurfaceStudio2-Plus\SurfaceUpdate\nvmsoaegpu\nvvm64.dl_
SurfaceStudio2-Plus\SurfaceUpdate\nvmsoaegpu\nvwgf2um.dl_
SurfaceStudio2-Plus\SurfaceUpdate\nvmsoaegpu\nvwgf2umx.dl_
SurfaceStudio2-Plus\SurfaceUpdate\nvmsoaegpu\nvwss.dll
SurfaceStudio2-Plus\SurfaceUpdate\nvmsoaegpu\nvwssr.dl_
SurfaceStudio2-Plus\SurfaceUpdate\nvmsoaegpu\nvxdapix.dl_
SurfaceStudio2-Plus\SurfaceUpdate\nvmsoaegpu\nvxdbat.dl_
SurfaceStudio2-Plus\SurfaceUpdate\nvmsoaegpu\nvxdplcy.dl_
SurfaceStudio2-Plus\SurfaceUpdate\nvmsoaegpu\opencl32.dl_
SurfaceStudio2-Plus\SurfaceUpdate\nvmsoaegpu\opencl64.dl_
SurfaceStudio2-Plus\SurfaceUpdate\nvmsoaegpu\presentations_bg.png
SurfaceStudio2-Plus\SurfaceUpdate\nvmsoaegpu\presentations_bg_rtl.png
SurfaceStudio2-Plus\SurfaceUpdate\nvmsoaegpu\radio_btn_selected.png
SurfaceStudio2-Plus\SurfaceUpdate\nvmsoaegpu\radio_btn_unselected.png
SurfaceStudio2-Plus\SurfaceUpdate\nvmsoaegpu\setup.cfg
SurfaceStudio2-Plus\SurfaceUpdate\nvmsoaegpu\setup.exe
SurfaceStudio2-Plus\SurfaceUpdate\nvmsoaegpu\splash.png
SurfaceStudio2-Plus\SurfaceUpdate\nvmsoaegpu\splash_rtl.png
SurfaceStudio2-Plus\SurfaceUpdate\nvmsoaegpu\theme.cfg
SurfaceStudio2-Plus\SurfaceUpdate\nvmsoaegpu\UcmCxUcsiNvppc.sys
SurfaceStudio2-Plus\SurfaceUpdate\nvmsoaegpu\uninstall_bg.png
SurfaceStudio2-Plus\SurfaceUpdate\nvmsoaegpu\uninstall_bg_rtl.png
SurfaceStudio2-Plus\SurfaceUpdate\nvmsoaegpu\USBC.nvi
SurfaceStudio2-Plus\SurfaceUpdate\nvmsoaegpu\USBCExt.dll
SurfaceStudio2-Plus\SurfaceUpdate\nvmsoaegpu\vgpuconfig-azure_hci.xm_
SurfaceStudio2-Plus\SurfaceUpdate\nvmsoaegpu\vgpuconfig-azure_hci_aie.xm_
SurfaceStudio2-Plus\SurfaceUpdate\nvmsoaegpu\vgpuconfig.xm_
SurfaceStudio2-Plus\SurfaceUpdate\nvmsoaegpu\vulkan-1-x64.dl_
SurfaceStudio2-Plus\SurfaceUpdate\nvmsoaegpu\vulkan-1-x86.dl_
SurfaceStudio2-Plus\SurfaceUpdate\nvmsoaegpu\vulkaninfo-x64.ex_
SurfaceStudio2-Plus\SurfaceUpdate\nvmsoaegpu\vulkaninfo-x86.ex_
SurfaceStudio2-Plus\SurfaceUpdate\nvmsoaegpu\warning.png
SurfaceStudio2-Plus\SurfaceUpdate\nvmsoaegpu\_nvngx.dl_
SurfaceStudio2-Plus\SurfaceUpdate\surfacecfuoverhid
SurfaceStudio2-Plus\SurfaceUpdate\surfacecfuoverhid\SurfaceCFUOverHid.cat
SurfaceStudio2-Plus\SurfaceUpdate\surfacecfuoverhid\SurfaceCFUOverHid.dll
SurfaceStudio2-Plus\SurfaceUpdate\surfacecfuoverhid\SurfaceCFUOverHid.inf
SurfaceStudio2-Plus\SurfaceUpdate\Surfacedevicestelemetryservicedriver
SurfaceStudio2-Plus\SurfaceUpdate\Surfacedevicestelemetryservicedriver\AppLauncher.exe
SurfaceStudio2-Plus\SurfaceUpdate\Surfacedevicestelemetryservicedriver\DevicesTelemetryService.exe
SurfaceStudio2-Plus\SurfaceUpdate\Surfacedevicestelemetryservicedriver\DevicesTelemetryServiceDriver.cat
SurfaceStudio2-Plus\SurfaceUpdate\Surfacedevicestelemetryservicedriver\DevicesTelemetryServiceDriver.inf
SurfaceStudio2-Plus\SurfaceUpdate\surfacedialfilter
SurfaceStudio2-Plus\SurfaceUpdate\surfacedialfilter\SurfaceDialFilter.cat
SurfaceStudio2-Plus\SurfaceUpdate\surfacedialfilter\SurfaceDialFilter.inf
SurfaceStudio2-Plus\SurfaceUpdate\surfacedialfilter\SurfaceDialFilter.sys
SurfaceStudio2-Plus\SurfaceUpdate\surfaceeeprom
SurfaceStudio2-Plus\SurfaceUpdate\surfaceeeprom\SurfaceEeprom.cat
SurfaceStudio2-Plus\SurfaceUpdate\surfaceeeprom\SurfaceEeprom.inf
SurfaceStudio2-Plus\SurfaceUpdate\surfaceeeprom\SurfaceEeprom.sys
SurfaceStudio2-Plus\SurfaceUpdate\surfacegpu
SurfaceStudio2-Plus\SurfaceUpdate\surfacegpu\surfacegpu.cat
SurfaceStudio2-Plus\SurfaceUpdate\surfacegpu\SurfaceGpu.inf
SurfaceStudio2-Plus\SurfaceUpdate\surfacegpu\SurfaceGpu_070.00.003.bin
SurfaceStudio2-Plus\SurfaceUpdate\surfacehidfriendlynames
SurfaceStudio2-Plus\SurfaceUpdate\surfacehidfriendlynames\SurfaceHIDFriendlyNames.cat
SurfaceStudio2-Plus\SurfaceUpdate\surfacehidfriendlynames\SurfaceHIDFriendlyNames.inf
SurfaceStudio2-Plus\SurfaceUpdate\surfaceihvcpusmfclient
SurfaceStudio2-Plus\SurfaceUpdate\surfaceihvcpusmfclient\SurfaceIhvCpuSmfClient.cat
SurfaceStudio2-Plus\SurfaceUpdate\surfaceihvcpusmfclient\SurfaceIhvCpuSmfClient.inf
SurfaceStudio2-Plus\SurfaceUpdate\surfaceihvcpusmfclient\SurfaceIhvCpuSmfClient.sys
SurfaceStudio2-Plus\SurfaceUpdate\surfaceihvgpupowercontrollerdriver
SurfaceStudio2-Plus\SurfaceUpdate\surfaceihvgpupowercontrollerdriver\SurfaceIhvGpuPowerControllerDriver.cat
SurfaceStudio2-Plus\SurfaceUpdate\surfaceihvgpupowercontrollerdriver\SurfaceIhvGpuPowerControllerDriver.inf
SurfaceStudio2-Plus\SurfaceUpdate\surfaceihvgpupowercontrollerdriver\SurfaceIhvGpuPowerControllerDriver.sys
SurfaceStudio2-Plus\SurfaceUpdate\surfaceme
SurfaceStudio2-Plus\SurfaceUpdate\surfaceme\SurfaceME.cat
SurfaceStudio2-Plus\SurfaceUpdate\surfaceme\SurfaceME.inf
SurfaceStudio2-Plus\SurfaceUpdate\surfaceme\SurfaceME_15.0.2573.1.bin
SurfaceStudio2-Plus\SurfaceUpdate\surfaceoempanel
SurfaceStudio2-Plus\SurfaceUpdate\surfaceoempanel\ColorCalibrationComputation.dll
SurfaceStudio2-Plus\SurfaceUpdate\surfaceoempanel\SurfaceEnhanced.icm
SurfaceStudio2-Plus\SurfaceUpdate\surfaceoempanel\surfaceoempanel.cat
SurfaceStudio2-Plus\SurfaceUpdate\surfaceoempanel\SurfaceOemPanel.dll
SurfaceStudio2-Plus\SurfaceUpdate\surfaceoempanel\SurfaceOemPanel.inf
SurfaceStudio2-Plus\SurfaceUpdate\surfaceoempanel\SurfacesRGB.icm
SurfaceStudio2-Plus\SurfaceUpdate\surfaceoempanelcustomization
SurfaceStudio2-Plus\SurfaceUpdate\surfaceoempanelcustomization\PQConfig.dv
SurfaceStudio2-Plus\SurfaceUpdate\surfaceoempanelcustomization\SurfaceOemPanelCustomization.cat
SurfaceStudio2-Plus\SurfaceUpdate\surfaceoempanelcustomization\SurfaceOemPanelCustomization.inf
SurfaceStudio2-Plus\SurfaceUpdate\surfaceoempanelcustomization\SurfacesRGB.icm
SurfaceStudio2-Plus\SurfaceUpdate\surfaceoempanelcustomization\SurfaceVivid.icm
SurfaceStudio2-Plus\SurfaceUpdate\surfacepd0
SurfaceStudio2-Plus\SurfaceUpdate\surfacepd0\surfacepd0.cat
SurfaceStudio2-Plus\SurfaceUpdate\surfacepd0\SurfacePD0.inf
SurfaceStudio2-Plus\SurfaceUpdate\surfacepd0\SurfacePD0_3.12.0.bin
SurfaceStudio2-Plus\SurfaceUpdate\surfacepd1
SurfaceStudio2-Plus\SurfaceUpdate\surfacepd1\surfacepd1.cat
SurfaceStudio2-Plus\SurfaceUpdate\surfacepd1\SurfacePD1.inf
SurfaceStudio2-Plus\SurfaceUpdate\surfacepd1\SurfacePD1_3.12.0.bin
SurfaceStudio2-Plus\SurfaceUpdate\surfacepen0953firmwareupdate
SurfaceStudio2-Plus\SurfaceUpdate\surfacepen0953firmwareupdate\Surface0953FwUpdate.cat
SurfaceStudio2-Plus\SurfaceUpdate\surfacepen0953firmwareupdate\SurfacePen0953FirmwareUpdate.inf
SurfaceStudio2-Plus\SurfaceUpdate\surfacepen0953firmwareupdate\SurfacePen0953_Annapurna-HI.offer.bin
SurfaceStudio2-Plus\SurfaceUpdate\surfacepen0953firmwareupdate\SurfacePen0953_Annapurna-HI.payload.bin
SurfaceStudio2-Plus\SurfaceUpdate\surfacepen0953firmwareupdate\SurfacePen0953_Annapurna-LO.offer.bin
SurfaceStudio2-Plus\SurfaceUpdate\surfacepen0953firmwareupdate\SurfacePen0953_Annapurna-LO.payload.bin
SurfaceStudio2-Plus\SurfaceUpdate\surfacepen0953firmwareupdate\SurfacePen0953_MCU-B0.offer.bin
SurfaceStudio2-Plus\SurfaceUpdate\surfacepen0953firmwareupdate\SurfacePen0953_MCU-B0.payload.bin
SurfaceStudio2-Plus\SurfaceUpdate\surfacepen0953firmwareupdate\SurfacePen0953_MCU-B1.offer.bin
SurfaceStudio2-Plus\SurfaceUpdate\surfacepen0953firmwareupdate\SurfacePen0953_MCU-B1.payload.bin
SurfaceStudio2-Plus\SurfaceUpdate\surfacepen0c0ffirmwareupdate
SurfaceStudio2-Plus\SurfaceUpdate\surfacepen0c0ffirmwareupdate\surfacepen0c0ffirmwareupdate.cat
SurfaceStudio2-Plus\SurfaceUpdate\surfacepen0c0ffirmwareupdate\SurfacePen0C0FFirmwareUpdate.inf
SurfaceStudio2-Plus\SurfaceUpdate\surfacepen0c0ffirmwareupdate\SurfacePen0C0F_BLE-HI.offer.bin
SurfaceStudio2-Plus\SurfaceUpdate\surfacepen0c0ffirmwareupdate\SurfacePen0C0F_BLE-HI.payload.bin
SurfaceStudio2-Plus\SurfaceUpdate\surfacepen0c0ffirmwareupdate\SurfacePen0C0F_BLE-LO.offer.bin
SurfaceStudio2-Plus\SurfaceUpdate\surfacepen0c0ffirmwareupdate\SurfacePen0C0F_BLE-LO.payload.bin
SurfaceStudio2-Plus\SurfaceUpdate\surfacepen0c0ffirmwareupdate\SurfacePen0C0F_HAPTIC.offer.bin
SurfaceStudio2-Plus\SurfaceUpdate\surfacepen0c0ffirmwareupdate\SurfacePen0C0F_HAPTIC.payload.bin
SurfaceStudio2-Plus\SurfaceUpdate\surfacepen0c0ffirmwareupdate\SurfacePen0C0F_MCU-B0.offer.bin
SurfaceStudio2-Plus\SurfaceUpdate\surfacepen0c0ffirmwareupdate\SurfacePen0C0F_MCU-B0.payload.bin
SurfaceStudio2-Plus\SurfaceUpdate\surfacepen217fwupdate
SurfaceStudio2-Plus\SurfaceUpdate\surfacepen217fwupdate\SurfacePen217FwUpdate.cat
SurfaceStudio2-Plus\SurfaceUpdate\surfacepen217fwupdate\SurfacePen217FwUpdate.dll
SurfaceStudio2-Plus\SurfaceUpdate\surfacepen217fwupdate\SurfacePen217FwUpdate.inf
SurfaceStudio2-Plus\SurfaceUpdate\surfacepowermeter
SurfaceStudio2-Plus\SurfaceUpdate\surfacepowermeter\PowerMeterTestLib.lib
SurfaceStudio2-Plus\SurfaceUpdate\surfacepowermeter\PowerMeterTestLib.lib.lastcodeanalysissucceeded
SurfaceStudio2-Plus\SurfaceUpdate\surfacepowermeter\SurfacePmiCmd.exe
SurfaceStudio2-Plus\SurfaceUpdate\surfacepowermeter\SurfacePmiCmd.exe.lastcodeanalysissucceeded
SurfaceStudio2-Plus\SurfaceUpdate\surfacepowermeter\SurfacePowerMeter.cat
SurfaceStudio2-Plus\SurfaceUpdate\surfacepowermeter\SurfacePowerMeter.inf
SurfaceStudio2-Plus\SurfaceUpdate\surfacepowermeter\SurfacePowerMeter.sys
SurfaceStudio2-Plus\SurfaceUpdate\surfacepowermeter\SurfacePowerMeter.sys.lastcodeanalysissucceeded
SurfaceStudio2-Plus\SurfaceUpdate\surfacepowerstate
SurfaceStudio2-Plus\SurfaceUpdate\surfacepowerstate\SurfacePowerState.inf
SurfaceStudio2-Plus\SurfaceUpdate\surfacepowerstate\SurfacePowerStateDriver.cat
SurfaceStudio2-Plus\SurfaceUpdate\surfacepowerstate\SurfacePowerStateDriver.sys
SurfaceStudio2-Plus\SurfaceUpdate\surfacepowertrackercore
SurfaceStudio2-Plus\SurfaceUpdate\surfacepowertrackercore\SurfacePowerTrackerCore.cat
SurfaceStudio2-Plus\SurfaceUpdate\surfacepowertrackercore\SurfacePowerTrackerCore.inf
SurfaceStudio2-Plus\SurfaceUpdate\surfacepowertrackercore\SurfacePowerTrackerCore.sys
SurfaceStudio2-Plus\SurfaceUpdate\surfaceretimer
SurfaceStudio2-Plus\SurfaceUpdate\surfaceretimer\surfaceretimer.cat
SurfaceStudio2-Plus\SurfaceUpdate\surfaceretimer\SurfaceRetimer.inf
SurfaceStudio2-Plus\SurfaceUpdate\surfaceretimer\SurfaceRetimer_2.25.0.6_0.bin
SurfaceStudio2-Plus\SurfaceUpdate\surfaceretimer\SurfaceRetimer_2.25.0.6_1.bin
SurfaceStudio2-Plus\SurfaceUpdate\surfacesam
SurfaceStudio2-Plus\SurfaceUpdate\surfacesam\SurfaceSAM.cat
SurfaceStudio2-Plus\SurfaceUpdate\surfacesam\SurfaceSAM.inf
SurfaceStudio2-Plus\SurfaceUpdate\surfacesam\SurfaceSAM_14.100.139.bin
SurfaceStudio2-Plus\SurfaceUpdate\Surfaceservicenull
SurfaceStudio2-Plus\SurfaceUpdate\Surfaceservicenull\SurfaceBtleLcPenTelemetry.dll
SurfaceStudio2-Plus\SurfaceUpdate\Surfaceservicenull\SurfaceDriversTelemetryConsentSettings.dll
SurfaceStudio2-Plus\SurfaceUpdate\Surfaceservicenull\SurfaceIntegrationServiceDriver.cat
SurfaceStudio2-Plus\SurfaceUpdate\Surfaceservicenull\SurfaceService.exe
SurfaceStudio2-Plus\SurfaceUpdate\Surfaceservicenull\SurfaceServiceNullDriver.inf
SurfaceStudio2-Plus\SurfaceUpdate\Surfaceservicenull\SurfaceServiceSensors.dll
SurfaceStudio2-Plus\SurfaceUpdate\surfacesmf
SurfaceStudio2-Plus\SurfaceUpdate\surfacesmf\Smf_iX_96.0.0.27.bin
SurfaceStudio2-Plus\SurfaceUpdate\surfacesmf\surfacesmf_ix.cat
SurfaceStudio2-Plus\SurfaceUpdate\surfacesmf\SurfaceSMF_iX.inf
SurfaceStudio2-Plus\SurfaceUpdate\surfacestoragefwupdateenum
SurfaceStudio2-Plus\SurfaceUpdate\surfacestoragefwupdateenum\SurfaceStorageFwUpdateEnum.cat
SurfaceStudio2-Plus\SurfaceUpdate\surfacestoragefwupdateenum\SurfaceStorageFwUpdateEnum.inf
SurfaceStudio2-Plus\SurfaceUpdate\surfacestoragefwupdatemzvl21t0hclr00bmv
SurfaceStudio2-Plus\SurfaceUpdate\surfacestoragefwupdatemzvl21t0hclr00bmv\GXA74M0Q_NF.bin
SurfaceStudio2-Plus\SurfaceUpdate\surfacestoragefwupdatemzvl21t0hclr00bmv\SurfaceStorageFwUpdateMZVL21T0HCLR00BMV.cat
SurfaceStudio2-Plus\SurfaceUpdate\surfacestoragefwupdatemzvl21t0hclr00bmv\SurfaceStorageFwUpdateMZVL21T0HCLR00BMV.inf
SurfaceStudio2-Plus\SurfaceUpdate\surfacestoragefwupdatesdcpnry1t001124
SurfaceStudio2-Plus\SurfaceUpdate\surfacestoragefwupdatesdcpnry1t001124\61505024.fluf
SurfaceStudio2-Plus\SurfaceUpdate\surfacestoragefwupdatesdcpnry1t001124\surfacestoragefwupdatesdcpnry1t001124.cat
SurfaceStudio2-Plus\SurfaceUpdate\surfacestoragefwupdatesdcpnry1t001124\SurfaceStorageFwUpdateSDCPNRY1T001124.inf
SurfaceStudio2-Plus\SurfaceUpdate\surfacesystemmanagementframeworkdriver
SurfaceStudio2-Plus\SurfaceUpdate\surfacesystemmanagementframeworkdriver\SurfaceSystemManagementFrameworkDriver.cat
SurfaceStudio2-Plus\SurfaceUpdate\surfacesystemmanagementframeworkdriver\SurfaceSystemManagementFrameworkDriver.inf
SurfaceStudio2-Plus\SurfaceUpdate\surfacesystemmanagementframeworkdriver\SurfaceSystemManagementFrameworkDriver.sys
SurfaceStudio2-Plus\SurfaceUpdate\surfacesystemtelemetrydriver
SurfaceStudio2-Plus\SurfaceUpdate\surfacesystemtelemetrydriver\SurfaceSystemTelemetryDriver.cat
SurfaceStudio2-Plus\SurfaceUpdate\surfacesystemtelemetrydriver\SurfaceSystemTelemetryDriver.inf
SurfaceStudio2-Plus\SurfaceUpdate\surfacesystemtelemetrydriver\SurfaceSystemTelemetryDriver.sys
SurfaceStudio2-Plus\SurfaceUpdate\surfacetcon
SurfaceStudio2-Plus\SurfaceUpdate\surfacetcon\surfacetcon.cat
SurfaceStudio2-Plus\SurfaceUpdate\surfacetcon\SurfaceTCON.inf
SurfaceStudio2-Plus\SurfaceUpdate\surfacetcon\SurfaceTCON_177.3.1.1.bin
SurfaceStudio2-Plus\SurfaceUpdate\surfacethermalpolicy
SurfaceStudio2-Plus\SurfaceUpdate\surfacethermalpolicy\SurfaceThermalPolicy.cat
SurfaceStudio2-Plus\SurfaceUpdate\surfacethermalpolicy\SurfaceThermalPolicy.inf
SurfaceStudio2-Plus\SurfaceUpdate\surfacethermalpolicy\SurfaceThermalPolicy.sys
SurfaceStudio2-Plus\SurfaceUpdate\surfacethunderbolt4dockfwupdate
SurfaceStudio2-Plus\SurfaceUpdate\surfacethunderbolt4dockfwupdate\SurfaceThunderbolt4DockFwUpdate.cat
SurfaceStudio2-Plus\SurfaceUpdate\surfacethunderbolt4dockfwupdate\SurfaceThunderbolt4DockFwUpdate.inf
SurfaceStudio2-Plus\SurfaceUpdate\surfacethunderbolt4dockfwupdate\SurfaceThunderbolt4Dock_1_AMC1.offer.bin
SurfaceStudio2-Plus\SurfaceUpdate\surfacethunderbolt4dockfwupdate\SurfaceThunderbolt4Dock_1_AMC1.payload.bin
SurfaceStudio2-Plus\SurfaceUpdate\surfacethunderbolt4dockfwupdate\SurfaceThunderbolt4Dock_1_AMC2.offer.bin
SurfaceStudio2-Plus\SurfaceUpdate\surfacethunderbolt4dockfwupdate\SurfaceThunderbolt4Dock_1_AMC2.payload.bin
SurfaceStudio2-Plus\SurfaceUpdate\surfacethunderbolt4dockfwupdate\SurfaceThunderbolt4Dock_2_UFPPD1.offer.bin
SurfaceStudio2-Plus\SurfaceUpdate\surfacethunderbolt4dockfwupdate\SurfaceThunderbolt4Dock_2_UFPPD1.payload.bin
SurfaceStudio2-Plus\SurfaceUpdate\surfacethunderbolt4dockfwupdate\SurfaceThunderbolt4Dock_2_UFPPD2.offer.bin
SurfaceStudio2-Plus\SurfaceUpdate\surfacethunderbolt4dockfwupdate\SurfaceThunderbolt4Dock_2_UFPPD2.payload.bin
SurfaceStudio2-Plus\SurfaceUpdate\surfacethunderbolt4dockfwupdate\SurfaceThunderbolt4Dock_3_U3HUB1.offer.bin
SurfaceStudio2-Plus\SurfaceUpdate\surfacethunderbolt4dockfwupdate\SurfaceThunderbolt4Dock_3_U3HUB1.payload.bin
SurfaceStudio2-Plus\SurfaceUpdate\surfacethunderbolt4dockfwupdate\SurfaceThunderbolt4Dock_4_AUDIOS1.offer.bin
SurfaceStudio2-Plus\SurfaceUpdate\surfacethunderbolt4dockfwupdate\SurfaceThunderbolt4Dock_4_AUDIOS1.payload.bin
SurfaceStudio2-Plus\SurfaceUpdate\surfacethunderbolt4dockfwupdate\SurfaceThunderbolt4Dock_6_TBT1.offer.bin
SurfaceStudio2-Plus\SurfaceUpdate\surfacethunderbolt4dockfwupdate\SurfaceThunderbolt4Dock_6_TBT1.payload.bin
SurfaceStudio2-Plus\SurfaceUpdate\surfacethunderbolt4dockfwupdate\SurfaceThunderbolt4Dock_7_DFPPD1.offer.bin
SurfaceStudio2-Plus\SurfaceUpdate\surfacethunderbolt4dockfwupdate\SurfaceThunderbolt4Dock_7_DFPPD1.payload.bin
SurfaceStudio2-Plus\SurfaceUpdate\surfacethunderbolt4dockfwupdate\SurfaceThunderbolt4Dock_7_DFPPD2.offer.bin
SurfaceStudio2-Plus\SurfaceUpdate\surfacethunderbolt4dockfwupdate\SurfaceThunderbolt4Dock_7_DFPPD2.payload.bin
SurfaceStudio2-Plus\SurfaceUpdate\surfacetouch
SurfaceStudio2-Plus\SurfaceUpdate\surfacetouch\install.json
SurfaceStudio2-Plus\SurfaceUpdate\surfacetouch\surfacetouch.cat
SurfaceStudio2-Plus\SurfaceUpdate\surfacetouch\SurfaceTouch.inf
SurfaceStudio2-Plus\SurfaceUpdate\surfacetouch\SurfaceTouch_144.225.0.168.bin
SurfaceStudio2-Plus\SurfaceUpdate\surfacetpmnationz
SurfaceStudio2-Plus\SurfaceUpdate\surfacetpmnationz\surfacetpm.cat
SurfaceStudio2-Plus\SurfaceUpdate\surfacetpmnationz\SurfaceTpm.inf
SurfaceStudio2-Plus\SurfaceUpdate\surfacetpmnationz\SurfaceTpm_7.55.8454.9750.bin
SurfaceStudio2-Plus\SurfaceUpdate\surfacetpmnuvoton
SurfaceStudio2-Plus\SurfaceUpdate\surfacetpmnuvoton\SurfaceTpm.cat
SurfaceStudio2-Plus\SurfaceUpdate\surfacetpmnuvoton\SurfaceTpm.inf
SurfaceStudio2-Plus\SurfaceUpdate\surfacetpmnuvoton\SurfaceTpm_7.2.2.0.bin
SurfaceStudio2-Plus\SurfaceUpdate\surfaceuefi
SurfaceStudio2-Plus\SurfaceUpdate\surfaceuefi\SurfaceUEFI.cat
SurfaceStudio2-Plus\SurfaceUpdate\surfaceuefi\SurfaceUEFI.inf
SurfaceStudio2-Plus\SurfaceUpdate\surfaceuefi\SurfaceUEFI_21.101.143_0.bin
SurfaceStudio2-Plus\SurfaceUpdate\surfaceuefi\SurfaceUEFI_21.101.143_0_integrity.bin
SurfaceStudio2-Plus\SurfaceUpdate\surfaceuefi\SurfaceUEFI_21.101.143_1.bin
SurfaceStudio2-Plus\SurfaceUpdate\surfaceuefi\SurfaceUEFI_21.101.143_1_integrity.bin
SurfaceStudio2-Plus\SurfaceUpdate\wifi08
SurfaceStudio2-Plus\SurfaceUpdate\wifi08\IntelIhvRouter08.dll
SurfaceStudio2-Plus\SurfaceUpdate\wifi08\IntelIhvRouter10.dll
SurfaceStudio2-Plus\SurfaceUpdate\wifi08\IntelIhvRouter14.dll
SurfaceStudio2-Plus\SurfaceUpdate\wifi08\IntelIhvRouter16.dll
SurfaceStudio2-Plus\SurfaceUpdate\wifi08\NETwaw14.sys
SurfaceStudio2-Plus\SurfaceUpdate\wifi08\NETwaw16.sys
SurfaceStudio2-Plus\SurfaceUpdate\wifi08\Netwfw08.dat
SurfaceStudio2-Plus\SurfaceUpdate\wifi08\Netwfw10.dat
SurfaceStudio2-Plus\SurfaceUpdate\wifi08\Netwfw14.dat
SurfaceStudio2-Plus\SurfaceUpdate\wifi08\Netwfw16.dat
SurfaceStudio2-Plus\SurfaceUpdate\wifi08\Netwtw08.cat
SurfaceStudio2-Plus\SurfaceUpdate\wifi08\Netwtw08.INF
SurfaceStudio2-Plus\SurfaceUpdate\wifi08\NETwtw08.sys
SurfaceStudio2-Plus\SurfaceUpdate\wifi08\NETwtw10.sys
SurfaceStudio2-Plus\SurfaceUpdate\wifi08\NETwtw14.sys
SurfaceStudio2-Plus\SurfaceUpdate\wifi08\NETwtw16.sys

Current Folders:
intelthcbase
managementengine
msu56cx22x64sta
surfaceacpiplatformextensiondriver
surfacebutton
surfacehidminidriver
SurfaceHotPlug
surfaceintegrationdriver
surfacepen217integration
surfaceserialhubdriver
surfacesmfclient
surfacesmfdisplayclient
surfacesptclient
surfacetimealarmacpifilter
surfaceucmucsihidclient
surfacevirtualfunctionenum
tbtslimhostcontroller
tglchipset
tglserial
**********************
PowerShell transcript end
End time: 20241018125936
**********************
