**********************
PowerShell transcript start
Start time: 20241018120021
Username: AzureAD\DavidSegura
RunAs User: AzureAD\DavidSegura
Configuration Name: 
Machine: HPFIREFLY16P (Microsoft Windows NT 10.0.26100.0)
Host Application: C:\Program Files\PowerShell\7\pwsh.dll
Process ID: 28232
PSVersion: 7.4.5
PSEdition: Core
GitCommitId: 7.4.5
OS: Microsoft Windows 10.0.26100
Platform: Win32NT
PSCompatibleVersions: 1.0, 2.0, 3.0, 4.0, 5.0, 5.1, 6.0, 7.0
PSRemotingProtocolVersion: 2.3
SerializationVersion: 1.1.0.1
WSManStackVersion: 3.0
**********************
Transcript started, output file is C:\Temp\SurfacePro9-5G\Build.log
DriverPack: C:\DATA\Surface\SurfacePro9-5G_Win11_22621_24.083.28844.0.msi
Removed Content:
SurfacePro9-5G\SurfaceUpdate\dax3extqc
SurfacePro9-5G\SurfaceUpdate\dax3extqc\AUCD_DEV_0629_SUBSYS_MSHW0276_ADCM_SUBSYS_MSHW0276.xml
SurfacePro9-5G\SurfaceUpdate\dax3extqc\AUCD_DEV_0629_SUBSYS_MSHW0276_ADCM_SUBSYS_MSHW0276_settings.xml
SurfacePro9-5G\SurfaceUpdate\dax3extqc\dax3_ext_qc.cat
SurfacePro9-5G\SurfaceUpdate\dax3extqc\dax3_ext_qc.inf
SurfacePro9-5G\SurfaceUpdate\dax3extqc\Headphone_Default_Generic_Default_Atmos3.5.xml
SurfacePro9-5G\SurfaceUpdate\dax3extqc\Headphone_Default_Generic_Large_Atmos3.5.xml
SurfacePro9-5G\SurfaceUpdate\dax3extqc\Headphone_Default_Generic_Medium_Atmos3.5.xml
SurfacePro9-5G\SurfaceUpdate\dax3extqc\Headphone_Default_Generic_Small_Atmos3.5.xml
SurfacePro9-5G\SurfaceUpdate\dax3extqc\operator_DolbyAudioPremium_settings.xml
SurfacePro9-5G\SurfaceUpdate\dax3extqc\operator_settings.xml
SurfacePro9-5G\SurfaceUpdate\dax3swcaposvcarm64
SurfacePro9-5G\SurfaceUpdate\dax3swcaposvcarm64\CaptureStreamMonitor.dll
SurfacePro9-5G\SurfaceUpdate\dax3swcaposvcarm64\DAX3API.exe
SurfacePro9-5G\SurfaceUpdate\dax3swcaposvcarm64\Dax3DapControl.dll
SurfacePro9-5G\SurfaceUpdate\dax3swcaposvcarm64\Dax3Ref.dll
SurfacePro9-5G\SurfaceUpdate\dax3swcaposvcarm64\dax3_swc_aposvc_arm64.cat
SurfacePro9-5G\SurfaceUpdate\dax3swcaposvcarm64\dax3_swc_aposvc_arm64.inf
SurfacePro9-5G\SurfaceUpdate\dax3swcaposvcarm64\DAXSSID.dll
SurfacePro9-5G\SurfaceUpdate\dax3swcaposvcarm64\default_settings.json
SurfacePro9-5G\SurfaceUpdate\dax3swcaposvcarm64\Default_settings.xml
SurfacePro9-5G\SurfaceUpdate\dax3swcaposvcarm64\DolbyAPOv2100.dll
SurfacePro9-5G\SurfaceUpdate\dax3swcaposvcarm64\DolbyAPOv251.dll
SurfacePro9-5G\SurfaceUpdate\dax3swcaposvcarm64\DolbyAPOvlldp.dll
SurfacePro9-5G\SurfaceUpdate\dax3swcaposvcarm64\DolbyAPOvlldp120.dll
SurfacePro9-5G\SurfaceUpdate\dax3swcaposvcarm64\DolbyAPOvlldp130.dll
SurfacePro9-5G\SurfaceUpdate\dax3swcaposvcarm64\DolbyAPOvlldp140.dll
SurfacePro9-5G\SurfaceUpdate\dax3swcaposvcarm64\DolbyAPOvlldp150.dll
SurfacePro9-5G\SurfaceUpdate\dax3swcaposvcarm64\DolbyApoVr.dll
SurfacePro9-5G\SurfaceUpdate\dax3swcaposvcarm64\DolbyDax3Apo.dll
SurfacePro9-5G\SurfaceUpdate\dax3swchsaarm64
SurfacePro9-5G\SurfaceUpdate\dax3swchsaarm64\dax3_swc_hsa_arm64.cat
SurfacePro9-5G\SurfaceUpdate\dax3swchsaarm64\dax3_swc_hsa_arm64.inf
SurfacePro9-5G\SurfaceUpdate\devicestelemetryservicedriver
SurfacePro9-5G\SurfaceUpdate\devicestelemetryservicedriver\AppLauncher.exe
SurfacePro9-5G\SurfaceUpdate\devicestelemetryservicedriver\DevicesTelemetryService.exe
SurfacePro9-5G\SurfaceUpdate\devicestelemetryservicedriver\DevicesTelemetryServiceDriver.cat
SurfacePro9-5G\SurfaceUpdate\devicestelemetryservicedriver\DevicesTelemetryServiceDriver.inf
SurfacePro9-5G\SurfaceUpdate\effectspack
SurfacePro9-5G\SurfaceUpdate\effectspack\AudioBlurAPO.dll
SurfacePro9-5G\SurfaceUpdate\effectspack\libsnpe_dsp_v68_domains_v3_skel.so
SurfacePro9-5G\SurfaceUpdate\effectspack\MEPPriArb.dll
SurfacePro9-5G\SurfaceUpdate\effectspack\mep_audio_component.cat
SurfacePro9-5G\SurfaceUpdate\effectspack\mep_audio_component.inf
SurfacePro9-5G\SurfaceUpdate\effectspack\mep_camera_component.cat
SurfacePro9-5G\SurfaceUpdate\effectspack\mep_camera_component.inf
SurfacePro9-5G\SurfaceUpdate\effectspack\mep_priorityarbiter_component.cat
SurfacePro9-5G\SurfaceUpdate\effectspack\mep_priorityarbiter_component.inf
SurfacePro9-5G\SurfaceUpdate\effectspack\microsofteffectpack_ext.cat
SurfacePro9-5G\SurfaceUpdate\effectspack\MicrosoftEffectPack_extension.inf
SurfacePro9-5G\SurfaceUpdate\effectspack\PerceptionCore.dll
SurfacePro9-5G\SurfaceUpdate\effectspack\PerceptionCoreResources.dll
SurfacePro9-5G\SurfaceUpdate\effectspack\SNPE.dll
SurfacePro9-5G\SurfaceUpdate\effectspack\snpe_dsp_domains_v3.dll
SurfacePro9-5G\SurfaceUpdate\effectspack\WindowsEffectsCameraMediaSource.dll
SurfacePro9-5G\SurfaceUpdate\gtopatchdrvumdfext
SurfacePro9-5G\SurfaceUpdate\gtopatchdrvumdfext\GtoPatchDrvUMDF_ext.cat
SurfacePro9-5G\SurfaceUpdate\gtopatchdrvumdfext\GtoPatchDrvUMDF_ext.inf
SurfacePro9-5G\SurfaceUpdate\gtopatchdrvumdfext\surface_esim.ppkg
SurfacePro9-5G\SurfaceUpdate\mhihost
SurfacePro9-5G\SurfaceUpdate\mhihost\mhihost.cat
SurfacePro9-5G\SurfaceUpdate\mhihost\MhiHost.inf
SurfacePro9-5G\SurfaceUpdate\mhihost\MhiHost.sys
SurfacePro9-5G\SurfaceUpdate\msu53cx22arm64sta
SurfacePro9-5G\SurfaceUpdate\msu53cx22arm64sta\msu53cx22arm64.cat
SurfacePro9-5G\SurfaceUpdate\msu53cx22arm64sta\msu53cx22arm64.sys
SurfacePro9-5G\SurfaceUpdate\msu53cx22arm64sta\msu53cx22arm64sta.INF
SurfacePro9-5G\SurfaceUpdate\msu56cx22arm64sta
SurfacePro9-5G\SurfaceUpdate\msu56cx22arm64sta\msu56cx22arm64.cat
SurfacePro9-5G\SurfaceUpdate\msu56cx22arm64sta\msu56cx22arm64.sys
SurfacePro9-5G\SurfaceUpdate\msu56cx22arm64sta\msu56cx22arm64sta.INF
SurfacePro9-5G\SurfaceUpdate\msuarm64w10
SurfacePro9-5G\SurfaceUpdate\msuarm64w10\msuarm64w10.cat
SurfacePro9-5G\SurfaceUpdate\msuarm64w10\msuarm64w10.INF
SurfacePro9-5G\SurfaceUpdate\msuarm64w10\msuarm64w10.sys
SurfacePro9-5G\SurfaceUpdate\prodxextarc8280
SurfacePro9-5G\SurfaceUpdate\prodxextarc8280\qcdxkmext8280_ARC.bin
SurfacePro9-5G\SurfaceUpdate\prodxextarc8280\surfacepro_dxext_arc8280.cat
SurfacePro9-5G\SurfaceUpdate\prodxextarc8280\surfacepro_dxext_arc8280.inf
SurfacePro9-5G\SurfaceUpdate\proextqctree8280
SurfacePro9-5G\SurfaceUpdate\proextqctree8280\hdcp1.mbn
SurfacePro9-5G\SurfaceUpdate\proextqctree8280\hdcp2p2.mbn
SurfacePro9-5G\SurfaceUpdate\proextqctree8280\hdcpsrm.mbn
SurfacePro9-5G\SurfaceUpdate\proextqctree8280\pr_3_wp.mbn
SurfacePro9-5G\SurfaceUpdate\proextqctree8280\qwes.mbn
SurfacePro9-5G\SurfaceUpdate\proextqctree8280\rtice.mbn
SurfacePro9-5G\SurfaceUpdate\proextqctree8280\surfacepro_ext_QCTree8280.cat
SurfacePro9-5G\SurfaceUpdate\proextqctree8280\surfacepro_ext_QCTree8280.inf
SurfacePro9-5G\SurfaceUpdate\proextqctree8280\tzsc.mbn
SurfacePro9-5G\SurfaceUpdate\qcabd
SurfacePro9-5G\SurfaceUpdate\qcabd\qcabd.cat
SurfacePro9-5G\SurfaceUpdate\qcabd\qcabd.inf
SurfacePro9-5G\SurfaceUpdate\qcabd\qcabd.sys
SurfacePro9-5G\SurfaceUpdate\qcadc8280
SurfacePro9-5G\SurfaceUpdate\qcadc8280\ADC1.bin
SurfacePro9-5G\SurfaceUpdate\qcadc8280\qcadc8280.cat
SurfacePro9-5G\SurfaceUpdate\qcadc8280\qcadc8280.inf
SurfacePro9-5G\SurfaceUpdate\qcadc8280\qcadc8280.sys
SurfacePro9-5G\SurfaceUpdate\qcadcm8280
SurfacePro9-5G\SurfaceUpdate\qcadcm8280\qcadcm8280.cat
SurfacePro9-5G\SurfaceUpdate\qcadcm8280\qcadcm8280.inf
SurfacePro9-5G\SurfaceUpdate\qcadcm8280\qcadcm8280.sys
SurfacePro9-5G\SurfaceUpdate\qcadsprpc8280
SurfacePro9-5G\SurfaceUpdate\qcadsprpc8280\libadsprpc.dll
SurfacePro9-5G\SurfaceUpdate\qcadsprpc8280\libadsprpcarm32.dll
SurfacePro9-5G\SurfaceUpdate\qcadsprpc8280\libcdsprpc.dll
SurfacePro9-5G\SurfaceUpdate\qcadsprpc8280\libcdsprpcarm32.dll
SurfacePro9-5G\SurfaceUpdate\qcadsprpc8280\libsdsprpc.dll
SurfacePro9-5G\SurfaceUpdate\qcadsprpc8280\libsdsprpcarm32.dll
SurfacePro9-5G\SurfaceUpdate\qcadsprpc8280\qcadsprpc8280.cat
SurfacePro9-5G\SurfaceUpdate\qcadsprpc8280\qcadsprpc8280.inf
SurfacePro9-5G\SurfaceUpdate\qcadsprpc8280\qcadsprpc8280.sys
SurfacePro9-5G\SurfaceUpdate\qcadsprpcd8280
SurfacePro9-5G\SurfaceUpdate\qcadsprpcd8280\qcadsprpcd8280.cat
SurfacePro9-5G\SurfaceUpdate\qcadsprpcd8280\qcadsprpcd8280.inf
SurfacePro9-5G\SurfaceUpdate\qcadsprpcd8280\qcadsprpcd8280.sys
SurfacePro9-5G\SurfaceUpdate\qcaucd8280
SurfacePro9-5G\SurfaceUpdate\qcaucd8280\qcaucd8280.cat
SurfacePro9-5G\SurfaceUpdate\qcaucd8280\qcaucd8280.inf
SurfacePro9-5G\SurfaceUpdate\qcaucd8280\qcaucd8280.sys
SurfacePro9-5G\SurfaceUpdate\qcaudminiportbase8280
SurfacePro9-5G\SurfaceUpdate\qcaudminiportbase8280\AudioResourceConstraints_8280.xml
SurfacePro9-5G\SurfaceUpdate\qcaudminiportbase8280\ProxyAPO.dll
SurfacePro9-5G\SurfaceUpdate\qcaudminiportbase8280\qcaudminiport8280.cat
SurfacePro9-5G\SurfaceUpdate\qcaudminiportbase8280\qcaudminiport8280.sys
SurfacePro9-5G\SurfaceUpdate\qcaudminiportbase8280\qcaudminiport_Base8280.inf
SurfacePro9-5G\SurfaceUpdate\qcbtaddvscregistry8280
SurfacePro9-5G\SurfaceUpdate\qcbtaddvscregistry8280\qcbtaddvscregistry8280.cat
SurfacePro9-5G\SurfaceUpdate\qcbtaddvscregistry8280\qcbtaddvscregistry8280.inf
SurfacePro9-5G\SurfaceUpdate\qcbtfmuarthsp8280
SurfacePro9-5G\SurfaceUpdate\qcbtfmuarthsp8280\BSRC_BT.bin
SurfacePro9-5G\SurfaceUpdate\qcbtfmuarthsp8280\hpbtfw10.tlv
SurfacePro9-5G\SurfaceUpdate\qcbtfmuarthsp8280\hpbtfw10.ver
SurfacePro9-5G\SurfaceUpdate\qcbtfmuarthsp8280\hpbtfw20.tlv
SurfacePro9-5G\SurfaceUpdate\qcbtfmuarthsp8280\hpbtfw20.ver
SurfacePro9-5G\SurfaceUpdate\qcbtfmuarthsp8280\hpbtfw21.tlv
SurfacePro9-5G\SurfaceUpdate\qcbtfmuarthsp8280\hpnv10.b03
SurfacePro9-5G\SurfaceUpdate\qcbtfmuarthsp8280\hpnv10.b04
SurfacePro9-5G\SurfaceUpdate\qcbtfmuarthsp8280\hpnv10.b06
SurfacePro9-5G\SurfaceUpdate\qcbtfmuarthsp8280\hpnv10.b07
SurfacePro9-5G\SurfaceUpdate\qcbtfmuarthsp8280\hpnv10.b08
SurfacePro9-5G\SurfaceUpdate\qcbtfmuarthsp8280\hpnv10.bin
SurfacePro9-5G\SurfaceUpdate\qcbtfmuarthsp8280\hpnv20.b80
SurfacePro9-5G\SurfaceUpdate\qcbtfmuarthsp8280\hpnv20.b82
SurfacePro9-5G\SurfaceUpdate\qcbtfmuarthsp8280\hpnv20.b84
SurfacePro9-5G\SurfaceUpdate\qcbtfmuarthsp8280\hpnv20.b85
SurfacePro9-5G\SurfaceUpdate\qcbtfmuarthsp8280\hpnv20.b8c
SurfacePro9-5G\SurfaceUpdate\qcbtfmuarthsp8280\hpnv20.b8e
SurfacePro9-5G\SurfaceUpdate\qcbtfmuarthsp8280\hpnv20.b8f
SurfacePro9-5G\SurfaceUpdate\qcbtfmuarthsp8280\hpnv20.bin
SurfacePro9-5G\SurfaceUpdate\qcbtfmuarthsp8280\hpnv21.b8c
SurfacePro9-5G\SurfaceUpdate\qcbtfmuarthsp8280\hpnv21.b9f
SurfacePro9-5G\SurfaceUpdate\qcbtfmuarthsp8280\hpnv21.ba0
SurfacePro9-5G\SurfaceUpdate\qcbtfmuarthsp8280\hpnv21.ba1
SurfacePro9-5G\SurfaceUpdate\qcbtfmuarthsp8280\hpnv21.ba2
SurfacePro9-5G\SurfaceUpdate\qcbtfmuarthsp8280\hpnv21.ba3
SurfacePro9-5G\SurfaceUpdate\qcbtfmuarthsp8280\hpnv21.ba4
SurfacePro9-5G\SurfaceUpdate\qcbtfmuarthsp8280\hpnv21.baa
SurfacePro9-5G\SurfaceUpdate\qcbtfmuarthsp8280\hpnv21.bb8
SurfacePro9-5G\SurfaceUpdate\qcbtfmuarthsp8280\hpnv21.bin
SurfacePro9-5G\SurfaceUpdate\qcbtfmuarthsp8280\hpnv21g.b8c
SurfacePro9-5G\SurfaceUpdate\qcbtfmuarthsp8280\hpnv21g.b9f
SurfacePro9-5G\SurfaceUpdate\qcbtfmuarthsp8280\hpnv21g.ba0
SurfacePro9-5G\SurfaceUpdate\qcbtfmuarthsp8280\hpnv21g.ba1
SurfacePro9-5G\SurfaceUpdate\qcbtfmuarthsp8280\hpnv21g.ba2
SurfacePro9-5G\SurfaceUpdate\qcbtfmuarthsp8280\hpnv21g.ba3
SurfacePro9-5G\SurfaceUpdate\qcbtfmuarthsp8280\hpnv21g.ba4
SurfacePro9-5G\SurfaceUpdate\qcbtfmuarthsp8280\hpnv21g.baa
SurfacePro9-5G\SurfaceUpdate\qcbtfmuarthsp8280\hpnv21g.bb8
SurfacePro9-5G\SurfaceUpdate\qcbtfmuarthsp8280\hpnv21g.bin
SurfacePro9-5G\SurfaceUpdate\qcbtfmuarthsp8280\qcbtfmuart_hsp8280.cat
SurfacePro9-5G\SurfaceUpdate\qcbtfmuarthsp8280\qcbtfmuart_hsp8280.inf
SurfacePro9-5G\SurfaceUpdate\qcbtfmuarthsp8280\qcbtfmuart_hsp8280.sys
SurfacePro9-5G\SurfaceUpdate\qccamflash8280
SurfacePro9-5G\SurfaceUpdate\qccamflash8280\qccamflash8280.cat
SurfacePro9-5G\SurfaceUpdate\qccamflash8280\qccamflash8280.inf
SurfacePro9-5G\SurfaceUpdate\qccamflash8280\qccamflash8280.sys
SurfacePro9-5G\SurfaceUpdate\qccamflashext8280
SurfacePro9-5G\SurfaceUpdate\qccamflashext8280\qccamflash_ext8280.cat
SurfacePro9-5G\SurfaceUpdate\qccamflashext8280\qccamflash_ext8280.inf
SurfacePro9-5G\SurfaceUpdate\qccamisp8280
SurfacePro9-5G\SurfaceUpdate\qccamisp8280\CAMERA_ICP_AAAAAA.elf
SurfacePro9-5G\SurfaceUpdate\qccamisp8280\qccamisp8280.cat
SurfacePro9-5G\SurfaceUpdate\qccamisp8280\qccamisp8280.inf
SurfacePro9-5G\SurfaceUpdate\qccamisp8280\qccamisp8280.sys
SurfacePro9-5G\SurfaceUpdate\qccamispext8280
SurfacePro9-5G\SurfaceUpdate\qccamispext8280\C2MD.bin
SurfacePro9-5G\SurfaceUpdate\qccamispext8280\CIPF.bin
SurfacePro9-5G\SurfaceUpdate\qccamispext8280\IRS1.bin
SurfacePro9-5G\SurfaceUpdate\qccamispext8280\IRS2.bin
SurfacePro9-5G\SurfaceUpdate\qccamispext8280\qccamisp_ext8280.cat
SurfacePro9-5G\SurfaceUpdate\qccamispext8280\qccamisp_ext8280.inf
SurfacePro9-5G\SurfaceUpdate\qccamjpege8280
SurfacePro9-5G\SurfaceUpdate\qccamjpege8280\C0MD.bin
SurfacePro9-5G\SurfaceUpdate\qccamjpege8280\C0PF.bin
SurfacePro9-5G\SurfaceUpdate\qccamjpege8280\qccamjpege8280.cat
SurfacePro9-5G\SurfaceUpdate\qccamjpege8280\qccamjpege8280.inf
SurfacePro9-5G\SurfaceUpdate\qccamjpege8280\qccamjpege8280.sys
SurfacePro9-5G\SurfaceUpdate\qccamjpege8280\QcWICEncoder8280.dll
SurfacePro9-5G\SurfaceUpdate\qccamjpege8280\QcWICEncoderARM8280.dll
SurfacePro9-5G\SurfaceUpdate\qccammipicsi8280
SurfacePro9-5G\SurfaceUpdate\qccammipicsi8280\qccammipicsi8280.cat
SurfacePro9-5G\SurfaceUpdate\qccammipicsi8280\qccammipicsi8280.inf
SurfacePro9-5G\SurfaceUpdate\qccammipicsi8280\qccammipicsi8280.sys
SurfacePro9-5G\SurfaceUpdate\qccammipicsiext8280
SurfacePro9-5G\SurfaceUpdate\qccammipicsiext8280\C1MD.bin
SurfacePro9-5G\SurfaceUpdate\qccammipicsiext8280\C1PF.bin
SurfacePro9-5G\SurfaceUpdate\qccammipicsiext8280\qccammipicsi_ext8280.cat
SurfacePro9-5G\SurfaceUpdate\qccammipicsiext8280\qccammipicsi_ext8280.inf
SurfacePro9-5G\SurfaceUpdate\qccamplatform8280
SurfacePro9-5G\SurfaceUpdate\qccamplatform8280\com.qti.tuned.default.bin
SurfacePro9-5G\SurfaceUpdate\qccamplatform8280\qccamplatform8280.cat
SurfacePro9-5G\SurfaceUpdate\qccamplatform8280\qccamplatform8280.inf
SurfacePro9-5G\SurfaceUpdate\qccamplatform8280\qccamplatform8280.sys
SurfacePro9-5G\SurfaceUpdate\qccdi8280
SurfacePro9-5G\SurfaceUpdate\qccdi8280\qccdi8280.cat
SurfacePro9-5G\SurfaceUpdate\qccdi8280\qccdi8280.inf
SurfacePro9-5G\SurfaceUpdate\qccdi8280\qccdi8280.sys
SurfacePro9-5G\SurfaceUpdate\qcconnectionsecurity8280
SurfacePro9-5G\SurfaceUpdate\qcconnectionsecurity8280\qcconnectionsecurity8280.cat
SurfacePro9-5G\SurfaceUpdate\qcconnectionsecurity8280\qcconnectionsecurity8280.dll
SurfacePro9-5G\SurfaceUpdate\qcconnectionsecurity8280\qcconnectionsecurity8280.inf
SurfacePro9-5G\SurfaceUpdate\qcdeepstandbymdm8280
SurfacePro9-5G\SurfaceUpdate\qcdeepstandbymdm8280\qcdeepstandbymdm8280.cat
SurfacePro9-5G\SurfaceUpdate\qcdeepstandbymdm8280\qcdeepstandbymdm8280.dll
SurfacePro9-5G\SurfaceUpdate\qcdeepstandbymdm8280\qcdeepstandbymdm8280.inf
SurfacePro9-5G\SurfaceUpdate\qcdiagrouter8280
SurfacePro9-5G\SurfaceUpdate\qcdiagrouter8280\qcdiaglogging.dll
SurfacePro9-5G\SurfaceUpdate\qcdiagrouter8280\QCDIAGROUTER8280.cat
SurfacePro9-5G\SurfaceUpdate\qcdiagrouter8280\qcdiagrouter8280.inf
SurfacePro9-5G\SurfaceUpdate\qcdiagrouter8280\qcdiagrouter8280.sys
SurfacePro9-5G\SurfaceUpdate\qcdx8280
SurfacePro9-5G\SurfaceUpdate\qcdx8280\libqcdx12arm64wslum.so
SurfacePro9-5G\SurfaceUpdate\qcdx8280\libqcdxarm64wslcompiler.so
SurfacePro9-5G\SurfaceUpdate\qcdx8280\qcdx11arm32um8280.dll
SurfacePro9-5G\SurfaceUpdate\qcdx8280\qcdx11arm64xum8280.dll
SurfacePro9-5G\SurfaceUpdate\qcdx8280\qcdx11chpeum8280.dll
SurfacePro9-5G\SurfaceUpdate\qcdx8280\qcdx11x86um8280.dll
SurfacePro9-5G\SurfaceUpdate\qcdx8280\qcdx12arm32um8280.dll
SurfacePro9-5G\SurfaceUpdate\qcdx8280\qcdx12arm64xum8280.dll
SurfacePro9-5G\SurfaceUpdate\qcdx8280\qcdx12chpeum8280.dll
SurfacePro9-5G\SurfaceUpdate\qcdx8280\qcdx12x86um8280.dll
SurfacePro9-5G\SurfaceUpdate\qcdx8280\qcdx8280.cat
SurfacePro9-5G\SurfaceUpdate\qcdx8280\qcdx8280.inf
SurfacePro9-5G\SurfaceUpdate\qcdx8280\qcdxarm32compiler8280.dll
SurfacePro9-5G\SurfaceUpdate\qcdx8280\qcdxarm64xcompiler8280.dll
SurfacePro9-5G\SurfaceUpdate\qcdx8280\qcdxchpecompiler8280.dll
SurfacePro9-5G\SurfaceUpdate\qcdx8280\qcdxkm8280.sys
SurfacePro9-5G\SurfaceUpdate\qcdx8280\qcdxkmbase8280.bin
SurfacePro9-5G\SurfaceUpdate\qcdx8280\qcdxkmbase8280_54.bin
SurfacePro9-5G\SurfaceUpdate\qcdx8280\qcdxkmbase8280_75.bin
SurfacePro9-5G\SurfaceUpdate\qcdx8280\qcdxkmsuc8280.mbn
SurfacePro9-5G\SurfaceUpdate\qcdx8280\qcdxsdarm32.dll
SurfacePro9-5G\SurfaceUpdate\qcdx8280\qcdxsdarm64x.dll
SurfacePro9-5G\SurfaceUpdate\qcdx8280\qcdxsdchpe.dll
SurfacePro9-5G\SurfaceUpdate\qcdx8280\qcdxsdx86.dll
SurfacePro9-5G\SurfaceUpdate\qcdx8280\qcdxwsaum.img
SurfacePro9-5G\SurfaceUpdate\qcdx8280\qcdxx86compiler8280.dll
SurfacePro9-5G\SurfaceUpdate\qcdx8280\qchdcpumd8280.dll
SurfacePro9-5G\SurfaceUpdate\qcdx8280\qcvidencarm64xmfth2648280.dll
SurfacePro9-5G\SurfaceUpdate\qcdx8280\qcvidencarm64xmfthevc8280.dll
SurfacePro9-5G\SurfaceUpdate\qcdx8280\qcvidencarm64xum8280.dll
SurfacePro9-5G\SurfaceUpdate\qcdx8280\qcvidencmfth2648280.dll
SurfacePro9-5G\SurfaceUpdate\qcdx8280\qcvidencmfthevc8280.dll
SurfacePro9-5G\SurfaceUpdate\qcdx8280\qcvidencum8280.dll
SurfacePro9-5G\SurfaceUpdate\qcdx8280\qcvidencx86mfth2648280.dll
SurfacePro9-5G\SurfaceUpdate\qcdx8280\qcvidencx86mfthevc8280.dll
SurfacePro9-5G\SurfaceUpdate\qcdx8280\qcvidencx86um8280.dll
SurfacePro9-5G\SurfaceUpdate\qcdx8280\qcvss8280.mbn
SurfacePro9-5G\SurfaceUpdate\qcfgbcl8280
SurfacePro9-5G\SurfaceUpdate\qcfgbcl8280\qcfgbcl8280.cat
SurfacePro9-5G\SurfaceUpdate\qcfgbcl8280\qcfgbcl8280.inf
SurfacePro9-5G\SurfaceUpdate\qcfgbcl8280\Qcfgbcl8280.sys
SurfacePro9-5G\SurfaceUpdate\qcglink8280
SurfacePro9-5G\SurfaceUpdate\qcglink8280\qcglink8280.cat
SurfacePro9-5G\SurfaceUpdate\qcglink8280\qcglink8280.inf
SurfacePro9-5G\SurfaceUpdate\qcglink8280\qcglink8280.sys
SurfacePro9-5G\SurfaceUpdate\qcgnss
SurfacePro9-5G\SurfaceUpdate\qcgnss\qcgnss.cat
SurfacePro9-5G\SurfaceUpdate\qcgnss\qcgnss.dll
SurfacePro9-5G\SurfaceUpdate\qcgnss\qcgnss.inf
SurfacePro9-5G\SurfaceUpdate\qcgpi8280
SurfacePro9-5G\SurfaceUpdate\qcgpi8280\qcgpi8280.cat
SurfacePro9-5G\SurfaceUpdate\qcgpi8280\qcgpi8280.inf
SurfacePro9-5G\SurfaceUpdate\qcgpi8280\qcgpi8280.sys
SurfacePro9-5G\SurfaceUpdate\qcgpio8280
SurfacePro9-5G\SurfaceUpdate\qcgpio8280\qcgpio.cat
SurfacePro9-5G\SurfaceUpdate\qcgpio8280\qcgpio.sys
SurfacePro9-5G\SurfaceUpdate\qcgpio8280\qcgpio8280.inf
SurfacePro9-5G\SurfaceUpdate\qci2c8280
SurfacePro9-5G\SurfaceUpdate\qci2c8280\BSRC_I2CR.bin
SurfacePro9-5G\SurfaceUpdate\qci2c8280\qci2c8280.cat
SurfacePro9-5G\SurfaceUpdate\qci2c8280\qci2c8280.inf
SurfacePro9-5G\SurfaceUpdate\qci2c8280\qci2c8280.sys
SurfacePro9-5G\SurfaceUpdate\qciommu
SurfacePro9-5G\SurfaceUpdate\qciommu\qciommu.cat
SurfacePro9-5G\SurfaceUpdate\qciommu\qciommu.inf
SurfacePro9-5G\SurfaceUpdate\qciommu\qciommu.sys
SurfacePro9-5G\SurfaceUpdate\qciommuext8280
SurfacePro9-5G\SurfaceUpdate\qciommuext8280\qciommuext8280.cat
SurfacePro9-5G\SurfaceUpdate\qciommuext8280\qciommuext8280.inf
SurfacePro9-5G\SurfaceUpdate\qcipcc8280
SurfacePro9-5G\SurfaceUpdate\qcipcc8280\qcipcc8280.cat
SurfacePro9-5G\SurfaceUpdate\qcipcc8280\qcipcc8280.inf
SurfacePro9-5G\SurfaceUpdate\qcipcc8280\qcipcc8280.sys
SurfacePro9-5G\SurfaceUpdate\qcipcrouter8280
SurfacePro9-5G\SurfaceUpdate\qcipcrouter8280\qcipcrouter8280.cat
SurfacePro9-5G\SurfaceUpdate\qcipcrouter8280\qcipcrouter8280.inf
SurfacePro9-5G\SurfaceUpdate\qcipcrouter8280\qcipcrouter8280.sys
SurfacePro9-5G\SurfaceUpdate\qcipcrouter8280\qsocketipcrum.dll
SurfacePro9-5G\SurfaceUpdate\qckmbam8280
SurfacePro9-5G\SurfaceUpdate\qckmbam8280\qckmBam8280.cat
SurfacePro9-5G\SurfaceUpdate\qckmbam8280\qckmbam8280.inf
SurfacePro9-5G\SurfaceUpdate\qckmbam8280\qckmbam8280.sys
SurfacePro9-5G\SurfaceUpdate\qcmbbfwupdatedriver
SurfacePro9-5G\SurfaceUpdate\qcmbbfwupdatedriver\FwVersions.txt
SurfacePro9-5G\SurfaceUpdate\qcmbbfwupdatedriver\QcMbbFWUpdateDriver.cat
SurfacePro9-5G\SurfaceUpdate\qcmbbfwupdatedriver\QcMbbFWUpdateDriver.dll
SurfacePro9-5G\SurfaceUpdate\qcmbbfwupdatedriver\QcMbbFWUpdateDriver.inf
SurfacePro9-5G\SurfaceUpdate\qcmbbfwupdatedriver\update.zip
SurfacePro9-5G\SurfaceUpdate\qcmbbnetadapter
SurfacePro9-5G\SurfaceUpdate\qcmbbnetadapter\qcmbbnetadapter.cat
SurfacePro9-5G\SurfaceUpdate\qcmbbnetadapter\qcmbbnetadapter.inf
SurfacePro9-5G\SurfaceUpdate\qcmbbnetadapter\qcmbbnetadapter.sys
SurfacePro9-5G\SurfaceUpdate\qcpdsr
SurfacePro9-5G\SurfaceUpdate\qcpdsr\qcpdsr.cat
SurfacePro9-5G\SurfaceUpdate\qcpdsr\qcpdsr.inf
SurfacePro9-5G\SurfaceUpdate\qcpdsr\qcpdsr.sys
SurfacePro9-5G\SurfaceUpdate\qcpepwd8280
SurfacePro9-5G\SurfaceUpdate\qcpepwd8280\PPMSettings-8280Profiles.wd.ppkg
SurfacePro9-5G\SurfaceUpdate\qcpepwd8280\qcpep.wd8280.inf
SurfacePro9-5G\SurfaceUpdate\qcpepwd8280\qcpep8280.cat
SurfacePro9-5G\SurfaceUpdate\qcpepwd8280\qcpep8280.sys
SurfacePro9-5G\SurfaceUpdate\qcpil
SurfacePro9-5G\SurfaceUpdate\qcpil\qcpil.cat
SurfacePro9-5G\SurfaceUpdate\qcpil\qcpil.inf
SurfacePro9-5G\SurfaceUpdate\qcpil\qcpil.sys
SurfacePro9-5G\SurfaceUpdate\qcpilext8280
SurfacePro9-5G\SurfaceUpdate\qcpilext8280\qcpilext8280.cat
SurfacePro9-5G\SurfaceUpdate\qcpilext8280\qcpilEXT8280.inf
SurfacePro9-5G\SurfaceUpdate\qcpilfilterext
SurfacePro9-5G\SurfaceUpdate\qcpilfilterext\QCPILFilter.sys
SurfacePro9-5G\SurfaceUpdate\qcpilfilterext\qcpilfilterext.cat
SurfacePro9-5G\SurfaceUpdate\qcpilfilterext\qcpilfilterext.inf
SurfacePro9-5G\SurfaceUpdate\qcpmic8280
SurfacePro9-5G\SurfaceUpdate\qcpmic8280\qcpmic8280.cat
SurfacePro9-5G\SurfaceUpdate\qcpmic8280\qcpmic8280.inf
SurfacePro9-5G\SurfaceUpdate\qcpmic8280\qcpmic8280.sys
SurfacePro9-5G\SurfaceUpdate\qcpmicapps8280
SurfacePro9-5G\SurfaceUpdate\qcpmicapps8280\qcpmicapps8280.cat
SurfacePro9-5G\SurfaceUpdate\qcpmicapps8280\QcPmicApps8280.inf
SurfacePro9-5G\SurfaceUpdate\qcpmicapps8280\QcPmicApps8280.sys
SurfacePro9-5G\SurfaceUpdate\qcpmicext8280
SurfacePro9-5G\SurfaceUpdate\qcpmicext8280\qcpmicext8280.cat
SurfacePro9-5G\SurfaceUpdate\qcpmicext8280\qcpmicext8280.inf
SurfacePro9-5G\SurfaceUpdate\qcpmicglink8280
SurfacePro9-5G\SurfaceUpdate\qcpmicglink8280\qcpmicglink8280.cat
SurfacePro9-5G\SurfaceUpdate\qcpmicglink8280\QcPmicGlink8280.inf
SurfacePro9-5G\SurfaceUpdate\qcpmicglink8280\qcpmicglink8280.sys
SurfacePro9-5G\SurfaceUpdate\qcpmicgpio8280
SurfacePro9-5G\SurfaceUpdate\qcpmicgpio8280\qcpmicgpio8280.cat
SurfacePro9-5G\SurfaceUpdate\qcpmicgpio8280\qcpmicgpio8280.inf
SurfacePro9-5G\SurfaceUpdate\qcpmicgpio8280\qcpmicgpio8280.sys
SurfacePro9-5G\SurfaceUpdate\qcppx8280
SurfacePro9-5G\SurfaceUpdate\qcppx8280\qcppx8280.cat
SurfacePro9-5G\SurfaceUpdate\qcppx8280\qcppx8280.inf
SurfacePro9-5G\SurfaceUpdate\qcppx8280\qcppx8280.sys
SurfacePro9-5G\SurfaceUpdate\qcrpen
SurfacePro9-5G\SurfaceUpdate\qcrpen\qcrpen.cat
SurfacePro9-5G\SurfaceUpdate\qcrpen\qcrpen.inf
SurfacePro9-5G\SurfaceUpdate\qcrpen\qcrpen.sys
SurfacePro9-5G\SurfaceUpdate\qcscm
SurfacePro9-5G\SurfaceUpdate\qcscm\qcscm.cat
SurfacePro9-5G\SurfaceUpdate\qcscm\qcscm.inf
SurfacePro9-5G\SurfaceUpdate\qcscm\qcscm.sys
SurfacePro9-5G\SurfaceUpdate\qcscm\SCMF.bin
SurfacePro9-5G\SurfaceUpdate\qcsecapp
SurfacePro9-5G\SurfaceUpdate\qcsecapp\qcsecapp.cat
SurfacePro9-5G\SurfaceUpdate\qcsecapp\qcsecapp.inf
SurfacePro9-5G\SurfaceUpdate\qcsecapp\qcsecapp.sys
SurfacePro9-5G\SurfaceUpdate\qcskext8280
SurfacePro9-5G\SurfaceUpdate\qcskext8280\QcSkExt8280.cat
SurfacePro9-5G\SurfaceUpdate\qcskext8280\QcSkExt8280.exe
SurfacePro9-5G\SurfaceUpdate\qcskext8280\QcSkExt8280.inf
SurfacePro9-5G\SurfaceUpdate\qcslimbus8280
SurfacePro9-5G\SurfaceUpdate\qcslimbus8280\qcslimbus8280.cat
SurfacePro9-5G\SurfaceUpdate\qcslimbus8280\qcslimbus8280.inf
SurfacePro9-5G\SurfaceUpdate\qcslimbus8280\qcslimbus8280.sys
SurfacePro9-5G\SurfaceUpdate\qcslimbus8280\SLM1.bin
SurfacePro9-5G\SurfaceUpdate\qcsmmu8280
SurfacePro9-5G\SurfaceUpdate\qcsmmu8280\qcsmmu8280.cat
SurfacePro9-5G\SurfaceUpdate\qcsmmu8280\qcsmmu8280.inf
SurfacePro9-5G\SurfaceUpdate\qcsmmu8280\qcsmmu8280.sys
SurfacePro9-5G\SurfaceUpdate\qcsmmu8280\SMMC.bin
SurfacePro9-5G\SurfaceUpdate\qcsocpartition
SurfacePro9-5G\SurfaceUpdate\qcsocpartition\QcSOCPartition.cat
SurfacePro9-5G\SurfaceUpdate\qcsocpartition\QcSOCPartition.inf
SurfacePro9-5G\SurfaceUpdate\qcsocpartition\QcSOCPartition.sys
SurfacePro9-5G\SurfaceUpdate\qcsp8280
SurfacePro9-5G\SurfaceUpdate\qcsp8280\asym1p.sig
SurfacePro9-5G\SurfaceUpdate\qcsp8280\asym1t.sig
SurfacePro9-5G\SurfaceUpdate\qcsp8280\crypt1p.sig
SurfacePro9-5G\SurfaceUpdate\qcsp8280\crypt1t.sig
SurfacePro9-5G\SurfaceUpdate\qcsp8280\macch1p.sig
SurfacePro9-5G\SurfaceUpdate\qcsp8280\macch1t.sig
SurfacePro9-5G\SurfaceUpdate\qcsp8280\qcsp.cat
SurfacePro9-5G\SurfaceUpdate\qcsp8280\qcsp.sys
SurfacePro9-5G\SurfaceUpdate\qcsp8280\qcsp8280.inf
SurfacePro9-5G\SurfaceUpdate\qcspi8280
SurfacePro9-5G\SurfaceUpdate\qcspi8280\BSRC_QSPI.bin
SurfacePro9-5G\SurfaceUpdate\qcspi8280\BSRC_SPI.bin
SurfacePro9-5G\SurfaceUpdate\qcspi8280\qcspi8280.cat
SurfacePro9-5G\SurfaceUpdate\qcspi8280\qcspi8280.inf
SurfacePro9-5G\SurfaceUpdate\qcspi8280\qcspi8280.sys
SurfacePro9-5G\SurfaceUpdate\qcspmi8280
SurfacePro9-5G\SurfaceUpdate\qcspmi8280\qcspmi8280.cat
SurfacePro9-5G\SurfaceUpdate\qcspmi8280\qcspmi8280.inf
SurfacePro9-5G\SurfaceUpdate\qcspmi8280\qcspmi8280.sys
SurfacePro9-5G\SurfaceUpdate\qcssgservicesumd
SurfacePro9-5G\SurfaceUpdate\qcssgservicesumd\qcSSGServicesUMD.cat
SurfacePro9-5G\SurfaceUpdate\qcssgservicesumd\qcSSGServicesUMD.dll
SurfacePro9-5G\SurfaceUpdate\qcssgservicesumd\qcSSGServicesUMD.inf
SurfacePro9-5G\SurfaceUpdate\qcsubsys8280
SurfacePro9-5G\SurfaceUpdate\qcsubsys8280\qcsubsys8280.cat
SurfacePro9-5G\SurfaceUpdate\qcsubsys8280\qcsubsys8280.inf
SurfacePro9-5G\SurfaceUpdate\qcsubsys8280\qcsubsys8280.sys
SurfacePro9-5G\SurfaceUpdate\qcsubsysextcdsp18280
SurfacePro9-5G\SurfaceUpdate\qcsubsysextcdsp18280\qcsubsys_ext_cdsp18280.cat
SurfacePro9-5G\SurfaceUpdate\qcsubsysextcdsp18280\qcsubsys_ext_cdsp18280.inf
SurfacePro9-5G\SurfaceUpdate\qcsubsysextspss8280
SurfacePro9-5G\SurfaceUpdate\qcsubsysextspss8280\qcsubsys_ext_spss8280.cat
SurfacePro9-5G\SurfaceUpdate\qcsubsysextspss8280\qcsubsys_ext_spss8280.inf
SurfacePro9-5G\SurfaceUpdate\qcsubsysextspss8280\RSPU.bin
SurfacePro9-5G\SurfaceUpdate\qcsubsysthermalmgr
SurfacePro9-5G\SurfaceUpdate\qcsubsysthermalmgr\qcSubsysThermalMgr.cat
SurfacePro9-5G\SurfaceUpdate\qcsubsysthermalmgr\qcSubsysThermalMgr.inf
SurfacePro9-5G\SurfaceUpdate\qcsubsysthermalmgr\qcSubsysThermalMgr.sys
SurfacePro9-5G\SurfaceUpdate\qcsyscache8280
SurfacePro9-5G\SurfaceUpdate\qcsyscache8280\qcsyscache8280.cat
SurfacePro9-5G\SurfaceUpdate\qcsyscache8280\qcsyscache8280.inf
SurfacePro9-5G\SurfaceUpdate\qcsyscache8280\qcsyscache8280.sys
SurfacePro9-5G\SurfaceUpdate\qcsyscache8280\SysCache_Profiler.dll
SurfacePro9-5G\SurfaceUpdate\qctftpkmdf
SurfacePro9-5G\SurfaceUpdate\qctftpkmdf\QcTftpKmdf.cat
SurfacePro9-5G\SurfaceUpdate\qctftpkmdf\QcTftpKmdf.inf
SurfacePro9-5G\SurfaceUpdate\qctftpkmdf\QcTftpKmdf.sys
SurfacePro9-5G\SurfaceUpdate\qcthermalmdm
SurfacePro9-5G\SurfaceUpdate\qcthermalmdm\qcthermalmdm.cat
SurfacePro9-5G\SurfaceUpdate\qcthermalmdm\qcthermalmdm.inf
SurfacePro9-5G\SurfaceUpdate\qcthermalmdm\qcthermalmdm.sys
SurfacePro9-5G\SurfaceUpdate\qctree
SurfacePro9-5G\SurfaceUpdate\qctree\QcTrEE.cat
SurfacePro9-5G\SurfaceUpdate\qctree\QcTrEE.inf
SurfacePro9-5G\SurfaceUpdate\qctree\QcTrEE.sys
SurfacePro9-5G\SurfaceUpdate\qcuart8280
SurfacePro9-5G\SurfaceUpdate\qcuart8280\BSRC_UART_2Wire_1.bin
SurfacePro9-5G\SurfaceUpdate\qcuart8280\BSRC_UART_2Wire_2.bin
SurfacePro9-5G\SurfaceUpdate\qcuart8280\BSRC_UART_4Wire_1.bin
SurfacePro9-5G\SurfaceUpdate\qcuart8280\BSRC_UART_4Wire_2.bin
SurfacePro9-5G\SurfaceUpdate\qcuart8280\qcuart8280.cat
SurfacePro9-5G\SurfaceUpdate\qcuart8280\qcuart8280.inf
SurfacePro9-5G\SurfaceUpdate\qcuart8280\qcuart8280.sys
SurfacePro9-5G\SurfaceUpdate\qcude
SurfacePro9-5G\SurfaceUpdate\qcude\qcude.cat
SurfacePro9-5G\SurfaceUpdate\qcude\qcude.inf
SurfacePro9-5G\SurfaceUpdate\qcude\qcude.Sys
SurfacePro9-5G\SurfaceUpdate\qcursext
SurfacePro9-5G\SurfaceUpdate\qcursext\qcursext.cat
SurfacePro9-5G\SurfaceUpdate\qcursext\qcursext.inf
SurfacePro9-5G\SurfaceUpdate\qcusbcucsi8280
SurfacePro9-5G\SurfaceUpdate\qcusbcucsi8280\qcusbcucsi8280.cat
SurfacePro9-5G\SurfaceUpdate\qcusbcucsi8280\qcusbcucsi8280.inf
SurfacePro9-5G\SurfaceUpdate\qcusbcucsi8280\qcusbcucsi8280.sys
SurfacePro9-5G\SurfaceUpdate\qcusbcucsi8280\UCS0.bin
SurfacePro9-5G\SurfaceUpdate\qcusbcucsi8280\UCS0QRDR.bin
SurfacePro9-5G\SurfaceUpdate\qcusbfnssfilter8280
SurfacePro9-5G\SurfaceUpdate\qcusbfnssfilter8280\QcUsbFnSsFilter8280.cat
SurfacePro9-5G\SurfaceUpdate\qcusbfnssfilter8280\QcUsbFnSsFilter8280.inf
SurfacePro9-5G\SurfaceUpdate\qcusbfnssfilter8280\QcUsbFnSsFilter8280.sys
SurfacePro9-5G\SurfaceUpdate\qcwifinotifiersrvc
SurfacePro9-5G\SurfaceUpdate\qcwifinotifiersrvc\qcwifinotifiersrvc.cat
SurfacePro9-5G\SurfaceUpdate\qcwifinotifiersrvc\qcwifinotifiersrvc.exe
SurfacePro9-5G\SurfaceUpdate\qcwifinotifiersrvc\qcwifinotifiersrvc.inf
SurfacePro9-5G\SurfaceUpdate\qcwlan8280
SurfacePro9-5G\SurfaceUpdate\qcwlan8280\bdwlan.e02
SurfacePro9-5G\SurfaceUpdate\qcwlan8280\bdwlan.e07
SurfacePro9-5G\SurfaceUpdate\qcwlan8280\bdwlan.e1d
SurfacePro9-5G\SurfaceUpdate\qcwlan8280\bdwlan.e1e
SurfacePro9-5G\SurfaceUpdate\qcwlan8280\bdwlan.e23
SurfacePro9-5G\SurfaceUpdate\qcwlan8280\bdwlan.e26
SurfacePro9-5G\SurfaceUpdate\qcwlan8280\bdwlan.e32
SurfacePro9-5G\SurfaceUpdate\qcwlan8280\bdwlan.e47
SurfacePro9-5G\SurfaceUpdate\qcwlan8280\bdwlan.e81
SurfacePro9-5G\SurfaceUpdate\qcwlan8280\bdwlan.e84
SurfacePro9-5G\SurfaceUpdate\qcwlan8280\bdwlan.e85
SurfacePro9-5G\SurfaceUpdate\qcwlan8280\bdwlan.e8c
SurfacePro9-5G\SurfaceUpdate\qcwlan8280\bdwlan.e8e
SurfacePro9-5G\SurfaceUpdate\qcwlan8280\bdwlan.e9f
SurfacePro9-5G\SurfaceUpdate\qcwlan8280\bdwlan.ea3
SurfacePro9-5G\SurfaceUpdate\qcwlan8280\bdwlan.eb8
SurfacePro9-5G\SurfaceUpdate\qcwlan8280\bdwlan.elf
SurfacePro9-5G\SurfaceUpdate\qcwlan8280\bdwlan.elf.g
SurfacePro9-5G\SurfaceUpdate\qcwlan8280\bdwlang.e8b
SurfacePro9-5G\SurfaceUpdate\qcwlan8280\bdwlang.e9f
SurfacePro9-5G\SurfaceUpdate\qcwlan8280\bdwlang.ea3
SurfacePro9-5G\SurfaceUpdate\qcwlan8280\bdwlang.eb8
SurfacePro9-5G\SurfaceUpdate\qcwlan8280\bdwlang.elf
SurfacePro9-5G\SurfaceUpdate\qcwlan8280\Data.msc
SurfacePro9-5G\SurfaceUpdate\qcwlan8280\Data20.msc
SurfacePro9-5G\SurfaceUpdate\qcwlan8280\m3.bin
SurfacePro9-5G\SurfaceUpdate\qcwlan8280\m320.bin
SurfacePro9-5G\SurfaceUpdate\qcwlan8280\qcwlan8280.cat
SurfacePro9-5G\SurfaceUpdate\qcwlan8280\qcwlan8280.inf
SurfacePro9-5G\SurfaceUpdate\qcwlan8280\qcwlan8280.sys
SurfacePro9-5G\SurfaceUpdate\qcwlan8280\regdb.bin
SurfacePro9-5G\SurfaceUpdate\qcwlan8280\wlanfw.mbn
SurfacePro9-5G\SurfaceUpdate\qcwlan8280\wlanfw20.mbn
SurfacePro9-5G\SurfaceUpdate\qcwlanext8280
SurfacePro9-5G\SurfaceUpdate\qcwlanext8280\qcwlan_ext8280.cat
SurfacePro9-5G\SurfaceUpdate\qcwlanext8280\qcwlan_ext8280.inf
SurfacePro9-5G\SurfaceUpdate\qcwlansleepmgr8280
SurfacePro9-5G\SurfaceUpdate\qcwlansleepmgr8280\qcWlanSleepMgr.cat
SurfacePro9-5G\SurfaceUpdate\qcwlansleepmgr8280\qcWlanSleepMgr.dll
SurfacePro9-5G\SurfaceUpdate\qcwlansleepmgr8280\qcWlanSleepMgr8280.inf
SurfacePro9-5G\SurfaceUpdate\qcwwanpowerdown
SurfacePro9-5G\SurfaceUpdate\qcwwanpowerdown\qcwwanpowerdown.cat
SurfacePro9-5G\SurfaceUpdate\qcwwanpowerdown\qcwwanpowerdown.inf
SurfacePro9-5G\SurfaceUpdate\qcwwanpowerdown\qcwwanpowerdown.sys
SurfacePro9-5G\SurfaceUpdate\qcxhcifilter8280
SurfacePro9-5G\SurfaceUpdate\qcxhcifilter8280\QcXhciFilter8280.cat
SurfacePro9-5G\SurfaceUpdate\qcxhcifilter8280\QcXhciFilter8280.inf
SurfacePro9-5G\SurfaceUpdate\qcxhcifilter8280\QcXhciFilter8280.sys
SurfacePro9-5G\SurfaceUpdate\qmuxmdm
SurfacePro9-5G\SurfaceUpdate\qmuxmdm\qcqmux.sys
SurfacePro9-5G\SurfaceUpdate\qmuxmdm\qcqmuxpcie.sys
SurfacePro9-5G\SurfaceUpdate\qmuxmdm\qcqmuxusb.sys
SurfacePro9-5G\SurfaceUpdate\qmuxmdm\QmuxMdm.cat
SurfacePro9-5G\SurfaceUpdate\qmuxmdm\QmuxMdm.inf
SurfacePro9-5G\SurfaceUpdate\qmuxmdmextension
SurfacePro9-5G\SurfaceUpdate\qmuxmdmextension\QmuxMdmExtension.cat
SurfacePro9-5G\SurfaceUpdate\qmuxmdmextension\QmuxMdmExtension.inf
SurfacePro9-5G\SurfaceUpdate\Surfaceappcompanionextensionpackage
SurfacePro9-5G\SurfaceUpdate\Surfaceappcompanionextensionpackage\SurfaceAppCompanionExtensionPackage.cat
SurfacePro9-5G\SurfaceUpdate\Surfaceappcompanionextensionpackage\SurfaceAppCompanionExtensionPackage.inf
SurfacePro9-5G\SurfaceUpdate\surfacecamauxsensor8280
SurfacePro9-5G\SurfaceUpdate\surfacecamauxsensor8280\surfacecamauxsensor8280.cat
SurfacePro9-5G\SurfaceUpdate\surfacecamauxsensor8280\surfacecamauxsensor8280.inf
SurfacePro9-5G\SurfaceUpdate\surfacecamauxsensor8280\surfacecamauxsensor8280.sys
SurfacePro9-5G\SurfaceUpdate\surfacecamauxsensorextension8280
SurfacePro9-5G\SurfaceUpdate\surfacecamauxsensorextension8280\CAMI_RES_QRD.bin
SurfacePro9-5G\SurfaceUpdate\surfacecamauxsensorextension8280\com.qti.tuned.default.bin
SurfacePro9-5G\SurfaceUpdate\surfacecamauxsensorextension8280\com.surface.sensormodule.aux_vd55g0.bin
SurfacePro9-5G\SurfaceUpdate\surfacecamauxsensorextension8280\com.surface.tuned.aux_vd55g0.bin
SurfacePro9-5G\SurfaceUpdate\surfacecamauxsensorextension8280\SCFG_AUX_QRD.bin
SurfacePro9-5G\SurfaceUpdate\surfacecamauxsensorextension8280\surfacecamauxsensor_extension8280.cat
SurfacePro9-5G\SurfaceUpdate\surfacecamauxsensorextension8280\surfacecamauxsensor_extension8280.inf
SurfacePro9-5G\SurfaceUpdate\surfacecamavs8280
SurfacePro9-5G\SurfaceUpdate\surfacecamavs8280\libcdsprpc.dll
SurfacePro9-5G\SurfaceUpdate\surfacecamavs8280\QcDeviceMFT8280.dll
SurfacePro9-5G\SurfaceUpdate\surfacecamavs8280\surfacecamavs8280.cat
SurfacePro9-5G\SurfaceUpdate\surfacecamavs8280\surfacecamavs8280.inf
SurfacePro9-5G\SurfaceUpdate\surfacecamavs8280\surfacecamavs8280.sys
SurfacePro9-5G\SurfaceUpdate\surfacecamavsext8280
SurfacePro9-5G\SurfaceUpdate\surfacecamavsext8280\surfacecamavs_ext8280.cat
SurfacePro9-5G\SurfaceUpdate\surfacecamavsext8280\surfacecamavs_ext8280.inf
SurfacePro9-5G\SurfaceUpdate\surfacecamfrontsensor8280
SurfacePro9-5G\SurfaceUpdate\surfacecamfrontsensor8280\surfacecamfrontsensor8280.cat
SurfacePro9-5G\SurfaceUpdate\surfacecamfrontsensor8280\surfacecamfrontsensor8280.inf
SurfacePro9-5G\SurfaceUpdate\surfacecamfrontsensor8280\surfacecamfrontsensor8280.sys
SurfacePro9-5G\SurfaceUpdate\surfacecamfrontsensorextension8280
SurfacePro9-5G\SurfaceUpdate\surfacecamfrontsensorextension8280\CAMF_RES_QRD.bin
SurfacePro9-5G\SurfaceUpdate\surfacecamfrontsensorextension8280\com.qti.tuned.default.bin
SurfacePro9-5G\SurfaceUpdate\surfacecamfrontsensorextension8280\com.surface.sensormodule.ffc_ov5693.bin
SurfacePro9-5G\SurfaceUpdate\surfacecamfrontsensorextension8280\com.surface.tuned.ffc_ov5693.bin
SurfacePro9-5G\SurfaceUpdate\surfacecamfrontsensorextension8280\SCFG_FRONT_QRD.bin
SurfacePro9-5G\SurfaceUpdate\surfacecamfrontsensorextension8280\surfacecamfrontsensor_extension8280.cat
SurfacePro9-5G\SurfaceUpdate\surfacecamfrontsensorextension8280\surfacecamfrontsensor_extension8280.inf
SurfacePro9-5G\SurfaceUpdate\surfacecamplatformext8280
SurfacePro9-5G\SurfaceUpdate\surfacecamplatformext8280\CAMP_PCFG_QRD.bin
SurfacePro9-5G\SurfaceUpdate\surfacecamplatformext8280\CAMP_PERF_QRD.bin
SurfacePro9-5G\SurfaceUpdate\surfacecamplatformext8280\CAMP_PRLD_QRD.bin
SurfacePro9-5G\SurfaceUpdate\surfacecamplatformext8280\CAMP_RES_QRD.bin
SurfacePro9-5G\SurfaceUpdate\surfacecamplatformext8280\surfacecamplatform_ext8280.cat
SurfacePro9-5G\SurfaceUpdate\surfacecamplatformext8280\surfacecamplatform_ext8280.inf
SurfacePro9-5G\SurfaceUpdate\surfacecamrearsensor8280
SurfacePro9-5G\SurfaceUpdate\surfacecamrearsensor8280\surfacecamrearsensor8280.cat
SurfacePro9-5G\SurfaceUpdate\surfacecamrearsensor8280\surfacecamrearsensor8280.inf
SurfacePro9-5G\SurfaceUpdate\surfacecamrearsensor8280\surfacecamrearsensor8280.sys
SurfacePro9-5G\SurfaceUpdate\surfacecamrearsensorextension8280
SurfacePro9-5G\SurfaceUpdate\surfacecamrearsensorextension8280\CAMS_RES_QRD.bin
SurfacePro9-5G\SurfaceUpdate\surfacecamrearsensorextension8280\com.qti.tuned.default.bin
SurfacePro9-5G\SurfaceUpdate\surfacecamrearsensorextension8280\com.surface.sensormodule.rfc_ov13858.bin
SurfacePro9-5G\SurfaceUpdate\surfacecamrearsensorextension8280\com.surface.tuned.rfc_ov13858.bin
SurfacePro9-5G\SurfaceUpdate\surfacecamrearsensorextension8280\SCFG_REAR_QRD.bin
SurfacePro9-5G\SurfaceUpdate\surfacecamrearsensorextension8280\surfacecamrearsensor_extension8280.cat
SurfacePro9-5G\SurfaceUpdate\surfacecamrearsensorextension8280\surfacecamrearsensor_extension8280.inf
SurfacePro9-5G\SurfaceUpdate\surfacecfuoverhid
SurfacePro9-5G\SurfaceUpdate\surfacecfuoverhid\SurfaceCFUOverHid.cat
SurfacePro9-5G\SurfaceUpdate\surfacecfuoverhid\SurfaceCFUOverHid.dll
SurfacePro9-5G\SurfaceUpdate\surfacecfuoverhid\SurfaceCFUOverHid.inf
SurfacePro9-5G\SurfaceUpdate\surfacedigitizerwotextnpackage
SurfacePro9-5G\SurfaceUpdate\surfacedigitizerwotextnpackage\SurfaceDigitizerWoTExtnPackage.cat
SurfacePro9-5G\SurfaceUpdate\surfacedigitizerwotextnpackage\SurfaceDigitizerWoTExtnPackage.inf
SurfacePro9-5G\SurfaceUpdate\surfacedock2fwupdate
SurfacePro9-5G\SurfaceUpdate\surfacedock2fwupdate\SurfaceDock2FwUpdate.cat
SurfacePro9-5G\SurfaceUpdate\surfacedock2fwupdate\SurfaceDock2FwUpdate.inf
SurfacePro9-5G\SurfaceUpdate\surfacedock2fwupdate\SurfaceDock2_AMC_APP1.offer.bin
SurfacePro9-5G\SurfaceUpdate\surfacedock2fwupdate\SurfaceDock2_AMC_APP1.payload.bin
SurfacePro9-5G\SurfaceUpdate\surfacedock2fwupdate\SurfaceDock2_AMC_APP2.offer.bin
SurfacePro9-5G\SurfaceUpdate\surfacedock2fwupdate\SurfaceDock2_AMC_APP2.payload.bin
SurfacePro9-5G\SurfaceUpdate\surfacedock2fwupdate\SurfaceDock2_AUDIO_BANK0.offer.bin
SurfacePro9-5G\SurfaceUpdate\surfacedock2fwupdate\SurfaceDock2_AUDIO_BANK0.payload.bin
SurfacePro9-5G\SurfaceUpdate\surfacedock2fwupdate\SurfaceDock2_DP_BANK0.offer.bin
SurfacePro9-5G\SurfaceUpdate\surfacedock2fwupdate\SurfaceDock2_DP_BANK0.payload.bin
SurfacePro9-5G\SurfaceUpdate\surfacedock2fwupdate\SurfaceDock2_DP_BANK1.offer.bin
SurfacePro9-5G\SurfaceUpdate\surfacedock2fwupdate\SurfaceDock2_DP_BANK1.payload.bin
SurfacePro9-5G\SurfaceUpdate\surfacedock2fwupdate\SurfaceDock2_PD_BANK0.offer.bin
SurfacePro9-5G\SurfaceUpdate\surfacedock2fwupdate\SurfaceDock2_PD_BANK0.payload.bin
SurfacePro9-5G\SurfaceUpdate\surfacedock2fwupdate\SurfaceDock2_PD_BANK1.offer.bin
SurfacePro9-5G\SurfaceUpdate\surfacedock2fwupdate\SurfaceDock2_PD_BANK1.payload.bin
SurfacePro9-5G\SurfaceUpdate\surfacedock2fwupdate\SurfaceDock2_USBHUB_DS_BANK0.offer.bin
SurfacePro9-5G\SurfaceUpdate\surfacedock2fwupdate\SurfaceDock2_USBHUB_DS_BANK0.payload.bin
SurfacePro9-5G\SurfaceUpdate\surfacedock2fwupdate\SurfaceDock2_USBHUB_US_BANK0.offer.bin
SurfacePro9-5G\SurfaceUpdate\surfacedock2fwupdate\SurfaceDock2_USBHUB_US_BANK0.payload.bin
SurfacePro9-5G\SurfaceUpdate\surfaceeeprom
SurfacePro9-5G\SurfaceUpdate\surfaceeeprom\SurfaceEeprom.cat
SurfacePro9-5G\SurfaceUpdate\surfaceeeprom\SurfaceEeprom.inf
SurfacePro9-5G\SurfaceUpdate\surfaceeeprom\SurfaceEeprom.sys
SurfacePro9-5G\SurfaceUpdate\Surfacehidclasssettingsextensionpackage
SurfacePro9-5G\SurfaceUpdate\Surfacehidclasssettingsextensionpackage\SurfaceHidClassSettingsExtensionPackage.cat
SurfacePro9-5G\SurfaceUpdate\Surfacehidclasssettingsextensionpackage\SurfaceHidClassSettingsExtensionPackage.inf
SurfacePro9-5G\SurfaceUpdate\surfacehidfriendlynames
SurfacePro9-5G\SurfaceUpdate\surfacehidfriendlynames\SurfaceHIDFriendlyNames.cat
SurfacePro9-5G\SurfaceUpdate\surfacehidfriendlynames\SurfaceHIDFriendlyNames.inf
SurfacePro9-5G\SurfaceUpdate\surfaceihvaudiofilterdriver
SurfacePro9-5G\SurfaceUpdate\surfaceihvaudiofilterdriver\SurfaceIhvAudioFilterDriver.cat
SurfacePro9-5G\SurfaceUpdate\surfaceihvaudiofilterdriver\SurfaceIhvAudioFilterDriver.inf
SurfacePro9-5G\SurfaceUpdate\surfaceihvaudiofilterdriver\SurfaceIhvAudioFilterDriver.sys
SurfacePro9-5G\SurfaceUpdate\surfaceihvcpusmfclient
SurfacePro9-5G\SurfaceUpdate\surfaceihvcpusmfclient\SurfaceIhvCpuSmfClient.cat
SurfacePro9-5G\SurfaceUpdate\surfaceihvcpusmfclient\SurfaceIhvCpuSmfClient.inf
SurfacePro9-5G\SurfaceUpdate\surfaceihvcpusmfclient\SurfaceIhvCpuSmfClient.sys
SurfacePro9-5G\SurfaceUpdate\surfacenulldriver
SurfacePro9-5G\SurfaceUpdate\surfacenulldriver\SurfaceNullDriver.cat
SurfacePro9-5G\SurfaceUpdate\surfacenulldriver\SurfaceNullDriver.inf
SurfacePro9-5G\SurfaceUpdate\surfaceoempanel
SurfacePro9-5G\SurfaceUpdate\surfaceoempanel\ColorCalibrationComputation.dll
SurfacePro9-5G\SurfaceUpdate\surfaceoempanel\SurfaceEnhanced.icm
SurfacePro9-5G\SurfaceUpdate\surfaceoempanel\SurfaceOemPanel.cat
SurfacePro9-5G\SurfaceUpdate\surfaceoempanel\SurfaceOemPanel.dll
SurfacePro9-5G\SurfaceUpdate\surfaceoempanel\SurfaceOemPanel.inf
SurfacePro9-5G\SurfaceUpdate\surfaceoempanel\SurfacesRGB.icm
SurfacePro9-5G\SurfaceUpdate\surfaceoempanelcustomization
SurfacePro9-5G\SurfaceUpdate\surfaceoempanelcustomization\config.bin
SurfacePro9-5G\SurfaceUpdate\surfaceoempanelcustomization\SurfaceOemPanelCustomization.cat
SurfacePro9-5G\SurfaceUpdate\surfaceoempanelcustomization\SurfaceOemPanelCustomization.inf
SurfacePro9-5G\SurfaceUpdate\surfaceoempanelcustomization\SurfacesRGB.icm
SurfacePro9-5G\SurfaceUpdate\surfaceoempanelcustomization\SurfaceVivid.icm
SurfacePro9-5G\SurfaceUpdate\Surfaceoobpairingoptinpackage
SurfacePro9-5G\SurfaceUpdate\Surfaceoobpairingoptinpackage\SurfaceOobPairingOptInPackage.cat
SurfacePro9-5G\SurfaceUpdate\Surfaceoobpairingoptinpackage\SurfaceOobPairingOptInPackage.inf
SurfacePro9-5G\SurfaceUpdate\surfacepen0953cfuoverblelcextnpackage
SurfacePro9-5G\SurfaceUpdate\surfacepen0953cfuoverblelcextnpackage\SurfacePen0953CfuOverBleLcExtnPackage.cat
SurfacePro9-5G\SurfaceUpdate\surfacepen0953cfuoverblelcextnpackage\SurfacePen0953CfuOverBleLcExtnPackage.inf
SurfacePro9-5G\SurfaceUpdate\surfacepen0953cfuoverblelcextnpackage\SurfacePen0953CfuOverBleLcExtnPackage_K_BLE_HI.offer.bin
SurfacePro9-5G\SurfaceUpdate\surfacepen0953cfuoverblelcextnpackage\SurfacePen0953CfuOverBleLcExtnPackage_K_BLE_HI.payload.bin
SurfacePro9-5G\SurfaceUpdate\surfacepen0953cfuoverblelcextnpackage\SurfacePen0953CfuOverBleLcExtnPackage_K_BLE_LO.offer.bin
SurfacePro9-5G\SurfaceUpdate\surfacepen0953cfuoverblelcextnpackage\SurfacePen0953CfuOverBleLcExtnPackage_K_BLE_LO.payload.bin
SurfacePro9-5G\SurfaceUpdate\surfacepen0953cfuoverblelcextnpackage\SurfacePen0953CfuOverBleLcExtnPackage_K_MCU_B0.offer.bin
SurfacePro9-5G\SurfaceUpdate\surfacepen0953cfuoverblelcextnpackage\SurfacePen0953CfuOverBleLcExtnPackage_K_MCU_B0.payload.bin
SurfacePro9-5G\SurfaceUpdate\surfacepen0953cfuoverblelcextnpackage\SurfacePen0953CfuOverBleLcExtnPackage_K_MCU_B1.offer.bin
SurfacePro9-5G\SurfaceUpdate\surfacepen0953cfuoverblelcextnpackage\SurfacePen0953CfuOverBleLcExtnPackage_K_MCU_B1.payload.bin
SurfacePro9-5G\SurfaceUpdate\surfacepen0953firmwareupdate
SurfacePro9-5G\SurfaceUpdate\surfacepen0953firmwareupdate\Surface0953FwUpdate.cat
SurfacePro9-5G\SurfaceUpdate\surfacepen0953firmwareupdate\SurfacePen0953FirmwareUpdate.inf
SurfacePro9-5G\SurfaceUpdate\surfacepen0953firmwareupdate\SurfacePen0953_Annapurna-HI.offer.bin
SurfacePro9-5G\SurfaceUpdate\surfacepen0953firmwareupdate\SurfacePen0953_Annapurna-HI.payload.bin
SurfacePro9-5G\SurfaceUpdate\surfacepen0953firmwareupdate\SurfacePen0953_Annapurna-LO.offer.bin
SurfacePro9-5G\SurfaceUpdate\surfacepen0953firmwareupdate\SurfacePen0953_Annapurna-LO.payload.bin
SurfacePro9-5G\SurfaceUpdate\surfacepen0953firmwareupdate\SurfacePen0953_MCU-B0.offer.bin
SurfacePro9-5G\SurfaceUpdate\surfacepen0953firmwareupdate\SurfacePen0953_MCU-B0.payload.bin
SurfacePro9-5G\SurfaceUpdate\surfacepen0953firmwareupdate\SurfacePen0953_MCU-B1.offer.bin
SurfacePro9-5G\SurfaceUpdate\surfacepen0953firmwareupdate\SurfacePen0953_MCU-B1.payload.bin
SurfacePro9-5G\SurfaceUpdate\surfacepen0c0ffirmwareupdate
SurfacePro9-5G\SurfaceUpdate\surfacepen0c0ffirmwareupdate\SurfacePen0C0FFirmwareUpdate.cat
SurfacePro9-5G\SurfaceUpdate\surfacepen0c0ffirmwareupdate\SurfacePen0C0FFirmwareUpdate.inf
SurfacePro9-5G\SurfaceUpdate\surfacepen0c0ffirmwareupdate\SurfacePen0C0F_BLE-HI.offer.bin
SurfacePro9-5G\SurfaceUpdate\surfacepen0c0ffirmwareupdate\SurfacePen0C0F_BLE-HI.payload.bin
SurfacePro9-5G\SurfaceUpdate\surfacepen0c0ffirmwareupdate\SurfacePen0C0F_BLE-LO.offer.bin
SurfacePro9-5G\SurfaceUpdate\surfacepen0c0ffirmwareupdate\SurfacePen0C0F_BLE-LO.payload.bin
SurfacePro9-5G\SurfaceUpdate\surfacepen0c0ffirmwareupdate\SurfacePen0C0F_HAPTIC.offer.bin
SurfacePro9-5G\SurfaceUpdate\surfacepen0c0ffirmwareupdate\SurfacePen0C0F_HAPTIC.payload.bin
SurfacePro9-5G\SurfaceUpdate\surfacepen0c0ffirmwareupdate\SurfacePen0C0F_MCU-B0.offer.bin
SurfacePro9-5G\SurfaceUpdate\surfacepen0c0ffirmwareupdate\SurfacePen0C0F_MCU-B0.payload.bin
SurfacePro9-5G\SurfaceUpdate\surfacepen217fwupdate
SurfacePro9-5G\SurfaceUpdate\surfacepen217fwupdate\SurfacePen217FwUpdate.cat
SurfacePro9-5G\SurfaceUpdate\surfacepen217fwupdate\SurfacePen217FwUpdate.dll
SurfacePro9-5G\SurfaceUpdate\surfacepen217fwupdate\SurfacePen217FwUpdate.inf
SurfacePro9-5G\SurfaceUpdate\surfacepenblelcaddradaptation
SurfacePro9-5G\SurfaceUpdate\surfacepenblelcaddradaptation\SurfacePenBleLcAddrAdaptationDriver.cat
SurfacePro9-5G\SurfaceUpdate\surfacepenblelcaddradaptation\SurfacePenBleLcAddrAdaptationDriver.inf
SurfacePro9-5G\SurfaceUpdate\surfacepenblelcaddradaptation\SurfacePenBleLcAddrAdaptationDriver.sys
SurfacePro9-5G\SurfaceUpdate\surfacepencfuoverblelc
SurfacePro9-5G\SurfaceUpdate\surfacepencfuoverblelc\SurfacePenCfuOverBleLc.cat
SurfacePro9-5G\SurfaceUpdate\surfacepencfuoverblelc\SurfacePenCfuOverBleLc.dll
SurfacePro9-5G\SurfaceUpdate\surfacepencfuoverblelc\SurfacePenCfuOverBleLc.inf
SurfacePro9-5G\SurfaceUpdate\surfacepowermeter
SurfacePro9-5G\SurfaceUpdate\surfacepowermeter\PowerMeterTestLib.lib
SurfacePro9-5G\SurfaceUpdate\surfacepowermeter\PowerMeterTestLib.lib.lastcodeanalysissucceeded
SurfacePro9-5G\SurfaceUpdate\surfacepowermeter\SurfacePmiCmd.exe
SurfacePro9-5G\SurfaceUpdate\surfacepowermeter\SurfacePmiCmd.exe.lastcodeanalysissucceeded
SurfacePro9-5G\SurfaceUpdate\surfacepowermeter\SurfacePowerMeter.cat
SurfacePro9-5G\SurfaceUpdate\surfacepowermeter\SurfacePowerMeter.inf
SurfacePro9-5G\SurfaceUpdate\surfacepowermeter\SurfacePowerMeter.sys
SurfacePro9-5G\SurfaceUpdate\surfacepowermeter\SurfacePowerMeter.sys.lastcodeanalysissucceeded
SurfacePro9-5G\SurfaceUpdate\surfacepowertrackercore
SurfacePro9-5G\SurfaceUpdate\surfacepowertrackercore\SurfacePowerTrackerCore.cat
SurfacePro9-5G\SurfaceUpdate\surfacepowertrackercore\SurfacePowerTrackerCore.inf
SurfacePro9-5G\SurfaceUpdate\surfacepowertrackercore\SurfacePowerTrackerCore.sys
SurfacePro9-5G\SurfaceUpdate\surfaceproacsparc8280
SurfacePro9-5G\SurfaceUpdate\surfaceproacsparc8280\acdb_cal.acdb
SurfacePro9-5G\SurfaceUpdate\surfaceproacsparc8280\ADCMResources.bin
SurfacePro9-5G\SurfaceUpdate\surfaceproacsparc8280\fai_3.0.0_0.0_eai_1.00.pmd
SurfacePro9-5G\SurfaceUpdate\surfaceproacsparc8280\fai__2.9.0_0.1__3.0.0_0.0__eai_1.10.pmd
SurfacePro9-5G\SurfaceUpdate\surfaceproacsparc8280\surface-pro_acsp_arc8280.cat
SurfacePro9-5G\SurfaceUpdate\surfaceproacsparc8280\surface-pro_acsp_arc8280.inf
SurfacePro9-5G\SurfaceUpdate\surfaceproacsparc8280\workspaceFile.qwsp
SurfacePro9-5G\SurfaceUpdate\surfaceproaucdextarc8280
SurfacePro9-5G\SurfaceUpdate\surfaceproaucdextarc8280\ACDResources.bin
SurfacePro9-5G\SurfaceUpdate\surfaceproaucdextarc8280\surface-pro_aucdext_arc8280.cat
SurfacePro9-5G\SurfaceUpdate\surfaceproaucdextarc8280\surface-pro_aucdext_arc8280.inf
SurfacePro9-5G\SurfaceUpdate\surfaceproaudiominiextarc8280
SurfacePro9-5G\SurfaceUpdate\surfaceproaudiominiextarc8280\surface-pro_audiominiext_arc8280.cat
SurfacePro9-5G\SurfaceUpdate\surfaceproaudiominiextarc8280\surface-pro_audiominiext_arc8280.inf
SurfacePro9-5G\SurfaceUpdate\surfaceprobtfmuartextswiftpairenable8280
SurfacePro9-5G\SurfaceUpdate\surfaceprobtfmuartextswiftpairenable8280\surfacepro_btfmuart_ext_SwiftPairEnable8280.cat
SurfacePro9-5G\SurfaceUpdate\surfaceprobtfmuartextswiftpairenable8280\surfacepro_btfmuart_ext_swiftpairenable8280.inf
SurfacePro9-5G\SurfaceUpdate\surfaceproextadsp8280
SurfacePro9-5G\SurfaceUpdate\surfaceproextadsp8280\ADSP
SurfacePro9-5G\SurfaceUpdate\surfaceproextadsp8280\ADSP\aac_dec_module.so.1
SurfacePro9-5G\SurfaceUpdate\surfaceproextadsp8280\ADSP\aac_enc_etsi_module.so.1
SurfacePro9-5G\SurfaceUpdate\surfaceproextadsp8280\ADSP\acd_module.so.1
SurfacePro9-5G\SurfaceUpdate\surfaceproextadsp8280\ADSP\alac_dec_module.so.1
SurfacePro9-5G\SurfaceUpdate\surfaceproextadsp8280\ADSP\ape_dec_module.so.1
SurfacePro9-5G\SurfaceUpdate\surfaceproextadsp8280\ADSP\aptx_adaptive_enc_module.so.1
SurfacePro9-5G\SurfaceUpdate\surfaceproextadsp8280\ADSP\aptx_adaptive_speech_dec_module.so.1
SurfacePro9-5G\SurfaceUpdate\surfaceproextadsp8280\ADSP\aptx_adaptive_speech_enc_module.so.1
SurfacePro9-5G\SurfaceUpdate\surfaceproextadsp8280\ADSP\aptx_classic_enc_module.so.1
SurfacePro9-5G\SurfaceUpdate\surfaceproextadsp8280\ADSP\aptx_hd_enc_module.so.1
SurfacePro9-5G\SurfaceUpdate\surfaceproextadsp8280\ADSP\AudioSphereModule.so.1
SurfacePro9-5G\SurfaceUpdate\surfaceproextadsp8280\ADSP\celt_enc_module.so.1
SurfacePro9-5G\SurfaceUpdate\surfaceproextadsp8280\ADSP\CFCM.so.1
SurfacePro9-5G\SurfaceUpdate\surfaceproextadsp8280\ADSP\fastrpc_shell_0
SurfacePro9-5G\SurfaceUpdate\surfaceproextadsp8280\ADSP\ffecns_module_fvx.so.1
SurfacePro9-5G\SurfaceUpdate\surfaceproextadsp8280\ADSP\flac_dec_module.so.1
SurfacePro9-5G\SurfaceUpdate\surfaceproextadsp8280\ADSP\fluence_bs_module_fvx.so.1
SurfacePro9-5G\SurfaceUpdate\surfaceproextadsp8280\ADSP\fluence_ef_module_fvx.so.1
SurfacePro9-5G\SurfaceUpdate\surfaceproextadsp8280\ADSP\fluence_nn_module_fvx.so.1
SurfacePro9-5G\SurfaceUpdate\surfaceproextadsp8280\ADSP\fluence_pro_vc_module_fvx.so.1
SurfacePro9-5G\SurfaceUpdate\surfaceproextadsp8280\ADSP\fluence_pro_vr_module_fvx.so.1
SurfacePro9-5G\SurfaceUpdate\surfaceproextadsp8280\ADSP\lc3_dec_module.so.1
SurfacePro9-5G\SurfaceUpdate\surfaceproextadsp8280\ADSP\lc3_enc_module.so.1
SurfacePro9-5G\SurfaceUpdate\surfaceproextadsp8280\ADSP\ldac_enc_module.so.1
SurfacePro9-5G\SurfaceUpdate\surfaceproextadsp8280\ADSP\libaptXAdaptiveEnc.so
SurfacePro9-5G\SurfaceUpdate\surfaceproextadsp8280\ADSP\libaptXAdaptiveEnc3.so
SurfacePro9-5G\SurfaceUpdate\surfaceproextadsp8280\ADSP\libstabilitydomain_skel.so
SurfacePro9-5G\SurfaceUpdate\surfaceproextadsp8280\ADSP\libsysmondomain_skel.so
SurfacePro9-5G\SurfaceUpdate\surfaceproextadsp8280\ADSP\libsysmonquery_skel.so
SurfacePro9-5G\SurfaceUpdate\surfaceproextadsp8280\ADSP\libsysmon_skel.so
SurfacePro9-5G\SurfaceUpdate\surfaceproextadsp8280\ADSP\map_AVS_SHARED_LIBS_makena.adsp.prodQ.txt
SurfacePro9-5G\SurfaceUpdate\surfaceproextadsp8280\ADSP\map_SHARED_LIBS_makena.adsp.prodQ.txt
SurfacePro9-5G\SurfaceUpdate\surfaceproextadsp8280\ADSP\MIC2AMBModule.so.1
SurfacePro9-5G\SurfaceUpdate\surfaceproextadsp8280\ADSP\mm_fluence_sb_module_fvx.so.1
SurfacePro9-5G\SurfaceUpdate\surfaceproextadsp8280\ADSP\SAPlusCmnModule.so.1
SurfacePro9-5G\SurfaceUpdate\surfaceproextadsp8280\ADSP\sbc_dec_module.so.1
SurfacePro9-5G\SurfaceUpdate\surfaceproextadsp8280\ADSP\sbc_enc_module.so.1
SurfacePro9-5G\SurfaceUpdate\surfaceproextadsp8280\ADSP\sdd_module.so.1
SurfacePro9-5G\SurfaceUpdate\surfaceproextadsp8280\ADSP\smecns_v2_module_fvx.so.1
SurfacePro9-5G\SurfaceUpdate\surfaceproextadsp8280\ADSP\sm_fluence_sb_module_fvx.so.1
SurfacePro9-5G\SurfaceUpdate\surfaceproextadsp8280\ADSP\vorbis_dec_module.so.1
SurfacePro9-5G\SurfaceUpdate\surfaceproextadsp8280\ADSP\wmapro_dec_module.so.1
SurfacePro9-5G\SurfaceUpdate\surfaceproextadsp8280\ADSP\wmastd_dec_module.so.1
SurfacePro9-5G\SurfaceUpdate\surfaceproextadsp8280\adspr.jsn
SurfacePro9-5G\SurfaceUpdate\surfaceproextadsp8280\adspua.jsn
SurfacePro9-5G\SurfaceUpdate\surfaceproextadsp8280\battmgr.jsn
SurfacePro9-5G\SurfaceUpdate\surfaceproextadsp8280\qcadsp8280.mbn
SurfacePro9-5G\SurfaceUpdate\surfaceproextadsp8280\RADS.bin
SurfacePro9-5G\SurfaceUpdate\surfaceproextadsp8280\surfacepro_ext_adsp8280.cat
SurfacePro9-5G\SurfaceUpdate\surfaceproextadsp8280\surfacepro_ext_adsp8280.inf
SurfacePro9-5G\SurfaceUpdate\surfaceproextcdsp8280
SurfacePro9-5G\SurfaceUpdate\surfaceproextcdsp8280\CDSP
SurfacePro9-5G\SurfaceUpdate\surfaceproextcdsp8280\CDSP\example_image.so
SurfacePro9-5G\SurfaceUpdate\surfaceproextcdsp8280\CDSP\fastrpc_shell_3
SurfacePro9-5G\SurfaceUpdate\surfaceproextcdsp8280\CDSP\fastrpc_shell_unsigned_3
SurfacePro9-5G\SurfaceUpdate\surfaceproextcdsp8280\CDSP\libbenchmark_skel.so
SurfacePro9-5G\SurfaceUpdate\surfaceproextcdsp8280\CDSP\libc++.so.1
SurfacePro9-5G\SurfaceUpdate\surfaceproextcdsp8280\CDSP\libc++abi.so.1
SurfacePro9-5G\SurfaceUpdate\surfaceproextcdsp8280\CDSP\libcvpdsp_2_1.so
SurfacePro9-5G\SurfaceUpdate\surfaceproextcdsp8280\CDSP\libcvpdsp_2_1_intermediate.so
SurfacePro9-5G\SurfaceUpdate\surfaceproextcdsp8280\CDSP\libloadalgo_skel.so
SurfacePro9-5G\SurfaceUpdate\surfaceproextcdsp8280\CDSP\libsnpe_dsp_v68_domains_v3_skel.so
SurfacePro9-5G\SurfaceUpdate\surfaceproextcdsp8280\CDSP\libstabilitydomain_skel.so
SurfacePro9-5G\SurfaceUpdate\surfaceproextcdsp8280\CDSP\libsysmondomain_skel.so
SurfacePro9-5G\SurfaceUpdate\surfaceproextcdsp8280\CDSP\libsysmonhvxthrottle_skel.so
SurfacePro9-5G\SurfaceUpdate\surfaceproextcdsp8280\CDSP\libsysmonquery_skel.so
SurfacePro9-5G\SurfaceUpdate\surfaceproextcdsp8280\CDSP\libsysmon_skel.so
SurfacePro9-5G\SurfaceUpdate\surfaceproextcdsp8280\CDSP\map_SHARED_LIBS_makena.cdsp0.prodQ.txt
SurfacePro9-5G\SurfaceUpdate\surfaceproextcdsp8280\cdspr.jsn
SurfacePro9-5G\SurfaceUpdate\surfaceproextcdsp8280\qccdsp8280.mbn
SurfacePro9-5G\SurfaceUpdate\surfaceproextcdsp8280\RCDS.bin
SurfacePro9-5G\SurfaceUpdate\surfaceproextcdsp8280\surfacepro_ext_cdsp8280.cat
SurfacePro9-5G\SurfaceUpdate\surfaceproextcdsp8280\surfacepro_ext_cdsp8280.inf
SurfacePro9-5G\SurfaceUpdate\surfaceprofgbclext8280
SurfacePro9-5G\SurfaceUpdate\surfaceprofgbclext8280\surfacepro_fgbclext8280.cat
SurfacePro9-5G\SurfaceUpdate\surfaceprofgbclext8280\surfacepro_fgbclext8280.inf
SurfacePro9-5G\SurfaceUpdate\surfaceproi2cextarc8280
SurfacePro9-5G\SurfaceUpdate\surfaceproi2cextarc8280\BSRC_I2CR_ARC.bin
SurfacePro9-5G\SurfaceUpdate\surfaceproi2cextarc8280\SurfacePro_i2cext_arc8280.cat
SurfacePro9-5G\SurfaceUpdate\surfaceproi2cextarc8280\SurfacePro_i2cext_arc8280.inf
SurfacePro9-5G\SurfaceUpdate\surfacepromiscwlanext
SurfacePro9-5G\SurfaceUpdate\surfacepromiscwlanext\surfacePro_miscWlanExt.cat
SurfacePro9-5G\SurfaceUpdate\surfacepromiscwlanext\surfacepro_miscWlanExt.inf
SurfacePro9-5G\SurfaceUpdate\surfacesam
SurfacePro9-5G\SurfaceUpdate\surfacesam\SurfaceSAM.cat
SurfacePro9-5G\SurfaceUpdate\surfacesam\SurfaceSAM.inf
SurfacePro9-5G\SurfaceUpdate\surfacesam\SurfaceSAM_5.100.139.bin
SurfacePro9-5G\SurfaceUpdate\surfacesmf
SurfacePro9-5G\SurfaceUpdate\surfacesmf\Smf_71.0.0.40.bin
SurfacePro9-5G\SurfaceUpdate\surfacesmf\SurfaceSMF.cat
SurfacePro9-5G\SurfaceUpdate\surfacesmf\SurfaceSMF.inf
SurfacePro9-5G\SurfaceUpdate\surfacestoragefwupdateenum
SurfacePro9-5G\SurfaceUpdate\surfacestoragefwupdateenum\SurfaceStorageFwUpdateEnum.cat
SurfacePro9-5G\SurfaceUpdate\surfacestoragefwupdateenum\SurfaceStorageFwUpdateEnum.inf
SurfacePro9-5G\SurfaceUpdate\surfacestoragefwupdatehfm128gd3gx013n
SurfacePro9-5G\SurfaceUpdate\surfacestoragefwupdatehfm128gd3gx013n\41001C20_128G_signed.ebin
SurfacePro9-5G\SurfaceUpdate\surfacestoragefwupdatehfm128gd3gx013n\SurfaceStorageFwUpdateHFM128GD3GX013N.inf
SurfacePro9-5G\SurfaceUpdate\surfacestoragefwupdatehfm128gd3gx013n\SurfaceStorageFwUpdateHFM128GD3GX013NPackage.cat
SurfacePro9-5G\SurfaceUpdate\surfacestoragefwupdatehfm256gd3gx013n
SurfacePro9-5G\SurfaceUpdate\surfacestoragefwupdatehfm256gd3gx013n\41001C20_256G_signed.ebin
SurfacePro9-5G\SurfaceUpdate\surfacestoragefwupdatehfm256gd3gx013n\SurfaceStorageFwUpdateHFM256GD3GX013N.inf
SurfacePro9-5G\SurfaceUpdate\surfacestoragefwupdatehfm256gd3gx013n\SurfaceStorageFwUpdateHFM256GD3GX013NPackage.cat
SurfacePro9-5G\SurfaceUpdate\surfacestoragefwupdatehfm512gd3gx013n
SurfacePro9-5G\SurfaceUpdate\surfacestoragefwupdatehfm512gd3gx013n\41001C20_512G_signed.ebin
SurfacePro9-5G\SurfaceUpdate\surfacestoragefwupdatehfm512gd3gx013n\SurfaceStorageFwUpdateHFM512GD3GX013N.inf
SurfacePro9-5G\SurfaceUpdate\surfacestoragefwupdatehfm512gd3gx013n\SurfaceStorageFwUpdateHFM512GD3GX013NPackage.cat
SurfacePro9-5G\SurfaceUpdate\surfacestoragefwupdatekbg40zns128g
SurfacePro9-5G\SurfaceUpdate\surfacestoragefwupdatekbg40zns128g\AEMS0104_nonSED_key73.sig
SurfacePro9-5G\SurfaceUpdate\surfacestoragefwupdatekbg40zns128g\SurfaceStorageFwUpdateKBG40ZNS128G.inf
SurfacePro9-5G\SurfaceUpdate\surfacestoragefwupdatekbg40zns128g\SurfaceStorageFwUpdateKBG40ZNS128GPackage.cat
SurfacePro9-5G\SurfaceUpdate\surfacestoragefwupdatekbg40zns256g
SurfacePro9-5G\SurfaceUpdate\surfacestoragefwupdatekbg40zns256g\AEMS0104_nonSED_key73.sig
SurfacePro9-5G\SurfaceUpdate\surfacestoragefwupdatekbg40zns256g\SurfaceStorageFwUpdateKBG40ZNS256G.inf
SurfacePro9-5G\SurfaceUpdate\surfacestoragefwupdatekbg40zns256g\SurfaceStorageFwUpdateKBG40ZNS256GPackage.cat
SurfacePro9-5G\SurfaceUpdate\surfacestoragefwupdatekbg40zns512g
SurfacePro9-5G\SurfaceUpdate\surfacestoragefwupdatekbg40zns512g\AEMS0104_nonSED_key73.sig
SurfacePro9-5G\SurfaceUpdate\surfacestoragefwupdatekbg40zns512g\SurfaceStorageFwUpdateKBG40ZNS512G.cat
SurfacePro9-5G\SurfaceUpdate\surfacestoragefwupdatekbg40zns512g\SurfaceStorageFwUpdateKBG40ZNS512G.inf
SurfacePro9-5G\SurfaceUpdate\surfacesystemmanagementframeworkdriver
SurfacePro9-5G\SurfaceUpdate\surfacesystemmanagementframeworkdriver\SurfaceSystemManagementFrameworkDriver.cat
SurfacePro9-5G\SurfaceUpdate\surfacesystemmanagementframeworkdriver\SurfaceSystemManagementFrameworkDriver.inf
SurfacePro9-5G\SurfaceUpdate\surfacesystemmanagementframeworkdriver\SurfaceSystemManagementFrameworkDriver.sys
SurfacePro9-5G\SurfaceUpdate\surfacesystemtelemetrydriver
SurfacePro9-5G\SurfaceUpdate\surfacesystemtelemetrydriver\SurfaceSystemTelemetryDriver.cat
SurfacePro9-5G\SurfaceUpdate\surfacesystemtelemetrydriver\SurfaceSystemTelemetryDriver.inf
SurfacePro9-5G\SurfaceUpdate\surfacesystemtelemetrydriver\SurfaceSystemTelemetryDriver.sys
SurfacePro9-5G\SurfaceUpdate\surfacetconcapsule
SurfacePro9-5G\SurfaceUpdate\surfacetconcapsule\SurfaceTCON.cat
SurfacePro9-5G\SurfaceUpdate\surfacetconcapsule\SurfaceTCON.inf
SurfacePro9-5G\SurfaceUpdate\surfacetconcapsule\SurfaceTCON_161.37.9.1.bin
SurfacePro9-5G\SurfaceUpdate\surfacethermalpolicy
SurfacePro9-5G\SurfaceUpdate\surfacethermalpolicy\SurfaceThermalPolicy.cat
SurfacePro9-5G\SurfaceUpdate\surfacethermalpolicy\SurfaceThermalPolicy.inf
SurfacePro9-5G\SurfaceUpdate\surfacethermalpolicy\SurfaceThermalPolicy.sys
SurfacePro9-5G\SurfaceUpdate\surfacethunderbolt4dockfwupdate
SurfacePro9-5G\SurfaceUpdate\surfacethunderbolt4dockfwupdate\SurfaceThunderbolt4DockFwUpdate.cat
SurfacePro9-5G\SurfaceUpdate\surfacethunderbolt4dockfwupdate\SurfaceThunderbolt4DockFwUpdate.inf
SurfacePro9-5G\SurfaceUpdate\surfacethunderbolt4dockfwupdate\SurfaceThunderbolt4Dock_1_AMC1.offer.bin
SurfacePro9-5G\SurfaceUpdate\surfacethunderbolt4dockfwupdate\SurfaceThunderbolt4Dock_1_AMC1.payload.bin
SurfacePro9-5G\SurfaceUpdate\surfacethunderbolt4dockfwupdate\SurfaceThunderbolt4Dock_1_AMC2.offer.bin
SurfacePro9-5G\SurfaceUpdate\surfacethunderbolt4dockfwupdate\SurfaceThunderbolt4Dock_1_AMC2.payload.bin
SurfacePro9-5G\SurfaceUpdate\surfacethunderbolt4dockfwupdate\SurfaceThunderbolt4Dock_2_UFPPD1.offer.bin
SurfacePro9-5G\SurfaceUpdate\surfacethunderbolt4dockfwupdate\SurfaceThunderbolt4Dock_2_UFPPD1.payload.bin
SurfacePro9-5G\SurfaceUpdate\surfacethunderbolt4dockfwupdate\SurfaceThunderbolt4Dock_2_UFPPD2.offer.bin
SurfacePro9-5G\SurfaceUpdate\surfacethunderbolt4dockfwupdate\SurfaceThunderbolt4Dock_2_UFPPD2.payload.bin
SurfacePro9-5G\SurfaceUpdate\surfacethunderbolt4dockfwupdate\SurfaceThunderbolt4Dock_3_U3HUB1.offer.bin
SurfacePro9-5G\SurfaceUpdate\surfacethunderbolt4dockfwupdate\SurfaceThunderbolt4Dock_3_U3HUB1.payload.bin
SurfacePro9-5G\SurfaceUpdate\surfacethunderbolt4dockfwupdate\SurfaceThunderbolt4Dock_4_AUDIOS1.offer.bin
SurfacePro9-5G\SurfaceUpdate\surfacethunderbolt4dockfwupdate\SurfaceThunderbolt4Dock_4_AUDIOS1.payload.bin
SurfacePro9-5G\SurfaceUpdate\surfacethunderbolt4dockfwupdate\SurfaceThunderbolt4Dock_6_TBT1.offer.bin
SurfacePro9-5G\SurfaceUpdate\surfacethunderbolt4dockfwupdate\SurfaceThunderbolt4Dock_6_TBT1.payload.bin
SurfacePro9-5G\SurfaceUpdate\surfacethunderbolt4dockfwupdate\SurfaceThunderbolt4Dock_7_DFPPD1.offer.bin
SurfacePro9-5G\SurfaceUpdate\surfacethunderbolt4dockfwupdate\SurfaceThunderbolt4Dock_7_DFPPD1.payload.bin
SurfacePro9-5G\SurfaceUpdate\surfacethunderbolt4dockfwupdate\SurfaceThunderbolt4Dock_7_DFPPD2.offer.bin
SurfacePro9-5G\SurfaceUpdate\surfacethunderbolt4dockfwupdate\SurfaceThunderbolt4Dock_7_DFPPD2.payload.bin
SurfacePro9-5G\SurfaceUpdate\surfacetouchg6fwupdateextnpackage
SurfacePro9-5G\SurfaceUpdate\surfacetouchg6fwupdateextnpackage\SurfaceTouchG6FwUpdateExtnPackage.cat
SurfacePro9-5G\SurfaceUpdate\surfacetouchg6fwupdateextnpackage\SurfaceTouchG6FwUpdateExtnPackage.inf
SurfacePro9-5G\SurfaceUpdate\surfacetouchg6fwupdateextnpackage\SurfaceTouchG6_A0FW_MSHW0274.offer.bin
SurfacePro9-5G\SurfaceUpdate\surfacetouchg6fwupdateextnpackage\SurfaceTouchG6_A0FW_MSHW0274.payload.bin
SurfacePro9-5G\SurfaceUpdate\surfacetouchg6fwupdateextnpackage\SurfaceTouchG6_FW_MSHW0274.offer.bin
SurfacePro9-5G\SurfaceUpdate\surfacetouchg6fwupdateextnpackage\SurfaceTouchG6_FW_MSHW0274.payload.bin
SurfacePro9-5G\SurfaceUpdate\Surfacetouchpadg7cfuoverhidextnpackage
SurfacePro9-5G\SurfaceUpdate\Surfacetouchpadg7cfuoverhidextnpackage\SurfaceTouchpadG7CfuOverHidExtnPackage.cat
SurfacePro9-5G\SurfaceUpdate\Surfacetouchpadg7cfuoverhidextnpackage\SurfaceTouchpadG7CfuOverHidExtnPackage.inf
SurfacePro9-5G\SurfaceUpdate\Surfacetouchpadg7cfuoverhidextnpackage\SurfaceTouchpadG7_FW_TargetKIPLsCfu.offer.bin
SurfacePro9-5G\SurfaceUpdate\Surfacetouchpadg7cfuoverhidextnpackage\SurfaceTouchpadG7_FW_TargetKIPLsCfu.payload.bin
SurfacePro9-5G\SurfaceUpdate\Surfacetouchpadsettingsextensionpackage
SurfacePro9-5G\SurfaceUpdate\Surfacetouchpadsettingsextensionpackage\SurfaceTouchpadSettingsExtensionPackage.cat
SurfacePro9-5G\SurfaceUpdate\Surfacetouchpadsettingsextensionpackage\SurfaceTouchpadSettingsExtensionPackage.inf
SurfacePro9-5G\SurfaceUpdate\surfacetouchpenprocessorupdate
SurfacePro9-5G\SurfaceUpdate\surfacetouchpenprocessorupdate\SurfaceTouchPenProcessorUpdate.cat
SurfacePro9-5G\SurfaceUpdate\surfacetouchpenprocessorupdate\SurfaceTouchPenProcessorUpdate.inf
SurfacePro9-5G\SurfaceUpdate\surfacetouchpenprocessorupdate\TouchPenProcessor0C38.dll
SurfacePro9-5G\SurfaceUpdate\surfacetypecoverv7fwupdate
SurfacePro9-5G\SurfaceUpdate\surfacetypecoverv7fwupdate\SurfaceTypeCoverV7FwUpdate.cat
SurfacePro9-5G\SurfaceUpdate\surfacetypecoverv7fwupdate\SurfaceTypeCoverV7FwUpdate.inf
SurfacePro9-5G\SurfaceUpdate\surfacetypecoverv7fwupdate\SurfaceTypeCoverV7_FPRA.cfu
SurfacePro9-5G\SurfaceUpdate\surfacetypecoverv7fwupdate\SurfaceTypeCoverV7_FPRA.offer.bin
SurfacePro9-5G\SurfaceUpdate\surfacetypecoverv7fwupdate\SurfaceTypeCoverV7_FPRB.cfu
SurfacePro9-5G\SurfaceUpdate\surfacetypecoverv7fwupdate\SurfaceTypeCoverV7_FPRB.offer.bin
SurfacePro9-5G\SurfaceUpdate\surfacetypecoverv7fwupdate\SurfaceTypeCoverV7_KIP2_APP1.cfu
SurfacePro9-5G\SurfaceUpdate\surfacetypecoverv7fwupdate\SurfaceTypeCoverV7_KIP2_APP1.offer.bin
SurfacePro9-5G\SurfaceUpdate\surfacetypecoverv7fwupdate\SurfaceTypeCoverV7_KIP2_APP2.cfu
SurfacePro9-5G\SurfaceUpdate\surfacetypecoverv7fwupdate\SurfaceTypeCoverV7_KIP2_APP2.offer.bin
SurfacePro9-5G\SurfaceUpdate\surfacetypecoverv7fwupdate\SurfaceTypeCoverV7_KIP3_APP1.cfu
SurfacePro9-5G\SurfaceUpdate\surfacetypecoverv7fwupdate\SurfaceTypeCoverV7_KIP3_APP1.offer.bin
SurfacePro9-5G\SurfaceUpdate\surfacetypecoverv7fwupdate\SurfaceTypeCoverV7_KIP3_APP2.cfu
SurfacePro9-5G\SurfaceUpdate\surfacetypecoverv7fwupdate\SurfaceTypeCoverV7_KIP3_APP2.offer.bin
SurfacePro9-5G\SurfaceUpdate\surfacetypecoverv7fwupdate\SurfaceTypeCoverV7_KIP_APP1.cfu
SurfacePro9-5G\SurfaceUpdate\surfacetypecoverv7fwupdate\SurfaceTypeCoverV7_KIP_APP1.offer.bin
SurfacePro9-5G\SurfaceUpdate\surfacetypecoverv7fwupdate\SurfaceTypeCoverV7_KIP_APP2.cfu
SurfacePro9-5G\SurfaceUpdate\surfacetypecoverv7fwupdate\SurfaceTypeCoverV7_KIP_APP2.offer.bin
SurfacePro9-5G\SurfaceUpdate\surfacetypecoverv7fwupdate\SurfaceTypeCoverV7_TP.cfu
SurfacePro9-5G\SurfaceUpdate\surfacetypecoverv7fwupdate\SurfaceTypeCoverV7_TP.offer.bin
SurfacePro9-5G\SurfaceUpdate\surfacetypecoverv7fwupdate\SurfaceTypeCoverV7_WLC.cfu
SurfacePro9-5G\SurfaceUpdate\surfacetypecoverv7fwupdate\SurfaceTypeCoverV7_WLC.offer.bin
SurfacePro9-5G\SurfaceUpdate\surfacetypecoverv7fwupdate\SurfaceTypeCoverV7_WLC2.cfu
SurfacePro9-5G\SurfaceUpdate\surfacetypecoverv7fwupdate\SurfaceTypeCoverV7_WLC2.offer.bin
SurfacePro9-5G\SurfaceUpdate\surfaceuefi
SurfacePro9-5G\SurfaceUpdate\surfaceuefi\Surface_UEFI.cat
SurfacePro9-5G\SurfaceUpdate\surfaceuefi\Surface_UEFI.inf
SurfacePro9-5G\SurfaceUpdate\surfaceuefi\Surface_UEFI_18.21.235.bin
SurfacePro9-5G\SurfaceUpdate\tools
SurfacePro9-5G\SurfaceUpdate\tools\DriverSetInstall.exe
SurfacePro9-5G\SurfaceUpdate\tools\manifest.json
SurfacePro9-5G\SurfaceUpdate\wbfusbdriver
SurfacePro9-5G\SurfaceUpdate\wbfusbdriver\EngineAdapter.dll
SurfacePro9-5G\SurfaceUpdate\wbfusbdriver\SensorAdapter.dll
SurfacePro9-5G\SurfaceUpdate\wbfusbdriver\StorageAdapter.dll
SurfacePro9-5G\SurfaceUpdate\wbfusbdriver\WbfUsbDriver.cat
SurfacePro9-5G\SurfaceUpdate\wbfusbdriver\WbfUsbDriver.dll
SurfacePro9-5G\SurfaceUpdate\wbfusbdriver\WbfUsbDriver.inf

Current Folders:
surfacebattery
surfacebutton
surfacecoverclick
SurfaceHidMini
surfacehotplug
surfaceintegrationdriver
surfacepen217integration
surfacesar
surfaceserialhubdriver
surfaceservicenulldriver
surfacesmfclient
surfacetcondriver
surfacetimealarmacpifilter
surfacetypecoverv7fprudedriver
surfaceucmucsihidclient
**********************
PowerShell transcript end
End time: 20241018120056
**********************
