**********************
PowerShell transcript start
Start time: 20241018120056
Username: AzureAD\DavidSegura
RunAs User: AzureAD\DavidSegura
Configuration Name: 
Machine: HPFIREFLY16P (Microsoft Windows NT 10.0.26100.0)
Host Application: C:\Program Files\PowerShell\7\pwsh.dll
Process ID: 28232
PSVersion: 7.4.5
PSEdition: Core
GitCommitId: 7.4.5
OS: Microsoft Windows 10.0.26100
Platform: Win32NT
PSCompatibleVersions: 1.0, 2.0, 3.0, 4.0, 5.0, 5.1, 6.0, 7.0
PSRemotingProtocolVersion: 2.3
SerializationVersion: 1.1.0.1
WSManStackVersion: 3.0
**********************
Transcript started, output file is C:\Temp\SurfacePro9\Build.log
DriverPack: C:\DATA\Surface\SurfacePro9_Win11_22621_24.092.23004.0.msi
Removed Content:
SurfacePro9\SurfaceUpdate\audio
SurfacePro9\SurfaceUpdate\audio\AS
SurfacePro9\SurfaceUpdate\audio\AS\DLLs
SurfacePro9\SurfaceUpdate\audio\AS\DLLs\IntelAcaDll.dll
SurfacePro9\SurfaceUpdate\audio\AS\DLLs\IntelAcaDll.NetFull.dll
SurfacePro9\SurfaceUpdate\audio\AS\DLLs\IntelAudioDll_x64.dll
SurfacePro9\SurfaceUpdate\audio\AS\DLLs\IntelMultiPaSetupDll.dll
SurfacePro9\SurfaceUpdate\audio\AS\IAS
SurfacePro9\SurfaceUpdate\audio\AS\IAS\Cfg
SurfacePro9\SurfaceUpdate\audio\AS\IAS\Cfg\aec_asr_str_def_1ch_in.tf
SurfacePro9\SurfaceUpdate\audio\AS\IAS\Cfg\aec_asr_str_def_2ch_in.tf
SurfacePro9\SurfaceUpdate\audio\AS\IAS\Cfg\aec_asr_str_def_2ch_in_gna.tf
SurfacePro9\SurfaceUpdate\audio\AS\IAS\Cfg\aec_asr_str_def_4ch_in.tf
SurfacePro9\SurfaceUpdate\audio\AS\IAS\Cfg\aec_asr_str_def_4ch_in_gna.tf
SurfacePro9\SurfaceUpdate\audio\AS\IAS\Cfg\aec_default.tf
SurfacePro9\SurfaceUpdate\audio\AS\IAS\Cfg\aec_default_fw16.tf
SurfacePro9\SurfaceUpdate\audio\AS\IAS\Cfg\aec_dns_str_def_1ch_in_48k_gna.tf
SurfacePro9\SurfaceUpdate\audio\AS\IAS\Cfg\aec_dns_str_def_1ch_in_gna.tf
SurfacePro9\SurfaceUpdate\audio\AS\IAS\Cfg\aec_dns_str_def_2ch_in_48k_gna.tf
SurfacePro9\SurfaceUpdate\audio\AS\IAS\Cfg\aec_dns_str_def_2ch_in_gna.tf
SurfacePro9\SurfaceUpdate\audio\AS\IAS\Cfg\aec_fdkf_fw16.tf
SurfacePro9\SurfaceUpdate\audio\AS\IAS\Cfg\aec_wov_str_def_1ch_in.tf
SurfacePro9\SurfaceUpdate\audio\AS\IAS\Cfg\aec_wov_str_def_2ch_in.tf
SurfacePro9\SurfaceUpdate\audio\AS\IAS\Cfg\aec_wov_str_def_2ch_in_gna.tf
SurfacePro9\SurfaceUpdate\audio\AS\IAS\Cfg\aec_wov_str_def_4ch_in.tf
SurfacePro9\SurfaceUpdate\audio\AS\IAS\Cfg\aec_wov_str_def_4ch_in_gna.tf
SurfacePro9\SurfaceUpdate\audio\AS\IAS\Cfg\ana_default.tf
SurfacePro9\SurfaceUpdate\audio\AS\IAS\Cfg\asr_cortana_3_1_default.tf
SurfacePro9\SurfaceUpdate\audio\AS\IAS\Cfg\asr_cortana_4_0_default.tf
SurfacePro9\SurfaceUpdate\audio\AS\IAS\Cfg\asr_default.tf
SurfacePro9\SurfaceUpdate\audio\AS\IAS\Cfg\DefaultConfigs.xml
SurfacePro9\SurfaceUpdate\audio\AS\IAS\Cfg\dns_default.tf
SurfacePro9\SurfaceUpdate\audio\AS\IAS\Cfg\str_1ch_in_1_out_bypass.tf
SurfacePro9\SurfaceUpdate\audio\AS\IAS\Cfg\str_2ch_in_1_out_bypass.tf
SurfacePro9\SurfaceUpdate\audio\AS\IAS\Cfg\str_4ch_in_1_out_bypass.tf
SurfacePro9\SurfaceUpdate\audio\AS\IAS\Cfg\wov_default_multi_channel_input.tf
SurfacePro9\SurfaceUpdate\audio\AS\IAS\Cfg\wov_default_one_channel_input.tf
SurfacePro9\SurfaceUpdate\audio\AS\IAS\Cfg\wov_multi_out_default.tf
SurfacePro9\SurfaceUpdate\audio\AS\IAS\ControlModule.dll
SurfacePro9\SurfaceUpdate\audio\AS\IAS\IntelAudioService.exe
SurfacePro9\SurfaceUpdate\audio\AS\IAS\IntelAudioService.exe.config
SurfacePro9\SurfaceUpdate\audio\AS\IAS\IntelSSTPreprocStreamer.dll
SurfacePro9\SurfaceUpdate\audio\AS\IAS\NativeApiAdapter.dll
SurfacePro9\SurfaceUpdate\audio\AS\IAS\RpcServer.dll
SurfacePro9\SurfaceUpdate\audio\AS\IAS\WppLoggerDll.dll
SurfacePro9\SurfaceUpdate\audio\AS\MultiPaOemDll
SurfacePro9\SurfaceUpdate\audio\AS\MultiPaOemDll\IntelHwKws_v2.dll
SurfacePro9\SurfaceUpdate\audio\AS\MultiPaOemDll\settingsHwKws.xml
SurfacePro9\SurfaceUpdate\audio\AS\MultiPaOemDll\WweConfigurationDll.dll
SurfacePro9\SurfaceUpdate\audio\Cfg
SurfacePro9\SurfaceUpdate\audio\Cfg\aec_wov_str_def_1ch_in.tf
SurfacePro9\SurfaceUpdate\audio\Cfg\aec_wov_str_def_2ch_in.tf
SurfacePro9\SurfaceUpdate\audio\Cfg\aec_wov_str_def_4ch_in.tf
SurfacePro9\SurfaceUpdate\audio\Cfg\str_1ch_in_1_out_bypass.tf
SurfacePro9\SurfaceUpdate\audio\Cfg\str_2ch_in_1_out_bypass.tf
SurfacePro9\SurfaceUpdate\audio\Cfg\str_4ch_in_1_out_bypass.tf
SurfacePro9\SurfaceUpdate\audio\Fw
SurfacePro9\SurfaceUpdate\audio\Fw\dsp_fw_adl-n_release.bin
SurfacePro9\SurfaceUpdate\audio\Fw\dsp_fw_adl_release.bin
SurfacePro9\SurfaceUpdate\audio\Fw\dsp_fw_tgl_release.bin
SurfacePro9\SurfaceUpdate\audio\Libs
SurfacePro9\SurfaceUpdate\audio\Libs\dsp_lib_intel_wov_adl-n_release.bin
SurfacePro9\SurfaceUpdate\audio\Libs\dsp_lib_intel_wov_adl_release.bin
SurfacePro9\SurfaceUpdate\audio\Libs\dsp_lib_intel_wov_tgl_release.bin
SurfacePro9\SurfaceUpdate\audio\Libs\dsp_lib_whm_adl-n_release.bin
SurfacePro9\SurfaceUpdate\audio\Libs\dsp_lib_whm_adl_release.bin
SurfacePro9\SurfaceUpdate\audio\Libs\dsp_lib_whm_tgl_release.bin
SurfacePro9\SurfaceUpdate\audio\Topology
SurfacePro9\SurfaceUpdate\audio\Topology\IntcOEDTopology.oec
SurfacePro9\SurfaceUpdate\audio\Topology\IntcOEDTopology.xml
SurfacePro9\SurfaceUpdate\audio\WoV
SurfacePro9\SurfaceUpdate\audio\WoV\Alefuj
SurfacePro9\SurfaceUpdate\audio\WoV\Alefuj\m
SurfacePro9\SurfaceUpdate\audio\WoV\Alefuj\m\ja-JP
SurfacePro9\SurfaceUpdate\audio\WoV\Alefuj\m\ja-JP\alefuj_ja-JP_hq.dsp
SurfacePro9\SurfaceUpdate\audio\WoV\Alefuj\m\ja-JP\alefuj_ja-JP_hq_echo.th
SurfacePro9\SurfaceUpdate\audio\WoV\Alefuj\m\ja-JP\alefuj_ja-JP_hq_fuj.th
SurfacePro9\SurfaceUpdate\audio\WoV\Alenec
SurfacePro9\SurfaceUpdate\audio\WoV\Alenec\m
SurfacePro9\SurfaceUpdate\audio\WoV\Alenec\m\ja-JP
SurfacePro9\SurfaceUpdate\audio\WoV\Alenec\m\ja-JP\alenec_ja-JP_hq.dsp
SurfacePro9\SurfaceUpdate\audio\WoV\Alenec\m\ja-JP\alenec_ja-JP_hq_echo.th
SurfacePro9\SurfaceUpdate\audio\WoV\Alenec\m\ja-JP\alenec_ja-JP_hq_nec.th
SurfacePro9\SurfaceUpdate\audio\WoV\Echo
SurfacePro9\SurfaceUpdate\audio\WoV\Echo\m
SurfacePro9\SurfaceUpdate\audio\WoV\Echo\m\de-AT
SurfacePro9\SurfaceUpdate\audio\WoV\Echo\m\de-AT\echo_de-AT_ex.alco
SurfacePro9\SurfaceUpdate\audio\WoV\Echo\m\de-AT\echo_de-AT_ex.eth
SurfacePro9\SurfaceUpdate\audio\WoV\Echo\m\de-AT\echo_de-AT_ex.hsc
SurfacePro9\SurfaceUpdate\audio\WoV\Echo\m\de-AT\echo_de-AT_ex.th
SurfacePro9\SurfaceUpdate\audio\WoV\Echo\m\de-AT\echo_de-AT_hq.dsp
SurfacePro9\SurfaceUpdate\audio\WoV\Echo\m\de-AT\echo_de-AT_hq.th
SurfacePro9\SurfaceUpdate\audio\WoV\Echo\m\de-DE
SurfacePro9\SurfaceUpdate\audio\WoV\Echo\m\de-DE\echo_de-DE_ex.alco
SurfacePro9\SurfaceUpdate\audio\WoV\Echo\m\de-DE\echo_de-DE_ex.eth
SurfacePro9\SurfaceUpdate\audio\WoV\Echo\m\de-DE\echo_de-DE_ex.hsc
SurfacePro9\SurfaceUpdate\audio\WoV\Echo\m\de-DE\echo_de-DE_ex.th
SurfacePro9\SurfaceUpdate\audio\WoV\Echo\m\de-DE\echo_de-DE_hq.dsp
SurfacePro9\SurfaceUpdate\audio\WoV\Echo\m\de-DE\echo_de-DE_hq.th
SurfacePro9\SurfaceUpdate\audio\WoV\Echo\m\en-AU
SurfacePro9\SurfaceUpdate\audio\WoV\Echo\m\en-AU\echo_en-AU_ex.alco
SurfacePro9\SurfaceUpdate\audio\WoV\Echo\m\en-AU\echo_en-AU_ex.eth
SurfacePro9\SurfaceUpdate\audio\WoV\Echo\m\en-AU\echo_en-AU_ex.hsc
SurfacePro9\SurfaceUpdate\audio\WoV\Echo\m\en-AU\echo_en-AU_ex.th
SurfacePro9\SurfaceUpdate\audio\WoV\Echo\m\en-AU\echo_en-AU_hq.dsp
SurfacePro9\SurfaceUpdate\audio\WoV\Echo\m\en-AU\echo_en-AU_hq.th
SurfacePro9\SurfaceUpdate\audio\WoV\Echo\m\en-CA
SurfacePro9\SurfaceUpdate\audio\WoV\Echo\m\en-CA\echo_en-CA_ex.alco
SurfacePro9\SurfaceUpdate\audio\WoV\Echo\m\en-CA\echo_en-CA_ex.eth
SurfacePro9\SurfaceUpdate\audio\WoV\Echo\m\en-CA\echo_en-CA_ex.hsc
SurfacePro9\SurfaceUpdate\audio\WoV\Echo\m\en-CA\echo_en-CA_ex.th
SurfacePro9\SurfaceUpdate\audio\WoV\Echo\m\en-CA\echo_en-CA_hq.dsp
SurfacePro9\SurfaceUpdate\audio\WoV\Echo\m\en-CA\echo_en-CA_hq.th
SurfacePro9\SurfaceUpdate\audio\WoV\Echo\m\en-GB
SurfacePro9\SurfaceUpdate\audio\WoV\Echo\m\en-GB\echo_en-GB_ex.alco
SurfacePro9\SurfaceUpdate\audio\WoV\Echo\m\en-GB\echo_en-GB_ex.eth
SurfacePro9\SurfaceUpdate\audio\WoV\Echo\m\en-GB\echo_en-GB_ex.hsc
SurfacePro9\SurfaceUpdate\audio\WoV\Echo\m\en-GB\echo_en-GB_ex.th
SurfacePro9\SurfaceUpdate\audio\WoV\Echo\m\en-GB\echo_en-GB_hq.dsp
SurfacePro9\SurfaceUpdate\audio\WoV\Echo\m\en-GB\echo_en-GB_hq.th
SurfacePro9\SurfaceUpdate\audio\WoV\Echo\m\en-IE
SurfacePro9\SurfaceUpdate\audio\WoV\Echo\m\en-IE\echo_en-IE_ex.alco
SurfacePro9\SurfaceUpdate\audio\WoV\Echo\m\en-IE\echo_en-IE_ex.eth
SurfacePro9\SurfaceUpdate\audio\WoV\Echo\m\en-IE\echo_en-IE_ex.hsc
SurfacePro9\SurfaceUpdate\audio\WoV\Echo\m\en-IE\echo_en-IE_ex.th
SurfacePro9\SurfaceUpdate\audio\WoV\Echo\m\en-IE\echo_en-IE_hq.dsp
SurfacePro9\SurfaceUpdate\audio\WoV\Echo\m\en-IE\echo_en-IE_hq.th
SurfacePro9\SurfaceUpdate\audio\WoV\Echo\m\en-IN
SurfacePro9\SurfaceUpdate\audio\WoV\Echo\m\en-IN\echo_en-IN_ex.alco
SurfacePro9\SurfaceUpdate\audio\WoV\Echo\m\en-IN\echo_en-IN_ex.eth
SurfacePro9\SurfaceUpdate\audio\WoV\Echo\m\en-IN\echo_en-IN_ex.hsc
SurfacePro9\SurfaceUpdate\audio\WoV\Echo\m\en-IN\echo_en-IN_ex.th
SurfacePro9\SurfaceUpdate\audio\WoV\Echo\m\en-IN\echo_en-IN_hq.dsp
SurfacePro9\SurfaceUpdate\audio\WoV\Echo\m\en-IN\echo_en-IN_hq.th
SurfacePro9\SurfaceUpdate\audio\WoV\Echo\m\en-NZ
SurfacePro9\SurfaceUpdate\audio\WoV\Echo\m\en-NZ\echo_en-NZ_ex.alco
SurfacePro9\SurfaceUpdate\audio\WoV\Echo\m\en-NZ\echo_en-NZ_ex.eth
SurfacePro9\SurfaceUpdate\audio\WoV\Echo\m\en-NZ\echo_en-NZ_ex.hsc
SurfacePro9\SurfaceUpdate\audio\WoV\Echo\m\en-NZ\echo_en-NZ_ex.th
SurfacePro9\SurfaceUpdate\audio\WoV\Echo\m\en-NZ\echo_en-NZ_hq.dsp
SurfacePro9\SurfaceUpdate\audio\WoV\Echo\m\en-NZ\echo_en-NZ_hq.th
SurfacePro9\SurfaceUpdate\audio\WoV\Echo\m\en-US
SurfacePro9\SurfaceUpdate\audio\WoV\Echo\m\en-US\echo_en-US_ex.alco
SurfacePro9\SurfaceUpdate\audio\WoV\Echo\m\en-US\echo_en-US_ex.eth
SurfacePro9\SurfaceUpdate\audio\WoV\Echo\m\en-US\echo_en-US_ex.hsc
SurfacePro9\SurfaceUpdate\audio\WoV\Echo\m\en-US\echo_en-US_ex.th
SurfacePro9\SurfaceUpdate\audio\WoV\Echo\m\en-US\echo_en-US_hq.dsp
SurfacePro9\SurfaceUpdate\audio\WoV\Echo\m\en-US\echo_en-US_hq.th
SurfacePro9\SurfaceUpdate\audio\WoV\Echo\m\es-ES
SurfacePro9\SurfaceUpdate\audio\WoV\Echo\m\es-ES\echo_es-ES_ex.alco
SurfacePro9\SurfaceUpdate\audio\WoV\Echo\m\es-ES\echo_es-ES_ex.eth
SurfacePro9\SurfaceUpdate\audio\WoV\Echo\m\es-ES\echo_es-ES_ex.hsc
SurfacePro9\SurfaceUpdate\audio\WoV\Echo\m\es-ES\echo_es-ES_ex.th
SurfacePro9\SurfaceUpdate\audio\WoV\Echo\m\es-ES\echo_es-ES_hq.dsp
SurfacePro9\SurfaceUpdate\audio\WoV\Echo\m\es-ES\echo_es-ES_hq.th
SurfacePro9\SurfaceUpdate\audio\WoV\Echo\m\es-MX
SurfacePro9\SurfaceUpdate\audio\WoV\Echo\m\es-MX\echo_es-MX_ex.alco
SurfacePro9\SurfaceUpdate\audio\WoV\Echo\m\es-MX\echo_es-MX_ex.eth
SurfacePro9\SurfaceUpdate\audio\WoV\Echo\m\es-MX\echo_es-MX_ex.hsc
SurfacePro9\SurfaceUpdate\audio\WoV\Echo\m\es-MX\echo_es-MX_ex.th
SurfacePro9\SurfaceUpdate\audio\WoV\Echo\m\es-MX\echo_es-MX_hq.dsp
SurfacePro9\SurfaceUpdate\audio\WoV\Echo\m\es-MX\echo_es-MX_hq.th
SurfacePro9\SurfaceUpdate\audio\WoV\Echo\m\es-US
SurfacePro9\SurfaceUpdate\audio\WoV\Echo\m\es-US\echo_es-US_ex.alco
SurfacePro9\SurfaceUpdate\audio\WoV\Echo\m\es-US\echo_es-US_ex.eth
SurfacePro9\SurfaceUpdate\audio\WoV\Echo\m\es-US\echo_es-US_ex.hsc
SurfacePro9\SurfaceUpdate\audio\WoV\Echo\m\es-US\echo_es-US_ex.th
SurfacePro9\SurfaceUpdate\audio\WoV\Echo\m\es-US\echo_es-US_hq.dsp
SurfacePro9\SurfaceUpdate\audio\WoV\Echo\m\es-US\echo_es-US_hq.th
SurfacePro9\SurfaceUpdate\audio\WoV\Echo\m\fr-CA
SurfacePro9\SurfaceUpdate\audio\WoV\Echo\m\fr-CA\echo_fr-CA_ex.alco
SurfacePro9\SurfaceUpdate\audio\WoV\Echo\m\fr-CA\echo_fr-CA_ex.eth
SurfacePro9\SurfaceUpdate\audio\WoV\Echo\m\fr-CA\echo_fr-CA_ex.hsc
SurfacePro9\SurfaceUpdate\audio\WoV\Echo\m\fr-CA\echo_fr-CA_ex.th
SurfacePro9\SurfaceUpdate\audio\WoV\Echo\m\fr-CA\echo_fr-CA_hq.dsp
SurfacePro9\SurfaceUpdate\audio\WoV\Echo\m\fr-CA\echo_fr-CA_hq.th
SurfacePro9\SurfaceUpdate\audio\WoV\Echo\m\fr-FR
SurfacePro9\SurfaceUpdate\audio\WoV\Echo\m\fr-FR\echo_fr-FR_ex.alco
SurfacePro9\SurfaceUpdate\audio\WoV\Echo\m\fr-FR\echo_fr-FR_ex.eth
SurfacePro9\SurfaceUpdate\audio\WoV\Echo\m\fr-FR\echo_fr-FR_ex.hsc
SurfacePro9\SurfaceUpdate\audio\WoV\Echo\m\fr-FR\echo_fr-FR_ex.th
SurfacePro9\SurfaceUpdate\audio\WoV\Echo\m\fr-FR\echo_fr-FR_hq.dsp
SurfacePro9\SurfaceUpdate\audio\WoV\Echo\m\fr-FR\echo_fr-FR_hq.th
SurfacePro9\SurfaceUpdate\audio\WoV\Echo\m\it-IT
SurfacePro9\SurfaceUpdate\audio\WoV\Echo\m\it-IT\echo_it-IT_ex.alco
SurfacePro9\SurfaceUpdate\audio\WoV\Echo\m\it-IT\echo_it-IT_ex.eth
SurfacePro9\SurfaceUpdate\audio\WoV\Echo\m\it-IT\echo_it-IT_ex.hsc
SurfacePro9\SurfaceUpdate\audio\WoV\Echo\m\it-IT\echo_it-IT_ex.th
SurfacePro9\SurfaceUpdate\audio\WoV\Echo\m\it-IT\echo_it-IT_hq.dsp
SurfacePro9\SurfaceUpdate\audio\WoV\Echo\m\it-IT\echo_it-IT_hq.th
SurfacePro9\SurfaceUpdate\audio\WoV\Echo\m\ja-JP
SurfacePro9\SurfaceUpdate\audio\WoV\Echo\m\ja-JP\echo_ja-JP_ex.alco
SurfacePro9\SurfaceUpdate\audio\WoV\Echo\m\ja-JP\echo_ja-JP_ex.eth
SurfacePro9\SurfaceUpdate\audio\WoV\Echo\m\ja-JP\echo_ja-JP_ex.hsc
SurfacePro9\SurfaceUpdate\audio\WoV\Echo\m\ja-JP\echo_ja-JP_ex.th
SurfacePro9\SurfaceUpdate\audio\WoV\Echo\m\ja-JP\echo_ja-JP_hq.dsp
SurfacePro9\SurfaceUpdate\audio\WoV\Echo\m\ja-JP\echo_ja-JP_hq.th
SurfacePro9\SurfaceUpdate\audio\WoV\Echo\m\pt-BR
SurfacePro9\SurfaceUpdate\audio\WoV\Echo\m\pt-BR\echo_pt-BR_ex.alco
SurfacePro9\SurfaceUpdate\audio\WoV\Echo\m\pt-BR\echo_pt-BR_ex.eth
SurfacePro9\SurfaceUpdate\audio\WoV\Echo\m\pt-BR\echo_pt-BR_ex.hsc
SurfacePro9\SurfaceUpdate\audio\WoV\Echo\m\pt-BR\echo_pt-BR_ex.th
SurfacePro9\SurfaceUpdate\audio\WoV\Echo\m\pt-BR\echo_pt-BR_hq.dsp
SurfacePro9\SurfaceUpdate\audio\WoV\Echo\m\pt-BR\echo_pt-BR_hq.th
SurfacePro9\SurfaceUpdate\audio\WoV\Fuj
SurfacePro9\SurfaceUpdate\audio\WoV\Fuj\m
SurfacePro9\SurfaceUpdate\audio\WoV\Fuj\m\ja-JP
SurfacePro9\SurfaceUpdate\audio\WoV\Fuj\m\ja-JP\fuj_ja-JP_ex.alco
SurfacePro9\SurfaceUpdate\audio\WoV\Fuj\m\ja-JP\fuj_ja-JP_ex.eth
SurfacePro9\SurfaceUpdate\audio\WoV\Fuj\m\ja-JP\fuj_ja-JP_ex.hsc
SurfacePro9\SurfaceUpdate\audio\WoV\Fuj\m\ja-JP\fuj_ja-JP_ex.th
SurfacePro9\SurfaceUpdate\audio\WoV\Fuj\m\ja-JP\fuj_ja-JP_hq.dsp
SurfacePro9\SurfaceUpdate\audio\WoV\Fuj\m\ja-JP\fuj_ja-JP_hq.th
SurfacePro9\SurfaceUpdate\audio\WoV\Leno2
SurfacePro9\SurfaceUpdate\audio\WoV\Leno2\m
SurfacePro9\SurfaceUpdate\audio\WoV\Leno2\m\zh-CN
SurfacePro9\SurfaceUpdate\audio\WoV\Leno2\m\zh-CN\leno2_zh-CN_ex.alco
SurfacePro9\SurfaceUpdate\audio\WoV\Leno2\m\zh-CN\leno2_zh-CN_ex.eth
SurfacePro9\SurfaceUpdate\audio\WoV\Leno2\m\zh-CN\leno2_zh-CN_ex.hsc
SurfacePro9\SurfaceUpdate\audio\WoV\Leno2\m\zh-CN\leno2_zh-CN_ex.th
SurfacePro9\SurfaceUpdate\audio\WoV\Leno2\m\zh-CN\leno2_zh-CN_hq.dsp
SurfacePro9\SurfaceUpdate\audio\WoV\Leno2\m\zh-CN\leno2_zh-CN_hq.th
SurfacePro9\SurfaceUpdate\audio\WoV\Ms
SurfacePro9\SurfaceUpdate\audio\WoV\Ms\m
SurfacePro9\SurfaceUpdate\audio\WoV\Ms\m\en-US
SurfacePro9\SurfaceUpdate\audio\WoV\Ms\m\en-US\ms_en-US_ex.alco
SurfacePro9\SurfaceUpdate\audio\WoV\Ms\m\en-US\ms_en-US_ex.eth
SurfacePro9\SurfaceUpdate\audio\WoV\Ms\m\en-US\ms_en-US_ex.hsc
SurfacePro9\SurfaceUpdate\audio\WoV\Ms\m\en-US\ms_en-US_ex.th
SurfacePro9\SurfaceUpdate\audio\WoV\Ms\m\en-US\ms_en-US_hq.dsp
SurfacePro9\SurfaceUpdate\audio\WoV\Ms\m\en-US\ms_en-US_hq.th
SurfacePro9\SurfaceUpdate\audio\WoV\Mslexa
SurfacePro9\SurfaceUpdate\audio\WoV\Mslexa\m
SurfacePro9\SurfaceUpdate\audio\WoV\Mslexa\m\en-US
SurfacePro9\SurfaceUpdate\audio\WoV\Mslexa\m\en-US\mslexa_en-US_hq.dsp
SurfacePro9\SurfaceUpdate\audio\WoV\Mslexa\m\en-US\mslexa_en-US_hq_echo.th
SurfacePro9\SurfaceUpdate\audio\WoV\Mslexa\m\en-US\mslexa_en-US_hq_ms.th
SurfacePro9\SurfaceUpdate\audio\WoV\Nec
SurfacePro9\SurfaceUpdate\audio\WoV\Nec\m
SurfacePro9\SurfaceUpdate\audio\WoV\Nec\m\ja-JP
SurfacePro9\SurfaceUpdate\audio\WoV\Nec\m\ja-JP\nec_ja-JP_ex.alco
SurfacePro9\SurfaceUpdate\audio\WoV\Nec\m\ja-JP\nec_ja-JP_ex.eth
SurfacePro9\SurfaceUpdate\audio\WoV\Nec\m\ja-JP\nec_ja-JP_ex.hsc
SurfacePro9\SurfaceUpdate\audio\WoV\Nec\m\ja-JP\nec_ja-JP_ex.th
SurfacePro9\SurfaceUpdate\audio\WoV\Nec\m\ja-JP\nec_ja-JP_hq.dsp
SurfacePro9\SurfaceUpdate\audio\WoV\Nec\m\ja-JP\nec_ja-JP_hq.th
SurfacePro9\SurfaceUpdate\audio\WoV\Service
SurfacePro9\SurfaceUpdate\audio\WoV\Service\MultiChannelWoV.dll
SurfacePro9\SurfaceUpdate\audio\WoV\Service\MultichannelWoVCfg.dll
SurfacePro9\SurfaceUpdate\audio\WoV\Tencent
SurfacePro9\SurfaceUpdate\audio\WoV\Tencent\m
SurfacePro9\SurfaceUpdate\audio\WoV\Tencent\m\zh-CN
SurfacePro9\SurfaceUpdate\audio\WoV\Tencent\m\zh-CN\tencent_zh-CN_ex.alco
SurfacePro9\SurfaceUpdate\audio\WoV\Tencent\m\zh-CN\tencent_zh-CN_ex.eth
SurfacePro9\SurfaceUpdate\audio\WoV\Tencent\m\zh-CN\tencent_zh-CN_ex.hsc
SurfacePro9\SurfaceUpdate\audio\WoV\Tencent\m\zh-CN\tencent_zh-CN_ex.th
SurfacePro9\SurfaceUpdate\audio\WoV\Tencent\m\zh-CN\tencent_zh-CN_hq.dsp
SurfacePro9\SurfaceUpdate\audio\WoV\Tencent\m\zh-CN\tencent_zh-CN_hq.th
SurfacePro9\SurfaceUpdate\audio\WoV\Xiaomi
SurfacePro9\SurfaceUpdate\audio\WoV\Xiaomi\m
SurfacePro9\SurfaceUpdate\audio\WoV\Xiaomi\m\zh-CN
SurfacePro9\SurfaceUpdate\audio\WoV\Xiaomi\m\zh-CN\xiaomi_zh-CN_ex.alco
SurfacePro9\SurfaceUpdate\audio\WoV\Xiaomi\m\zh-CN\xiaomi_zh-CN_ex.eth
SurfacePro9\SurfaceUpdate\audio\WoV\Xiaomi\m\zh-CN\xiaomi_zh-CN_ex.hsc
SurfacePro9\SurfaceUpdate\audio\WoV\Xiaomi\m\zh-CN\xiaomi_zh-CN_ex.th
SurfacePro9\SurfaceUpdate\audio\WoV\Xiaomi\m\zh-CN\xiaomi_zh-CN_hq.dsp
SurfacePro9\SurfaceUpdate\audio\WoV\Xiaomi\m\zh-CN\xiaomi_zh-CN_hq.th
SurfacePro9\SurfaceUpdate\audio\WoV\Yoga
SurfacePro9\SurfaceUpdate\audio\WoV\Yoga\m
SurfacePro9\SurfaceUpdate\audio\WoV\Yoga\m\zh-CN
SurfacePro9\SurfaceUpdate\audio\WoV\Yoga\m\zh-CN\yoga_zh-CN_ex.alco
SurfacePro9\SurfaceUpdate\audio\WoV\Yoga\m\zh-CN\yoga_zh-CN_ex.eth
SurfacePro9\SurfaceUpdate\audio\WoV\Yoga\m\zh-CN\yoga_zh-CN_ex.hsc
SurfacePro9\SurfaceUpdate\audio\WoV\Yoga\m\zh-CN\yoga_zh-CN_ex.th
SurfacePro9\SurfaceUpdate\audio\WoV\Yoga\m\zh-CN\yoga_zh-CN_hq.dsp
SurfacePro9\SurfaceUpdate\audio\WoV\Yoga\m\zh-CN\yoga_zh-CN_hq.th
SurfacePro9\SurfaceUpdate\audio\WoV\intelwov_data_manifest.txt
SurfacePro9\SurfaceUpdate\audio\WoV\model_metadata.xml
SurfacePro9\SurfaceUpdate\audio\detectionverificationdrv.cat
SurfacePro9\SurfaceUpdate\audio\DetectionVerificationDrv.dll
SurfacePro9\SurfaceUpdate\audio\DetectionVerificationDrv.inf
SurfacePro9\SurfaceUpdate\audio\intcaudiobus.cat
SurfacePro9\SurfaceUpdate\audio\IntcAudioBus.inf
SurfacePro9\SurfaceUpdate\audio\IntcAudioBus.sys
SurfacePro9\SurfaceUpdate\audio\intcbtau.cat
SurfacePro9\SurfaceUpdate\audio\IntcBTAu.inf
SurfacePro9\SurfaceUpdate\audio\IntcBTAu.sys
SurfacePro9\SurfaceUpdate\audio\intcoed.cat
SurfacePro9\SurfaceUpdate\audio\IntcOED.inf
SurfacePro9\SurfaceUpdate\audio\IntcOED.sys
SurfacePro9\SurfaceUpdate\audio\intcusb.cat
SurfacePro9\SurfaceUpdate\audio\IntcUSB.inf
SurfacePro9\SurfaceUpdate\audio\IntcUSB.sys
SurfacePro9\SurfaceUpdate\audio\IntelSSTPreprocStreamer.dll
SurfacePro9\SurfaceUpdate\audio\IntelWovSDK.dll
SurfacePro9\SurfaceUpdate\audio\MultiChannelWoV.dll
SurfacePro9\SurfaceUpdate\audio\MultichannelWoVCfg.dll
SurfacePro9\SurfaceUpdate\audio\WakeWordEngine.dll
SurfacePro9\SurfaceUpdate\bluetooth
SurfacePro9\SurfaceUpdate\bluetooth\ibtusb.cat
SurfacePro9\SurfaceUpdate\bluetooth\ibtusb.inf
SurfacePro9\SurfaceUpdate\bluetooth\ibtusb.sys
SurfacePro9\SurfaceUpdate\cameras
SurfacePro9\SurfaceUpdate\cameras\Bootloader
SurfacePro9\SurfaceUpdate\cameras\Bootloader\cpd_btldr_signed.bin
SurfacePro9\SurfaceUpdate\cameras\Bootloader\cpd_btldr_signed_adln.bin
SurfacePro9\SurfaceUpdate\cameras\Bootloader\cpd_btldr_signed_rpl.bin
SurfacePro9\SurfaceUpdate\cameras\CameraDDK
SurfacePro9\SurfaceUpdate\cameras\CameraDDK\Documentation
SurfacePro9\SurfaceUpdate\cameras\CameraDDK\Documentation\Sensor Development Environment Setup Guide.docx
SurfacePro9\SurfaceUpdate\cameras\CameraDDK\Documentation\Sensor_VCM_EEPROM_development_Guide.docx
SurfacePro9\SurfaceUpdate\cameras\CameraDDK\Include
SurfacePro9\SurfaceUpdate\cameras\CameraDDK\Include\Skycam
SurfacePro9\SurfaceUpdate\cameras\CameraDDK\Include\Skycam\BIOSInterface.h
SurfacePro9\SurfaceUpdate\cameras\CameraDDK\Include\Skycam\InterfacesCommon.h
SurfacePro9\SurfaceUpdate\cameras\CameraDDK\Include\Skycam\public.h
SurfacePro9\SurfaceUpdate\cameras\CameraDDK\Include\Skycam\SensorDataInterface.h
SurfacePro9\SurfaceUpdate\cameras\CameraDDK\Include\Skycam\VTIO_BIOS_Manifest.h
SurfacePro9\SurfaceUpdate\cameras\CameraDDK\Include\controllogic_common.h
SurfacePro9\SurfaceUpdate\cameras\CameraDDK\Include\controllogic_sensor_intf.h
SurfacePro9\SurfaceUpdate\cameras\CameraDDK\Include\CVF_Camera_Intf.h
SurfacePro9\SurfaceUpdate\cameras\CameraDDK\Include\dsdt.h
SurfacePro9\SurfaceUpdate\cameras\CameraDDK\Include\FlipMode.h
SurfacePro9\SurfaceUpdate\cameras\CameraDDK\Include\HDMI_I2S_Interface.h
SurfacePro9\SurfaceUpdate\cameras\CameraDDK\Include\platf_info.h
SurfacePro9\SurfaceUpdate\cameras\CameraDDK\Include\PrivacyMode.h
SurfacePro9\SurfaceUpdate\cameras\CameraDDK\Include\sensor_feature.h
SurfacePro9\SurfaceUpdate\cameras\CameraDDK\Include\sensor_intf.h
SurfacePro9\SurfaceUpdate\cameras\CameraDDK\Include\sensor_intfclass.h
SurfacePro9\SurfaceUpdate\cameras\CameraDDK\Include\sensor_skycam.h
SurfacePro9\SurfaceUpdate\cameras\CameraDDK\Include\sensor_types.h
SurfacePro9\SurfaceUpdate\cameras\CameraDDK\Include\stdbool.h
SurfacePro9\SurfaceUpdate\cameras\CameraDDK\Include\stdint.h
SurfacePro9\SurfaceUpdate\cameras\CameraDDK\Lib
SurfacePro9\SurfaceUpdate\cameras\CameraDDK\Lib\ADL
SurfacePro9\SurfaceUpdate\cameras\CameraDDK\Lib\ADL\Release
SurfacePro9\SurfaceUpdate\cameras\CameraDDK\Lib\ADL\Release\x64
SurfacePro9\SurfaceUpdate\cameras\CameraDDK\Lib\ADL\Release\x64\common.lib
SurfacePro9\SurfaceUpdate\cameras\CameraDDK\Lib\ADL\Release\x64\nvram.lib
SurfacePro9\SurfaceUpdate\cameras\CameraDDK\Lib\ADL\Release\x64\vcm.lib
SurfacePro9\SurfaceUpdate\cameras\CameraDDK\Platform
SurfacePro9\SurfaceUpdate\cameras\CameraDDK\Platform\BuildCameraSensor.bat
SurfacePro9\SurfaceUpdate\cameras\CameraDDK\Sensor
SurfacePro9\SurfaceUpdate\cameras\CameraDDK\Sensor\Common
SurfacePro9\SurfaceUpdate\cameras\CameraDDK\Sensor\Common\inc
SurfacePro9\SurfaceUpdate\cameras\CameraDDK\Sensor\Common\inc\sensor.h
SurfacePro9\SurfaceUpdate\cameras\CameraDDK\Sensor\Common\inc\sensor_internal.h
SurfacePro9\SurfaceUpdate\cameras\CameraDDK\Sensor\Common\libiss
SurfacePro9\SurfaceUpdate\cameras\CameraDDK\Sensor\Common\libiss\libinc
SurfacePro9\SurfaceUpdate\cameras\CameraDDK\Sensor\Common\libiss\libinc\SsCommon.h
SurfacePro9\SurfaceUpdate\cameras\CameraDDK\Sensor\Common\libiss\libinc\SsGpio.h
SurfacePro9\SurfaceUpdate\cameras\CameraDDK\Sensor\Common\libiss\libinc\SsI2c.h
SurfacePro9\SurfaceUpdate\cameras\CameraDDK\Sensor\Common\libiss\libinc\SsNvm.h
SurfacePro9\SurfaceUpdate\cameras\CameraDDK\Sensor\Common\libiss\libinc\SsReader.h
SurfacePro9\SurfaceUpdate\cameras\CameraDDK\Sensor\Common\libiss\libinc\SsSensor.h
SurfacePro9\SurfaceUpdate\cameras\CameraDDK\Sensor\Common\libiss\libinc\SsVcm.h
SurfacePro9\SurfaceUpdate\cameras\CameraDDK\Sensor\Common\libiss\src
SurfacePro9\SurfaceUpdate\cameras\CameraDDK\Sensor\Common\libiss\src\nvram
SurfacePro9\SurfaceUpdate\cameras\CameraDDK\Sensor\Common\libiss\src\nvram\nvm_24AA16.h
SurfacePro9\SurfaceUpdate\cameras\CameraDDK\Sensor\Common\libiss\src\nvram\nvm_brca016gwz.h
SurfacePro9\SurfaceUpdate\cameras\CameraDDK\Sensor\Common\libiss\src\nvram\nvm_cat24c08.h
SurfacePro9\SurfaceUpdate\cameras\CameraDDK\Sensor\Common\libiss\src\nvram\nvm_cat24c16.h
SurfacePro9\SurfaceUpdate\cameras\CameraDDK\Sensor\Common\libiss\src\nvram\nvm_cat24c64.h
SurfacePro9\SurfaceUpdate\cameras\CameraDDK\Sensor\Common\libiss\src\nvram\nvm_dw9806b.h
SurfacePro9\SurfaceUpdate\cameras\CameraDDK\Sensor\Common\libiss\src\nvram\nvm_dw9808.h
SurfacePro9\SurfaceUpdate\cameras\CameraDDK\Sensor\Common\libiss\src\nvram\nvm_eeprom.h
SurfacePro9\SurfaceUpdate\cameras\CameraDDK\Sensor\Common\libiss\src\nvram\nvm_gt24p64m.h
SurfacePro9\SurfaceUpdate\cameras\CameraDDK\Sensor\Common\libiss\src\nvram\nvm_M24C64S.h
SurfacePro9\SurfaceUpdate\cameras\CameraDDK\Sensor\Common\libiss\src\nvram\nvram.h
SurfacePro9\SurfaceUpdate\cameras\CameraDDK\Sensor\Common\libiss\src\nvram\nvram_map.c
SurfacePro9\SurfaceUpdate\cameras\CameraDDK\Sensor\Common\libiss\src\nvram\nvram_type.h
SurfacePro9\SurfaceUpdate\cameras\CameraDDK\Sensor\Common\libiss\src\nvram\otp_dummy.c
SurfacePro9\SurfaceUpdate\cameras\CameraDDK\Sensor\Common\libiss\src\vcm
SurfacePro9\SurfaceUpdate\cameras\CameraDDK\Sensor\Common\libiss\src\vcm\vcm.h
SurfacePro9\SurfaceUpdate\cameras\CameraDDK\Sensor\Common\libiss\src\vcm\vcm_ad5816.h
SurfacePro9\SurfaceUpdate\cameras\CameraDDK\Sensor\Common\libiss\src\vcm\vcm_ad5823.h
SurfacePro9\SurfaceUpdate\cameras\CameraDDK\Sensor\Common\libiss\src\vcm\vcm_ak7371.h
SurfacePro9\SurfaceUpdate\cameras\CameraDDK\Sensor\Common\libiss\src\vcm\vcm_bu64297gwz.h
SurfacePro9\SurfaceUpdate\cameras\CameraDDK\Sensor\Common\libiss\src\vcm\vcm_dw9714.h
SurfacePro9\SurfaceUpdate\cameras\CameraDDK\Sensor\Common\libiss\src\vcm\vcm_dw9718.h
SurfacePro9\SurfaceUpdate\cameras\CameraDDK\Sensor\Common\libiss\src\vcm\vcm_dw9719.h
SurfacePro9\SurfaceUpdate\cameras\CameraDDK\Sensor\Common\libiss\src\vcm\vcm_dw9800.h
SurfacePro9\SurfaceUpdate\cameras\CameraDDK\Sensor\Common\libiss\src\vcm\vcm_dw9806b.h
SurfacePro9\SurfaceUpdate\cameras\CameraDDK\Sensor\Common\libiss\src\vcm\vcm_dw9808.h
SurfacePro9\SurfaceUpdate\cameras\CameraDDK\Sensor\Common\libiss\src\vcm\vcm_dw9825a.h
SurfacePro9\SurfaceUpdate\cameras\CameraDDK\Sensor\Common\libiss\src\vcm\vcm_lc898122XA.h
SurfacePro9\SurfaceUpdate\cameras\CameraDDK\Sensor\Common\libiss\src\vcm\vcm_lc898212AXB.h
SurfacePro9\SurfaceUpdate\cameras\CameraDDK\Sensor\Common\libiss\src\vcm\vcm_lc898217.h
SurfacePro9\SurfaceUpdate\cameras\CameraDDK\Sensor\Common\libiss\src\vcm\vcm_map.c
SurfacePro9\SurfaceUpdate\cameras\CameraDDK\Sensor\Common\libiss\src\vcm\vcm_type.h
SurfacePro9\SurfaceUpdate\cameras\CameraDDK\Sensor\Common\libiss\src\vcm\vcm_wv517s.h
SurfacePro9\SurfaceUpdate\cameras\CameraDDK\Sensor\Common\libiss\src\SsSensor.c
SurfacePro9\SurfaceUpdate\cameras\CameraDDK\Sensor\Sample
SurfacePro9\SurfaceUpdate\cameras\CameraDDK\Sensor\Sample\device.h
SurfacePro9\SurfaceUpdate\cameras\CameraDDK\Sensor\Sample\Sample.c
SurfacePro9\SurfaceUpdate\cameras\CameraDDK\Sensor\Sample\Sample.inx
SurfacePro9\SurfaceUpdate\cameras\CameraDDK\Sensor\Sample\Sample.rc
SurfacePro9\SurfaceUpdate\cameras\CameraDDK\Sensor\Sample\Sample.vcxproj
SurfacePro9\SurfaceUpdate\cameras\CameraDDK\Sensor\Sample\Sample_setting.c
SurfacePro9\SurfaceUpdate\cameras\CameraDDK\Sensor\Sample\SensorTrace.h
SurfacePro9\SurfaceUpdate\cameras\burstisp_ipux.dll
SurfacePro9\SurfaceUpdate\cameras\cpd_component_signed.bin
SurfacePro9\SurfaceUpdate\cameras\cpd_component_signed_adln.bin
SurfacePro9\SurfaceUpdate\cameras\cpd_component_signed_rpl.bin
SurfacePro9\SurfaceUpdate\cameras\evcp.dll
SurfacePro9\SurfaceUpdate\cameras\graph_descriptor.xml
SurfacePro9\SurfaceUpdate\cameras\graph_settings_OV13858_YHCEU_ADL.xml
SurfacePro9\SurfaceUpdate\cameras\graph_settings_OV13858_YHCEW_ADL.xml
SurfacePro9\SurfaceUpdate\cameras\graph_settings_OV13858_YHCE_ADL.xml
SurfacePro9\SurfaceUpdate\cameras\graph_settings_ov5693_13P2BA540_ADL.xml
SurfacePro9\SurfaceUpdate\cameras\graph_settings_TPG1_INTEL_DEFAULT.xml
SurfacePro9\SurfaceUpdate\cameras\graph_settings_TPG2_INTEL_DEFAULT.xml
SurfacePro9\SurfaceUpdate\cameras\graph_settings_vd55g0_ST_ADL.xml
SurfacePro9\SurfaceUpdate\cameras\iacamera64.cat
SurfacePro9\SurfaceUpdate\cameras\iacamera64.inf
SurfacePro9\SurfaceUpdate\cameras\iacamera64.sys
SurfacePro9\SurfaceUpdate\cameras\iactrllogic64.cat
SurfacePro9\SurfaceUpdate\cameras\iactrllogic64.inf
SurfacePro9\SurfaceUpdate\cameras\iactrllogic64.sys
SurfacePro9\SurfaceUpdate\cameras\iaisp64.cat
SurfacePro9\SurfaceUpdate\cameras\iaisp64.inf
SurfacePro9\SurfaceUpdate\cameras\iaisp64.sys
SurfacePro9\SurfaceUpdate\cameras\iaisptrustlet64.dll
SurfacePro9\SurfaceUpdate\cameras\Intel Limited Distribution (Commercial Use) OBL(v 5.11.2021).pdf
SurfacePro9\SurfaceUpdate\cameras\IntelDeviceMFT64.dll
SurfacePro9\SurfaceUpdate\cameras\libia_cp64.dll
SurfacePro9\SurfaceUpdate\cameras\mute-mirror.bmp
SurfacePro9\SurfaceUpdate\cameras\mute.bmp
SurfacePro9\SurfaceUpdate\cameras\out.svendict_isys.xml
SurfacePro9\SurfaceUpdate\cameras\out.svendict_psys.xml
SurfacePro9\SurfaceUpdate\cameras\ov13858.cat
SurfacePro9\SurfaceUpdate\cameras\ov13858.inf
SurfacePro9\SurfaceUpdate\cameras\ov13858.sys
SurfacePro9\SurfaceUpdate\cameras\OV13858_YHCEU_ADL.aiqb
SurfacePro9\SurfaceUpdate\cameras\OV13858_YHCEU_ADL.cpf
SurfacePro9\SurfaceUpdate\cameras\OV13858_YHCEU_M_ADL.aiqb
SurfacePro9\SurfaceUpdate\cameras\OV13858_YHCEU_M_ADL.cpf
SurfacePro9\SurfaceUpdate\cameras\OV13858_YHCEU_S_ADL.aiqb
SurfacePro9\SurfaceUpdate\cameras\OV13858_YHCEU_S_ADL.cpf
SurfacePro9\SurfaceUpdate\cameras\OV13858_YHCEW_ADL.aiqb
SurfacePro9\SurfaceUpdate\cameras\OV13858_YHCEW_ADL.cpf
SurfacePro9\SurfaceUpdate\cameras\OV13858_YHCE_ADL.aiqb
SurfacePro9\SurfaceUpdate\cameras\OV13858_YHCE_ADL.cpf
SurfacePro9\SurfaceUpdate\cameras\ov5693.cat
SurfacePro9\SurfaceUpdate\cameras\ov5693.inf
SurfacePro9\SurfaceUpdate\cameras\ov5693.sys
SurfacePro9\SurfaceUpdate\cameras\OV5693_13P2BA540_ADL.aiqb
SurfacePro9\SurfaceUpdate\cameras\OV5693_13P2BA540_ADL.cpf
SurfacePro9\SurfaceUpdate\cameras\pvl64.dll
SurfacePro9\SurfaceUpdate\cameras\pvl_perspective_control64.dll
SurfacePro9\SurfaceUpdate\cameras\pvl_skin_smoothing64.dll
SurfacePro9\SurfaceUpdate\cameras\subway_blazeface_tracking.dll
SurfacePro9\SurfaceUpdate\cameras\subway_centernet_tracking.dll
SurfacePro9\SurfaceUpdate\cameras\subway_user_framing.dll
SurfacePro9\SurfaceUpdate\cameras\tnr7_cm.dll
SurfacePro9\SurfaceUpdate\cameras\TPG1_INTEL.aiqb
SurfacePro9\SurfaceUpdate\cameras\TPG1_INTEL.cpf
SurfacePro9\SurfaceUpdate\cameras\TPG1_INTEL_SVE.cpf
SurfacePro9\SurfaceUpdate\cameras\TPG2_INTEL.aiqb
SurfacePro9\SurfaceUpdate\cameras\TPG2_INTEL.cpf
SurfacePro9\SurfaceUpdate\cameras\TPG2_INTEL_rgbir.cpf
SurfacePro9\SurfaceUpdate\cameras\vd55g0.cat
SurfacePro9\SurfaceUpdate\cameras\vd55g0.inf
SurfacePro9\SurfaceUpdate\cameras\vd55g0.sys
SurfacePro9\SurfaceUpdate\cameras\VD55G0_ST_ADL.aiqb
SurfacePro9\SurfaceUpdate\cameras\VD55G0_ST_ADL.cpf
SurfacePro9\SurfaceUpdate\camerasext
SurfacePro9\SurfaceUpdate\camerasext\graph_settings_OV13858_MSHW0341_ADL.xml
SurfacePro9\SurfaceUpdate\camerasext\graph_settings_ov5693_MSHW0340_ADL.xml
SurfacePro9\SurfaceUpdate\camerasext\graph_settings_VD55G0_MSHW0342_ADL.xml
SurfacePro9\SurfaceUpdate\camerasext\iacamera64_extension.cat
SurfacePro9\SurfaceUpdate\camerasext\iacamera64_extension.inf
SurfacePro9\SurfaceUpdate\camerasext\ov13858_extension.cat
SurfacePro9\SurfaceUpdate\camerasext\ov13858_extension.inf
SurfacePro9\SurfaceUpdate\camerasext\OV13858_MSHW0341_ADL.aiqb
SurfacePro9\SurfaceUpdate\camerasext\OV13858_MSHW0341_ADL.cpf
SurfacePro9\SurfaceUpdate\camerasext\ov5693_extension.cat
SurfacePro9\SurfaceUpdate\camerasext\ov5693_extension.inf
SurfacePro9\SurfaceUpdate\camerasext\OV5693_MSHW0340_ADL.aiqb
SurfacePro9\SurfaceUpdate\camerasext\OV5693_MSHW0340_ADL.cpf
SurfacePro9\SurfaceUpdate\camerasext\vd55g0_extension.cat
SurfacePro9\SurfaceUpdate\camerasext\vd55g0_extension.inf
SurfacePro9\SurfaceUpdate\camerasext\VD55G0_MSHW0342_ADL.aiqb
SurfacePro9\SurfaceUpdate\camerasext\VD55G0_MSHW0342_ADL.cpf
SurfacePro9\SurfaceUpdate\capabilitylicensingsvcclient
SurfacePro9\SurfaceUpdate\capabilitylicensingsvcclient\conf
SurfacePro9\SurfaceUpdate\capabilitylicensingsvcclient\conf\cacert.pem
SurfacePro9\SurfaceUpdate\capabilitylicensingsvcclient\conf\epid2_paramcert.dat
SurfacePro9\SurfaceUpdate\capabilitylicensingsvcclient\conf\EPIDGroupCertLegacy.cer
SurfacePro9\SurfaceUpdate\capabilitylicensingsvcclient\conf\EPIDGroupCertX509.cer
SurfacePro9\SurfaceUpdate\capabilitylicensingsvcclient\conf\epid_paramcert.dat
SurfacePro9\SurfaceUpdate\capabilitylicensingsvcclient\conf\iclsProxy.conf
SurfacePro9\SurfaceUpdate\capabilitylicensingsvcclient\Documents
SurfacePro9\SurfaceUpdate\capabilitylicensingsvcclient\Documents\development_tools.txt
SurfacePro9\SurfaceUpdate\capabilitylicensingsvcclient\Documents\License.txt
SurfacePro9\SurfaceUpdate\capabilitylicensingsvcclient\Documents\Readme.txt
SurfacePro9\SurfaceUpdate\capabilitylicensingsvcclient\Documents\redist.txt
SurfacePro9\SurfaceUpdate\capabilitylicensingsvcclient\Documents\Third Party Licenses.txt
SurfacePro9\SurfaceUpdate\capabilitylicensingsvcclient\lib
SurfacePro9\SurfaceUpdate\capabilitylicensingsvcclient\lib\concrt140.dll
SurfacePro9\SurfaceUpdate\capabilitylicensingsvcclient\lib\iclsClient.dll
SurfacePro9\SurfaceUpdate\capabilitylicensingsvcclient\lib\iclsClientInternal.dll
SurfacePro9\SurfaceUpdate\capabilitylicensingsvcclient\lib\iclsProxy.dll
SurfacePro9\SurfaceUpdate\capabilitylicensingsvcclient\lib\iclsProxyInternal.dll
SurfacePro9\SurfaceUpdate\capabilitylicensingsvcclient\lib\IntelPTTEKRecertification.exe
SurfacePro9\SurfaceUpdate\capabilitylicensingsvcclient\lib\libcrypto-3-x64.dll
SurfacePro9\SurfaceUpdate\capabilitylicensingsvcclient\lib\libssl-3-x64.dll
SurfacePro9\SurfaceUpdate\capabilitylicensingsvcclient\lib\msvcp140.dll
SurfacePro9\SurfaceUpdate\capabilitylicensingsvcclient\lib\PlatformLicenseManagerService.exe
SurfacePro9\SurfaceUpdate\capabilitylicensingsvcclient\lib\TPMProvisioningService.exe
SurfacePro9\SurfaceUpdate\capabilitylicensingsvcclient\lib\vcruntime140.dll
SurfacePro9\SurfaceUpdate\capabilitylicensingsvcclient\lib\vcruntime140_1.dll
SurfacePro9\SurfaceUpdate\capabilitylicensingsvcclient\lib32
SurfacePro9\SurfaceUpdate\capabilitylicensingsvcclient\lib32\concrt140.dll
SurfacePro9\SurfaceUpdate\capabilitylicensingsvcclient\lib32\iclsClient.dll
SurfacePro9\SurfaceUpdate\capabilitylicensingsvcclient\lib32\iclsClientInternal.dll
SurfacePro9\SurfaceUpdate\capabilitylicensingsvcclient\lib32\iclsProxy.dll
SurfacePro9\SurfaceUpdate\capabilitylicensingsvcclient\lib32\iclsProxyInternal.dll
SurfacePro9\SurfaceUpdate\capabilitylicensingsvcclient\lib32\IntelPTTEKRecertification.exe
SurfacePro9\SurfaceUpdate\capabilitylicensingsvcclient\lib32\libcrypto-3.dll
SurfacePro9\SurfaceUpdate\capabilitylicensingsvcclient\lib32\libssl-3.dll
SurfacePro9\SurfaceUpdate\capabilitylicensingsvcclient\lib32\msvcp140.dll
SurfacePro9\SurfaceUpdate\capabilitylicensingsvcclient\lib32\TPMProvisioningService.exe
SurfacePro9\SurfaceUpdate\capabilitylicensingsvcclient\lib32\vcruntime140.dll
SurfacePro9\SurfaceUpdate\capabilitylicensingsvcclient\iclsClient.cat
SurfacePro9\SurfaceUpdate\capabilitylicensingsvcclient\iclsClient.inf
SurfacePro9\SurfaceUpdate\dax3aposvc
SurfacePro9\SurfaceUpdate\dax3aposvc\CaptureStreamMonitor.dll
SurfacePro9\SurfaceUpdate\dax3aposvc\DAX3API.exe
SurfacePro9\SurfaceUpdate\dax3aposvc\Dax3DapControl.dll
SurfacePro9\SurfaceUpdate\dax3aposvc\Dax3Ref.dll
SurfacePro9\SurfaceUpdate\dax3aposvc\dax3_swc_aposvc.cat
SurfacePro9\SurfaceUpdate\dax3aposvc\dax3_swc_aposvc.inf
SurfacePro9\SurfaceUpdate\dax3aposvc\DAXSSID.dll
SurfacePro9\SurfaceUpdate\dax3aposvc\default_settings.json
SurfacePro9\SurfaceUpdate\dax3aposvc\Default_settings.xml
SurfacePro9\SurfaceUpdate\dax3aposvc\DolbyAPONs.dll
SurfacePro9\SurfaceUpdate\dax3aposvc\DolbyAPONs30.dll
SurfacePro9\SurfaceUpdate\dax3aposvc\DolbyAPOv2100.dll
SurfacePro9\SurfaceUpdate\dax3aposvc\DolbyAPOv251.dll
SurfacePro9\SurfaceUpdate\dax3aposvc\DolbyAPOvlldp.dll
SurfacePro9\SurfaceUpdate\dax3aposvc\DolbyAPOvlldp120.dll
SurfacePro9\SurfaceUpdate\dax3aposvc\DolbyAPOvlldp130.dll
SurfacePro9\SurfaceUpdate\dax3aposvc\DolbyAPOvlldp140.dll
SurfacePro9\SurfaceUpdate\dax3aposvc\DolbyAPOvlldp150.dll
SurfacePro9\SurfaceUpdate\dax3aposvc\DolbyApoVr.dll
SurfacePro9\SurfaceUpdate\dax3aposvc\DolbyDax3Apo.dll
SurfacePro9\SurfaceUpdate\dax3extrtk
SurfacePro9\SurfaceUpdate\dax3extrtk\dax3_ext_rtk.cat
SurfacePro9\SurfaceUpdate\dax3extrtk\dax3_ext_rtk.inf
SurfacePro9\SurfaceUpdate\dax3extrtk\DEV_0274_SUBSYS_10EC120A_PCI_SUBSYS_72708086.xml
SurfacePro9\SurfaceUpdate\dax3extrtk\DEV_0274_SUBSYS_10EC1216_PCI_SUBSYS_72708086.xml
SurfacePro9\SurfaceUpdate\dax3extrtk\DEV_0274_SUBSYS_10EC121C_PCI_SUBSYS_72708086.xml
SurfacePro9\SurfaceUpdate\dax3extrtk\DEV_0274_SUBSYS_10EC121C_PCI_SUBSYS_72708086_settings.xml
SurfacePro9\SurfaceUpdate\dax3extrtk\DEV_0274_SUBSYS_10EC121E_PCI_SUBSYS_72708086.xml
SurfacePro9\SurfaceUpdate\dax3extrtk\DEV_0274_SUBSYS_10EC122A_PCI_SUBSYS_72708086.xml
SurfacePro9\SurfaceUpdate\dax3extrtk\DEV_0274_SUBSYS_10EC122E_PCI_SUBSYS_72708086.xml
SurfacePro9\SurfaceUpdate\dax3extrtk\DEV_0274_SUBSYS_10EC123C_PCI_SUBSYS_72708086.xml
SurfacePro9\SurfaceUpdate\dax3extrtk\DEV_0274_SUBSYS_10EC123E_PCI_SUBSYS_72708086.xml
SurfacePro9\SurfaceUpdate\dax3extrtk\DEV_0274_SUBSYS_10EC1248_PCI_SUBSYS_72708086.xml
SurfacePro9\SurfaceUpdate\dax3extrtk\DEV_0274_SUBSYS_10EC126A_PCI_SUBSYS_72708086.xml
SurfacePro9\SurfaceUpdate\dax3extrtk\DEV_0274_SUBSYS_10EC126A_PCI_SUBSYS_72708086_settings.xml
SurfacePro9\SurfaceUpdate\dax3extrtk\DEV_0274_SUBSYS_10EC1282_PCI_SUBSYS_72708086.xml
SurfacePro9\SurfaceUpdate\dax3extrtk\DEV_0274_SUBSYS_10EC1282_PCI_SUBSYS_72708086_settings.xml
SurfacePro9\SurfaceUpdate\dax3extrtk\DEV_0274_SUBSYS_10EC1284_PCI_SUBSYS_72708086.xml
SurfacePro9\SurfaceUpdate\dax3extrtk\DEV_0274_SUBSYS_10EC1284_PCI_SUBSYS_72708086_settings.xml
SurfacePro9\SurfaceUpdate\dax3extrtk\DEV_0274_SUBSYS_10EC1286_PCI_SUBSYS_72708086.xml
SurfacePro9\SurfaceUpdate\dax3extrtk\DEV_0274_SUBSYS_10EC1288_PCI_SUBSYS_72708086.xml
SurfacePro9\SurfaceUpdate\dax3extrtk\DEV_0274_SUBSYS_10EC128E_PCI_SUBSYS_72708086.xml
SurfacePro9\SurfaceUpdate\dax3extrtk\DEV_0274_SUBSYS_10EC1290_PCI_SUBSYS_72708086.xml
SurfacePro9\SurfaceUpdate\dax3extrtk\DEV_0274_SUBSYS_10EC129C_PCI_SUBSYS_72708086.xml
SurfacePro9\SurfaceUpdate\dax3extrtk\DEV_0274_SUBSYS_10EC12B8_PCI_SUBSYS_72708086.xml
SurfacePro9\SurfaceUpdate\dax3extrtk\DEV_0274_SUBSYS_10EC12B8_PCI_SUBSYS_72708086_settings.xml
SurfacePro9\SurfaceUpdate\dax3extrtk\DEV_0274_SUBSYS_10EC12D2_PCI_SUBSYS_72708086.xml
SurfacePro9\SurfaceUpdate\dax3extrtk\DEV_0298_SUBSYS_10EC12BA_PCI_SUBSYS_72708086.xml
SurfacePro9\SurfaceUpdate\dax3extrtk\Headphone_Default_Generic_Default_Atmos3.7.xml
SurfacePro9\SurfaceUpdate\dax3extrtk\operator_DolbyAudioPremium_settings.xml
SurfacePro9\SurfaceUpdate\dax3extrtk\operator_settings.xml
SurfacePro9\SurfaceUpdate\dax3extrtk\operator_settings_msft_atmos.json
SurfacePro9\SurfaceUpdate\dax3extrtk\operator_settings_msft_audiopremium.json
SurfacePro9\SurfaceUpdate\dax3extrtk\settings_msft_atmos_capture_off.json
SurfacePro9\SurfaceUpdate\dax3extrtk\settings_msft_atmos_capture_off_multi_stream.json
SurfacePro9\SurfaceUpdate\dax3extrtk\settings_msft_atmos_feedback_off.json
SurfacePro9\SurfaceUpdate\dax3extrtk\settings_msft_atmos_multi_stream.json
SurfacePro9\SurfaceUpdate\dax3extrtk\settings_msft_audiopremium_feedback_off.json
SurfacePro9\SurfaceUpdate\dax3swchsa
SurfacePro9\SurfaceUpdate\dax3swchsa\dax3_swc_hsa.cat
SurfacePro9\SurfaceUpdate\dax3swchsa\dax3_swc_hsa.inf
SurfacePro9\SurfaceUpdate\devicestelemetryservicedriver
SurfacePro9\SurfaceUpdate\devicestelemetryservicedriver\AppLauncher.exe
SurfacePro9\SurfaceUpdate\devicestelemetryservicedriver\DevicesTelemetryService.exe
SurfacePro9\SurfaceUpdate\devicestelemetryservicedriver\DevicesTelemetryServiceDriver.cat
SurfacePro9\SurfaceUpdate\devicestelemetryservicedriver\DevicesTelemetryServiceDriver.inf
SurfacePro9\SurfaceUpdate\ehdxsstmd3a4
SurfacePro9\SurfaceUpdate\ehdxsstmd3a4\EHDXSSTMD3A4.inf
SurfacePro9\SurfaceUpdate\ehdxsstmd3a4\HDXRT.CAT
SurfacePro9\SurfaceUpdate\ehdxsstmd3a4\RltkAPOU64.dll
SurfacePro9\SurfaceUpdate\ehdxsstmd3a4\RltkAPOU642.dll
SurfacePro9\SurfaceUpdate\ehdxsstmd3a4\RTAIODAT.DAT
SurfacePro9\SurfaceUpdate\ehdxsstmd3a4\RtCOM64.dll
SurfacePro9\SurfaceUpdate\ehdxsstmd3a4\RtkApi64U.dll
SurfacePro9\SurfaceUpdate\ehdxsstmd3a4\RtkAudUService64.exe
SurfacePro9\SurfaceUpdate\ehdxsstmd3a4\RtkCfg64.dll
SurfacePro9\SurfaceUpdate\ehdxsstmd3a4\RTKVHD64.sys
SurfacePro9\SurfaceUpdate\fingerprint
SurfacePro9\SurfaceUpdate\fingerprint\EngineAdapter.dll
SurfacePro9\SurfaceUpdate\fingerprint\SensorAdapter.dll
SurfacePro9\SurfaceUpdate\fingerprint\StorageAdapter.dll
SurfacePro9\SurfaceUpdate\fingerprint\WbfUsbDriver.cat
SurfacePro9\SurfaceUpdate\fingerprint\WbfUsbDriver.dll
SurfacePro9\SurfaceUpdate\fingerprint\WbfUsbDriver.inf
SurfacePro9\SurfaceUpdate\graphicsbase
SurfacePro9\SurfaceUpdate\graphicsbase\DisplayAudio
SurfacePro9\SurfaceUpdate\graphicsbase\DisplayAudio\10.26
SurfacePro9\SurfaceUpdate\graphicsbase\DisplayAudio\10.26\intcdaud.cat
SurfacePro9\SurfaceUpdate\graphicsbase\DisplayAudio\10.26\IntcDAud.inf
SurfacePro9\SurfaceUpdate\graphicsbase\DisplayAudio\10.26\IntcDAud.sys
SurfacePro9\SurfaceUpdate\graphicsbase\DisplayAudio\10.27
SurfacePro9\SurfaceUpdate\graphicsbase\DisplayAudio\10.27\intcdaud.cat
SurfacePro9\SurfaceUpdate\graphicsbase\DisplayAudio\10.27\IntcDAud.inf
SurfacePro9\SurfaceUpdate\graphicsbase\DisplayAudio\10.27\IntcDAud.sys
SurfacePro9\SurfaceUpdate\graphicsbase\DisplayAudio\11.1
SurfacePro9\SurfaceUpdate\graphicsbase\DisplayAudio\11.1\intcdaud.cat
SurfacePro9\SurfaceUpdate\graphicsbase\DisplayAudio\11.1\IntcDAud.inf
SurfacePro9\SurfaceUpdate\graphicsbase\DisplayAudio\11.1\IntcDAud.sys
SurfacePro9\SurfaceUpdate\graphicsbase\DisplayAudio\11.2
SurfacePro9\SurfaceUpdate\graphicsbase\DisplayAudio\11.2\intcdaud.cat
SurfacePro9\SurfaceUpdate\graphicsbase\DisplayAudio\11.2\IntcDAud.inf
SurfacePro9\SurfaceUpdate\graphicsbase\DisplayAudio\11.2\IntcDAud.sys
SurfacePro9\SurfaceUpdate\graphicsbase\fw
SurfacePro9\SurfaceUpdate\graphicsbase\fw\dg1_gfx_fwupdate.bin
SurfacePro9\SurfaceUpdate\graphicsbase\MiniCtaDriver
SurfacePro9\SurfaceUpdate\graphicsbase\MiniCtaDriver\minictadriver.cat
SurfacePro9\SurfaceUpdate\graphicsbase\MiniCtaDriver\MiniCtaDriver.inf
SurfacePro9\SurfaceUpdate\graphicsbase\MiniCtaDriver\MiniCtaDriver.sys
SurfacePro9\SurfaceUpdate\graphicsbase\oprom
SurfacePro9\SurfaceUpdate\graphicsbase\oprom\dg1_c_oprom.rom
SurfacePro9\SurfaceUpdate\graphicsbase\oprom\dg2_c_oprom.rom
SurfacePro9\SurfaceUpdate\graphicsbase\acxdac.cat
SurfacePro9\SurfaceUpdate\graphicsbase\AGS.dll
SurfacePro9\SurfaceUpdate\graphicsbase\AGSOfflinePackage.zip
SurfacePro9\SurfaceUpdate\graphicsbase\clangFEWrapper.dll
SurfacePro9\SurfaceUpdate\graphicsbase\clangFEWrapper32.dll
SurfacePro9\SurfaceUpdate\graphicsbase\ColorImageEnhancement.wmv
SurfacePro9\SurfaceUpdate\graphicsbase\ControlLib.dll
SurfacePro9\SurfaceUpdate\graphicsbase\ControlLib32.dll
SurfacePro9\SurfaceUpdate\graphicsbase\cpa_32.vp
SurfacePro9\SurfaceUpdate\graphicsbase\cpa_64.vp
SurfacePro9\SurfaceUpdate\graphicsbase\cp_resources.bin
SurfacePro9\SurfaceUpdate\graphicsbase\cui_dch.inf
SurfacePro9\SurfaceUpdate\graphicsbase\c_32.cpa
SurfacePro9\SurfaceUpdate\graphicsbase\c_64.cpa
SurfacePro9\SurfaceUpdate\graphicsbase\dev_32.vp
SurfacePro9\SurfaceUpdate\graphicsbase\dev_64.vp
SurfacePro9\SurfaceUpdate\graphicsbase\DnnlPlugin.dll
SurfacePro9\SurfaceUpdate\graphicsbase\enctools32.dll
SurfacePro9\SurfaceUpdate\graphicsbase\enctools64.dll
SurfacePro9\SurfaceUpdate\graphicsbase\FilmModeDetection.wmv
SurfacePro9\SurfaceUpdate\graphicsbase\GfxDownloadWrapper.exe
SurfacePro9\SurfaceUpdate\graphicsbase\gscauxdriver.cat
SurfacePro9\SurfaceUpdate\graphicsbase\GSCAuxDriver.inf
SurfacePro9\SurfaceUpdate\graphicsbase\GSCAuxDriverx64.sys
SurfacePro9\SurfaceUpdate\graphicsbase\gscheci.cat
SurfacePro9\SurfaceUpdate\graphicsbase\gscheci.inf
SurfacePro9\SurfaceUpdate\graphicsbase\h265e_32.vp
SurfacePro9\SurfaceUpdate\graphicsbase\h265e_64.vp
SurfacePro9\SurfaceUpdate\graphicsbase\hdbusext.cat
SurfacePro9\SurfaceUpdate\graphicsbase\HdBusExt.inf
SurfacePro9\SurfaceUpdate\graphicsbase\he_32.vp
SurfacePro9\SurfaceUpdate\graphicsbase\he_64.vp
SurfacePro9\SurfaceUpdate\graphicsbase\ig11icd32.dll
SurfacePro9\SurfaceUpdate\graphicsbase\ig11icd64.dll
SurfacePro9\SurfaceUpdate\graphicsbase\ig9icd32.dll
SurfacePro9\SurfaceUpdate\graphicsbase\ig9icd64.dll
SurfacePro9\SurfaceUpdate\graphicsbase\iga32.dll
SurfacePro9\SurfaceUpdate\graphicsbase\iga64.dll
SurfacePro9\SurfaceUpdate\graphicsbase\igc32.dll
SurfacePro9\SurfaceUpdate\graphicsbase\igc64.dll
SurfacePro9\SurfaceUpdate\graphicsbase\igcc_dch.inf
SurfacePro9\SurfaceUpdate\graphicsbase\igd10iumd32.dll
SurfacePro9\SurfaceUpdate\graphicsbase\igd10iumd64.dll
SurfacePro9\SurfaceUpdate\graphicsbase\igd10mg32.dll
SurfacePro9\SurfaceUpdate\graphicsbase\igd10mg64.dll
SurfacePro9\SurfaceUpdate\graphicsbase\igd10um32gen11.dll
SurfacePro9\SurfaceUpdate\graphicsbase\igd10um32xe.dll
SurfacePro9\SurfaceUpdate\graphicsbase\igd10um64gen11.dll
SurfacePro9\SurfaceUpdate\graphicsbase\igd10um64xe.dll
SurfacePro9\SurfaceUpdate\graphicsbase\igd11dxva32.dll
SurfacePro9\SurfaceUpdate\graphicsbase\igd11dxva64.dll
SurfacePro9\SurfaceUpdate\graphicsbase\igd12dxva32.dll
SurfacePro9\SurfaceUpdate\graphicsbase\igd12dxva64.dll
SurfacePro9\SurfaceUpdate\graphicsbase\igd12um32icl.dll
SurfacePro9\SurfaceUpdate\graphicsbase\igd12um32kbl.dll
SurfacePro9\SurfaceUpdate\graphicsbase\igd12um32xel.dll
SurfacePro9\SurfaceUpdate\graphicsbase\igd12um64icl.dll
SurfacePro9\SurfaceUpdate\graphicsbase\igd12um64kbl.dll
SurfacePro9\SurfaceUpdate\graphicsbase\igd12um64xel.dll
SurfacePro9\SurfaceUpdate\graphicsbase\igd12umd32.dll
SurfacePro9\SurfaceUpdate\graphicsbase\igd12umd64.dll
SurfacePro9\SurfaceUpdate\graphicsbase\igd9dxva32.dll
SurfacePro9\SurfaceUpdate\graphicsbase\igd9dxva64.dll
SurfacePro9\SurfaceUpdate\graphicsbase\igdail32.dll
SurfacePro9\SurfaceUpdate\graphicsbase\igdail64.dll
SurfacePro9\SurfaceUpdate\graphicsbase\igdde32.dll
SurfacePro9\SurfaceUpdate\graphicsbase\igdde64.dll
SurfacePro9\SurfaceUpdate\graphicsbase\igdext32.dll
SurfacePro9\SurfaceUpdate\graphicsbase\igdext64.dll
SurfacePro9\SurfaceUpdate\graphicsbase\igdfcl32.dll
SurfacePro9\SurfaceUpdate\graphicsbase\igdfcl64.dll
SurfacePro9\SurfaceUpdate\graphicsbase\igdgmm32.dll
SurfacePro9\SurfaceUpdate\graphicsbase\igdgmm64.dll
SurfacePro9\SurfaceUpdate\graphicsbase\igdinfo32.dll
SurfacePro9\SurfaceUpdate\graphicsbase\igdinfo64.dll
SurfacePro9\SurfaceUpdate\graphicsbase\igdkmd64.sys
SurfacePro9\SurfaceUpdate\graphicsbase\igdkmdn64.sys
SurfacePro9\SurfaceUpdate\graphicsbase\igdkmdnd64.sys
SurfacePro9\SurfaceUpdate\graphicsbase\igdlh.cat
SurfacePro9\SurfaceUpdate\graphicsbase\igdmd32.dll
SurfacePro9\SurfaceUpdate\graphicsbase\igdmd64.dll
SurfacePro9\SurfaceUpdate\graphicsbase\igdml32.dll
SurfacePro9\SurfaceUpdate\graphicsbase\igdml64.dll
SurfacePro9\SurfaceUpdate\graphicsbase\igdrcl32.dll
SurfacePro9\SurfaceUpdate\graphicsbase\igdrcl64.dll
SurfacePro9\SurfaceUpdate\graphicsbase\igdumdim32.dll
SurfacePro9\SurfaceUpdate\graphicsbase\igdumdim64.dll
SurfacePro9\SurfaceUpdate\graphicsbase\igfx11cmrt32.dll
SurfacePro9\SurfaceUpdate\graphicsbase\igfx11cmrt64.dll
SurfacePro9\SurfaceUpdate\graphicsbase\igfxcmrt32.dll
SurfacePro9\SurfaceUpdate\graphicsbase\igfxcmrt64.dll
SurfacePro9\SurfaceUpdate\graphicsbase\igfxCUIService.exe
SurfacePro9\SurfaceUpdate\graphicsbase\igfxCUIServiceN.exe
SurfacePro9\SurfaceUpdate\graphicsbase\igfxCUIServicePS.dll
SurfacePro9\SurfaceUpdate\graphicsbase\igfxCUIServicePSN.dll
SurfacePro9\SurfaceUpdate\graphicsbase\igfxDH.dll
SurfacePro9\SurfaceUpdate\graphicsbase\igfxDHN.dll
SurfacePro9\SurfaceUpdate\graphicsbase\igfxDI.dll
SurfacePro9\SurfaceUpdate\graphicsbase\igfxDIN.dll
SurfacePro9\SurfaceUpdate\graphicsbase\igfxEM.exe
SurfacePro9\SurfaceUpdate\graphicsbase\igfxEMN.exe
SurfacePro9\SurfaceUpdate\graphicsbase\igfxexps.dll
SurfacePro9\SurfaceUpdate\graphicsbase\igfxexps32.dll
SurfacePro9\SurfaceUpdate\graphicsbase\igfxext.exe
SurfacePro9\SurfaceUpdate\graphicsbase\igfxextN.exe
SurfacePro9\SurfaceUpdate\graphicsbase\igfxLHM.dll
SurfacePro9\SurfaceUpdate\graphicsbase\igfxSDK.exe
SurfacePro9\SurfaceUpdate\graphicsbase\igfxSDKLib.dll
SurfacePro9\SurfaceUpdate\graphicsbase\iglhxa64.cpa
SurfacePro9\SurfaceUpdate\graphicsbase\iglhxa64.vp
SurfacePro9\SurfaceUpdate\graphicsbase\iglhxc64.vp
SurfacePro9\SurfaceUpdate\graphicsbase\iglhxc64_dev.vp
SurfacePro9\SurfaceUpdate\graphicsbase\iglhxg64.vp
SurfacePro9\SurfaceUpdate\graphicsbase\iglhxg64_dev.vp
SurfacePro9\SurfaceUpdate\graphicsbase\iglhxo64.vp
SurfacePro9\SurfaceUpdate\graphicsbase\iglhxo64_dev.vp
SurfacePro9\SurfaceUpdate\graphicsbase\iglhxs64.vp
SurfacePro9\SurfaceUpdate\graphicsbase\iglhxsn64.vp
SurfacePro9\SurfaceUpdate\graphicsbase\iglhxsnd64.vp
SurfacePro9\SurfaceUpdate\graphicsbase\igsc.dll
SurfacePro9\SurfaceUpdate\graphicsbase\igvk32.dll
SurfacePro9\SurfaceUpdate\graphicsbase\igvk32.json
SurfacePro9\SurfaceUpdate\graphicsbase\igvk64.dll
SurfacePro9\SurfaceUpdate\graphicsbase\igvk64.json
SurfacePro9\SurfaceUpdate\graphicsbase\igxelpicd32.dll
SurfacePro9\SurfaceUpdate\graphicsbase\igxelpicd64.dll
SurfacePro9\SurfaceUpdate\graphicsbase\igxelpplusicd32.dll
SurfacePro9\SurfaceUpdate\graphicsbase\igxelpplusicd64.dll
SurfacePro9\SurfaceUpdate\graphicsbase\iigd_dch.inf
SurfacePro9\SurfaceUpdate\graphicsbase\ImageStabilization.wmv
SurfacePro9\SurfaceUpdate\graphicsbase\IntelControlLib.dll
SurfacePro9\SurfaceUpdate\graphicsbase\IntelControlLib32.dll
SurfacePro9\SurfaceUpdate\graphicsbase\IntelCpHDCPSvc.exe
SurfacePro9\SurfaceUpdate\graphicsbase\IntelCpHeciSvc.exe
SurfacePro9\SurfaceUpdate\graphicsbase\IntelGFXFwUpdateTool.exe
SurfacePro9\SurfaceUpdate\graphicsbase\IntelGpuCompiler32.dll
SurfacePro9\SurfaceUpdate\graphicsbase\IntelGpuCompiler64.dll
SurfacePro9\SurfaceUpdate\graphicsbase\intel_gfx_api-x64.dll
SurfacePro9\SurfaceUpdate\graphicsbase\intel_gfx_api-x86.dll
SurfacePro9\SurfaceUpdate\graphicsbase\Intel_OpenCL_ICD32.dll
SurfacePro9\SurfaceUpdate\graphicsbase\Intel_OpenCL_ICD64.dll
SurfacePro9\SurfaceUpdate\graphicsbase\libigc.so
SurfacePro9\SurfaceUpdate\graphicsbase\libigd12dxva64.so
SurfacePro9\SurfaceUpdate\graphicsbase\libigd12um64icl.so
SurfacePro9\SurfaceUpdate\graphicsbase\libigd12um64kbl.so
SurfacePro9\SurfaceUpdate\graphicsbase\libigd12um64xel.so
SurfacePro9\SurfaceUpdate\graphicsbase\libigd12umd64.so
SurfacePro9\SurfaceUpdate\graphicsbase\libigdfcl.so
SurfacePro9\SurfaceUpdate\graphicsbase\libigdgmm.so.12
SurfacePro9\SurfaceUpdate\graphicsbase\libLLVM-9.so
SurfacePro9\SurfaceUpdate\graphicsbase\libmfx32-gen.dll
SurfacePro9\SurfaceUpdate\graphicsbase\libmfx64-gen.dll
SurfacePro9\SurfaceUpdate\graphicsbase\libmfxhw32.dll
SurfacePro9\SurfaceUpdate\graphicsbase\libmfxhw64.dll
SurfacePro9\SurfaceUpdate\graphicsbase\libopencl-clang.so.9
SurfacePro9\SurfaceUpdate\graphicsbase\libUniversalAdapter64.so
SurfacePro9\SurfaceUpdate\graphicsbase\libwsl_compute_helper.so
SurfacePro9\SurfaceUpdate\graphicsbase\LiteDB.dll
SurfacePro9\SurfaceUpdate\graphicsbase\memcntrl.inf
SurfacePro9\SurfaceUpdate\graphicsbase\mfxplugin32_av1e_gacc.dll
SurfacePro9\SurfaceUpdate\graphicsbase\mfxplugin32_hw.dll
SurfacePro9\SurfaceUpdate\graphicsbase\mfxplugin64_av1e_gacc.dll
SurfacePro9\SurfaceUpdate\graphicsbase\mfxplugin64_hw.dll
SurfacePro9\SurfaceUpdate\graphicsbase\mfx_loader_dll_hw32.dll
SurfacePro9\SurfaceUpdate\graphicsbase\mfx_loader_dll_hw64.dll
SurfacePro9\SurfaceUpdate\graphicsbase\mfx_mft_av1hve_32.dll
SurfacePro9\SurfaceUpdate\graphicsbase\mfx_mft_av1hve_32.vp
SurfacePro9\SurfaceUpdate\graphicsbase\mfx_mft_av1hve_64.dll
SurfacePro9\SurfaceUpdate\graphicsbase\mfx_mft_av1hve_64.vp
SurfacePro9\SurfaceUpdate\graphicsbase\mfx_mft_encrypt_32.dll
SurfacePro9\SurfaceUpdate\graphicsbase\mfx_mft_encrypt_64.dll
SurfacePro9\SurfaceUpdate\graphicsbase\mfx_mft_h264ve_32.dll
SurfacePro9\SurfaceUpdate\graphicsbase\mfx_mft_h264ve_64.dll
SurfacePro9\SurfaceUpdate\graphicsbase\mfx_mft_h265ve_32.dll
SurfacePro9\SurfaceUpdate\graphicsbase\mfx_mft_h265ve_64.dll
SurfacePro9\SurfaceUpdate\graphicsbase\mfx_mft_mjpgvd_32.dll
SurfacePro9\SurfaceUpdate\graphicsbase\mfx_mft_mjpgvd_64.dll
SurfacePro9\SurfaceUpdate\graphicsbase\mfx_mft_vp9ve_32.dll
SurfacePro9\SurfaceUpdate\graphicsbase\mfx_mft_vp9ve_64.dll
SurfacePro9\SurfaceUpdate\graphicsbase\mj_32.vp
SurfacePro9\SurfaceUpdate\graphicsbase\mj_64.vp
SurfacePro9\SurfaceUpdate\graphicsbase\MSHdaDac.inf
SurfacePro9\SurfaceUpdate\graphicsbase\Newtonsoft.Json.dll
SurfacePro9\SurfaceUpdate\graphicsbase\NLog.config
SurfacePro9\SurfaceUpdate\graphicsbase\NLog.dll
SurfacePro9\SurfaceUpdate\graphicsbase\OneApp.IGCC.COMLibrary.dll
SurfacePro9\SurfaceUpdate\graphicsbase\OneApp.IGCC.CommunicationService.dll
SurfacePro9\SurfaceUpdate\graphicsbase\OneApp.IGCC.CoreLibrary.dll
SurfacePro9\SurfaceUpdate\graphicsbase\OneApp.IGCC.WinService.exe
SurfacePro9\SurfaceUpdate\graphicsbase\OneApp.IGCC.WinService.exe.config
SurfacePro9\SurfaceUpdate\graphicsbase\opencl-clang32.dll
SurfacePro9\SurfaceUpdate\graphicsbase\opencl-clang64.dll
SurfacePro9\SurfaceUpdate\graphicsbase\OSSCOPYRIGHT.txt
SurfacePro9\SurfaceUpdate\graphicsbase\TeeDriverGscW8x64.sys
SurfacePro9\SurfaceUpdate\graphicsbase\UMED.dll
SurfacePro9\SurfaceUpdate\graphicsbase\UniversalAdapter32.dll
SurfacePro9\SurfaceUpdate\graphicsbase\UniversalAdapter64.dll
SurfacePro9\SurfaceUpdate\graphicsbase\vp9e_32.vp
SurfacePro9\SurfaceUpdate\graphicsbase\vp9e_64.vp
SurfacePro9\SurfaceUpdate\graphicsbase\vpl_dispatcher_32.dll
SurfacePro9\SurfaceUpdate\graphicsbase\vpl_dispatcher_64.dll
SurfacePro9\SurfaceUpdate\graphicsbase\vulkan-1-32.dll
SurfacePro9\SurfaceUpdate\graphicsbase\vulkan-1-64.dll
SurfacePro9\SurfaceUpdate\graphicsbase\vulkaninfo-32.exe
SurfacePro9\SurfaceUpdate\graphicsbase\vulkaninfo-64.exe
SurfacePro9\SurfaceUpdate\graphicsbase\VulkanRT-EULA.txt
SurfacePro9\SurfaceUpdate\graphicsbase\ze_intel_gpu64.dll
SurfacePro9\SurfaceUpdate\graphicsbase\ze_loader.dll
SurfacePro9\SurfaceUpdate\graphicsbase\ze_tracing_layer.dll
SurfacePro9\SurfaceUpdate\graphicsbase\ze_validation_layer.dll
SurfacePro9\SurfaceUpdate\icpscomponent
SurfacePro9\SurfaceUpdate\icpscomponent\CustomizeInstallFirstRun.exe
SurfacePro9\SurfaceUpdate\icpscomponent\CustomizeUninstallFirstRun.exe
SurfacePro9\SurfaceUpdate\icpscomponent\DevExpress.Data.Desktop.v20.2.dll
SurfacePro9\SurfaceUpdate\icpscomponent\DevExpress.Data.v20.2.dll
SurfacePro9\SurfaceUpdate\icpscomponent\DevExpress.Sparkline.v20.2.Core.dll
SurfacePro9\SurfaceUpdate\icpscomponent\DevExpress.Utils.v20.2.dll
SurfacePro9\SurfaceUpdate\icpscomponent\DevExpress.XtraEditors.v20.2.dll
SurfacePro9\SurfaceUpdate\icpscomponent\EnableStartService.exe
SurfacePro9\SurfaceUpdate\icpscomponent\ICPSComponent.cat
SurfacePro9\SurfaceUpdate\icpscomponent\ICPSComponent.inf
SurfacePro9\SurfaceUpdate\icpscomponent\IDBWM.exe
SurfacePro9\SurfaceUpdate\icpscomponent\IDBWMService.exe
SurfacePro9\SurfaceUpdate\icpscomponent\IDBWMService.xml
SurfacePro9\SurfaceUpdate\icpscomponent\IntcCo10x64.sys
SurfacePro9\SurfaceUpdate\icpscomponent\IntcCo11x64.sys
SurfacePro9\SurfaceUpdate\icpscomponent\IntelAnalyticsEventLogMessages.dll
SurfacePro9\SurfaceUpdate\icpscomponent\IntelAnalyticsService.exe
SurfacePro9\SurfaceUpdate\icpscomponent\IntelConnect.exe
SurfacePro9\SurfaceUpdate\icpscomponent\IntelConnectApi.dll
SurfacePro9\SurfaceUpdate\icpscomponent\IntelConnectivityCInstallEventLogMessages.dll
SurfacePro9\SurfaceUpdate\icpscomponent\IntelConnectivityEventLogMessages.dll
SurfacePro9\SurfaceUpdate\icpscomponent\IntelConnectivityNetworkService.exe
SurfacePro9\SurfaceUpdate\icpscomponent\IntelConnectService.exe
SurfacePro9\SurfaceUpdate\icpscomponent\IntelConnectService.xml
SurfacePro9\SurfaceUpdate\icpscomponent\IntelProviderDataHelperService.exe
SurfacePro9\SurfaceUpdate\icpscomponent\LicenseAttribution.txt
SurfacePro9\SurfaceUpdate\icpscomponent\oem.xml
SurfacePro9\SurfaceUpdate\icpscomponent\rn.stg
SurfacePro9\SurfaceUpdate\icpscomponent\user.xml
SurfacePro9\SurfaceUpdate\icpscomponent\WifiCredentialPrompter.exe
SurfacePro9\SurfaceUpdate\iigdextzc
SurfacePro9\SurfaceUpdate\iigdextzc\extinf.cat
SurfacePro9\SurfaceUpdate\iigdextzc\iigd_ext_zc.inf
SurfacePro9\SurfaceUpdate\netwtw6e
SurfacePro9\SurfaceUpdate\netwtw6e\IntelIhvRouter08.dll
SurfacePro9\SurfaceUpdate\netwtw6e\IntelIhvRouter14.dll
SurfacePro9\SurfaceUpdate\netwtw6e\NETwaw14.sys
SurfacePro9\SurfaceUpdate\netwtw6e\Netwfw08.dat
SurfacePro9\SurfaceUpdate\netwtw6e\Netwfw10.dat
SurfacePro9\SurfaceUpdate\netwtw6e\Netwfw14.dat
SurfacePro9\SurfaceUpdate\netwtw6e\NETwtw08.sys
SurfacePro9\SurfaceUpdate\netwtw6e\NETwtw10.sys
SurfacePro9\SurfaceUpdate\netwtw6e\NETwtw14.sys
SurfacePro9\SurfaceUpdate\netwtw6e\Netwtw6e.cat
SurfacePro9\SurfaceUpdate\netwtw6e\Netwtw6e.INF
SurfacePro9\SurfaceUpdate\surfaceaccessoryfwupdate
SurfacePro9\SurfaceUpdate\surfaceaccessoryfwupdate\SurfaceAccessoryFwUpdate.cat
SurfacePro9\SurfaceUpdate\surfaceaccessoryfwupdate\SurfaceAccessoryFwUpdate.inf
SurfacePro9\SurfaceUpdate\surfaceapoextension
SurfacePro9\SurfaceUpdate\surfaceapoextension\SurfaceAPOExtension.cat
SurfacePro9\SurfaceUpdate\surfaceapoextension\SurfaceAPOExtension.inf
SurfacePro9\SurfaceUpdate\surfaceapoextension\SurfaceAPO_1284.json
SurfacePro9\SurfaceUpdate\surfaceaposwcinstaller
SurfacePro9\SurfaceUpdate\surfaceaposwcinstaller\NOTICE.txt
SurfacePro9\SurfaceUpdate\surfaceaposwcinstaller\SurfaceAPO.dll
SurfacePro9\SurfaceUpdate\surfaceaposwcinstaller\SurfaceAPOSwcInstaller.cat
SurfacePro9\SurfaceUpdate\surfaceaposwcinstaller\SurfaceAPOSwcInstaller.inf
SurfacePro9\SurfaceUpdate\Surfaceappcompanionextensionpackage
SurfacePro9\SurfaceUpdate\Surfaceappcompanionextensionpackage\SurfaceAppCompanionExtensionPackage.cat
SurfacePro9\SurfaceUpdate\Surfaceappcompanionextensionpackage\SurfaceAppCompanionExtensionPackage.inf
SurfacePro9\SurfaceUpdate\surfacecaptureapoextension
SurfacePro9\SurfaceUpdate\surfacecaptureapoextension\SurfaceCaptureApoExtension.cat
SurfacePro9\SurfaceUpdate\surfacecaptureapoextension\SurfaceCaptureApoExtension.inf
SurfacePro9\SurfaceUpdate\surfacecaptureaposwcinstaller
SurfacePro9\SurfaceUpdate\surfacecaptureaposwcinstaller\NOTICE.txt
SurfacePro9\SurfaceUpdate\surfacecaptureaposwcinstaller\SurfaceCaptureAPO.dll
SurfacePro9\SurfaceUpdate\surfacecaptureaposwcinstaller\SurfaceCaptureApoSwcInstaller.cat
SurfacePro9\SurfaceUpdate\surfacecaptureaposwcinstaller\SurfaceCaptureApoSwcInstaller.inf
SurfacePro9\SurfaceUpdate\surfacecfuoverhid
SurfacePro9\SurfaceUpdate\surfacecfuoverhid\SurfaceCFUOverHid.cat
SurfacePro9\SurfaceUpdate\surfacecfuoverhid\SurfaceCFUOverHid.dll
SurfacePro9\SurfaceUpdate\surfacecfuoverhid\SurfaceCFUOverHid.inf
SurfacePro9\SurfaceUpdate\surfacedock2fwupdate
SurfacePro9\SurfaceUpdate\surfacedock2fwupdate\SurfaceDock2FwUpdate.cat
SurfacePro9\SurfaceUpdate\surfacedock2fwupdate\SurfaceDock2FwUpdate.inf
SurfacePro9\SurfaceUpdate\surfacedock2fwupdate\SurfaceDock2_AMC_APP1.offer.bin
SurfacePro9\SurfaceUpdate\surfacedock2fwupdate\SurfaceDock2_AMC_APP1.payload.bin
SurfacePro9\SurfaceUpdate\surfacedock2fwupdate\SurfaceDock2_AMC_APP2.offer.bin
SurfacePro9\SurfaceUpdate\surfacedock2fwupdate\SurfaceDock2_AMC_APP2.payload.bin
SurfacePro9\SurfaceUpdate\surfacedock2fwupdate\SurfaceDock2_AUDIO_BANK0.offer.bin
SurfacePro9\SurfaceUpdate\surfacedock2fwupdate\SurfaceDock2_AUDIO_BANK0.payload.bin
SurfacePro9\SurfaceUpdate\surfacedock2fwupdate\SurfaceDock2_DP_BANK0.offer.bin
SurfacePro9\SurfaceUpdate\surfacedock2fwupdate\SurfaceDock2_DP_BANK0.payload.bin
SurfacePro9\SurfaceUpdate\surfacedock2fwupdate\SurfaceDock2_DP_BANK1.offer.bin
SurfacePro9\SurfaceUpdate\surfacedock2fwupdate\SurfaceDock2_DP_BANK1.payload.bin
SurfacePro9\SurfaceUpdate\surfacedock2fwupdate\SurfaceDock2_PD_BANK0.offer.bin
SurfacePro9\SurfaceUpdate\surfacedock2fwupdate\SurfaceDock2_PD_BANK0.payload.bin
SurfacePro9\SurfaceUpdate\surfacedock2fwupdate\SurfaceDock2_PD_BANK1.offer.bin
SurfacePro9\SurfaceUpdate\surfacedock2fwupdate\SurfaceDock2_PD_BANK1.payload.bin
SurfacePro9\SurfaceUpdate\surfacedock2fwupdate\SurfaceDock2_USBHUB_DS_BANK0.offer.bin
SurfacePro9\SurfaceUpdate\surfacedock2fwupdate\SurfaceDock2_USBHUB_DS_BANK0.payload.bin
SurfacePro9\SurfaceUpdate\surfacedock2fwupdate\SurfaceDock2_USBHUB_US_BANK0.offer.bin
SurfacePro9\SurfaceUpdate\surfacedock2fwupdate\SurfaceDock2_USBHUB_US_BANK0.payload.bin
SurfacePro9\SurfaceUpdate\surfacedspextension
SurfacePro9\SurfaceUpdate\surfacedspextension\saflibadl.bin
SurfacePro9\SurfaceUpdate\surfacedspextension\SurfaceDspExtension.cat
SurfacePro9\SurfaceUpdate\surfacedspextension\SurfaceDspExtension.inf
SurfacePro9\SurfaceUpdate\surfaceeeprom
SurfacePro9\SurfaceUpdate\surfaceeeprom\SurfaceEeprom.cat
SurfacePro9\SurfaceUpdate\surfaceeeprom\SurfaceEeprom.inf
SurfacePro9\SurfaceUpdate\surfaceeeprom\SurfaceEeprom.sys
SurfacePro9\SurfaceUpdate\Surfacehidclasssettingsextensionpackage
SurfacePro9\SurfaceUpdate\Surfacehidclasssettingsextensionpackage\SurfaceHidClassSettingsExtensionPackage.cat
SurfacePro9\SurfaceUpdate\Surfacehidclasssettingsextensionpackage\SurfaceHidClassSettingsExtensionPackage.inf
SurfacePro9\SurfaceUpdate\surfacehidfriendlynames
SurfacePro9\SurfaceUpdate\surfacehidfriendlynames\SurfaceHIDFriendlyNames.cat
SurfacePro9\SurfaceUpdate\surfacehidfriendlynames\SurfaceHIDFriendlyNames.inf
SurfacePro9\SurfaceUpdate\surfaceihvcpusmfclient
SurfacePro9\SurfaceUpdate\surfaceihvcpusmfclient\SurfaceIhvCpuSmfClient.cat
SurfacePro9\SurfaceUpdate\surfaceihvcpusmfclient\SurfaceIhvCpuSmfClient.inf
SurfacePro9\SurfaceUpdate\surfaceihvcpusmfclient\SurfaceIhvCpuSmfClient.sys
SurfacePro9\SurfaceUpdate\surfacemachinelearningservicenull
SurfacePro9\SurfaceUpdate\surfacemachinelearningservicenull\SurfaceMachineLearningServiceDriver.cat
SurfacePro9\SurfaceUpdate\surfacemachinelearningservicenull\SurfaceMachineLearningServiceNullDriver.inf
SurfacePro9\SurfaceUpdate\surfacemachinelearningservicenull\SurfaceMLService.exe
SurfacePro9\SurfaceUpdate\surfaceme
SurfacePro9\SurfaceUpdate\surfaceme\SurfaceME.cat
SurfacePro9\SurfaceUpdate\surfaceme\SurfaceME.inf
SurfacePro9\SurfaceUpdate\surfaceme\SurfaceME_1.32.2418.1.bin
SurfacePro9\SurfaceUpdate\surfaceoempanel
SurfacePro9\SurfaceUpdate\surfaceoempanel\ColorCalibrationComputation.dll
SurfacePro9\SurfaceUpdate\surfaceoempanel\SurfaceEnhanced.icm
SurfacePro9\SurfaceUpdate\surfaceoempanel\SurfaceOemPanel.cat
SurfacePro9\SurfaceUpdate\surfaceoempanel\SurfaceOemPanel.dll
SurfacePro9\SurfaceUpdate\surfaceoempanel\SurfaceOemPanel.inf
SurfacePro9\SurfaceUpdate\surfaceoempanel\SurfacesRGB.icm
SurfacePro9\SurfaceUpdate\surfaceoempanelcustomization
SurfacePro9\SurfaceUpdate\surfaceoempanelcustomization\PQConfig.dv
SurfacePro9\SurfaceUpdate\surfaceoempanelcustomization\SurfaceOemPanelCustomization.cat
SurfacePro9\SurfaceUpdate\surfaceoempanelcustomization\SurfaceOemPanelCustomization.inf
SurfacePro9\SurfaceUpdate\surfaceoempanelcustomization\SurfacesRGB-AcOff.icm
SurfacePro9\SurfaceUpdate\surfaceoempanelcustomization\SurfacesRGB.icm
SurfacePro9\SurfaceUpdate\surfaceoempanelcustomization\SurfaceVivid-AcOff.icm
SurfacePro9\SurfaceUpdate\surfaceoempanelcustomization\SurfaceVivid.icm
SurfacePro9\SurfaceUpdate\Surfaceoobpairingoptinpackage
SurfacePro9\SurfaceUpdate\Surfaceoobpairingoptinpackage\SurfaceOobPairingOptInPackage.cat
SurfacePro9\SurfaceUpdate\Surfaceoobpairingoptinpackage\SurfaceOobPairingOptInPackage.inf
SurfacePro9\SurfaceUpdate\surfacepd
SurfacePro9\SurfaceUpdate\surfacepd\SurfacePD.cat
SurfacePro9\SurfaceUpdate\surfacepd\SurfacePD.inf
SurfacePro9\SurfaceUpdate\surfacepd\SurfacePD_3.8.0.bin
SurfacePro9\SurfaceUpdate\surfacepen0953cfuoverblelcextnpackage
SurfacePro9\SurfaceUpdate\surfacepen0953cfuoverblelcextnpackage\SurfacePen0953CfuOverBleLcExtnPackage.cat
SurfacePro9\SurfaceUpdate\surfacepen0953cfuoverblelcextnpackage\SurfacePen0953CfuOverBleLcExtnPackage.inf
SurfacePro9\SurfaceUpdate\surfacepen0953cfuoverblelcextnpackage\SurfacePen0953CfuOverBleLcExtnPackage_K_BLE_HI.offer.bin
SurfacePro9\SurfaceUpdate\surfacepen0953cfuoverblelcextnpackage\SurfacePen0953CfuOverBleLcExtnPackage_K_BLE_HI.payload.bin
SurfacePro9\SurfaceUpdate\surfacepen0953cfuoverblelcextnpackage\SurfacePen0953CfuOverBleLcExtnPackage_K_BLE_LO.offer.bin
SurfacePro9\SurfaceUpdate\surfacepen0953cfuoverblelcextnpackage\SurfacePen0953CfuOverBleLcExtnPackage_K_BLE_LO.payload.bin
SurfacePro9\SurfaceUpdate\surfacepen0953cfuoverblelcextnpackage\SurfacePen0953CfuOverBleLcExtnPackage_K_MCU_B0.offer.bin
SurfacePro9\SurfaceUpdate\surfacepen0953cfuoverblelcextnpackage\SurfacePen0953CfuOverBleLcExtnPackage_K_MCU_B0.payload.bin
SurfacePro9\SurfaceUpdate\surfacepen0953cfuoverblelcextnpackage\SurfacePen0953CfuOverBleLcExtnPackage_K_MCU_B1.offer.bin
SurfacePro9\SurfaceUpdate\surfacepen0953cfuoverblelcextnpackage\SurfacePen0953CfuOverBleLcExtnPackage_K_MCU_B1.payload.bin
SurfacePro9\SurfaceUpdate\surfacepen0953firmwareupdate
SurfacePro9\SurfaceUpdate\surfacepen0953firmwareupdate\Surface0953FwUpdate.cat
SurfacePro9\SurfaceUpdate\surfacepen0953firmwareupdate\SurfacePen0953FirmwareUpdate.inf
SurfacePro9\SurfaceUpdate\surfacepen0953firmwareupdate\SurfacePen0953_Annapurna-HI.offer.bin
SurfacePro9\SurfaceUpdate\surfacepen0953firmwareupdate\SurfacePen0953_Annapurna-HI.payload.bin
SurfacePro9\SurfaceUpdate\surfacepen0953firmwareupdate\SurfacePen0953_Annapurna-LO.offer.bin
SurfacePro9\SurfaceUpdate\surfacepen0953firmwareupdate\SurfacePen0953_Annapurna-LO.payload.bin
SurfacePro9\SurfaceUpdate\surfacepen0953firmwareupdate\SurfacePen0953_MCU-B0.offer.bin
SurfacePro9\SurfaceUpdate\surfacepen0953firmwareupdate\SurfacePen0953_MCU-B0.payload.bin
SurfacePro9\SurfaceUpdate\surfacepen0953firmwareupdate\SurfacePen0953_MCU-B1.offer.bin
SurfacePro9\SurfaceUpdate\surfacepen0953firmwareupdate\SurfacePen0953_MCU-B1.payload.bin
SurfacePro9\SurfaceUpdate\surfacepen0c0fcfuoverblelcextnpackage
SurfacePro9\SurfaceUpdate\surfacepen0c0fcfuoverblelcextnpackage\SurfacePen0C0FCfuOverBleLcExtnPackage.cat
SurfacePro9\SurfaceUpdate\surfacepen0c0fcfuoverblelcextnpackage\SurfacePen0C0FCfuOverBleLcExtnPackage.inf
SurfacePro9\SurfaceUpdate\surfacepen0c0fcfuoverblelcextnpackage\SurfacePen0C0FCfuOverBleLcExtnPackage_BLE-HI.offer.bin
SurfacePro9\SurfaceUpdate\surfacepen0c0fcfuoverblelcextnpackage\SurfacePen0C0FCfuOverBleLcExtnPackage_BLE-HI.payload.bin
SurfacePro9\SurfaceUpdate\surfacepen0c0fcfuoverblelcextnpackage\SurfacePen0C0FCfuOverBleLcExtnPackage_BLE-LO.offer.bin
SurfacePro9\SurfaceUpdate\surfacepen0c0fcfuoverblelcextnpackage\SurfacePen0C0FCfuOverBleLcExtnPackage_BLE-LO.payload.bin
SurfacePro9\SurfaceUpdate\surfacepen0c0fcfuoverblelcextnpackage\SurfacePen0C0FCfuOverBleLcExtnPackage_HAPTIC.offer.bin
SurfacePro9\SurfaceUpdate\surfacepen0c0fcfuoverblelcextnpackage\SurfacePen0C0FCfuOverBleLcExtnPackage_HAPTIC.payload.bin
SurfacePro9\SurfaceUpdate\surfacepen0c0fcfuoverblelcextnpackage\SurfacePen0C0FCfuOverBleLcExtnPackage_MCU-B0.offer.bin
SurfacePro9\SurfaceUpdate\surfacepen0c0fcfuoverblelcextnpackage\SurfacePen0C0FCfuOverBleLcExtnPackage_MCU-B0.payload.bin
SurfacePro9\SurfaceUpdate\surfacepen0c0ffirmwareupdate
SurfacePro9\SurfaceUpdate\surfacepen0c0ffirmwareupdate\SurfacePen0C0FFirmwareUpdate.cat
SurfacePro9\SurfaceUpdate\surfacepen0c0ffirmwareupdate\SurfacePen0C0FFirmwareUpdate.inf
SurfacePro9\SurfaceUpdate\surfacepen0c0ffirmwareupdate\SurfacePen0C0F_BLE-HI.offer.bin
SurfacePro9\SurfaceUpdate\surfacepen0c0ffirmwareupdate\SurfacePen0C0F_BLE-HI.payload.bin
SurfacePro9\SurfaceUpdate\surfacepen0c0ffirmwareupdate\SurfacePen0C0F_BLE-LO.offer.bin
SurfacePro9\SurfaceUpdate\surfacepen0c0ffirmwareupdate\SurfacePen0C0F_BLE-LO.payload.bin
SurfacePro9\SurfaceUpdate\surfacepen0c0ffirmwareupdate\SurfacePen0C0F_HAPTIC.offer.bin
SurfacePro9\SurfaceUpdate\surfacepen0c0ffirmwareupdate\SurfacePen0C0F_HAPTIC.payload.bin
SurfacePro9\SurfaceUpdate\surfacepen0c0ffirmwareupdate\SurfacePen0C0F_MCU-B0.offer.bin
SurfacePro9\SurfaceUpdate\surfacepen0c0ffirmwareupdate\SurfacePen0C0F_MCU-B0.payload.bin
SurfacePro9\SurfaceUpdate\surfacepen217fwupdate
SurfacePro9\SurfaceUpdate\surfacepen217fwupdate\SurfacePen217FwUpdate.cat
SurfacePro9\SurfaceUpdate\surfacepen217fwupdate\SurfacePen217FwUpdate.dll
SurfacePro9\SurfaceUpdate\surfacepen217fwupdate\SurfacePen217FwUpdate.inf
SurfacePro9\SurfaceUpdate\Surfacepenblelcaddradaptation
SurfacePro9\SurfaceUpdate\Surfacepenblelcaddradaptation\SurfacePenBleLcAddrAdaptationDriver.cat
SurfacePro9\SurfaceUpdate\Surfacepenblelcaddradaptation\SurfacePenBleLcAddrAdaptationDriver.inf
SurfacePro9\SurfaceUpdate\Surfacepenblelcaddradaptation\SurfacePenBleLcAddrAdaptationDriver.sys
SurfacePro9\SurfaceUpdate\surfacepencfuoverblelc
SurfacePro9\SurfaceUpdate\surfacepencfuoverblelc\SurfacePenCfuOverBleLc.cat
SurfacePro9\SurfaceUpdate\surfacepencfuoverblelc\SurfacePenCfuOverBleLc.dll
SurfacePro9\SurfaceUpdate\surfacepencfuoverblelc\SurfacePenCfuOverBleLc.inf
SurfacePro9\SurfaceUpdate\surfacepowermeter
SurfacePro9\SurfaceUpdate\surfacepowermeter\PowerMeterTestLib.lib
SurfacePro9\SurfaceUpdate\surfacepowermeter\PowerMeterTestLib.lib.lastcodeanalysissucceeded
SurfacePro9\SurfaceUpdate\surfacepowermeter\SurfacePmiCmd.exe
SurfacePro9\SurfaceUpdate\surfacepowermeter\SurfacePmiCmd.exe.lastcodeanalysissucceeded
SurfacePro9\SurfaceUpdate\surfacepowermeter\SurfacePowerMeter.cat
SurfacePro9\SurfaceUpdate\surfacepowermeter\SurfacePowerMeter.inf
SurfacePro9\SurfaceUpdate\surfacepowermeter\SurfacePowerMeter.sys
SurfacePro9\SurfaceUpdate\surfacepowermeter\SurfacePowerMeter.sys.lastcodeanalysissucceeded
SurfacePro9\SurfaceUpdate\surfacepowerstate
SurfacePro9\SurfaceUpdate\surfacepowerstate\SurfacePowerState.inf
SurfacePro9\SurfaceUpdate\surfacepowerstate\SurfacePowerStateDriver.cat
SurfacePro9\SurfaceUpdate\surfacepowerstate\SurfacePowerStateDriver.sys
SurfacePro9\SurfaceUpdate\surfacepowerstate\SurfacePowerStateDriver.sys.lastcodeanalysissucceeded
SurfacePro9\SurfaceUpdate\surfacepowertrackercore
SurfacePro9\SurfaceUpdate\surfacepowertrackercore\SurfacePowerTrackerCore.cat
SurfacePro9\SurfaceUpdate\surfacepowertrackercore\SurfacePowerTrackerCore.inf
SurfacePro9\SurfaceUpdate\surfacepowertrackercore\SurfacePowerTrackerCore.sys
SurfacePro9\SurfaceUpdate\surfaceretimer
SurfacePro9\SurfaceUpdate\surfaceretimer\SurfaceRetimer.cat
SurfacePro9\SurfaceUpdate\surfaceretimer\SurfaceRetimer.inf
SurfacePro9\SurfaceUpdate\surfaceretimer\SurfaceRetimer_3.10.0.3.bin
SurfacePro9\SurfaceUpdate\surfacesam
SurfacePro9\SurfaceUpdate\surfacesam\SurfaceSAM.cat
SurfacePro9\SurfaceUpdate\surfacesam\SurfaceSAM.inf
SurfacePro9\SurfaceUpdate\surfacesam\SurfaceSAM_6.202.139.bin
SurfacePro9\SurfaceUpdate\surfacesmfix
SurfacePro9\SurfaceUpdate\surfacesmfix\Smf_iX_93.0.0.49.bin
SurfacePro9\SurfaceUpdate\surfacesmfix\SurfaceSMF_iX.cat
SurfacePro9\SurfaceUpdate\surfacesmfix\SurfaceSMF_iX.inf
SurfacePro9\SurfaceUpdate\surfacesmfsensorclient
SurfacePro9\SurfaceUpdate\surfacesmfsensorclient\SurfaceSmfSensorClient.cat
SurfacePro9\SurfaceUpdate\surfacesmfsensorclient\SurfaceSmfSensorClient.dll
SurfacePro9\SurfaceUpdate\surfacesmfsensorclient\SurfaceSmfSensorClient.inf
SurfacePro9\SurfaceUpdate\surfacestoragefwupdateenum
SurfacePro9\SurfaceUpdate\surfacestoragefwupdateenum\SurfaceStorageFwUpdateEnum.cat
SurfacePro9\SurfaceUpdate\surfacestoragefwupdateenum\SurfaceStorageFwUpdateEnum.inf
SurfacePro9\SurfaceUpdate\surfacestoragefwupdatehfm001td3gx013n
SurfacePro9\SurfaceUpdate\surfacestoragefwupdatehfm001td3gx013n\41001C20_001T_signed.ebin
SurfacePro9\SurfaceUpdate\surfacestoragefwupdatehfm001td3gx013n\SurfaceStorageFwUpdateHFM001TD3GX013N.inf
SurfacePro9\SurfaceUpdate\surfacestoragefwupdatehfm001td3gx013n\SurfaceStorageFwUpdateHFM001TD3GX013NPackage.cat
SurfacePro9\SurfaceUpdate\surfacestoragefwupdatehfm128gd3gx013n
SurfacePro9\SurfaceUpdate\surfacestoragefwupdatehfm128gd3gx013n\41001C20_128G_signed.ebin
SurfacePro9\SurfaceUpdate\surfacestoragefwupdatehfm128gd3gx013n\SurfaceStorageFwUpdateHFM128GD3GX013N.inf
SurfacePro9\SurfaceUpdate\surfacestoragefwupdatehfm128gd3gx013n\SurfaceStorageFwUpdateHFM128GD3GX013NPackage.cat
SurfacePro9\SurfaceUpdate\surfacestoragefwupdatehfm256gd3gx013n
SurfacePro9\SurfaceUpdate\surfacestoragefwupdatehfm256gd3gx013n\41001C20_256G_signed.ebin
SurfacePro9\SurfaceUpdate\surfacestoragefwupdatehfm256gd3gx013n\SurfaceStorageFwUpdateHFM256GD3GX013N.inf
SurfacePro9\SurfaceUpdate\surfacestoragefwupdatehfm256gd3gx013n\SurfaceStorageFwUpdateHFM256GD3GX013NPackage.cat
SurfacePro9\SurfaceUpdate\surfacestoragefwupdatehfm512gd3gx013n
SurfacePro9\SurfaceUpdate\surfacestoragefwupdatehfm512gd3gx013n\41001C20_512G_signed.ebin
SurfacePro9\SurfaceUpdate\surfacestoragefwupdatehfm512gd3gx013n\SurfaceStorageFwUpdateHFM512GD3GX013N.inf
SurfacePro9\SurfaceUpdate\surfacestoragefwupdatehfm512gd3gx013n\SurfaceStorageFwUpdateHFM512GD3GX013NPackage.cat
SurfacePro9\SurfaceUpdate\surfacestoragefwupdatekbg40zns256gpackage
SurfacePro9\SurfaceUpdate\surfacestoragefwupdatekbg40zns256gpackage\AEMS0104_nonSED_key73.sig
SurfacePro9\SurfaceUpdate\surfacestoragefwupdatekbg40zns256gpackage\SurfaceStorageFwUpdateKBG40ZNS256GPackage.cat
SurfacePro9\SurfaceUpdate\surfacestoragefwupdatekbg40zns256gpackage\SurfaceStorageFwUpdateKBG40ZNS256GPackage.inf
SurfacePro9\SurfaceUpdate\surfacestoragefwupdatekbg50zns1t
SurfacePro9\SurfaceUpdate\surfacestoragefwupdatekbg50zns1t\ANMS0103.sig
SurfacePro9\SurfaceUpdate\surfacestoragefwupdatekbg50zns1t\SurfaceStorageFwUpdateKBG50ZNS1T.inf
SurfacePro9\SurfaceUpdate\surfacestoragefwupdatekbg50zns1t\SurfaceStorageFwUpdateKBG50ZNS1TPackage.cat
SurfacePro9\SurfaceUpdate\surfacestoragefwupdatekbg50zns256g
SurfacePro9\SurfaceUpdate\surfacestoragefwupdatekbg50zns256g\ANMS0103.sig
SurfacePro9\SurfaceUpdate\surfacestoragefwupdatekbg50zns256g\SurfaceStorageFwUpdateKBG50ZNS256G.inf
SurfacePro9\SurfaceUpdate\surfacestoragefwupdatekbg50zns256g\SurfaceStorageFwUpdateKBG50ZNS256GPackage.cat
SurfacePro9\SurfaceUpdate\surfacestoragefwupdatekbg50zns512g
SurfacePro9\SurfaceUpdate\surfacestoragefwupdatekbg50zns512g\ANMS0103.sig
SurfacePro9\SurfaceUpdate\surfacestoragefwupdatekbg50zns512g\SurfaceStorageFwUpdateKBG50ZNS512G.inf
SurfacePro9\SurfaceUpdate\surfacestoragefwupdatekbg50zns512g\SurfaceStorageFwUpdateKBG50ZNS512GPackage.cat
SurfacePro9\SurfaceUpdate\surfacestoragefwupdatemz9l4128hchq00bmv
SurfacePro9\SurfaceUpdate\surfacestoragefwupdatemz9l4128hchq00bmv\HXC75M0Q_noFormat.bin
SurfacePro9\SurfaceUpdate\surfacestoragefwupdatemz9l4128hchq00bmv\SurfaceStorageFwUpdateMZ9L4128HCHQ00BMV.cat
SurfacePro9\SurfaceUpdate\surfacestoragefwupdatemz9l4128hchq00bmv\SurfaceStorageFwUpdateMZ9L4128HCHQ00BMV.inf
SurfacePro9\SurfaceUpdate\surfacestoragefwupdatemz9l41t0hblb00bmv
SurfacePro9\SurfaceUpdate\surfacestoragefwupdatemz9l41t0hblb00bmv\HXC75M0Q_noFormat.bin
SurfacePro9\SurfaceUpdate\surfacestoragefwupdatemz9l41t0hblb00bmv\SurfaceStorageFwUpdateMZ9L41T0HBLB00BMV.cat
SurfacePro9\SurfaceUpdate\surfacestoragefwupdatemz9l41t0hblb00bmv\SurfaceStorageFwUpdateMZ9L41T0HBLB00BMV.inf
SurfacePro9\SurfaceUpdate\surfacestoragefwupdatemz9l4256hcjq00bmv
SurfacePro9\SurfaceUpdate\surfacestoragefwupdatemz9l4256hcjq00bmv\HXC75M0Q_noFormat.bin
SurfacePro9\SurfaceUpdate\surfacestoragefwupdatemz9l4256hcjq00bmv\SurfaceStorageFwUpdateMZ9L4256HCJQ00BMV.cat
SurfacePro9\SurfaceUpdate\surfacestoragefwupdatemz9l4256hcjq00bmv\SurfaceStorageFwUpdateMZ9L4256HCJQ00BMV.inf
SurfacePro9\SurfaceUpdate\surfacestoragefwupdatemz9l4512hblu00bmv
SurfacePro9\SurfaceUpdate\surfacestoragefwupdatemz9l4512hblu00bmv\HXC75M0Q_noFormat.bin
SurfacePro9\SurfaceUpdate\surfacestoragefwupdatemz9l4512hblu00bmv\SurfaceStorageFwUpdateMZ9L4512HBLU00BMV.cat
SurfacePro9\SurfaceUpdate\surfacestoragefwupdatemz9l4512hblu00bmv\SurfaceStorageFwUpdateMZ9L4512HBLU00BMV.inf
SurfacePro9\SurfaceUpdate\surfacesystemmanagementframework
SurfacePro9\SurfaceUpdate\surfacesystemmanagementframework\SurfaceSystemManagementFrameworkDriver.cat
SurfacePro9\SurfaceUpdate\surfacesystemmanagementframework\SurfaceSystemManagementFrameworkDriver.inf
SurfacePro9\SurfaceUpdate\surfacesystemmanagementframework\SurfaceSystemManagementFrameworkDriver.sys
SurfacePro9\SurfaceUpdate\surfacesystemtelemetry
SurfacePro9\SurfaceUpdate\surfacesystemtelemetry\SurfaceSystemTelemetryDriver.cat
SurfacePro9\SurfaceUpdate\surfacesystemtelemetry\SurfaceSystemTelemetryDriver.inf
SurfacePro9\SurfaceUpdate\surfacesystemtelemetry\SurfaceSystemTelemetryDriver.sys
SurfacePro9\SurfaceUpdate\surfacetconcapsuleANX
SurfacePro9\SurfaceUpdate\surfacetconcapsuleANX\SurfaceTCON.cat
SurfacePro9\SurfaceUpdate\surfacetconcapsuleANX\SurfaceTCON.inf
SurfacePro9\SurfaceUpdate\surfacetconcapsuleANX\SurfaceTCON_161.33.3.35.bin
SurfacePro9\SurfaceUpdate\surfacetconcapsuleANXLucca
SurfacePro9\SurfaceUpdate\surfacetconcapsuleANXLucca\SurfaceTCON.cat
SurfacePro9\SurfaceUpdate\surfacetconcapsuleANXLucca\SurfaceTCON.inf
SurfacePro9\SurfaceUpdate\surfacetconcapsuleANXLucca\SurfaceTCON_161.35.5.48.bin
SurfacePro9\SurfaceUpdate\surfacetconcapsuleNVT
SurfacePro9\SurfaceUpdate\surfacetconcapsuleNVT\SurfaceTCON.cat
SurfacePro9\SurfaceUpdate\surfacetconcapsuleNVT\SurfaceTCON.inf
SurfacePro9\SurfaceUpdate\surfacetconcapsuleNVT\SurfaceTCON_161.3.0.16.bin
SurfacePro9\SurfaceUpdate\surfacethermalpolicy
SurfacePro9\SurfaceUpdate\surfacethermalpolicy\SurfaceThermalPolicy.cat
SurfacePro9\SurfaceUpdate\surfacethermalpolicy\SurfaceThermalPolicy.inf
SurfacePro9\SurfaceUpdate\surfacethermalpolicy\SurfaceThermalPolicy.sys
SurfacePro9\SurfaceUpdate\surfacethunderbolt4dockfwupdate
SurfacePro9\SurfaceUpdate\surfacethunderbolt4dockfwupdate\SurfaceThunderbolt4DockFwUpdate.cat
SurfacePro9\SurfaceUpdate\surfacethunderbolt4dockfwupdate\SurfaceThunderbolt4DockFwUpdate.inf
SurfacePro9\SurfaceUpdate\surfacethunderbolt4dockfwupdate\SurfaceThunderbolt4Dock_1_AMC1.offer.bin
SurfacePro9\SurfaceUpdate\surfacethunderbolt4dockfwupdate\SurfaceThunderbolt4Dock_1_AMC1.payload.bin
SurfacePro9\SurfaceUpdate\surfacethunderbolt4dockfwupdate\SurfaceThunderbolt4Dock_1_AMC2.offer.bin
SurfacePro9\SurfaceUpdate\surfacethunderbolt4dockfwupdate\SurfaceThunderbolt4Dock_1_AMC2.payload.bin
SurfacePro9\SurfaceUpdate\surfacethunderbolt4dockfwupdate\SurfaceThunderbolt4Dock_2_UFPPD1.offer.bin
SurfacePro9\SurfaceUpdate\surfacethunderbolt4dockfwupdate\SurfaceThunderbolt4Dock_2_UFPPD1.payload.bin
SurfacePro9\SurfaceUpdate\surfacethunderbolt4dockfwupdate\SurfaceThunderbolt4Dock_2_UFPPD2.offer.bin
SurfacePro9\SurfaceUpdate\surfacethunderbolt4dockfwupdate\SurfaceThunderbolt4Dock_2_UFPPD2.payload.bin
SurfacePro9\SurfaceUpdate\surfacethunderbolt4dockfwupdate\SurfaceThunderbolt4Dock_3_U3HUB1.offer.bin
SurfacePro9\SurfaceUpdate\surfacethunderbolt4dockfwupdate\SurfaceThunderbolt4Dock_3_U3HUB1.payload.bin
SurfacePro9\SurfaceUpdate\surfacethunderbolt4dockfwupdate\SurfaceThunderbolt4Dock_4_AUDIOS1.offer.bin
SurfacePro9\SurfaceUpdate\surfacethunderbolt4dockfwupdate\SurfaceThunderbolt4Dock_4_AUDIOS1.payload.bin
SurfacePro9\SurfaceUpdate\surfacethunderbolt4dockfwupdate\SurfaceThunderbolt4Dock_6_TBT1.offer.bin
SurfacePro9\SurfaceUpdate\surfacethunderbolt4dockfwupdate\SurfaceThunderbolt4Dock_6_TBT1.payload.bin
SurfacePro9\SurfaceUpdate\surfacethunderbolt4dockfwupdate\SurfaceThunderbolt4Dock_7_DFPPD1.offer.bin
SurfacePro9\SurfaceUpdate\surfacethunderbolt4dockfwupdate\SurfaceThunderbolt4Dock_7_DFPPD1.payload.bin
SurfacePro9\SurfaceUpdate\surfacethunderbolt4dockfwupdate\SurfaceThunderbolt4Dock_7_DFPPD2.offer.bin
SurfacePro9\SurfaceUpdate\surfacethunderbolt4dockfwupdate\SurfaceThunderbolt4Dock_7_DFPPD2.payload.bin
SurfacePro9\SurfaceUpdate\surfacetouchg6fwupdateextnpackage
SurfacePro9\SurfaceUpdate\surfacetouchg6fwupdateextnpackage\SurfaceTouchG6FwUpdateExtnPackage.cat
SurfacePro9\SurfaceUpdate\surfacetouchg6fwupdateextnpackage\SurfaceTouchG6FwUpdateExtnPackage.inf
SurfacePro9\SurfaceUpdate\surfacetouchg6fwupdateextnpackage\SurfaceTouchG6_FW_DEV_51D0_SS_0064.offer.bin
SurfacePro9\SurfaceUpdate\surfacetouchg6fwupdateextnpackage\SurfaceTouchG6_FW_DEV_51D0_SS_0064.payload.bin
SurfacePro9\SurfaceUpdate\Surfacetouchpadg7cfuoverhidextnpackage
SurfacePro9\SurfaceUpdate\Surfacetouchpadg7cfuoverhidextnpackage\SurfaceTouchpadG7CfuOverHidExtnPackage.cat
SurfacePro9\SurfaceUpdate\Surfacetouchpadg7cfuoverhidextnpackage\SurfaceTouchpadG7CfuOverHidExtnPackage.inf
SurfacePro9\SurfaceUpdate\Surfacetouchpadg7cfuoverhidextnpackage\SurfaceTouchpadG7_FW_TargetKIPLsCfu.offer.bin
SurfacePro9\SurfaceUpdate\Surfacetouchpadg7cfuoverhidextnpackage\SurfaceTouchpadG7_FW_TargetKIPLsCfu.payload.bin
SurfacePro9\SurfaceUpdate\Surfacetouchpadsettingsextensionpackage
SurfacePro9\SurfaceUpdate\Surfacetouchpadsettingsextensionpackage\SurfaceTouchpadSettingsExtensionPackage.cat
SurfacePro9\SurfaceUpdate\Surfacetouchpadsettingsextensionpackage\SurfaceTouchpadSettingsExtensionPackage.inf
SurfacePro9\SurfaceUpdate\surfacetouchpenprocessorupdate
SurfacePro9\SurfaceUpdate\surfacetouchpenprocessorupdate\SurfaceTouchPenProcessorUpdate.cat
SurfacePro9\SurfaceUpdate\surfacetouchpenprocessorupdate\SurfaceTouchPenProcessorUpdate.inf
SurfacePro9\SurfaceUpdate\surfacetouchpenprocessorupdate\TouchPenProcessor0C52.dll
SurfacePro9\SurfaceUpdate\surfacetpm_NationZ
SurfacePro9\SurfaceUpdate\surfacetpm_NationZ\SurfaceTpm.cat
SurfacePro9\SurfaceUpdate\surfacetpm_NationZ\SurfaceTpm.inf
SurfacePro9\SurfaceUpdate\surfacetpm_NationZ\SurfaceTpm_7.55.8454.9750.bin
SurfacePro9\SurfaceUpdate\surfacetpm_Nuvoton
SurfacePro9\SurfaceUpdate\surfacetpm_Nuvoton\SurfaceTpm.cat
SurfacePro9\SurfaceUpdate\surfacetpm_Nuvoton\SurfaceTpm.inf
SurfacePro9\SurfaceUpdate\surfacetpm_Nuvoton\SurfaceTpm_7.2.2.0.bin
SurfacePro9\SurfaceUpdate\surfacetypecoverv7fwupdate
SurfacePro9\SurfaceUpdate\surfacetypecoverv7fwupdate\SurfaceTypeCoverV7FwUpdate.cat
SurfacePro9\SurfaceUpdate\surfacetypecoverv7fwupdate\SurfaceTypeCoverV7FwUpdate.inf
SurfacePro9\SurfaceUpdate\surfacetypecoverv7fwupdate\SurfaceTypeCoverV7_FPRA.cfu
SurfacePro9\SurfaceUpdate\surfacetypecoverv7fwupdate\SurfaceTypeCoverV7_FPRA.offer.bin
SurfacePro9\SurfaceUpdate\surfacetypecoverv7fwupdate\SurfaceTypeCoverV7_FPRB.cfu
SurfacePro9\SurfaceUpdate\surfacetypecoverv7fwupdate\SurfaceTypeCoverV7_FPRB.offer.bin
SurfacePro9\SurfaceUpdate\surfacetypecoverv7fwupdate\SurfaceTypeCoverV7_KIP2_APP1.cfu
SurfacePro9\SurfaceUpdate\surfacetypecoverv7fwupdate\SurfaceTypeCoverV7_KIP2_APP1.offer.bin
SurfacePro9\SurfaceUpdate\surfacetypecoverv7fwupdate\SurfaceTypeCoverV7_KIP2_APP2.cfu
SurfacePro9\SurfaceUpdate\surfacetypecoverv7fwupdate\SurfaceTypeCoverV7_KIP2_APP2.offer.bin
SurfacePro9\SurfaceUpdate\surfacetypecoverv7fwupdate\SurfaceTypeCoverV7_KIP3_APP1.cfu
SurfacePro9\SurfaceUpdate\surfacetypecoverv7fwupdate\SurfaceTypeCoverV7_KIP3_APP1.offer.bin
SurfacePro9\SurfaceUpdate\surfacetypecoverv7fwupdate\SurfaceTypeCoverV7_KIP3_APP2.cfu
SurfacePro9\SurfaceUpdate\surfacetypecoverv7fwupdate\SurfaceTypeCoverV7_KIP3_APP2.offer.bin
SurfacePro9\SurfaceUpdate\surfacetypecoverv7fwupdate\SurfaceTypeCoverV7_KIP_APP1.cfu
SurfacePro9\SurfaceUpdate\surfacetypecoverv7fwupdate\SurfaceTypeCoverV7_KIP_APP1.offer.bin
SurfacePro9\SurfaceUpdate\surfacetypecoverv7fwupdate\SurfaceTypeCoverV7_KIP_APP2.cfu
SurfacePro9\SurfaceUpdate\surfacetypecoverv7fwupdate\SurfaceTypeCoverV7_KIP_APP2.offer.bin
SurfacePro9\SurfaceUpdate\surfacetypecoverv7fwupdate\SurfaceTypeCoverV7_TP.cfu
SurfacePro9\SurfaceUpdate\surfacetypecoverv7fwupdate\SurfaceTypeCoverV7_TP.offer.bin
SurfacePro9\SurfaceUpdate\surfacetypecoverv7fwupdate\SurfaceTypeCoverV7_WLC.cfu
SurfacePro9\SurfaceUpdate\surfacetypecoverv7fwupdate\SurfaceTypeCoverV7_WLC.offer.bin
SurfacePro9\SurfaceUpdate\surfacetypecoverv7fwupdate\SurfaceTypeCoverV7_WLC2.cfu
SurfacePro9\SurfaceUpdate\surfacetypecoverv7fwupdate\SurfaceTypeCoverV7_WLC2.offer.bin
SurfacePro9\SurfaceUpdate\surfaceuefi
SurfacePro9\SurfaceUpdate\surfaceuefi\SurfaceUEFI.cat
SurfacePro9\SurfaceUpdate\surfaceuefi\SurfaceUEFI.inf
SurfacePro9\SurfaceUpdate\surfaceuefi\SurfaceUEFI_15.101.143_0.bin
SurfacePro9\SurfaceUpdate\surfaceuefi\SurfaceUEFI_15.101.143_0_integrity.bin
SurfacePro9\SurfaceUpdate\surfaceuefi\SurfaceUEFI_15.101.143_1.bin
SurfacePro9\SurfaceUpdate\surfaceuefi\SurfaceUEFI_15.101.143_1_integrity.bin
SurfacePro9\SurfaceUpdate\wifidrv10customizations
SurfacePro9\SurfaceUpdate\wifidrv10customizations\WifiDrv10Customizations.cat
SurfacePro9\SurfaceUpdate\wifidrv10customizations\WifiDrv10Customizations.inf

Current Folders:
adlserial
alderlakepchpsystem
alderlakesystem
gna
Integration
intelprecisetouch
managementengine
msu53cx22x64sta
msu56cx22x64sta
surfaceacpiplatformextension
surfacebattery
surfacebutton
surfacecoverclick
surfacedockintegration
surfaceethernetadapter
surfacehidmini
surfacehotplug
surfacepen217integration
surfacepenwirelesschargerhotkey
surfacesarmanager
surfaceserialhubdriver
surfaceservicenulldriver
surfacesmfclient
surfacesmfdisplayclient
surfacetimealarmacpifilter
surfacetypecoverv7fprudedriver
surfaceucmucsihidclient
**********************
PowerShell transcript end
End time: 20241018120210
**********************
