**********************
Start time: 20241018114128
**********************
DriverPack: C:\DATA\Surface\SurfaceLaptop7_Win11_26100_24.092.12893.0.msi
**********************
Removed Content:
SurfaceLaptop7\SurfaceUpdate\acsp8380
SurfaceLaptop7\SurfaceUpdate\acsp8380\REV_0A
SurfaceLaptop7\SurfaceUpdate\acsp8380\REV_0A\acdb_cal_0A.acdb
SurfaceLaptop7\SurfaceUpdate\acsp8380\REV_0A\workspaceFile_0A.qwsp
SurfaceLaptop7\SurfaceUpdate\acsp8380\REV_0B
SurfaceLaptop7\SurfaceUpdate\acsp8380\REV_0B\acdb_cal_0B.acdb
SurfaceLaptop7\SurfaceUpdate\acsp8380\REV_0B\workspaceFile_0B.qwsp
SurfaceLaptop7\SurfaceUpdate\acsp8380\REV_0C
SurfaceLaptop7\SurfaceUpdate\acsp8380\REV_0C\acdb_cal_0C.acdb
SurfaceLaptop7\SurfaceUpdate\acsp8380\REV_0C\workspaceFile_0C.qwsp
SurfaceLaptop7\SurfaceUpdate\acsp8380\REV_0D
SurfaceLaptop7\SurfaceUpdate\acsp8380\REV_0D\acdb_cal_0D.acdb
SurfaceLaptop7\SurfaceUpdate\acsp8380\REV_0D\workspaceFile_0D.qwsp
SurfaceLaptop7\SurfaceUpdate\acsp8380\ADCMResources.bin
SurfaceLaptop7\SurfaceUpdate\acsp8380\fai__2.9.0_1.0__3.0.0_0.0__3.1.2_0.0__3.2.0_0.1__eai_2.25.pmd
SurfaceLaptop7\SurfaceUpdate\acsp8380\fai__2.9.4_0.0__3.0.0_0.0__3.1.2_0.0__3.2.0_0.1__eai_2.25.pmd
SurfaceLaptop7\SurfaceUpdate\acsp8380\fai__3.0.0_0.0__eai_2.10_enpuv3.pmd
SurfaceLaptop7\SurfaceUpdate\acsp8380\fai__4.8.14_0.0__3.0.0_0.0__3.1.2_0.0__3.2.0_0.1__eai_2.25.pmd
SurfaceLaptop7\SurfaceUpdate\acsp8380\fai__4.8.5_1.0__3.0.0_0.0__3.1.2_0.0__3.2.0_0.1__eai_2.25.pmd
SurfaceLaptop7\SurfaceUpdate\acsp8380\ffv__5.0.1_0.1__eai_2.21_enpu3.pmd
SurfaceLaptop7\SurfaceUpdate\acsp8380\surface_acsp8380.cat
SurfaceLaptop7\SurfaceUpdate\acsp8380\surface_acsp8380.inf
SurfaceLaptop7\SurfaceUpdate\asdext8380
SurfaceLaptop7\SurfaceUpdate\asdext8380\surface_asdext8380.cat
SurfaceLaptop7\SurfaceUpdate\asdext8380\surface_asdext8380.inf
SurfaceLaptop7\SurfaceUpdate\aucdext8380
SurfaceLaptop7\SurfaceUpdate\aucdext8380\ACDResources.bin
SurfaceLaptop7\SurfaceUpdate\aucdext8380\surface_aucdext8380.cat
SurfaceLaptop7\SurfaceUpdate\aucdext8380\surface_aucdext8380.inf
SurfaceLaptop7\SurfaceUpdate\audiominiext8380
SurfaceLaptop7\SurfaceUpdate\audiominiext8380\surface_audiominiext8380.cat
SurfaceLaptop7\SurfaceUpdate\audiominiext8380\surface_audiominiext8380.inf
SurfaceLaptop7\SurfaceUpdate\button
SurfaceLaptop7\SurfaceUpdate\button\SurfaceButton.cat
SurfaceLaptop7\SurfaceUpdate\button\SurfaceButton.inf
SurfaceLaptop7\SurfaceUpdate\button\SurfaceButton.sys
SurfaceLaptop7\SurfaceUpdate\camauxsensor8380
SurfaceLaptop7\SurfaceUpdate\camauxsensor8380\surfacecamauxsensor8380.cat
SurfaceLaptop7\SurfaceUpdate\camauxsensor8380\surfacecamauxsensor8380.inf
SurfaceLaptop7\SurfaceUpdate\camauxsensor8380\surfacecamauxsensor8380.sys
SurfaceLaptop7\SurfaceUpdate\camauxsensorextension8380
SurfaceLaptop7\SurfaceUpdate\camauxsensorextension8380\CAMI_RES_MSHW0472.bin
SurfaceLaptop7\SurfaceUpdate\camauxsensorextension8380\CAMI_RES_MSHW0492.bin
SurfaceLaptop7\SurfaceUpdate\camauxsensorextension8380\CAMI_RES_MSHW0562.bin
SurfaceLaptop7\SurfaceUpdate\camauxsensorextension8380\com.qti.sensormodule.tpg.bin
SurfaceLaptop7\SurfaceUpdate\camauxsensorextension8380\com.qti.tuned.default.bin
SurfaceLaptop7\SurfaceUpdate\camauxsensorextension8380\com.surface.sensormodule.aux_vd55g0_MSHW0472.bin
SurfaceLaptop7\SurfaceUpdate\camauxsensorextension8380\com.surface.sensormodule.aux_vd55g0_MSHW0492.bin
SurfaceLaptop7\SurfaceUpdate\camauxsensorextension8380\com.surface.sensormodule.aux_vd55g1.bin
SurfaceLaptop7\SurfaceUpdate\camauxsensorextension8380\com.surface.tuned.aux_vd55g0_MSHW0472.bin
SurfaceLaptop7\SurfaceUpdate\camauxsensorextension8380\com.surface.tuned.aux_vd55g0_MSHW0492.bin
SurfaceLaptop7\SurfaceUpdate\camauxsensorextension8380\com.surface.tuned.aux_vd55g1.bin
SurfaceLaptop7\SurfaceUpdate\camauxsensorextension8380\SCFG_AUX_MSHW0472.bin
SurfaceLaptop7\SurfaceUpdate\camauxsensorextension8380\SCFG_AUX_MSHW0492.bin
SurfaceLaptop7\SurfaceUpdate\camauxsensorextension8380\SCFG_AUX_MSHW0562.bin
SurfaceLaptop7\SurfaceUpdate\camauxsensorextension8380\surfacecamauxsensor_extension8380.cat
SurfaceLaptop7\SurfaceUpdate\camauxsensorextension8380\surfacecamauxsensor_extension8380.inf
SurfaceLaptop7\SurfaceUpdate\camavs8380
SurfaceLaptop7\SurfaceUpdate\camavs8380\eva.dll
SurfaceLaptop7\SurfaceUpdate\camavs8380\QcDeviceMFT8380.dll
SurfaceLaptop7\SurfaceUpdate\camavs8380\surfacecamavs8380.cat
SurfaceLaptop7\SurfaceUpdate\camavs8380\surfacecamavs8380.inf
SurfaceLaptop7\SurfaceUpdate\camavs8380\surfacecamavs8380.sys
SurfaceLaptop7\SurfaceUpdate\camavsext8380
SurfaceLaptop7\SurfaceUpdate\camavsext8380\surfacecamavs_ext8380.cat
SurfaceLaptop7\SurfaceUpdate\camavsext8380\surfacecamavs_ext8380.inf
SurfaceLaptop7\SurfaceUpdate\camfrontsensor8380
SurfaceLaptop7\SurfaceUpdate\camfrontsensor8380\surfacecamfrontsensor8380.cat
SurfaceLaptop7\SurfaceUpdate\camfrontsensor8380\surfacecamfrontsensor8380.inf
SurfaceLaptop7\SurfaceUpdate\camfrontsensor8380\surfacecamfrontsensor8380.sys
SurfaceLaptop7\SurfaceUpdate\camfrontsensorextension8380
SurfaceLaptop7\SurfaceUpdate\camfrontsensorextension8380\CAMF_RES_MSHW0470.bin
SurfaceLaptop7\SurfaceUpdate\camfrontsensorextension8380\CAMF_RES_MSHW0490.bin
SurfaceLaptop7\SurfaceUpdate\camfrontsensorextension8380\CAMF_RES_MSHW0540.bin
SurfaceLaptop7\SurfaceUpdate\camfrontsensorextension8380\CAMF_RES_MSHW0560.bin
SurfaceLaptop7\SurfaceUpdate\camfrontsensorextension8380\com.qti.sensormodule.tpg.bin
SurfaceLaptop7\SurfaceUpdate\camfrontsensorextension8380\com.qti.tuned.default.bin
SurfaceLaptop7\SurfaceUpdate\camfrontsensorextension8380\com.surface.sensormodule.ffc_imx681.bin
SurfaceLaptop7\SurfaceUpdate\camfrontsensorextension8380\com.surface.sensormodule.ffc_ov02c10.bin
SurfaceLaptop7\SurfaceUpdate\camfrontsensorextension8380\com.surface.sensormodule.ffc_ov02c10_MSHW0560.bin
SurfaceLaptop7\SurfaceUpdate\camfrontsensorextension8380\com.surface.tuned.ffc_imx681.bin
SurfaceLaptop7\SurfaceUpdate\camfrontsensorextension8380\com.surface.tuned.ffc_ov02c10.bin
SurfaceLaptop7\SurfaceUpdate\camfrontsensorextension8380\com.surface.tuned.ffc_ov02c10_MSHW0560.bin
SurfaceLaptop7\SurfaceUpdate\camfrontsensorextension8380\SCFG_FRONT_MSHW0470.bin
SurfaceLaptop7\SurfaceUpdate\camfrontsensorextension8380\SCFG_FRONT_MSHW0490.bin
SurfaceLaptop7\SurfaceUpdate\camfrontsensorextension8380\SCFG_FRONT_MSHW0540.bin
SurfaceLaptop7\SurfaceUpdate\camfrontsensorextension8380\SCFG_FRONT_MSHW0560.bin
SurfaceLaptop7\SurfaceUpdate\camfrontsensorextension8380\surfacecamfrontsensor_extension8380.cat
SurfaceLaptop7\SurfaceUpdate\camfrontsensorextension8380\surfacecamfrontsensor_extension8380.inf
SurfaceLaptop7\SurfaceUpdate\camplatformext8380
SurfaceLaptop7\SurfaceUpdate\camplatformext8380\CAMP_PCFG_MSHW0475.bin
SurfaceLaptop7\SurfaceUpdate\camplatformext8380\CAMP_PCFG_MSHW0495.bin
SurfaceLaptop7\SurfaceUpdate\camplatformext8380\CAMP_PCFG_MSHW0545.bin
SurfaceLaptop7\SurfaceUpdate\camplatformext8380\CAMP_PCFG_MSHW0565.bin
SurfaceLaptop7\SurfaceUpdate\camplatformext8380\CAMP_PERF_MSHW0475.bin
SurfaceLaptop7\SurfaceUpdate\camplatformext8380\CAMP_PERF_MSHW0495.bin
SurfaceLaptop7\SurfaceUpdate\camplatformext8380\CAMP_PERF_MSHW0545.bin
SurfaceLaptop7\SurfaceUpdate\camplatformext8380\CAMP_PERF_MSHW0565.bin
SurfaceLaptop7\SurfaceUpdate\camplatformext8380\CAMP_PRLD_MSHW0475.bin
SurfaceLaptop7\SurfaceUpdate\camplatformext8380\CAMP_PRLD_MSHW0495.bin
SurfaceLaptop7\SurfaceUpdate\camplatformext8380\CAMP_PRLD_MSHW0545.bin
SurfaceLaptop7\SurfaceUpdate\camplatformext8380\CAMP_PRLD_MSHW0565.bin
SurfaceLaptop7\SurfaceUpdate\camplatformext8380\CAMP_RES_MSHW0475.bin
SurfaceLaptop7\SurfaceUpdate\camplatformext8380\CAMP_RES_MSHW0495.bin
SurfaceLaptop7\SurfaceUpdate\camplatformext8380\CAMP_RES_MSHW0545.bin
SurfaceLaptop7\SurfaceUpdate\camplatformext8380\CAMP_RES_MSHW0565.bin
SurfaceLaptop7\SurfaceUpdate\camplatformext8380\surfacecamplatform_ext8380.cat
SurfaceLaptop7\SurfaceUpdate\camplatformext8380\surfacecamplatform_ext8380.inf
SurfaceLaptop7\SurfaceUpdate\dax3extqc
SurfaceLaptop7\SurfaceUpdate\dax3extqc\AUCD_DEV_0629_SUBSYS_MSHW0276_ADCM_SUBSYS_MSHW0276.xml
SurfaceLaptop7\SurfaceUpdate\dax3extqc\AUCD_DEV_0629_SUBSYS_MSHW0276_ADCM_SUBSYS_MSHW0276_settings.xml
SurfaceLaptop7\SurfaceUpdate\dax3extqc\AUCD_DEV_0C29_SUBSYS_MSHW0462_REV_0A_ADCM_SUBSYS_MSHW0462.xml
SurfaceLaptop7\SurfaceUpdate\dax3extqc\AUCD_DEV_0C29_SUBSYS_MSHW0462_REV_0B_ADCM_SUBSYS_MSHW0462.xml
SurfaceLaptop7\SurfaceUpdate\dax3extqc\AUCD_DEV_0C29_SUBSYS_MSHW0486_REV_0C_ADCM_SUBSYS_MSHW0486.xml
SurfaceLaptop7\SurfaceUpdate\dax3extqc\AUCD_DEV_0C29_SUBSYS_MSHW0486_REV_0D_ADCM_SUBSYS_MSHW0486.xml
SurfaceLaptop7\SurfaceUpdate\dax3extqc\dax3_ext_qc.cat
SurfaceLaptop7\SurfaceUpdate\dax3extqc\dax3_ext_qc.inf
SurfaceLaptop7\SurfaceUpdate\dax3extqc\Headphone_Default_Generic_Default_Atmos3.7.xml
SurfaceLaptop7\SurfaceUpdate\dax3extqc\operator_DolbyAudioPremium_settings.xml
SurfaceLaptop7\SurfaceUpdate\dax3extqc\operator_settings.xml
SurfaceLaptop7\SurfaceUpdate\dax3extqc\operator_settings_msft_atmos.json
SurfaceLaptop7\SurfaceUpdate\dax3extqc\operator_settings_msft_audiopremium.json
SurfaceLaptop7\SurfaceUpdate\dax3extqc\settings_msft_atmos_capture_off.json
SurfaceLaptop7\SurfaceUpdate\dax3extqc\settings_msft_atmos_capture_off_multi_stream.json
SurfaceLaptop7\SurfaceUpdate\dax3extqc\settings_msft_atmos_feedback_off.json
SurfaceLaptop7\SurfaceUpdate\dax3extqc\settings_msft_atmos_multi_stream.json
SurfaceLaptop7\SurfaceUpdate\dax3extqc\settings_msft_audiopremium_feedback_off.json
SurfaceLaptop7\SurfaceUpdate\dax3swcaposvcsdw
SurfaceLaptop7\SurfaceUpdate\dax3swcaposvcsdw\CaptureStreamMonitor.dll
SurfaceLaptop7\SurfaceUpdate\dax3swcaposvcsdw\DAX3API.exe
SurfaceLaptop7\SurfaceUpdate\dax3swcaposvcsdw\Dax3DapControl.dll
SurfaceLaptop7\SurfaceUpdate\dax3swcaposvcsdw\Dax3Ref.dll
SurfaceLaptop7\SurfaceUpdate\dax3swcaposvcsdw\dax3_swc_aposvc_sdw_arm64.cat
SurfaceLaptop7\SurfaceUpdate\dax3swcaposvcsdw\dax3_swc_aposvc_sdw_arm64.inf
SurfaceLaptop7\SurfaceUpdate\dax3swcaposvcsdw\DAXSSID.dll
SurfaceLaptop7\SurfaceUpdate\dax3swcaposvcsdw\default_settings.json
SurfaceLaptop7\SurfaceUpdate\dax3swcaposvcsdw\DolbyAPOv2100.dll
SurfaceLaptop7\SurfaceUpdate\dax3swcaposvcsdw\DolbyAPOv251.dll
SurfaceLaptop7\SurfaceUpdate\dax3swcaposvcsdw\DolbyAPOvlldp.dll
SurfaceLaptop7\SurfaceUpdate\dax3swcaposvcsdw\DolbyAPOvlldp120.dll
SurfaceLaptop7\SurfaceUpdate\dax3swcaposvcsdw\DolbyAPOvlldp130.dll
SurfaceLaptop7\SurfaceUpdate\dax3swcaposvcsdw\DolbyAPOvlldp140.dll
SurfaceLaptop7\SurfaceUpdate\dax3swcaposvcsdw\DolbyAPOvlldp150.dll
SurfaceLaptop7\SurfaceUpdate\dax3swcaposvcsdw\DolbyAPOVR.dll
SurfaceLaptop7\SurfaceUpdate\dax3swcaposvcsdw\DolbyDax3Apo.dll
SurfaceLaptop7\SurfaceUpdate\dax3swchsaarm64
SurfaceLaptop7\SurfaceUpdate\dax3swchsaarm64\dax3_swc_hsa_arm64.cat
SurfaceLaptop7\SurfaceUpdate\dax3swchsaarm64\dax3_swc_hsa_arm64.inf
SurfaceLaptop7\SurfaceUpdate\DevicesTelemetryServiceDriver
SurfaceLaptop7\SurfaceUpdate\DevicesTelemetryServiceDriver\AppLauncher.exe
SurfaceLaptop7\SurfaceUpdate\DevicesTelemetryServiceDriver\DevicesTelemetryService.exe
SurfaceLaptop7\SurfaceUpdate\DevicesTelemetryServiceDriver\DevicesTelemetryServiceDriver.cat
SurfaceLaptop7\SurfaceUpdate\DevicesTelemetryServiceDriver\DevicesTelemetryServiceDriver.inf
SurfaceLaptop7\SurfaceUpdate\digitizerwotextnpackage
SurfaceLaptop7\SurfaceUpdate\digitizerwotextnpackage\SurfaceDigitizerWoTExtnPackage.cat
SurfaceLaptop7\SurfaceUpdate\digitizerwotextnpackage\SurfaceDigitizerWoTExtnPackage.inf
SurfaceLaptop7\SurfaceUpdate\displayhardware
SurfaceLaptop7\SurfaceUpdate\displayhardware\SurfaceDisplayHardwareDriver.cat
SurfaceLaptop7\SurfaceUpdate\displayhardware\SurfaceDisplayHardwareDriver.dll
SurfaceLaptop7\SurfaceUpdate\displayhardware\SurfaceDisplayHardwareDriver.inf
SurfaceLaptop7\SurfaceUpdate\ihvcpusmfclient
SurfaceLaptop7\SurfaceUpdate\ihvcpusmfclient\SurfaceIhvCpuSmfClient.cat
SurfaceLaptop7\SurfaceUpdate\ihvcpusmfclient\SurfaceIhvCpuSmfClient.inf
SurfaceLaptop7\SurfaceUpdate\ihvcpusmfclient\SurfaceIhvCpuSmfClient.sys
SurfaceLaptop7\SurfaceUpdate\machinelearningservicenull
SurfaceLaptop7\SurfaceUpdate\machinelearningservicenull\SurfaceMachineLearningServiceDriver.cat
SurfaceLaptop7\SurfaceUpdate\machinelearningservicenull\SurfaceMachineLearningServiceNullDriver.inf
SurfaceLaptop7\SurfaceUpdate\machinelearningservicenull\SurfaceMLService.exe
SurfaceLaptop7\SurfaceUpdate\mepaudiocomponent
SurfaceLaptop7\SurfaceUpdate\mepaudiocomponent\mep_audio_component.cat
SurfaceLaptop7\SurfaceUpdate\mepaudiocomponent\mep_audio_component.inf
SurfaceLaptop7\SurfaceUpdate\mepaudiocomponent\voiceclarityapo.dll
SurfaceLaptop7\SurfaceUpdate\mepcameracomponent
SurfaceLaptop7\SurfaceUpdate\mepcameracomponent\mep_camera_component.cat
SurfaceLaptop7\SurfaceUpdate\mepcameracomponent\mep_camera_component.inf
SurfaceLaptop7\SurfaceUpdate\mepcameracomponent\WindowsEffectsCameraMediaSource.dll
SurfaceLaptop7\SurfaceUpdate\microsofteffectpackextension
SurfaceLaptop7\SurfaceUpdate\microsofteffectpackextension\libSnpeHtpV73Skel.so
SurfaceLaptop7\SurfaceUpdate\microsofteffectpackextension\MicrosoftEffectPack_ext.cat
SurfaceLaptop7\SurfaceUpdate\microsofteffectpackextension\MicrosoftEffectPack_extension.inf
SurfaceLaptop7\SurfaceUpdate\microsofteffectpackextension\PerceptionCore.dll
SurfaceLaptop7\SurfaceUpdate\microsofteffectpackextension\PerceptionCoreResources.dll
SurfaceLaptop7\SurfaceUpdate\microsofteffectpackextension\SNPE.dll
SurfaceLaptop7\SurfaceUpdate\microsofteffectpackextension\SnpeHtpV73Stub.dll
SurfaceLaptop7\SurfaceUpdate\miscbtext
SurfaceLaptop7\SurfaceUpdate\miscbtext\miscBtExt.inf
SurfaceLaptop7\SurfaceUpdate\miscbtext\miscBtInf.cat
SurfaceLaptop7\SurfaceUpdate\miscwlanext
SurfaceLaptop7\SurfaceUpdate\miscwlanext\miscWlanExt.cat
SurfaceLaptop7\SurfaceUpdate\miscwlanext\miscWlanExt.inf
SurfaceLaptop7\SurfaceUpdate\msu53cx22arm64sta
SurfaceLaptop7\SurfaceUpdate\msu53cx22arm64sta\msu53cx22arm64.cat
SurfaceLaptop7\SurfaceUpdate\msu53cx22arm64sta\msu53cx22arm64.sys
SurfaceLaptop7\SurfaceUpdate\msu53cx22arm64sta\msu53cx22arm64sta.INF
SurfaceLaptop7\SurfaceUpdate\msu56cx22arm64sta
SurfaceLaptop7\SurfaceUpdate\msu56cx22arm64sta\msu56cx22arm64.cat
SurfaceLaptop7\SurfaceUpdate\msu56cx22arm64sta\msu56cx22arm64.sys
SurfaceLaptop7\SurfaceUpdate\msu56cx22arm64sta\msu56cx22arm64sta.INF
SurfaceLaptop7\SurfaceUpdate\null
SurfaceLaptop7\SurfaceUpdate\null\SurfaceNullDriver.cat
SurfaceLaptop7\SurfaceUpdate\null\SurfaceNullDriver.inf
SurfaceLaptop7\SurfaceUpdate\nullcapsule
SurfaceLaptop7\SurfaceUpdate\nullcapsule\SurfaceNullCapsule.cat
SurfaceLaptop7\SurfaceUpdate\nullcapsule\SurfaceNullCapsule.inf
SurfaceLaptop7\SurfaceUpdate\oempanelcustomization
SurfaceLaptop7\SurfaceUpdate\oempanelcustomization\DisplayCalibrationConfigIncell13.bin
SurfaceLaptop7\SurfaceUpdate\oempanelcustomization\DisplayCalibrationConfigOutcell13.bin
SurfaceLaptop7\SurfaceUpdate\oempanelcustomization\DisplayCalibrationConfigOutcell15.bin
SurfaceLaptop7\SurfaceUpdate\oempanelcustomization\DisplayCalibrationMeasurementsIncell13.bin
SurfaceLaptop7\SurfaceUpdate\oempanelcustomization\DisplayCalibrationMeasurementsOutcell13.bin
SurfaceLaptop7\SurfaceUpdate\oempanelcustomization\DisplayCalibrationMeasurementsOutcell15.bin
SurfaceLaptop7\SurfaceUpdate\oempanelcustomization\PQConfig.dv
SurfaceLaptop7\SurfaceUpdate\oempanelcustomization\SurfaceHDR.icm
SurfaceLaptop7\SurfaceUpdate\oempanelcustomization\SurfaceOemPanelCustomization.cat
SurfaceLaptop7\SurfaceUpdate\oempanelcustomization\SurfaceOemPanelCustomization.inf
SurfaceLaptop7\SurfaceUpdate\oempanelcustomization\SurfacesRGB.icm
SurfaceLaptop7\SurfaceUpdate\oempanelcustomization\SurfaceVivid.icm
SurfaceLaptop7\SurfaceUpdate\powertrackercore
SurfaceLaptop7\SurfaceUpdate\powertrackercore\SurfacePowerTrackerCore.cat
SurfaceLaptop7\SurfaceUpdate\powertrackercore\SurfacePowerTrackerCore.inf
SurfaceLaptop7\SurfaceUpdate\powertrackercore\SurfacePowerTrackerCore.sys
SurfaceLaptop7\SurfaceUpdate\proextadsp8380
SurfaceLaptop7\SurfaceUpdate\proextadsp8380\ADSP
SurfaceLaptop7\SurfaceUpdate\proextadsp8380\ADSP\aac_dec_module.so.1
SurfaceLaptop7\SurfaceUpdate\proextadsp8380\ADSP\aac_enc_etsi_module.so.1
SurfaceLaptop7\SurfaceUpdate\proextadsp8380\ADSP\alac_dec_module.so.1
SurfaceLaptop7\SurfaceUpdate\proextadsp8380\ADSP\amrwbplus_dec_module.so.1
SurfaceLaptop7\SurfaceUpdate\proextadsp8380\ADSP\ans_module.so.1
SurfaceLaptop7\SurfaceUpdate\proextadsp8380\ADSP\ape_dec_module.so.1
SurfaceLaptop7\SurfaceUpdate\proextadsp8380\ADSP\aptx_adaptive_enc_module.so.1
SurfaceLaptop7\SurfaceUpdate\proextadsp8380\ADSP\aptx_adaptive_speech_dec_module.1
SurfaceLaptop7\SurfaceUpdate\proextadsp8380\ADSP\aptx_adaptive_speech_enc_module.2
SurfaceLaptop7\SurfaceUpdate\proextadsp8380\ADSP\aptx_classic_enc_module.so.1
SurfaceLaptop7\SurfaceUpdate\proextadsp8380\ADSP\aptx_hd_enc_module.so.1
SurfaceLaptop7\SurfaceUpdate\proextadsp8380\ADSP\AudioSphereModule.so.1
SurfaceLaptop7\SurfaceUpdate\proextadsp8380\ADSP\celt_enc_module.so.1
SurfaceLaptop7\SurfaceUpdate\proextadsp8380\ADSP\CFCM.so.1
SurfaceLaptop7\SurfaceUpdate\proextadsp8380\ADSP\fastrpc_shell_0
SurfaceLaptop7\SurfaceUpdate\proextadsp8380\ADSP\ffecns_module_VUI_viii.so.1
SurfaceLaptop7\SurfaceUpdate\proextadsp8380\ADSP\flac_dec_module.so.1
SurfaceLaptop7\SurfaceUpdate\proextadsp8380\ADSP\fluence_bs_module_fvxiii.so.1
SurfaceLaptop7\SurfaceUpdate\proextadsp8380\ADSP\fluence_ef_module_fvxiii.so.1
SurfaceLaptop7\SurfaceUpdate\proextadsp8380\ADSP\fluence_nn_module_fvxiii.so.1
SurfaceLaptop7\SurfaceUpdate\proextadsp8380\ADSP\fluence_pro_vc_module_fvxiii.so.1
SurfaceLaptop7\SurfaceUpdate\proextadsp8380\ADSP\fluence_pro_vr_module_fvxiii.so.1
SurfaceLaptop7\SurfaceUpdate\proextadsp8380\ADSP\hdr_module.so.1
SurfaceLaptop7\SurfaceUpdate\proextadsp8380\ADSP\lc3_dec_module.so.1
SurfaceLaptop7\SurfaceUpdate\proextadsp8380\ADSP\lc3_enc_module.so.1
SurfaceLaptop7\SurfaceUpdate\proextadsp8380\ADSP\ldac_enc_module.so.1
SurfaceLaptop7\SurfaceUpdate\proextadsp8380\ADSP\libaptXAdaptiveEnc.so
SurfaceLaptop7\SurfaceUpdate\proextadsp8380\ADSP\libaptXAdaptiveEnc3.so
SurfaceLaptop7\SurfaceUpdate\proextadsp8380\ADSP\libc++.so.1
SurfaceLaptop7\SurfaceUpdate\proextadsp8380\ADSP\libc++abi.so.1
SurfaceLaptop7\SurfaceUpdate\proextadsp8380\ADSP\liblc3qDec.so
SurfaceLaptop7\SurfaceUpdate\proextadsp8380\ADSP\libsns_device_mode_skel.so
SurfaceLaptop7\SurfaceUpdate\proextadsp8380\ADSP\libsns_dynamic_loader_skel.so
SurfaceLaptop7\SurfaceUpdate\proextadsp8380\ADSP\libsns_remote_proc_state_skel.so
SurfaceLaptop7\SurfaceUpdate\proextadsp8380\ADSP\libstabilitydomain_skel.so
SurfaceLaptop7\SurfaceUpdate\proextadsp8380\ADSP\libsysmondomain_skel.so
SurfaceLaptop7\SurfaceUpdate\proextadsp8380\ADSP\libsysmonquery_skel.so
SurfaceLaptop7\SurfaceUpdate\proextadsp8380\ADSP\libsysmon_skel.so
SurfaceLaptop7\SurfaceUpdate\proextadsp8380\ADSP\mm_fluence_sb_module_fvxiii.so.1
SurfaceLaptop7\SurfaceUpdate\proextadsp8380\ADSP\SAPlusCmnModule.so.1
SurfaceLaptop7\SurfaceUpdate\proextadsp8380\ADSP\sbc_dec_module.so.1
SurfaceLaptop7\SurfaceUpdate\proextadsp8380\ADSP\sbc_enc_module.so.1
SurfaceLaptop7\SurfaceUpdate\proextadsp8380\ADSP\sdd_module.so.1
SurfaceLaptop7\SurfaceUpdate\proextadsp8380\ADSP\smecns_v2_module_fvxiii.so.1
SurfaceLaptop7\SurfaceUpdate\proextadsp8380\ADSP\sm_fluence_sb_module_fvxiii.so.1
SurfaceLaptop7\SurfaceUpdate\proextadsp8380\ADSP\sns_tppe.so
SurfaceLaptop7\SurfaceUpdate\proextadsp8380\ADSP\vorbis_dec_module.so.1
SurfaceLaptop7\SurfaceUpdate\proextadsp8380\ADSP\wmapro_dec_module.so.1
SurfaceLaptop7\SurfaceUpdate\proextadsp8380\ADSP\wmastd_dec_module.so.1
SurfaceLaptop7\SurfaceUpdate\proextadsp8380\adspr.jsn
SurfaceLaptop7\SurfaceUpdate\proextadsp8380\adsps.jsn
SurfaceLaptop7\SurfaceUpdate\proextadsp8380\adspua.jsn
SurfaceLaptop7\SurfaceUpdate\proextadsp8380\adsp_dtbs.elf
SurfaceLaptop7\SurfaceUpdate\proextadsp8380\battmgr.jsn
SurfaceLaptop7\SurfaceUpdate\proextadsp8380\qcadsp8380.mbn
SurfaceLaptop7\SurfaceUpdate\proextadsp8380\RADS.bin
SurfaceLaptop7\SurfaceUpdate\proextadsp8380\surfacepro_ext_adsp8380.cat
SurfaceLaptop7\SurfaceUpdate\proextadsp8380\surfacepro_ext_adsp8380.inf
SurfaceLaptop7\SurfaceUpdate\qcabd
SurfaceLaptop7\SurfaceUpdate\qcabd\qcabd.cat
SurfaceLaptop7\SurfaceUpdate\qcabd\qcabd.inf
SurfaceLaptop7\SurfaceUpdate\qcabd\qcabd.sys
SurfaceLaptop7\SurfaceUpdate\qcadc8380
SurfaceLaptop7\SurfaceUpdate\qcadc8380\ADC1.bin
SurfaceLaptop7\SurfaceUpdate\qcadc8380\qcadc8380.cat
SurfaceLaptop7\SurfaceUpdate\qcadc8380\qcadc8380.inf
SurfaceLaptop7\SurfaceUpdate\qcadc8380\qcadc8380.sys
SurfaceLaptop7\SurfaceUpdate\qcadcm8380
SurfaceLaptop7\SurfaceUpdate\qcadcm8380\qcadcm8380.cat
SurfaceLaptop7\SurfaceUpdate\qcadcm8380\qcadcm8380.inf
SurfaceLaptop7\SurfaceUpdate\qcadcm8380\qcadcm8380.sys
SurfaceLaptop7\SurfaceUpdate\qcadsprpc8380
SurfaceLaptop7\SurfaceUpdate\qcadsprpc8380\libadsprpc.dll
SurfaceLaptop7\SurfaceUpdate\qcadsprpc8380\libcdsprpc.dll
SurfaceLaptop7\SurfaceUpdate\qcadsprpc8380\libsdsprpc.dll
SurfaceLaptop7\SurfaceUpdate\qcadsprpc8380\qcadsprpc8380.cat
SurfaceLaptop7\SurfaceUpdate\qcadsprpc8380\qcadsprpc8380.inf
SurfaceLaptop7\SurfaceUpdate\qcadsprpc8380\qcadsprpc8380.sys
SurfaceLaptop7\SurfaceUpdate\qcadsprpcd8380
SurfaceLaptop7\SurfaceUpdate\qcadsprpcd8380\qcadsprpcd8380.cat
SurfaceLaptop7\SurfaceUpdate\qcadsprpcd8380\qcadsprpcd8380.inf
SurfaceLaptop7\SurfaceUpdate\qcadsprpcd8380\qcadsprpcd8380.sys
SurfaceLaptop7\SurfaceUpdate\qcasd8380
SurfaceLaptop7\SurfaceUpdate\qcasd8380\qcasd8380.cat
SurfaceLaptop7\SurfaceUpdate\qcasd8380\qcasd8380.inf
SurfaceLaptop7\SurfaceUpdate\qcasd8380\qcasd8380.sys
SurfaceLaptop7\SurfaceUpdate\qcasdapo8380
SurfaceLaptop7\SurfaceUpdate\qcasdapo8380\AcxProxyAPO.dll
SurfaceLaptop7\SurfaceUpdate\qcasdapo8380\qcasd_apo8380.cat
SurfaceLaptop7\SurfaceUpdate\qcasdapo8380\qcasd_apo8380.inf
SurfaceLaptop7\SurfaceUpdate\qcaucd8380
SurfaceLaptop7\SurfaceUpdate\qcaucd8380\qcaucd8380.cat
SurfaceLaptop7\SurfaceUpdate\qcaucd8380\qcaucd8380.inf
SurfaceLaptop7\SurfaceUpdate\qcaucd8380\qcaucd8380.sys
SurfaceLaptop7\SurfaceUpdate\qcaudminiportapo8380
SurfaceLaptop7\SurfaceUpdate\qcaudminiportapo8380\ProxyAPO.dll
SurfaceLaptop7\SurfaceUpdate\qcaudminiportapo8380\qcaudminiport_apo8380.cat
SurfaceLaptop7\SurfaceUpdate\qcaudminiportapo8380\qcaudminiport_apo8380.inf
SurfaceLaptop7\SurfaceUpdate\qcaudminiportbase8380
SurfaceLaptop7\SurfaceUpdate\qcaudminiportbase8380\AudioResourceConstraints_8380.xml
SurfaceLaptop7\SurfaceUpdate\qcaudminiportbase8380\qcaudminiport8380.cat
SurfaceLaptop7\SurfaceUpdate\qcaudminiportbase8380\qcaudminiport8380.sys
SurfaceLaptop7\SurfaceUpdate\qcaudminiportbase8380\qcaudminiport_Base8380.inf
SurfaceLaptop7\SurfaceUpdate\qcbluetooth8380
SurfaceLaptop7\SurfaceUpdate\qcbluetooth8380\BSRC_BT.bin
SurfaceLaptop7\SurfaceUpdate\qcbluetooth8380\hmtbtfw20.tlv
SurfaceLaptop7\SurfaceUpdate\qcbluetooth8380\hmtbtfw20.ver
SurfaceLaptop7\SurfaceUpdate\qcbluetooth8380\hmtnv20.b105
SurfaceLaptop7\SurfaceUpdate\qcbluetooth8380\hmtnv20.b107
SurfaceLaptop7\SurfaceUpdate\qcbluetooth8380\hmtnv20.b108
SurfaceLaptop7\SurfaceUpdate\qcbluetooth8380\hmtnv20.b10f
SurfaceLaptop7\SurfaceUpdate\qcbluetooth8380\hmtnv20.b112
SurfaceLaptop7\SurfaceUpdate\qcbluetooth8380\hmtnv20.b3b
SurfaceLaptop7\SurfaceUpdate\qcbluetooth8380\hmtnv20.bin
SurfaceLaptop7\SurfaceUpdate\qcbluetooth8380\hpbtfw21.tlv
SurfaceLaptop7\SurfaceUpdate\qcbluetooth8380\hpbtfw21.ver
SurfaceLaptop7\SurfaceUpdate\qcbluetooth8380\hpnv21.b10c
SurfaceLaptop7\SurfaceUpdate\qcbluetooth8380\hpnv21.b111
SurfaceLaptop7\SurfaceUpdate\qcbluetooth8380\hpnv21g.b10c
SurfaceLaptop7\SurfaceUpdate\qcbluetooth8380\hpnv21g.b111
SurfaceLaptop7\SurfaceUpdate\qcbluetooth8380\qcbluetooth8380.cat
SurfaceLaptop7\SurfaceUpdate\qcbluetooth8380\qcbluetooth8380.inf
SurfaceLaptop7\SurfaceUpdate\qcbluetooth8380\qcbluetooth8380.sys
SurfaceLaptop7\SurfaceUpdate\qcbtacxtransportdriver8380
SurfaceLaptop7\SurfaceUpdate\qcbtacxtransportdriver8380\qcbtacx_transportdriver8380.cat
SurfaceLaptop7\SurfaceUpdate\qcbtacxtransportdriver8380\qcbtacx_transportdriver8380.inf
SurfaceLaptop7\SurfaceUpdate\qcbtacxtransportdriver8380\qcbtacx_transportdriver8380.sys
SurfaceLaptop7\SurfaceUpdate\qcbtaddvscregistry8380
SurfaceLaptop7\SurfaceUpdate\qcbtaddvscregistry8380\qcbtaddvscregistry8380.cat
SurfaceLaptop7\SurfaceUpdate\qcbtaddvscregistry8380\qcbtaddvscregistry8380.inf
SurfaceLaptop7\SurfaceUpdate\qccamflash8380
SurfaceLaptop7\SurfaceUpdate\qccamflash8380\qccamflash8380.cat
SurfaceLaptop7\SurfaceUpdate\qccamflash8380\qccamflash8380.inf
SurfaceLaptop7\SurfaceUpdate\qccamflash8380\qccamflash8380.sys
SurfaceLaptop7\SurfaceUpdate\qccamflashext8380
SurfaceLaptop7\SurfaceUpdate\qccamflashext8380\qccamflash_ext8380.cat
SurfaceLaptop7\SurfaceUpdate\qccamflashext8380\qccamflash_ext8380.inf
SurfaceLaptop7\SurfaceUpdate\qccamisp8380
SurfaceLaptop7\SurfaceUpdate\qccamisp8380\CAMERA_ICP.mbn
SurfaceLaptop7\SurfaceUpdate\qccamisp8380\CAMERA_ICP_AAAAAA.elf
SurfaceLaptop7\SurfaceUpdate\qccamisp8380\qccamisp8380.cat
SurfaceLaptop7\SurfaceUpdate\qccamisp8380\qccamisp8380.inf
SurfaceLaptop7\SurfaceUpdate\qccamisp8380\qccamisp8380.sys
SurfaceLaptop7\SurfaceUpdate\qccamispext8380
SurfaceLaptop7\SurfaceUpdate\qccamispext8380\C2MD.bin
SurfaceLaptop7\SurfaceUpdate\qccamispext8380\C2PD.bin
SurfaceLaptop7\SurfaceUpdate\qccamispext8380\CIPA.bin
SurfaceLaptop7\SurfaceUpdate\qccamispext8380\CIPF.bin
SurfaceLaptop7\SurfaceUpdate\qccamispext8380\IRP1.bin
SurfaceLaptop7\SurfaceUpdate\qccamispext8380\IRP2.bin
SurfaceLaptop7\SurfaceUpdate\qccamispext8380\IRP3.bin
SurfaceLaptop7\SurfaceUpdate\qccamispext8380\IRS1.bin
SurfaceLaptop7\SurfaceUpdate\qccamispext8380\IRS2.bin
SurfaceLaptop7\SurfaceUpdate\qccamispext8380\IRS3.bin
SurfaceLaptop7\SurfaceUpdate\qccamispext8380\qccamisp_ext8380.cat
SurfaceLaptop7\SurfaceUpdate\qccamispext8380\qccamisp_ext8380.inf
SurfaceLaptop7\SurfaceUpdate\qccamjpege8380
SurfaceLaptop7\SurfaceUpdate\qccamjpege8380\C0MD.bin
SurfaceLaptop7\SurfaceUpdate\qccamjpege8380\C0PF.bin
SurfaceLaptop7\SurfaceUpdate\qccamjpege8380\qccamjpege8380.cat
SurfaceLaptop7\SurfaceUpdate\qccamjpege8380\qccamjpege8380.inf
SurfaceLaptop7\SurfaceUpdate\qccamjpege8380\qccamjpege8380.sys
SurfaceLaptop7\SurfaceUpdate\qccamjpege8380\QcWICEncoder8380.dll
SurfaceLaptop7\SurfaceUpdate\qccammipicsi8380
SurfaceLaptop7\SurfaceUpdate\qccammipicsi8380\qccammipicsi8380.cat
SurfaceLaptop7\SurfaceUpdate\qccammipicsi8380\qccammipicsi8380.inf
SurfaceLaptop7\SurfaceUpdate\qccammipicsi8380\qccammipicsi8380.sys
SurfaceLaptop7\SurfaceUpdate\qccammipicsiext8380
SurfaceLaptop7\SurfaceUpdate\qccammipicsiext8380\C1MD.bin
SurfaceLaptop7\SurfaceUpdate\qccammipicsiext8380\C1PD.bin
SurfaceLaptop7\SurfaceUpdate\qccammipicsiext8380\C1PF.bin
SurfaceLaptop7\SurfaceUpdate\qccammipicsiext8380\C1PG.bin
SurfaceLaptop7\SurfaceUpdate\qccammipicsiext8380\qccammipicsi_ext8380.cat
SurfaceLaptop7\SurfaceUpdate\qccammipicsiext8380\qccammipicsi_ext8380.inf
SurfaceLaptop7\SurfaceUpdate\qccamplatform8380
SurfaceLaptop7\SurfaceUpdate\qccamplatform8380\com.qti.tuned.default.bin
SurfaceLaptop7\SurfaceUpdate\qccamplatform8380\qccamplatform8380.cat
SurfaceLaptop7\SurfaceUpdate\qccamplatform8380\qccamplatform8380.inf
SurfaceLaptop7\SurfaceUpdate\qccamplatform8380\qccamplatform8380.sys
SurfaceLaptop7\SurfaceUpdate\qccamsecureisp8380
SurfaceLaptop7\SurfaceUpdate\qccamsecureisp8380\bm3a68v08s11n52.bin
SurfaceLaptop7\SurfaceUpdate\qccamsecureisp8380\libbitml_nsp_v2_skel.so
SurfaceLaptop7\SurfaceUpdate\qccamsecureisp8380\qccamsecureisp8380.cat
SurfaceLaptop7\SurfaceUpdate\qccamsecureisp8380\qccamsecureisp8380.inf
SurfaceLaptop7\SurfaceUpdate\qccamsecureisp8380\qccamsecureisp8380.sys
SurfaceLaptop7\SurfaceUpdate\qccamsecureisp8380\QcISPTrustlet8380.dll
SurfaceLaptop7\SurfaceUpdate\qccamsecureispext8380
SurfaceLaptop7\SurfaceUpdate\qccamsecureispext8380\C0SP.bin
SurfaceLaptop7\SurfaceUpdate\qccamsecureispext8380\C1SP.bin
SurfaceLaptop7\SurfaceUpdate\qccamsecureispext8380\qccamsecureisp_ext8380.cat
SurfaceLaptop7\SurfaceUpdate\qccamsecureispext8380\qccamsecureisp_ext8380.inf
SurfaceLaptop7\SurfaceUpdate\qccdi8380
SurfaceLaptop7\SurfaceUpdate\qccdi8380\qccdi8380.cat
SurfaceLaptop7\SurfaceUpdate\qccdi8380\qccdi8380.inf
SurfaceLaptop7\SurfaceUpdate\qccdi8380\qccdi8380.sys
SurfaceLaptop7\SurfaceUpdate\qcconnectionsecurity
SurfaceLaptop7\SurfaceUpdate\qcconnectionsecurity\qcconnectionsecurity8380.cat
SurfaceLaptop7\SurfaceUpdate\qcconnectionsecurity\qcconnectionsecurity8380.dll
SurfaceLaptop7\SurfaceUpdate\qcconnectionsecurity\qcconnectionsecurity8380.inf
SurfaceLaptop7\SurfaceUpdate\qcdcf
SurfaceLaptop7\SurfaceUpdate\qcdcf\qcDCF.cat
SurfaceLaptop7\SurfaceUpdate\qcdcf\qcDCF.dll
SurfaceLaptop7\SurfaceUpdate\qcdcf\qcDCF.inf
SurfaceLaptop7\SurfaceUpdate\qcdpps
SurfaceLaptop7\SurfaceUpdate\qcdpps\ARM64
SurfaceLaptop7\SurfaceUpdate\qcdpps\ARM64\qcdpps.exe
SurfaceLaptop7\SurfaceUpdate\qcdpps\qcdpps8380.cat
SurfaceLaptop7\SurfaceUpdate\qcdpps\qcdpps8380.inf
SurfaceLaptop7\SurfaceUpdate\qcdx8380
SurfaceLaptop7\SurfaceUpdate\qcdx8380\adreno_utils.dll
SurfaceLaptop7\SurfaceUpdate\qcdx8380\CB.dll
SurfaceLaptop7\SurfaceUpdate\qcdx8380\libgsluser.dll
SurfaceLaptop7\SurfaceUpdate\qcdx8380\libqcdx12arm64wslum.so
SurfaceLaptop7\SurfaceUpdate\qcdx8380\OpenCL.dll
SurfaceLaptop7\SurfaceUpdate\qcdx8380\OpenCL_adreno.dll
SurfaceLaptop7\SurfaceUpdate\qcdx8380\qcav1e8380.mbn
SurfaceLaptop7\SurfaceUpdate\qcdx8380\qcclarm64xcompiler.dll
SurfaceLaptop7\SurfaceUpdate\qcdx8380\qcdx11arm64xum.dll
SurfaceLaptop7\SurfaceUpdate\qcdx8380\qcdx11chpeum.dll
SurfaceLaptop7\SurfaceUpdate\qcdx8380\qcdx11x86um.dll
SurfaceLaptop7\SurfaceUpdate\qcdx8380\qcdx12arm64xum.dll
SurfaceLaptop7\SurfaceUpdate\qcdx8380\qcdx12chpeum.dll
SurfaceLaptop7\SurfaceUpdate\qcdx8380\qcdx12x86um.dll
SurfaceLaptop7\SurfaceUpdate\qcdx8380\qcdx8380.cat
SurfaceLaptop7\SurfaceUpdate\qcdx8380\qcdx8380.inf
SurfaceLaptop7\SurfaceUpdate\qcdx8380\qcdxdmlarm64x.dll
SurfaceLaptop7\SurfaceUpdate\qcdx8380\qcdxdmlchpe.dll
SurfaceLaptop7\SurfaceUpdate\qcdx8380\qcdxdmlx86.dll
SurfaceLaptop7\SurfaceUpdate\qcdx8380\qcdxkm8380.sys
SurfaceLaptop7\SurfaceUpdate\qcdx8380\qcdxkmbase8380.bin
SurfaceLaptop7\SurfaceUpdate\qcdx8380\qcdxkmbase8380_100.bin
SurfaceLaptop7\SurfaceUpdate\qcdx8380\qcdxkmbase8380_110.bin
SurfaceLaptop7\SurfaceUpdate\qcdx8380\qcdxkmbase8380_150.bin
SurfaceLaptop7\SurfaceUpdate\qcdx8380\qcdxkmbase8380_68.bin
SurfaceLaptop7\SurfaceUpdate\qcdx8380\qcdxkmbase8380_pa.bin
SurfaceLaptop7\SurfaceUpdate\qcdx8380\qcdxkmbase8380_pa_111.bin
SurfaceLaptop7\SurfaceUpdate\qcdx8380\qcdxkmbase8380_pa_67.bin
SurfaceLaptop7\SurfaceUpdate\qcdx8380\qcdxkmsuc8380.mbn
SurfaceLaptop7\SurfaceUpdate\qcdx8380\qcdxkmsucpurwa.mbn
SurfaceLaptop7\SurfaceUpdate\qcdx8380\qcdxsdarm64x.dll
SurfaceLaptop7\SurfaceUpdate\qcdx8380\qcdxsdchpe.dll
SurfaceLaptop7\SurfaceUpdate\qcdx8380\qcdxsdx86.dll
SurfaceLaptop7\SurfaceUpdate\qcdx8380\qcegparm64x.dll
SurfaceLaptop7\SurfaceUpdate\qcdx8380\qcegpchpe.dll
SurfaceLaptop7\SurfaceUpdate\qcdx8380\qcegpx86.dll
SurfaceLaptop7\SurfaceUpdate\qcdx8380\qcgpuarm64compilercore.so
SurfaceLaptop7\SurfaceUpdate\qcdx8380\qcgpuarm64xcompilercore.DLL
SurfaceLaptop7\SurfaceUpdate\qcdx8380\qcgpuchpecompilercore.dll
SurfaceLaptop7\SurfaceUpdate\qcdx8380\qcgpux86compilercore.DLL
SurfaceLaptop7\SurfaceUpdate\qcdx8380\qchdcpumd8380.dll
SurfaceLaptop7\SurfaceUpdate\qcdx8380\qcvidencarm64xmftAV18380.dll
SurfaceLaptop7\SurfaceUpdate\qcdx8380\qcvidencarm64xmfth2648380.dll
SurfaceLaptop7\SurfaceUpdate\qcdx8380\qcvidencarm64xmfthevc8380.dll
SurfaceLaptop7\SurfaceUpdate\qcdx8380\qcvidencarm64xum.DLL
SurfaceLaptop7\SurfaceUpdate\qcdx8380\qcvidencx86mftAV18380.dll
SurfaceLaptop7\SurfaceUpdate\qcdx8380\qcvidencx86mfth2648380.dll
SurfaceLaptop7\SurfaceUpdate\qcdx8380\qcvidencx86mfthevc8380.dll
SurfaceLaptop7\SurfaceUpdate\qcdx8380\qcvidencx86um.DLL
SurfaceLaptop7\SurfaceUpdate\qcdx8380\qcvkarm64xcompiler.dll
SurfaceLaptop7\SurfaceUpdate\qcdx8380\qcvkarm64xum.dll
SurfaceLaptop7\SurfaceUpdate\qcdx8380\qcvk_icd_arm64x.json
SurfaceLaptop7\SurfaceUpdate\qcdx8380\qcvss8380.mbn
SurfaceLaptop7\SurfaceUpdate\qcdx8380\qcvss8380_pa.mbn
SurfaceLaptop7\SurfaceUpdate\qceva8380
SurfaceLaptop7\SurfaceUpdate\qceva8380\evass.mbn
SurfaceLaptop7\SurfaceUpdate\qceva8380\qceva8380.cat
SurfaceLaptop7\SurfaceUpdate\qceva8380\qceva8380.inf
SurfaceLaptop7\SurfaceUpdate\qceva8380\qceva8380.sys
SurfaceLaptop7\SurfaceUpdate\qcevaext8380
SurfaceLaptop7\SurfaceUpdate\qcevaext8380\EVMD.bin
SurfaceLaptop7\SurfaceUpdate\qcevaext8380\EVPF.bin
SurfaceLaptop7\SurfaceUpdate\qcevaext8380\qceva_ext8380.cat
SurfaceLaptop7\SurfaceUpdate\qcevaext8380\qceva_ext8380.inf
SurfaceLaptop7\SurfaceUpdate\qcfgbcl8380
SurfaceLaptop7\SurfaceUpdate\qcfgbcl8380\qcfgbcl8380.cat
SurfaceLaptop7\SurfaceUpdate\qcfgbcl8380\qcfgbcl8380.inf
SurfaceLaptop7\SurfaceUpdate\qcfgbcl8380\Qcfgbcl8380.sys
SurfaceLaptop7\SurfaceUpdate\qcfgbclext8380
SurfaceLaptop7\SurfaceUpdate\qcfgbclext8380\qcfgbclext8380.cat
SurfaceLaptop7\SurfaceUpdate\qcfgbclext8380\qcfgbclext8380.inf
SurfaceLaptop7\SurfaceUpdate\qcglink8380
SurfaceLaptop7\SurfaceUpdate\qcglink8380\qcglink8380.cat
SurfaceLaptop7\SurfaceUpdate\qcglink8380\qcglink8380.inf
SurfaceLaptop7\SurfaceUpdate\qcglink8380\qcglink8380.sys
SurfaceLaptop7\SurfaceUpdate\qcgpi8380
SurfaceLaptop7\SurfaceUpdate\qcgpi8380\qcgpi8380.cat
SurfaceLaptop7\SurfaceUpdate\qcgpi8380\qcgpi8380.inf
SurfaceLaptop7\SurfaceUpdate\qcgpi8380\qcgpi8380.sys
SurfaceLaptop7\SurfaceUpdate\qcgpio8380
SurfaceLaptop7\SurfaceUpdate\qcgpio8380\qcgpio.cat
SurfaceLaptop7\SurfaceUpdate\qcgpio8380\qcgpio.sys
SurfaceLaptop7\SurfaceUpdate\qcgpio8380\qcgpio8380.inf
SurfaceLaptop7\SurfaceUpdate\qci2c8380
SurfaceLaptop7\SurfaceUpdate\qci2c8380\qci2c8380.cat
SurfaceLaptop7\SurfaceUpdate\qci2c8380\qci2c8380.inf
SurfaceLaptop7\SurfaceUpdate\qci2c8380\qci2c8380.sys
SurfaceLaptop7\SurfaceUpdate\qciommu
SurfaceLaptop7\SurfaceUpdate\qciommu\qciommu.cat
SurfaceLaptop7\SurfaceUpdate\qciommu\qciommu.inf
SurfaceLaptop7\SurfaceUpdate\qciommu\qciommu.sys
SurfaceLaptop7\SurfaceUpdate\qciommuext8380
SurfaceLaptop7\SurfaceUpdate\qciommuext8380\qciommuext8380.cat
SurfaceLaptop7\SurfaceUpdate\qciommuext8380\qciommuext8380.inf
SurfaceLaptop7\SurfaceUpdate\qcipcc8380
SurfaceLaptop7\SurfaceUpdate\qcipcc8380\qcipcc8380.cat
SurfaceLaptop7\SurfaceUpdate\qcipcc8380\qcipcc8380.inf
SurfaceLaptop7\SurfaceUpdate\qcipcc8380\qcipcc8380.sys
SurfaceLaptop7\SurfaceUpdate\qcipcrouter8380
SurfaceLaptop7\SurfaceUpdate\qcipcrouter8380\qcipcrouter8380.cat
SurfaceLaptop7\SurfaceUpdate\qcipcrouter8380\qcipcrouter8380.inf
SurfaceLaptop7\SurfaceUpdate\qcipcrouter8380\qcipcrouter8380.sys
SurfaceLaptop7\SurfaceUpdate\qcipcrouter8380\qsocketipcrum.dll
SurfaceLaptop7\SurfaceUpdate\qckmbam8380
SurfaceLaptop7\SurfaceUpdate\qckmbam8380\qckmBam8380.cat
SurfaceLaptop7\SurfaceUpdate\qckmbam8380\qckmbam8380.inf
SurfaceLaptop7\SurfaceUpdate\qckmbam8380\qckmbam8380.sys
SurfaceLaptop7\SurfaceUpdate\qcnspmcdm8380
SurfaceLaptop7\SurfaceUpdate\qcnspmcdm8380\CDSP
SurfaceLaptop7\SurfaceUpdate\qcnspmcdm8380\CDSP\example_image.so
SurfaceLaptop7\SurfaceUpdate\qcnspmcdm8380\CDSP\fastrpc_shell_3
SurfaceLaptop7\SurfaceUpdate\qcnspmcdm8380\CDSP\fastrpc_shell_unsigned_3
SurfaceLaptop7\SurfaceUpdate\qcnspmcdm8380\CDSP\libbenchmark_skel.so
SurfaceLaptop7\SurfaceUpdate\qcnspmcdm8380\CDSP\libc++.so.1
SurfaceLaptop7\SurfaceUpdate\qcnspmcdm8380\CDSP\libc++abi.so.1
SurfaceLaptop7\SurfaceUpdate\qcnspmcdm8380\CDSP\libcrm_test_skel.so
SurfaceLaptop7\SurfaceUpdate\qcnspmcdm8380\CDSP\libloadalgo_skel.so
SurfaceLaptop7\SurfaceUpdate\qcnspmcdm8380\CDSP\libQ6MSFR_manager_skel.so
SurfaceLaptop7\SurfaceUpdate\qcnspmcdm8380\CDSP\libQ6MSFR_manager_skel_intermediate.so
SurfaceLaptop7\SurfaceUpdate\qcnspmcdm8380\CDSP\libstabilitydomain_skel.so
SurfaceLaptop7\SurfaceUpdate\qcnspmcdm8380\CDSP\libsysmondomain_skel.so
SurfaceLaptop7\SurfaceUpdate\qcnspmcdm8380\CDSP\libsysmonhvxthrottle_skel.so
SurfaceLaptop7\SurfaceUpdate\qcnspmcdm8380\CDSP\libsysmonquery_skel.so
SurfaceLaptop7\SurfaceUpdate\qcnspmcdm8380\CDSP\libsysmon_skel.so
SurfaceLaptop7\SurfaceUpdate\qcnspmcdm8380\CDSP\map_SHARED_LIBS_hamoa.cdsp.prodQ.txt
SurfaceLaptop7\SurfaceUpdate\qcnspmcdm8380\CDSP\version.so
SurfaceLaptop7\SurfaceUpdate\qcnspmcdm8380\HTP
SurfaceLaptop7\SurfaceUpdate\qcnspmcdm8380\HTP\HtpUsrDrv.dll
SurfaceLaptop7\SurfaceUpdate\qcnspmcdm8380\HTP\libQnnHtpV73SkelDrv.so
SurfaceLaptop7\SurfaceUpdate\qcnspmcdm8380\HTP\QnnHtpPrepareDrv.dll
SurfaceLaptop7\SurfaceUpdate\qcnspmcdm8380\HTP\QnnHtpV73StubDrv.dll
SurfaceLaptop7\SurfaceUpdate\qcnspmcdm8380\libcdsprpc.dll
SurfaceLaptop7\SurfaceUpdate\qcnspmcdm8380\libnspmcdm.dll
SurfaceLaptop7\SurfaceUpdate\qcnspmcdm8380\qcnspdx12arm64xum.dll
SurfaceLaptop7\SurfaceUpdate\qcnspmcdm8380\qcnspmcdm8380.cat
SurfaceLaptop7\SurfaceUpdate\qcnspmcdm8380\qcnspmcdm8380.inf
SurfaceLaptop7\SurfaceUpdate\qcnspmcdm8380\qcnspmcdm8380.sys
SurfaceLaptop7\SurfaceUpdate\qcnspmcdm8380\QnnHtp.dll
SurfaceLaptop7\SurfaceUpdate\qcnspmcdm8380\QnnSystem.dll
SurfaceLaptop7\SurfaceUpdate\qcpdsr
SurfaceLaptop7\SurfaceUpdate\qcpdsr\qcpdsr.cat
SurfaceLaptop7\SurfaceUpdate\qcpdsr\qcpdsr.inf
SurfaceLaptop7\SurfaceUpdate\qcpdsr\qcpdsr.sys
SurfaceLaptop7\SurfaceUpdate\qcpepwd8380
SurfaceLaptop7\SurfaceUpdate\qcpepwd8380\PPMSettings-8380Profiles.wd.ppkg
SurfaceLaptop7\SurfaceUpdate\qcpepwd8380\qcpep.wd8380.inf
SurfaceLaptop7\SurfaceUpdate\qcpepwd8380\qcpep8380.cat
SurfaceLaptop7\SurfaceUpdate\qcpepwd8380\qcpep8380.sys
SurfaceLaptop7\SurfaceUpdate\qcpil
SurfaceLaptop7\SurfaceUpdate\qcpil\qcpil.cat
SurfaceLaptop7\SurfaceUpdate\qcpil\qcpil.inf
SurfaceLaptop7\SurfaceUpdate\qcpil\qcpil.sys
SurfaceLaptop7\SurfaceUpdate\qcpilext8380
SurfaceLaptop7\SurfaceUpdate\qcpilext8380\qcpilext8380.cat
SurfaceLaptop7\SurfaceUpdate\qcpilext8380\qcpilEXT8380.inf
SurfaceLaptop7\SurfaceUpdate\qcpilfilterext
SurfaceLaptop7\SurfaceUpdate\qcpilfilterext\QCPILFilter.sys
SurfaceLaptop7\SurfaceUpdate\qcpilfilterext\qcpilfilterext.cat
SurfaceLaptop7\SurfaceUpdate\qcpilfilterext\qcpilfilterext.inf
SurfaceLaptop7\SurfaceUpdate\qcpmic8380
SurfaceLaptop7\SurfaceUpdate\qcpmic8380\qcpmic8380.cat
SurfaceLaptop7\SurfaceUpdate\qcpmic8380\qcpmic8380.inf
SurfaceLaptop7\SurfaceUpdate\qcpmic8380\qcpmic8380.sys
SurfaceLaptop7\SurfaceUpdate\qcpmicapps8380
SurfaceLaptop7\SurfaceUpdate\qcpmicapps8380\qcpmicapps8380.cat
SurfaceLaptop7\SurfaceUpdate\qcpmicapps8380\QcPmicApps8380.inf
SurfaceLaptop7\SurfaceUpdate\qcpmicapps8380\QcPmicApps8380.sys
SurfaceLaptop7\SurfaceUpdate\qcpmicext8380
SurfaceLaptop7\SurfaceUpdate\qcpmicext8380\qcpmicext8380.cat
SurfaceLaptop7\SurfaceUpdate\qcpmicext8380\qcpmicext8380.inf
SurfaceLaptop7\SurfaceUpdate\qcpmicglink8380
SurfaceLaptop7\SurfaceUpdate\qcpmicglink8380\qcpmicglink8380.cat
SurfaceLaptop7\SurfaceUpdate\qcpmicglink8380\QcPmicGlink8380.inf
SurfaceLaptop7\SurfaceUpdate\qcpmicglink8380\qcpmicglink8380.sys
SurfaceLaptop7\SurfaceUpdate\qcpmicgpio8380
SurfaceLaptop7\SurfaceUpdate\qcpmicgpio8380\qcpmicgpio8380.cat
SurfaceLaptop7\SurfaceUpdate\qcpmicgpio8380\qcpmicgpio8380.inf
SurfaceLaptop7\SurfaceUpdate\qcpmicgpio8380\qcpmicgpio8380.sys
SurfaceLaptop7\SurfaceUpdate\qcppx8380
SurfaceLaptop7\SurfaceUpdate\qcppx8380\qcppx8380.cat
SurfaceLaptop7\SurfaceUpdate\qcppx8380\qcppx8380.inf
SurfaceLaptop7\SurfaceUpdate\qcppx8380\qcppx8380.sys
SurfaceLaptop7\SurfaceUpdate\qcrpen
SurfaceLaptop7\SurfaceUpdate\qcrpen\qcrpen.cat
SurfaceLaptop7\SurfaceUpdate\qcrpen\qcrpen.inf
SurfaceLaptop7\SurfaceUpdate\qcrpen\qcrpen.sys
SurfaceLaptop7\SurfaceUpdate\qcscm
SurfaceLaptop7\SurfaceUpdate\qcscm\qcscm.cat
SurfaceLaptop7\SurfaceUpdate\qcscm\qcscm.inf
SurfaceLaptop7\SurfaceUpdate\qcscm\qcscm.sys
SurfaceLaptop7\SurfaceUpdate\qcscm\SCMF.bin
SurfaceLaptop7\SurfaceUpdate\qcsecapp
SurfaceLaptop7\SurfaceUpdate\qcsecapp\qcsecapp.cat
SurfaceLaptop7\SurfaceUpdate\qcsecapp\qcsecapp.inf
SurfaceLaptop7\SurfaceUpdate\qcsecapp\qcsecapp.sys
SurfaceLaptop7\SurfaceUpdate\qcsensors
SurfaceLaptop7\SurfaceUpdate\qcsensors\qcSensors.cat
SurfaceLaptop7\SurfaceUpdate\qcsensors\qcSensors.dll
SurfaceLaptop7\SurfaceUpdate\qcsensors\qcSensors.inf
SurfaceLaptop7\SurfaceUpdate\qcskext8380
SurfaceLaptop7\SurfaceUpdate\qcskext8380\QcSkExt8380.cat
SurfaceLaptop7\SurfaceUpdate\qcskext8380\QcSkExt8380.exe
SurfaceLaptop7\SurfaceUpdate\qcskext8380\QcSkExt8380.inf
SurfaceLaptop7\SurfaceUpdate\qcslimbus8380
SurfaceLaptop7\SurfaceUpdate\qcslimbus8380\qcslimbus8380.cat
SurfaceLaptop7\SurfaceUpdate\qcslimbus8380\qcslimbus8380.inf
SurfaceLaptop7\SurfaceUpdate\qcslimbus8380\qcslimbus8380.sys
SurfaceLaptop7\SurfaceUpdate\qcslimbus8380\SLM1.bin
SurfaceLaptop7\SurfaceUpdate\qcsmmu8380
SurfaceLaptop7\SurfaceUpdate\qcsmmu8380\qcsmmu8380.cat
SurfaceLaptop7\SurfaceUpdate\qcsmmu8380\qcsmmu8380.inf
SurfaceLaptop7\SurfaceUpdate\qcsmmu8380\qcsmmu8380.sys
SurfaceLaptop7\SurfaceUpdate\qcsmmu8380\SMMC.bin
SurfaceLaptop7\SurfaceUpdate\qcsocpartition
SurfaceLaptop7\SurfaceUpdate\qcsocpartition\QcSOCPartition.cat
SurfaceLaptop7\SurfaceUpdate\qcsocpartition\QcSOCPartition.inf
SurfaceLaptop7\SurfaceUpdate\qcsocpartition\QcSOCPartition.sys
SurfaceLaptop7\SurfaceUpdate\qcsocservicekmdf
SurfaceLaptop7\SurfaceUpdate\qcsocservicekmdf\QcSocServiceKMDF8380.cat
SurfaceLaptop7\SurfaceUpdate\qcsocservicekmdf\QcSocServiceKMDF8380.inf
SurfaceLaptop7\SurfaceUpdate\qcsocservicekmdf\QcSocServiceKMDF8380.sys
SurfaceLaptop7\SurfaceUpdate\qcsocservicekmdf\QcSoCServiceUtils.dll
SurfaceLaptop7\SurfaceUpdate\qcsp8380
SurfaceLaptop7\SurfaceUpdate\qcsp8380\asym1p.sig
SurfaceLaptop7\SurfaceUpdate\qcsp8380\asym1t.sig
SurfaceLaptop7\SurfaceUpdate\qcsp8380\crypt1p.sig
SurfaceLaptop7\SurfaceUpdate\qcsp8380\crypt1t.sig
SurfaceLaptop7\SurfaceUpdate\qcsp8380\macch1p.sig
SurfaceLaptop7\SurfaceUpdate\qcsp8380\macch1t.sig
SurfaceLaptop7\SurfaceUpdate\qcsp8380\qcsp.cat
SurfaceLaptop7\SurfaceUpdate\qcsp8380\qcsp.sys
SurfaceLaptop7\SurfaceUpdate\qcsp8380\qcsp8380.inf
SurfaceLaptop7\SurfaceUpdate\qcspi8380
SurfaceLaptop7\SurfaceUpdate\qcspi8380\BSRC_QSPI.bin
SurfaceLaptop7\SurfaceUpdate\qcspi8380\BSRC_SPI.bin
SurfaceLaptop7\SurfaceUpdate\qcspi8380\qcspi8380.cat
SurfaceLaptop7\SurfaceUpdate\qcspi8380\qcspi8380.inf
SurfaceLaptop7\SurfaceUpdate\qcspi8380\qcspi8380.sys
SurfaceLaptop7\SurfaceUpdate\qcspmi8380
SurfaceLaptop7\SurfaceUpdate\qcspmi8380\qcspmi8380.cat
SurfaceLaptop7\SurfaceUpdate\qcspmi8380\qcspmi8380.inf
SurfaceLaptop7\SurfaceUpdate\qcspmi8380\qcspmi8380.sys
SurfaceLaptop7\SurfaceUpdate\qcssgservicesumd
SurfaceLaptop7\SurfaceUpdate\qcssgservicesumd\qcSSGServicesUMD.cat
SurfaceLaptop7\SurfaceUpdate\qcssgservicesumd\qcSSGServicesUMD.dll
SurfaceLaptop7\SurfaceUpdate\qcssgservicesumd\qcSSGServicesUMD.inf
SurfaceLaptop7\SurfaceUpdate\qcsubsys8380
SurfaceLaptop7\SurfaceUpdate\qcsubsys8380\qcsubsys8380.cat
SurfaceLaptop7\SurfaceUpdate\qcsubsys8380\qcsubsys8380.inf
SurfaceLaptop7\SurfaceUpdate\qcsubsys8380\qcsubsys8380.sys
SurfaceLaptop7\SurfaceUpdate\qcsubsysextcdsp8380
SurfaceLaptop7\SurfaceUpdate\qcsubsysextcdsp8380\CDSP
SurfaceLaptop7\SurfaceUpdate\qcsubsysextcdsp8380\CDSP\example_image.so
SurfaceLaptop7\SurfaceUpdate\qcsubsysextcdsp8380\CDSP\fastrpc_shell_3
SurfaceLaptop7\SurfaceUpdate\qcsubsysextcdsp8380\CDSP\fastrpc_shell_unsigned_3
SurfaceLaptop7\SurfaceUpdate\qcsubsysextcdsp8380\CDSP\libbenchmark_skel.so
SurfaceLaptop7\SurfaceUpdate\qcsubsysextcdsp8380\CDSP\libc++.so.1
SurfaceLaptop7\SurfaceUpdate\qcsubsysextcdsp8380\CDSP\libc++abi.so.1
SurfaceLaptop7\SurfaceUpdate\qcsubsysextcdsp8380\CDSP\libcrm_test_skel.so
SurfaceLaptop7\SurfaceUpdate\qcsubsysextcdsp8380\CDSP\libloadalgo_skel.so
SurfaceLaptop7\SurfaceUpdate\qcsubsysextcdsp8380\CDSP\libQ6MSFR_manager_skel.so
SurfaceLaptop7\SurfaceUpdate\qcsubsysextcdsp8380\CDSP\libQ6MSFR_manager_skel_intermedi.1
SurfaceLaptop7\SurfaceUpdate\qcsubsysextcdsp8380\CDSP\libstabilitydomain_skel.so
SurfaceLaptop7\SurfaceUpdate\qcsubsysextcdsp8380\CDSP\libsysmondomain_skel.so
SurfaceLaptop7\SurfaceUpdate\qcsubsysextcdsp8380\CDSP\libsysmonhvxthrottle_skel.so
SurfaceLaptop7\SurfaceUpdate\qcsubsysextcdsp8380\CDSP\libsysmonquery_skel.so
SurfaceLaptop7\SurfaceUpdate\qcsubsysextcdsp8380\CDSP\libsysmon_skel.so
SurfaceLaptop7\SurfaceUpdate\qcsubsysextcdsp8380\CDSP\version.so
SurfaceLaptop7\SurfaceUpdate\qcsubsysextcdsp8380\cdspr.jsn
SurfaceLaptop7\SurfaceUpdate\qcsubsysextcdsp8380\cdsp_dtbs.elf
SurfaceLaptop7\SurfaceUpdate\qcsubsysextcdsp8380\qccdsp8380.mbn
SurfaceLaptop7\SurfaceUpdate\qcsubsysextcdsp8380\qcsubsys_ext_cdsp8380.cat
SurfaceLaptop7\SurfaceUpdate\qcsubsysextcdsp8380\qcsubsys_ext_cdsp8380.inf
SurfaceLaptop7\SurfaceUpdate\qcsubsysextcdsp8380\RCDS.bin
SurfaceLaptop7\SurfaceUpdate\qcsubsysextspss8380
SurfaceLaptop7\SurfaceUpdate\qcsubsysextspss8380\qcsubsys_ext_spss8380.cat
SurfaceLaptop7\SurfaceUpdate\qcsubsysextspss8380\qcsubsys_ext_spss8380.inf
SurfaceLaptop7\SurfaceUpdate\qcsubsysextspss8380\RSPU.bin
SurfaceLaptop7\SurfaceUpdate\qcsubsysthermalmgr
SurfaceLaptop7\SurfaceUpdate\qcsubsysthermalmgr\qcSubsysThermalMgr.cat
SurfaceLaptop7\SurfaceUpdate\qcsubsysthermalmgr\qcSubsysThermalMgr.inf
SurfaceLaptop7\SurfaceUpdate\qcsubsysthermalmgr\qcSubsysThermalMgr.sys
SurfaceLaptop7\SurfaceUpdate\qcsyscache8380
SurfaceLaptop7\SurfaceUpdate\qcsyscache8380\qcsyscache8380.cat
SurfaceLaptop7\SurfaceUpdate\qcsyscache8380\qcsyscache8380.inf
SurfaceLaptop7\SurfaceUpdate\qcsyscache8380\qcsyscache8380.sys
SurfaceLaptop7\SurfaceUpdate\qcsyscache8380\SysCache_Profiler.dll
SurfaceLaptop7\SurfaceUpdate\qctftpkmdf
SurfaceLaptop7\SurfaceUpdate\qctftpkmdf\QcTftpKmdf.cat
SurfaceLaptop7\SurfaceUpdate\qctftpkmdf\QcTftpKmdf.inf
SurfaceLaptop7\SurfaceUpdate\qctftpkmdf\QcTftpKmdf.sys
SurfaceLaptop7\SurfaceUpdate\qctree
SurfaceLaptop7\SurfaceUpdate\qctree\QcTrEE.cat
SurfaceLaptop7\SurfaceUpdate\qctree\QcTrEE.inf
SurfaceLaptop7\SurfaceUpdate\qctree\QcTrEE.sys
SurfaceLaptop7\SurfaceUpdate\qctreeextqcom8380
SurfaceLaptop7\SurfaceUpdate\qctreeextqcom8380\hdcp1.mbn
SurfaceLaptop7\SurfaceUpdate\qctreeextqcom8380\hdcp2p2.mbn
SurfaceLaptop7\SurfaceUpdate\qctreeextqcom8380\hdcpsrm.mbn
SurfaceLaptop7\SurfaceUpdate\qctreeextqcom8380\pr_3_wp.mbn
SurfaceLaptop7\SurfaceUpdate\qctreeextqcom8380\QcTreeExtQcom8380.cat
SurfaceLaptop7\SurfaceUpdate\qctreeextqcom8380\QcTreeExtQcom8380.inf
SurfaceLaptop7\SurfaceUpdate\qcuart8380
SurfaceLaptop7\SurfaceUpdate\qcuart8380\BSRC_UART_2Wire_1.bin
SurfaceLaptop7\SurfaceUpdate\qcuart8380\BSRC_UART_2Wire_2.bin
SurfaceLaptop7\SurfaceUpdate\qcuart8380\BSRC_UART_4Wire_1.bin
SurfaceLaptop7\SurfaceUpdate\qcuart8380\BSRC_UART_4Wire_2.bin
SurfaceLaptop7\SurfaceUpdate\qcuart8380\qcuart8380.cat
SurfaceLaptop7\SurfaceUpdate\qcuart8380\qcuart8380.inf
SurfaceLaptop7\SurfaceUpdate\qcuart8380\qcuart8380.sys
SurfaceLaptop7\SurfaceUpdate\qcursext
SurfaceLaptop7\SurfaceUpdate\qcursext\qcursext.cat
SurfaceLaptop7\SurfaceUpdate\qcursext\qcursext.inf
SurfaceLaptop7\SurfaceUpdate\qcusb4bus8380
SurfaceLaptop7\SurfaceUpdate\qcusb4bus8380\QcUsb4Bus8280.cat
SurfaceLaptop7\SurfaceUpdate\qcusb4bus8380\QcUsb4Bus8380.inf
SurfaceLaptop7\SurfaceUpdate\qcusb4bus8380\QcUsb4Bus8380.sys
SurfaceLaptop7\SurfaceUpdate\qcusb4filter8380
SurfaceLaptop7\SurfaceUpdate\qcusb4filter8380\QcUsb4Filter8380.cat
SurfaceLaptop7\SurfaceUpdate\qcusb4filter8380\QcUsb4Filter8380.inf
SurfaceLaptop7\SurfaceUpdate\qcusb4filter8380\QcUsb4Filter8380.sys
SurfaceLaptop7\SurfaceUpdate\qcusbcucsi8380
SurfaceLaptop7\SurfaceUpdate\qcusbcucsi8380\qcusbcucsi8380.cat
SurfaceLaptop7\SurfaceUpdate\qcusbcucsi8380\qcusbcucsi8380.inf
SurfaceLaptop7\SurfaceUpdate\qcusbcucsi8380\qcusbcucsi8380.sys
SurfaceLaptop7\SurfaceUpdate\qcusbcucsi8380\UCS0.bin
SurfaceLaptop7\SurfaceUpdate\qcusbfnssfilter8380
SurfaceLaptop7\SurfaceUpdate\qcusbfnssfilter8380\QcUsbFnSsFilter8380.cat
SurfaceLaptop7\SurfaceUpdate\qcusbfnssfilter8380\QcUsbFnSsFilter8380.inf
SurfaceLaptop7\SurfaceUpdate\qcusbfnssfilter8380\QcUsbFnSsFilter8380.sys
SurfaceLaptop7\SurfaceUpdate\qcwlanhmt8380
SurfaceLaptop7\SurfaceUpdate\qcwlanhmt8380\bdwlan.e36
SurfaceLaptop7\SurfaceUpdate\qcwlanhmt8380\bdwlan.e3b
SurfaceLaptop7\SurfaceUpdate\qcwlanhmt8380\bdwlan.elf
SurfaceLaptop7\SurfaceUpdate\qcwlanhmt8380\bdwlan01.e02
SurfaceLaptop7\SurfaceUpdate\qcwlanhmt8380\bdwlan01.e04
SurfaceLaptop7\SurfaceUpdate\qcwlanhmt8380\bdwlan01.e05
SurfaceLaptop7\SurfaceUpdate\qcwlanhmt8380\bdwlan01.e07
SurfaceLaptop7\SurfaceUpdate\qcwlanhmt8380\bdwlan01.e08
SurfaceLaptop7\SurfaceUpdate\qcwlanhmt8380\bdwlan01.e0b
SurfaceLaptop7\SurfaceUpdate\qcwlanhmt8380\bdwlan01.e0f
SurfaceLaptop7\SurfaceUpdate\qcwlanhmt8380\bdwlan01.e12
SurfaceLaptop7\SurfaceUpdate\qcwlanhmt8380\bdwlan_wcn785x_2p0_ncm825.elf
SurfaceLaptop7\SurfaceUpdate\qcwlanhmt8380\bdwlan_wcn785x_2p0_ncm825_AS_S55_SA.elf
SurfaceLaptop7\SurfaceUpdate\qcwlanhmt8380\bdwlan_wcn785x_2p0_ncm825_DE01.elf
SurfaceLaptop7\SurfaceUpdate\qcwlanhmt8380\bdwlan_wcn785x_2p0_ncm825_DE02.elf
SurfaceLaptop7\SurfaceUpdate\qcwlanhmt8380\bdwlan_wcn785x_2p0_ncm825_HO_MoorO.elf
SurfaceLaptop7\SurfaceUpdate\qcwlanhmt8380\bdwlan_wcn785x_2p0_ncm825_LES790.elf
SurfaceLaptop7\SurfaceUpdate\qcwlanhmt8380\bdwlan_wcn785x_2p0_ncm825_LE_Altai.elf
SurfaceLaptop7\SurfaceUpdate\qcwlanhmt8380\bdwlan_wcn785x_2p0_ncm825_LE_C590.elf
SurfaceLaptop7\SurfaceUpdate\qcwlanhmt8380\bdwlan_wcn785x_2p0_ncm825_QC_revB.elf
SurfaceLaptop7\SurfaceUpdate\qcwlanhmt8380\bdwlan_wcn785x_2p0_ncm865a.elf
SurfaceLaptop7\SurfaceUpdate\qcwlanhmt8380\bdwlan_wcn785x_2p0_ncm865a_LE_S590.elf
SurfaceLaptop7\SurfaceUpdate\qcwlanhmt8380\bdwlan_wcn785x_2p0_ncm865a_QC_revB.elf
SurfaceLaptop7\SurfaceUpdate\qcwlanhmt8380\Data20.msc
SurfaceLaptop7\SurfaceUpdate\qcwlanhmt8380\phy_ucode20.elf
SurfaceLaptop7\SurfaceUpdate\qcwlanhmt8380\qcwlanhmt8380.cat
SurfaceLaptop7\SurfaceUpdate\qcwlanhmt8380\qcwlanhmt8380.inf
SurfaceLaptop7\SurfaceUpdate\qcwlanhmt8380\qcwlanhmt8380.sys
SurfaceLaptop7\SurfaceUpdate\qcwlanhmt8380\qdss_trace_config_v1.cfg
SurfaceLaptop7\SurfaceUpdate\qcwlanhmt8380\qdss_trace_config_v2.cfg
SurfaceLaptop7\SurfaceUpdate\qcwlanhmt8380\regdb.bin
SurfaceLaptop7\SurfaceUpdate\qcwlanhmt8380\wlanfw20.mbn
SurfaceLaptop7\SurfaceUpdate\qcwlanhmtext8380
SurfaceLaptop7\SurfaceUpdate\qcwlanhmtext8380\qcwlanhmt_ext8380.cat
SurfaceLaptop7\SurfaceUpdate\qcwlanhmtext8380\qcwlanhmt_ext8380.inf
SurfaceLaptop7\SurfaceUpdate\qcxhcifilter8380
SurfaceLaptop7\SurfaceUpdate\qcxhcifilter8380\QcXhciFilter8380.cat
SurfaceLaptop7\SurfaceUpdate\qcxhcifilter8380\QcXhciFilter8380.inf
SurfaceLaptop7\SurfaceUpdate\qcxhcifilter8380\QcXhciFilter8380.sys
SurfaceLaptop7\SurfaceUpdate\rtsper
SurfaceLaptop7\SurfaceUpdate\rtsper\RsCRIcon.dll
SurfaceLaptop7\SurfaceUpdate\rtsper\RtsPer.inf
SurfaceLaptop7\SurfaceUpdate\rtsper\RtsPer.sys
SurfaceLaptop7\SurfaceUpdate\rtsper\RtsPerarm64.cat
SurfaceLaptop7\SurfaceUpdate\sar
SurfaceLaptop7\SurfaceUpdate\sar\SurfaceSarManager.cat
SurfaceLaptop7\SurfaceUpdate\sar\SurfaceSarManager.dll
SurfaceLaptop7\SurfaceUpdate\sar\SurfaceSarManager.inf
SurfaceLaptop7\SurfaceUpdate\spiextrom8380
SurfaceLaptop7\SurfaceUpdate\spiextrom8380\BSRC_QSPI_ROM.bin
SurfaceLaptop7\SurfaceUpdate\spiextrom8380\surfacespiext8380.cat
SurfaceLaptop7\SurfaceUpdate\spiextrom8380\surface_spiext_rom8380.inf
SurfaceLaptop7\SurfaceUpdate\storagefwupdateenum
SurfaceLaptop7\SurfaceUpdate\storagefwupdateenum\SurfaceStorageFwUpdateEnum.cat
SurfaceLaptop7\SurfaceUpdate\storagefwupdateenum\SurfaceStorageFwUpdateEnum.inf
SurfaceLaptop7\SurfaceUpdate\storagefwupdatehfs001tej3x108n
SurfaceLaptop7\SurfaceUpdate\storagefwupdatehfs001tej3x108n\HFS001TEJ3X108N-SKhynix_51005C30.ebin
SurfaceLaptop7\SurfaceUpdate\storagefwupdatehfs001tej3x108n\SurfaceStorageFwUpdateHFS001TEJ3X108N.inf
SurfaceLaptop7\SurfaceUpdate\storagefwupdatehfs001tej3x108n\SurfaceStorageFwUpdateHFS001TEJ3X108NPackage.cat
SurfaceLaptop7\SurfaceUpdate\storagefwupdatehfs256gej3x108n
SurfaceLaptop7\SurfaceUpdate\storagefwupdatehfs256gej3x108n\HFS256GEJ3X108N-SKhynix_51005C30.ebin
SurfaceLaptop7\SurfaceUpdate\storagefwupdatehfs256gej3x108n\SurfaceStorageFwUpdateHFS256GEJ3X108N.inf
SurfaceLaptop7\SurfaceUpdate\storagefwupdatehfs256gej3x108n\SurfaceStorageFwUpdateHFS256GEJ3X108NPackage.cat
SurfaceLaptop7\SurfaceUpdate\storagefwupdatehfs512gej3x108n
SurfaceLaptop7\SurfaceUpdate\storagefwupdatehfs512gej3x108n\HFS512GEJ3X108N-SKhynix_51005C30.ebin
SurfaceLaptop7\SurfaceUpdate\storagefwupdatehfs512gej3x108n\SurfaceStorageFwUpdateHFS512GEJ3X108N.inf
SurfaceLaptop7\SurfaceUpdate\storagefwupdatehfs512gej3x108n\SurfaceStorageFwUpdateHFS512GEJ3X108NPackage.cat
SurfaceLaptop7\SurfaceUpdate\storagefwupdatekbg50zns1t
SurfaceLaptop7\SurfaceUpdate\storagefwupdatekbg50zns1t\ANMS0103.sig
SurfaceLaptop7\SurfaceUpdate\storagefwupdatekbg50zns1t\SurfaceStorageFwUpdateKBG50ZNS1T.inf
SurfaceLaptop7\SurfaceUpdate\storagefwupdatekbg50zns1t\SurfaceStorageFwUpdateKBG50ZNS1TPackage.cat
SurfaceLaptop7\SurfaceUpdate\storagefwupdatekbg50zns256g
SurfaceLaptop7\SurfaceUpdate\storagefwupdatekbg50zns256g\ANMS0103.sig
SurfaceLaptop7\SurfaceUpdate\storagefwupdatekbg50zns256g\SurfaceStorageFwUpdateKBG50ZNS256G.inf
SurfaceLaptop7\SurfaceUpdate\storagefwupdatekbg50zns256g\SurfaceStorageFwUpdateKBG50ZNS256GPackage.cat
SurfaceLaptop7\SurfaceUpdate\storagefwupdatekbg50zns512g
SurfaceLaptop7\SurfaceUpdate\storagefwupdatekbg50zns512g\ANMS0103.sig
SurfaceLaptop7\SurfaceUpdate\storagefwupdatekbg50zns512g\SurfaceStorageFwUpdateKBG50ZNS512G.inf
SurfaceLaptop7\SurfaceUpdate\storagefwupdatekbg50zns512g\SurfaceStorageFwUpdateKBG50ZNS512GPackage.cat
SurfaceLaptop7\SurfaceUpdate\storagefwupdatemz9l41t0hblb00bmv
SurfaceLaptop7\SurfaceUpdate\storagefwupdatemz9l41t0hblb00bmv\HXC75M0Q_noFormat.bin
SurfaceLaptop7\SurfaceUpdate\storagefwupdatemz9l41t0hblb00bmv\SurfaceStorageFwUpdateMZ9L41T0HBLB00BMV.inf
SurfaceLaptop7\SurfaceUpdate\storagefwupdatemz9l41t0hblb00bmv\SurfaceStorageFwUpdateMZ9L41T0HBLB00BMVPackage.cat
SurfaceLaptop7\SurfaceUpdate\storagefwupdatemz9l4256hcjq00bmv
SurfaceLaptop7\SurfaceUpdate\storagefwupdatemz9l4256hcjq00bmv\HXC75M0Q_noFormat.bin
SurfaceLaptop7\SurfaceUpdate\storagefwupdatemz9l4256hcjq00bmv\SurfaceStorageFwUpdateMZ9L4256HCJQ00BMV.inf
SurfaceLaptop7\SurfaceUpdate\storagefwupdatemz9l4256hcjq00bmv\SurfaceStorageFwUpdateMZ9L4256HCJQ00BMVPackage.cat
SurfaceLaptop7\SurfaceUpdate\storagefwupdatemz9l4512hblu00bmv
SurfaceLaptop7\SurfaceUpdate\storagefwupdatemz9l4512hblu00bmv\HXC75M0Q_noFormat.bin
SurfaceLaptop7\SurfaceUpdate\storagefwupdatemz9l4512hblu00bmv\SurfaceStorageFwUpdateMZ9L4512HBLU00BMV.inf
SurfaceLaptop7\SurfaceUpdate\storagefwupdatemz9l4512hblu00bmv\SurfaceStorageFwUpdateMZ9L4512HBLU00BMVPackage.cat
SurfaceLaptop7\SurfaceUpdate\storagefwupdatesddptqd1t001124
SurfaceLaptop7\SurfaceUpdate\storagefwupdatesddptqd1t001124\73107024.fluf
SurfaceLaptop7\SurfaceUpdate\storagefwupdatesddptqd1t001124\SurfaceStorageFwUpdateSDDPTQD1T001124.inf
SurfaceLaptop7\SurfaceUpdate\storagefwupdatesddptqd1t001124\SurfaceStorageFwUpdateSDDPTQD1T001124Package.cat
SurfaceLaptop7\SurfaceUpdate\storagefwupdatesddptqd256g1124
SurfaceLaptop7\SurfaceUpdate\storagefwupdatesddptqd256g1124\73107024.fluf
SurfaceLaptop7\SurfaceUpdate\storagefwupdatesddptqd256g1124\SurfaceStorageFwUpdateSDDPTQD256G1124.inf
SurfaceLaptop7\SurfaceUpdate\storagefwupdatesddptqd256g1124\SurfaceStorageFwUpdateSDDPTQD256G1124Package.cat
SurfaceLaptop7\SurfaceUpdate\storagefwupdatesddptqd512g1124
SurfaceLaptop7\SurfaceUpdate\storagefwupdatesddptqd512g1124\73107024.fluf
SurfaceLaptop7\SurfaceUpdate\storagefwupdatesddptqd512g1124\SurfaceStorageFwUpdateSDDPTQD512G1124.inf
SurfaceLaptop7\SurfaceUpdate\storagefwupdatesddptqd512g1124\SurfaceStorageFwUpdateSDDPTQD512G1124Package.cat
SurfaceLaptop7\SurfaceUpdate\surfaceapoextension
SurfaceLaptop7\SurfaceUpdate\surfaceapoextension\SurfaceAPOExtension.cat
SurfaceLaptop7\SurfaceUpdate\surfaceapoextension\SurfaceAPOExtension.inf
SurfaceLaptop7\SurfaceUpdate\surfaceapoextension\SurfaceAPO_0A.json
SurfaceLaptop7\SurfaceUpdate\surfaceapoextension\SurfaceAPO_0B.json
SurfaceLaptop7\SurfaceUpdate\surfaceapoextension\SurfaceAPO_0C.json
SurfaceLaptop7\SurfaceUpdate\surfaceapoextension\SurfaceAPO_0D.json
SurfaceLaptop7\SurfaceUpdate\surfaceaposwcinstaller
SurfaceLaptop7\SurfaceUpdate\surfaceaposwcinstaller\NOTICE.txt
SurfaceLaptop7\SurfaceUpdate\surfaceaposwcinstaller\SurfaceAPO.dll
SurfaceLaptop7\SurfaceUpdate\surfaceaposwcinstaller\SurfaceAPOSwcInstaller.cat
SurfaceLaptop7\SurfaceUpdate\surfaceaposwcinstaller\SurfaceAPOSwcInstaller.inf
SurfaceLaptop7\SurfaceUpdate\surfacecfuoverhid
SurfaceLaptop7\SurfaceUpdate\surfacecfuoverhid\SurfaceCFUOverHid.cat
SurfaceLaptop7\SurfaceUpdate\surfacecfuoverhid\SurfaceCFUOverHid.dll
SurfaceLaptop7\SurfaceUpdate\surfacecfuoverhid\SurfaceCFUOverHid.inf
SurfaceLaptop7\SurfaceUpdate\surfacedppsext8380
SurfaceLaptop7\SurfaceUpdate\surfacedppsext8380\SurfaceLTMConfig.xml
SurfaceLaptop7\SurfaceUpdate\surfacedppsext8380\surface_dppsext_8380.cat
SurfaceLaptop7\SurfaceUpdate\surfacedppsext8380\surface_dppsext_8380.inf
SurfaceLaptop7\SurfaceUpdate\surfacedxext8380
SurfaceLaptop7\SurfaceUpdate\surfacedxext8380\qcdxkmext8380_Rom_IDP0.bin
SurfaceLaptop7\SurfaceUpdate\surfacedxext8380\qcdxkmext8380_Rom_IDP1.bin
SurfaceLaptop7\SurfaceUpdate\surfacedxext8380\surface_dxext_8380.cat
SurfaceLaptop7\SurfaceUpdate\surfacedxext8380\surface_dxext_8380.inf
SurfaceLaptop7\SurfaceUpdate\surfacehidfriendlynames
SurfaceLaptop7\SurfaceUpdate\surfacehidfriendlynames\SurfaceHIDFriendlyNames.cat
SurfaceLaptop7\SurfaceUpdate\surfacehidfriendlynames\SurfaceHIDFriendlyNames.inf
SurfaceLaptop7\SurfaceUpdate\surfaceihvaudiofilter
SurfaceLaptop7\SurfaceUpdate\surfaceihvaudiofilter\SurfaceIhvAudioFilterDriver.cat
SurfaceLaptop7\SurfaceUpdate\surfaceihvaudiofilter\SurfaceIhvAudioFilterDriver.inf
SurfaceLaptop7\SurfaceUpdate\surfaceihvaudiofilter\SurfaceIhvAudioFilterDriver.sys
SurfaceLaptop7\SurfaceUpdate\surfacepowermeter
SurfaceLaptop7\SurfaceUpdate\surfacepowermeter\SurfacePowerMeterDriver.cat
SurfaceLaptop7\SurfaceUpdate\surfacepowermeter\SurfacePowerMeterDriver.inf
SurfaceLaptop7\SurfaceUpdate\surfacepowermeter\SurfacePowerMeterDriver.sys
SurfaceLaptop7\SurfaceUpdate\surfacepowerstate
SurfaceLaptop7\SurfaceUpdate\surfacepowerstate\SurfacePowerState.inf
SurfaceLaptop7\SurfaceUpdate\surfacepowerstate\SurfacePowerStateDriver.cat
SurfaceLaptop7\SurfaceUpdate\surfacepowerstate\SurfacePowerStateDriver.sys
SurfaceLaptop7\SurfaceUpdate\surfaceprosnscfgcrd8380
SurfaceLaptop7\SurfaceUpdate\surfaceprosnscfgcrd8380\8380_crd_ak991x_display.json
SurfaceLaptop7\SurfaceUpdate\surfaceprosnscfgcrd8380\8380_crd_ak991x_keyboard.json
SurfaceLaptop7\SurfaceUpdate\surfaceprosnscfgcrd8380\8380_crd_lsm6dsv_display.json
SurfaceLaptop7\SurfaceUpdate\surfaceprosnscfgcrd8380\8380_crd_lsm6dsv_keyboard.json
SurfaceLaptop7\SurfaceUpdate\surfaceprosnscfgcrd8380\8380_crd_tcs3430_0.json
SurfaceLaptop7\SurfaceUpdate\surfaceprosnscfgcrd8380\8380_crd_tmd2755.json
SurfaceLaptop7\SurfaceUpdate\surfaceprosnscfgcrd8380\8380_dynamic_sensors.json
SurfaceLaptop7\SurfaceUpdate\surfaceprosnscfgcrd8380\8380_idp_ak991x_0.json
SurfaceLaptop7\SurfaceUpdate\surfaceprosnscfgcrd8380\8380_idp_ak991x_1.json
SurfaceLaptop7\SurfaceUpdate\surfaceprosnscfgcrd8380\8380_idp_lsm6dsv_0.json
SurfaceLaptop7\SurfaceUpdate\surfaceprosnscfgcrd8380\8380_idp_lsm6dsv_1.json
SurfaceLaptop7\SurfaceUpdate\surfaceprosnscfgcrd8380\8380_idp_tcs3430_0.json
SurfaceLaptop7\SurfaceUpdate\surfaceprosnscfgcrd8380\8380_idp_tmd2755.json
SurfaceLaptop7\SurfaceUpdate\surfaceprosnscfgcrd8380\8380_irq.json
SurfaceLaptop7\SurfaceUpdate\surfaceprosnscfgcrd8380\8380_lps22df_0.json
SurfaceLaptop7\SurfaceUpdate\surfaceprosnscfgcrd8380\8380_power_0.json
SurfaceLaptop7\SurfaceUpdate\surfaceprosnscfgcrd8380\8380_qsh_ble_0.json
SurfaceLaptop7\SurfaceUpdate\surfaceprosnscfgcrd8380\ak991x_dri_0.json
SurfaceLaptop7\SurfaceUpdate\surfaceprosnscfgcrd8380\ak991x_dri_1.json
SurfaceLaptop7\SurfaceUpdate\surfaceprosnscfgcrd8380\default_sensors.json
SurfaceLaptop7\SurfaceUpdate\surfaceprosnscfgcrd8380\disable_mdsp_clients_cm.json
SurfaceLaptop7\SurfaceUpdate\surfaceprosnscfgcrd8380\golden_color_calibration.bin
SurfaceLaptop7\SurfaceUpdate\surfaceprosnscfgcrd8380\hw_platform
SurfaceLaptop7\SurfaceUpdate\surfaceprosnscfgcrd8380\imx688_2.pb
SurfaceLaptop7\SurfaceUpdate\surfaceprosnscfgcrd8380\json.lst
SurfaceLaptop7\SurfaceUpdate\surfaceprosnscfgcrd8380\lsm6dso_0.json
SurfaceLaptop7\SurfaceUpdate\surfaceprosnscfgcrd8380\lsm6dsv_0.json
SurfaceLaptop7\SurfaceUpdate\surfaceprosnscfgcrd8380\lsm6dsv_0_16g.json
SurfaceLaptop7\SurfaceUpdate\surfaceprosnscfgcrd8380\lsm6dsv_1.json
SurfaceLaptop7\SurfaceUpdate\surfaceprosnscfgcrd8380\lsm6dsv_1_16g.json
SurfaceLaptop7\SurfaceUpdate\surfaceprosnscfgcrd8380\mmc56x3x_0.json
SurfaceLaptop7\SurfaceUpdate\surfaceprosnscfgcrd8380\ov08x_2.pb
SurfaceLaptop7\SurfaceUpdate\surfaceprosnscfgcrd8380\ov08x_3.pb
SurfaceLaptop7\SurfaceUpdate\surfaceprosnscfgcrd8380\platform_subtype
SurfaceLaptop7\SurfaceUpdate\surfaceprosnscfgcrd8380\platform_subtype_id
SurfaceLaptop7\SurfaceUpdate\surfaceprosnscfgcrd8380\platform_version
SurfaceLaptop7\SurfaceUpdate\surfaceprosnscfgcrd8380\qsh_ble.json
SurfaceLaptop7\SurfaceUpdate\surfaceprosnscfgcrd8380\qsh_camera.json
SurfaceLaptop7\SurfaceUpdate\surfaceprosnscfgcrd8380\qsh_camera_imx688_2.json
SurfaceLaptop7\SurfaceUpdate\surfaceprosnscfgcrd8380\qsh_camera_ov08x_2.json
SurfaceLaptop7\SurfaceUpdate\surfaceprosnscfgcrd8380\qsh_camera_ov08x_3.json
SurfaceLaptop7\SurfaceUpdate\surfaceprosnscfgcrd8380\revision
SurfaceLaptop7\SurfaceUpdate\surfaceprosnscfgcrd8380\sns_amd.json
SurfaceLaptop7\SurfaceUpdate\surfaceprosnscfgcrd8380\sns_amd_sw_disabled.json
SurfaceLaptop7\SurfaceUpdate\surfaceprosnscfgcrd8380\sns_amd_sw_enabled.json
SurfaceLaptop7\SurfaceUpdate\surfaceprosnscfgcrd8380\sns_aont.json
SurfaceLaptop7\SurfaceUpdate\surfaceprosnscfgcrd8380\sns_cal.json
SurfaceLaptop7\SurfaceUpdate\surfaceprosnscfgcrd8380\sns_ccd.json
SurfaceLaptop7\SurfaceUpdate\surfaceprosnscfgcrd8380\sns_cm.json
SurfaceLaptop7\SurfaceUpdate\surfaceprosnscfgcrd8380\sns_dae.json
SurfaceLaptop7\SurfaceUpdate\surfaceprosnscfgcrd8380\sns_device_orient.json
SurfaceLaptop7\SurfaceUpdate\surfaceprosnscfgcrd8380\sns_diag_filter.json
SurfaceLaptop7\SurfaceUpdate\surfaceprosnscfgcrd8380\sns_direct_channel.json
SurfaceLaptop7\SurfaceUpdate\surfaceprosnscfgcrd8380\sns_distance_bound.json
SurfaceLaptop7\SurfaceUpdate\surfaceprosnscfgcrd8380\sns_dpc.json
SurfaceLaptop7\SurfaceUpdate\surfaceprosnscfgcrd8380\sns_fmv.json
SurfaceLaptop7\SurfaceUpdate\surfaceprosnscfgcrd8380\sns_geomag_rv.json
SurfaceLaptop7\SurfaceUpdate\surfaceprosnscfgcrd8380\sns_gyro_cal.json
SurfaceLaptop7\SurfaceUpdate\surfaceprosnscfgcrd8380\sns_mag_cal.json
SurfaceLaptop7\SurfaceUpdate\surfaceprosnscfgcrd8380\sns_reg_config
SurfaceLaptop7\SurfaceUpdate\surfaceprosnscfgcrd8380\sns_rmd.json
SurfaceLaptop7\SurfaceUpdate\surfaceprosnscfgcrd8380\sns_rotv.json
SurfaceLaptop7\SurfaceUpdate\surfaceprosnscfgcrd8380\sns_sim.json
SurfaceLaptop7\SurfaceUpdate\surfaceprosnscfgcrd8380\sns_smd.json
SurfaceLaptop7\SurfaceUpdate\surfaceprosnscfgcrd8380\sns_surface_calibration_accel.json
SurfaceLaptop7\SurfaceUpdate\surfaceprosnscfgcrd8380\sns_surface_calibration_configuration.json
SurfaceLaptop7\SurfaceUpdate\surfaceprosnscfgcrd8380\sns_surface_calibration_gyro.json
SurfaceLaptop7\SurfaceUpdate\surfaceprosnscfgcrd8380\sns_surface_color.json
SurfaceLaptop7\SurfaceUpdate\surfaceprosnscfgcrd8380\sns_surface_sar.json
SurfaceLaptop7\SurfaceUpdate\surfaceprosnscfgcrd8380\sns_tilt.json
SurfaceLaptop7\SurfaceUpdate\surfaceprosnscfgcrd8380\sns_tilt_sw_disabled.json
SurfaceLaptop7\SurfaceUpdate\surfaceprosnscfgcrd8380\sns_tilt_sw_enabled.json
SurfaceLaptop7\SurfaceUpdate\surfaceprosnscfgcrd8380\sns_tilt_to_wake.json
SurfaceLaptop7\SurfaceUpdate\surfaceprosnscfgcrd8380\sns_transport_ppe.json
SurfaceLaptop7\SurfaceUpdate\surfaceprosnscfgcrd8380\soc_id
SurfaceLaptop7\SurfaceUpdate\surfaceprosnscfgcrd8380\stm_lid_angle.json
SurfaceLaptop7\SurfaceUpdate\surfaceprosnscfgcrd8380\surfacepro_SnsCfgCRD8380.cat
SurfaceLaptop7\SurfaceUpdate\surfaceprosnscfgcrd8380\surfacepro_SnsCfgCRD8380.inf
SurfaceLaptop7\SurfaceUpdate\surfaceprosnscfgcrd8380\tmd2755.json
SurfaceLaptop7\SurfaceUpdate\surfaceretimer0
SurfaceLaptop7\SurfaceUpdate\surfaceretimer0\SurfaceRetimer0.cat
SurfaceLaptop7\SurfaceUpdate\surfaceretimer0\SurfaceRetimer0.inf
SurfaceLaptop7\SurfaceUpdate\surfaceretimer0\SurfaceRetimer0_128.3.6.0.bin
SurfaceLaptop7\SurfaceUpdate\surfaceretimer1
SurfaceLaptop7\SurfaceUpdate\surfaceretimer1\SurfaceRetimer1.cat
SurfaceLaptop7\SurfaceUpdate\surfaceretimer1\SurfaceRetimer1.inf
SurfaceLaptop7\SurfaceUpdate\surfaceretimer1\SurfaceRetimer1_128.3.6.0.bin
SurfaceLaptop7\SurfaceUpdate\surfacesam
SurfaceLaptop7\SurfaceUpdate\surfacesam\SurfaceSAM.cat
SurfaceLaptop7\SurfaceUpdate\surfacesam\SurfaceSAM.inf
SurfaceLaptop7\SurfaceUpdate\surfacesam\SurfaceSAM_24.1.139.bin
SurfaceLaptop7\SurfaceUpdate\surfacesmf13in
SurfaceLaptop7\SurfaceUpdate\surfacesmf13in\Surface.SMF.108.0.13.cat
SurfaceLaptop7\SurfaceUpdate\surfacesmf13in\Surface.SMF.108.0.13.inf
SurfaceLaptop7\SurfaceUpdate\surfacesmf13in\Surface.SMF.108.0.13_108.0.13.91.bin
SurfaceLaptop7\SurfaceUpdate\surfacesmf15in
SurfaceLaptop7\SurfaceUpdate\surfacesmf15in\Surface.SMF.108.0.15.cat
SurfaceLaptop7\SurfaceUpdate\surfacesmf15in\Surface.SMF.108.0.15.inf
SurfaceLaptop7\SurfaceUpdate\surfacesmf15in\Surface.SMF.108.0.15_108.0.15.92.bin
SurfaceLaptop7\SurfaceUpdate\surfacetcon13
SurfaceLaptop7\SurfaceUpdate\surfacetcon13\SurfaceTCON13.cat
SurfaceLaptop7\SurfaceUpdate\surfacetcon13\SurfaceTCON13.inf
SurfaceLaptop7\SurfaceUpdate\surfacetcon13\SurfaceTCON13_161.17.0.36.bin
SurfaceLaptop7\SurfaceUpdate\surfacetcon13incell
SurfaceLaptop7\SurfaceUpdate\surfacetcon13incell\SurfaceTCON13Incell.cat
SurfaceLaptop7\SurfaceUpdate\surfacetcon13incell\SurfaceTCON13Incell.inf
SurfaceLaptop7\SurfaceUpdate\surfacetcon13incell\SurfaceTCON13Incell_161.85.0.10.bin
SurfaceLaptop7\SurfaceUpdate\surfacetcon13incell64kb
SurfaceLaptop7\SurfaceUpdate\surfacetcon13incell64kb\SurfaceTCON13Incell64KB.cat
SurfaceLaptop7\SurfaceUpdate\surfacetcon13incell64kb\SurfaceTCON13Incell64KB.inf
SurfaceLaptop7\SurfaceUpdate\surfacetcon13incell64kb\SurfaceTCON13Incell64KB_161.118.3.5.bin
SurfaceLaptop7\SurfaceUpdate\surfacetcon15
SurfaceLaptop7\SurfaceUpdate\surfacetcon15\SurfaceTCON15.cat
SurfaceLaptop7\SurfaceUpdate\surfacetcon15\SurfaceTCON15.inf
SurfaceLaptop7\SurfaceUpdate\surfacetcon15\SurfaceTCON15_161.17.0.34.bin
SurfaceLaptop7\SurfaceUpdate\surfacetouch
SurfaceLaptop7\SurfaceUpdate\surfacetouch\SurfaceTouch.cat
SurfaceLaptop7\SurfaceUpdate\surfacetouch\SurfaceTouch.inf
SurfaceLaptop7\SurfaceUpdate\surfacetouch\SurfaceTouch_6.0.0.0.bin
SurfaceLaptop7\SurfaceUpdate\surfacetouchg6fwupdateextnpackage0c6e
SurfaceLaptop7\SurfaceUpdate\surfacetouchg6fwupdateextnpackage0c6e\SurfaceTouchG6FwUpdateExtnPackage.cat
SurfaceLaptop7\SurfaceUpdate\surfacetouchg6fwupdateextnpackage0c6e\SurfaceTouchG6FwUpdateExtnPackage0C6E.inf
SurfaceLaptop7\SurfaceUpdate\surfacetouchg6fwupdateextnpackage0c6e\SurfaceTouchG6_FW_MSHW0460.offer.bin
SurfaceLaptop7\SurfaceUpdate\surfacetouchg6fwupdateextnpackage0c6e\SurfaceTouchG6_FW_MSHW0460.payload.bin
SurfaceLaptop7\SurfaceUpdate\surfacetouchg6fwupdateextnpackage0c6f
SurfaceLaptop7\SurfaceUpdate\surfacetouchg6fwupdateextnpackage0c6f\SurfaceTouchG6FwUpdateExtnPackage.cat
SurfaceLaptop7\SurfaceUpdate\surfacetouchg6fwupdateextnpackage0c6f\SurfaceTouchG6FwUpdateExtnPackage0C6F.inf
SurfaceLaptop7\SurfaceUpdate\surfacetouchg6fwupdateextnpackage0c6f\SurfaceTouchG6_FW_MSHW0461.offer.bin
SurfaceLaptop7\SurfaceUpdate\surfacetouchg6fwupdateextnpackage0c6f\SurfaceTouchG6_FW_MSHW0461.payload.bin
SurfaceLaptop7\SurfaceUpdate\surfacetouchpadg7cfuoverhidextnpackage
SurfaceLaptop7\SurfaceUpdate\surfacetouchpadg7cfuoverhidextnpackage\SurfaceTouchpadG7CfuOverHidExtnPackage.cat
SurfaceLaptop7\SurfaceUpdate\surfacetouchpadg7cfuoverhidextnpackage\SurfaceTouchpadG7CfuOverHidExtnPackage.inf
SurfaceLaptop7\SurfaceUpdate\surfacetouchpadg7cfuoverhidextnpackage\SurfaceTouchpadG7_FW_MSHW0238.offer.bin
SurfaceLaptop7\SurfaceUpdate\surfacetouchpadg7cfuoverhidextnpackage\SurfaceTouchpadG7_FW_MSHW0238.payload.bin
SurfaceLaptop7\SurfaceUpdate\surfacetouchpadprocessorupdate
SurfaceLaptop7\SurfaceUpdate\surfacetouchpadprocessorupdate\SurfaceTouchPadProcessorUpdate.cat
SurfaceLaptop7\SurfaceUpdate\surfacetouchpadprocessorupdate\SurfaceTouchPadProcessorUpdate.inf
SurfaceLaptop7\SurfaceUpdate\surfacetouchpadprocessorupdate\TouchPenProcessor0C77.dll
SurfaceLaptop7\SurfaceUpdate\surfacetouchpenprocessor0c6eupdate
SurfaceLaptop7\SurfaceUpdate\surfacetouchpenprocessor0c6eupdate\SurfaceTouchPenProcessor0c6eUpdate.cat
SurfaceLaptop7\SurfaceUpdate\surfacetouchpenprocessor0c6eupdate\SurfaceTouchPenProcessor0c6eUpdate.inf
SurfaceLaptop7\SurfaceUpdate\surfacetouchpenprocessor0c6eupdate\TouchPenProcessor0C6E.dll
SurfaceLaptop7\SurfaceUpdate\surfacetouchpenprocessor0c6fupdate
SurfaceLaptop7\SurfaceUpdate\surfacetouchpenprocessor0c6fupdate\SurfaceTouchPenProcessor0c6fUpdate.cat
SurfaceLaptop7\SurfaceUpdate\surfacetouchpenprocessor0c6fupdate\SurfaceTouchPenProcessor0c6fUpdate.inf
SurfaceLaptop7\SurfaceUpdate\surfacetouchpenprocessor0c6fupdate\TouchPenProcessor0C6F.dll
SurfaceLaptop7\SurfaceUpdate\surfaceuefi
SurfaceLaptop7\SurfaceUpdate\surfaceuefi\Surface_UEFI.cat
SurfaceLaptop7\SurfaceUpdate\surfaceuefi\Surface_UEFI.inf
SurfaceLaptop7\SurfaceUpdate\surfaceuefi\Surface_UEFI_160.2.235.bin
SurfaceLaptop7\SurfaceUpdate\surfaceuefistpm
SurfaceLaptop7\SurfaceUpdate\surfaceuefistpm\Surface_UEFI_STPM.cat
SurfaceLaptop7\SurfaceUpdate\surfaceuefistpm\Surface_UEFI_STPM.inf
SurfaceLaptop7\SurfaceUpdate\surfaceuefistpm\Surface_UEFI_STPM_160.2.155.bin
SurfaceLaptop7\SurfaceUpdate\systemmanagementframework
SurfaceLaptop7\SurfaceUpdate\systemmanagementframework\SurfaceSystemManagementFrameworkDriver.cat
SurfaceLaptop7\SurfaceUpdate\systemmanagementframework\SurfaceSystemManagementFrameworkDriver.inf
SurfaceLaptop7\SurfaceUpdate\systemmanagementframework\SurfaceSystemManagementFrameworkDriver.sys
SurfaceLaptop7\SurfaceUpdate\systemtelemetryusermode
SurfaceLaptop7\SurfaceUpdate\systemtelemetryusermode\SurfaceSystemTelemetryDriverUserMode.cat
SurfaceLaptop7\SurfaceUpdate\systemtelemetryusermode\SurfaceSystemTelemetryDriverUserMode.dll
SurfaceLaptop7\SurfaceUpdate\systemtelemetryusermode\SurfaceSystemTelemetryDriverUserMode.inf
SurfaceLaptop7\SurfaceUpdate\thermalpolicy
SurfaceLaptop7\SurfaceUpdate\thermalpolicy\SurfaceThermalPolicy.cat
SurfaceLaptop7\SurfaceUpdate\thermalpolicy\SurfaceThermalPolicy.inf
SurfaceLaptop7\SurfaceUpdate\thermalpolicy\SurfaceThermalPolicy.sys
SurfaceLaptop7\SurfaceUpdate\Thunderbolt4DockFWUpdate
SurfaceLaptop7\SurfaceUpdate\Thunderbolt4DockFWUpdate\SurfaceThunderbolt4DockFwUpdate.cat
SurfaceLaptop7\SurfaceUpdate\Thunderbolt4DockFWUpdate\SurfaceThunderbolt4DockFwUpdate.inf
SurfaceLaptop7\SurfaceUpdate\Thunderbolt4DockFWUpdate\SurfaceThunderbolt4Dock_1_AMC1.offer.bin
SurfaceLaptop7\SurfaceUpdate\Thunderbolt4DockFWUpdate\SurfaceThunderbolt4Dock_1_AMC1.payload.bin
SurfaceLaptop7\SurfaceUpdate\Thunderbolt4DockFWUpdate\SurfaceThunderbolt4Dock_1_AMC2.offer.bin
SurfaceLaptop7\SurfaceUpdate\Thunderbolt4DockFWUpdate\SurfaceThunderbolt4Dock_1_AMC2.payload.bin
SurfaceLaptop7\SurfaceUpdate\Thunderbolt4DockFWUpdate\SurfaceThunderbolt4Dock_2_UFPPD1.offer.bin
SurfaceLaptop7\SurfaceUpdate\Thunderbolt4DockFWUpdate\SurfaceThunderbolt4Dock_2_UFPPD1.payload.bin
SurfaceLaptop7\SurfaceUpdate\Thunderbolt4DockFWUpdate\SurfaceThunderbolt4Dock_2_UFPPD2.offer.bin
SurfaceLaptop7\SurfaceUpdate\Thunderbolt4DockFWUpdate\SurfaceThunderbolt4Dock_2_UFPPD2.payload.bin
SurfaceLaptop7\SurfaceUpdate\Thunderbolt4DockFWUpdate\SurfaceThunderbolt4Dock_3_U3HUB1.offer.bin
SurfaceLaptop7\SurfaceUpdate\Thunderbolt4DockFWUpdate\SurfaceThunderbolt4Dock_3_U3HUB1.payload.bin
SurfaceLaptop7\SurfaceUpdate\Thunderbolt4DockFWUpdate\SurfaceThunderbolt4Dock_4_AUDIOS1.offer.bin
SurfaceLaptop7\SurfaceUpdate\Thunderbolt4DockFWUpdate\SurfaceThunderbolt4Dock_4_AUDIOS1.payload.bin
SurfaceLaptop7\SurfaceUpdate\Thunderbolt4DockFWUpdate\SurfaceThunderbolt4Dock_6_TBT1.offer.bin
SurfaceLaptop7\SurfaceUpdate\Thunderbolt4DockFWUpdate\SurfaceThunderbolt4Dock_6_TBT1.payload.bin
SurfaceLaptop7\SurfaceUpdate\Thunderbolt4DockFWUpdate\SurfaceThunderbolt4Dock_7_DFPPD1.offer.bin
SurfaceLaptop7\SurfaceUpdate\Thunderbolt4DockFWUpdate\SurfaceThunderbolt4Dock_7_DFPPD1.payload.bin
SurfaceLaptop7\SurfaceUpdate\Thunderbolt4DockFWUpdate\SurfaceThunderbolt4Dock_7_DFPPD2.offer.bin
SurfaceLaptop7\SurfaceUpdate\Thunderbolt4DockFWUpdate\SurfaceThunderbolt4Dock_7_DFPPD2.payload.bin
SurfaceLaptop7\SurfaceUpdate\tools
SurfaceLaptop7\SurfaceUpdate\tools\DriverSetInstall.exe
SurfaceLaptop7\SurfaceUpdate\tools\manifest.json

Current Folders:
acpiplatformextension
battery
hidmini
hotplug
service
smfclient
surfaceintegrationdriver
surfacepanel
surfaceserialhubdriver
timealarmacpifilter
ucmucsihidclient
**********************
PowerShell transcript end
End time: 20241018114213
**********************
